warning: failed to load external entity "/home/bdubbs/lfs-svn-jh/appendices/rc.site.script"
/home/bdubbs/lfs-svn-jh/chapter07/site.xml:33: parser error : Failure to process entity site
  <screen role="auto">&site;</screen>
                            ^
/home/bdubbs/lfs-svn-jh/chapter07/site.xml:33: parser error : Entity 'site' not defined
  <screen role="auto">&site;</screen>
                            ^
/home/bdubbs/lfs-svn-jh/chapter07/chapter07.xml:25: element include: XInclude error : could not load /home/bdubbs/lfs-svn-jh/chapter07/site.xml, and no fallback was found
warning: failed to load external entity "/home/bdubbs/lfs-svn-jh/appendices/rc.script"
/home/bdubbs/lfs-svn-jh/appendices/scripts.xml:58: parser error : Failure to process entity rc
    <screen>&rc;</screen> 
                ^
/home/bdubbs/lfs-svn-jh/appendices/scripts.xml:58: parser error : Entity 'rc' not defined
    <screen>&rc;</screen> 
                ^
warning: failed to load external entity "/home/bdubbs/lfs-svn-jh/appendices/init-functions.script"
/home/bdubbs/lfs-svn-jh/appendices/scripts.xml:63: parser error : Failure to process entity initfunctions
    <screen>&initfunctions;</screen> 
                           ^
/home/bdubbs/lfs-svn-jh/appendices/scripts.xml:63: parser error : Entity 'initfunctions' not defined
    <screen>&initfunctions;</screen> 
                           ^
warning: failed to load external entity "/home/bdubbs/lfs-svn-jh/appendices/functions.script"
/home/bdubbs/lfs-svn-jh/appendices/scripts.xml:68: parser error : Failure to process entity functions
    <screen>&functions;</screen> 
                       ^
/home/bdubbs/lfs-svn-jh/appendices/scripts.xml:68: parser error : Entity 'functions' not defined
    <screen>&functions;</screen> 
                       ^
warning: failed to load external entity "/home/bdubbs/lfs-svn-jh/appendices/mountvirtfs.script"
/home/bdubbs/lfs-svn-jh/appendices/scripts.xml:73: parser error : Failure to process entity mountvirtfs
    <screen>&mountvirtfs;</screen> 
                         ^
/home/bdubbs/lfs-svn-jh/appendices/scripts.xml:73: parser error : Entity 'mountvirtfs' not defined
    <screen>&mountvirtfs;</screen> 
                         ^
warning: failed to load external entity "/home/bdubbs/lfs-svn-jh/appendices/modules.script"
/home/bdubbs/lfs-svn-jh/appendices/scripts.xml:78: parser error : Failure to process entity modules
    <screen>&modules;</screen> 
                     ^
/home/bdubbs/lfs-svn-jh/appendices/scripts.xml:78: parser error : Entity 'modules' not defined
    <screen>&modules;</screen> 
                     ^
warning: failed to load external entity "/home/bdubbs/lfs-svn-jh/appendices/udev.script"
/home/bdubbs/lfs-svn-jh/appendices/scripts.xml:83: parser error : Failure to process entity udev
    <screen>&udev;</screen> 
                  ^
/home/bdubbs/lfs-svn-jh/appendices/scripts.xml:83: parser error : Entity 'udev' not defined
    <screen>&udev;</screen> 
                  ^
warning: failed to load external entity "/home/bdubbs/lfs-svn-jh/appendices/swap.script"
/home/bdubbs/lfs-svn-jh/appendices/scripts.xml:88: parser error : Failure to process entity swap
    <screen>&swap;</screen> 
                  ^
/home/bdubbs/lfs-svn-jh/appendices/scripts.xml:88: parser error : Entity 'swap' not defined
    <screen>&swap;</screen> 
                  ^
warning: failed to load external entity "/home/bdubbs/lfs-svn-jh/appendices/setclock.script"
/home/bdubbs/lfs-svn-jh/appendices/scripts.xml:93: parser error : Failure to process entity setclock
    <screen>&setclock;</screen> 
                      ^
/home/bdubbs/lfs-svn-jh/appendices/scripts.xml:93: parser error : Entity 'setclock' not defined
    <screen>&setclock;</screen> 
                      ^
warning: failed to load external entity "/home/bdubbs/lfs-svn-jh/appendices/checkfs.script"
/home/bdubbs/lfs-svn-jh/appendices/scripts.xml:98: parser error : Failure to process entity checkfs
    <screen>&checkfs;</screen> 
                     ^
/home/bdubbs/lfs-svn-jh/appendices/scripts.xml:98: parser error : Entity 'checkfs' not defined
    <screen>&checkfs;</screen> 
                     ^
warning: failed to load external entity "/home/bdubbs/lfs-svn-jh/appendices/mountfs.script"
/home/bdubbs/lfs-svn-jh/appendices/scripts.xml:103: parser error : Failure to process entity mountfs
    <screen>&mountfs;</screen> 
                     ^
/home/bdubbs/lfs-svn-jh/appendices/scripts.xml:103: parser error : Entity 'mountfs' not defined
    <screen>&mountfs;</screen> 
                     ^
warning: failed to load external entity "/home/bdubbs/lfs-svn-jh/appendices/udev_retry.script"
/home/bdubbs/lfs-svn-jh/appendices/scripts.xml:108: parser error : Failure to process entity udev_retry
    <screen>&udev_retry;</screen> 
                        ^
/home/bdubbs/lfs-svn-jh/appendices/scripts.xml:108: parser error : Entity 'udev_retry' not defined
    <screen>&udev_retry;</screen> 
                        ^
warning: failed to load external entity "/home/bdubbs/lfs-svn-jh/appendices/cleanfs.script"
/home/bdubbs/lfs-svn-jh/appendices/scripts.xml:113: parser error : Failure to process entity cleanfs
    <screen>&cleanfs;</screen> 
                     ^
/home/bdubbs/lfs-svn-jh/appendices/scripts.xml:113: parser error : Entity 'cleanfs' not defined
    <screen>&cleanfs;</screen> 
                     ^
warning: failed to load external entity "/home/bdubbs/lfs-svn-jh/appendices/console.script"
/home/bdubbs/lfs-svn-jh/appendices/scripts.xml:118: parser error : Failure to process entity console
    <screen>&console;</screen> 
                     ^
/home/bdubbs/lfs-svn-jh/appendices/scripts.xml:118: parser error : Entity 'console' not defined
    <screen>&console;</screen> 
                     ^
warning: failed to load external entity "/home/bdubbs/lfs-svn-jh/appendices/localnet.script"
/home/bdubbs/lfs-svn-jh/appendices/scripts.xml:123: parser error : Failure to process entity localnet
    <screen>&localnet;</screen> 
                      ^
/home/bdubbs/lfs-svn-jh/appendices/scripts.xml:123: parser error : Entity 'localnet' not defined
    <screen>&localnet;</screen> 
                      ^
warning: failed to load external entity "/home/bdubbs/lfs-svn-jh/appendices/sysctl.script"
/home/bdubbs/lfs-svn-jh/appendices/scripts.xml:128: parser error : Failure to process entity sysctl
    <screen>&sysctl;</screen> 
                    ^
/home/bdubbs/lfs-svn-jh/appendices/scripts.xml:128: parser error : Entity 'sysctl' not defined
    <screen>&sysctl;</screen> 
                    ^
warning: failed to load external entity "/home/bdubbs/lfs-svn-jh/appendices/sysklogd.script"
/home/bdubbs/lfs-svn-jh/appendices/scripts.xml:133: parser error : Failure to process entity sysklogd
    <screen>&sysklogd;</screen> 
                      ^
/home/bdubbs/lfs-svn-jh/appendices/scripts.xml:133: parser error : Entity 'sysklogd' not defined
    <screen>&sysklogd;</screen> 
                      ^
warning: failed to load external entity "/home/bdubbs/lfs-svn-jh/appendices/network.script"
/home/bdubbs/lfs-svn-jh/appendices/scripts.xml:138: parser error : Failure to process entity network
    <screen>&network;</screen> 
                     ^
/home/bdubbs/lfs-svn-jh/appendices/scripts.xml:138: parser error : Entity 'network' not defined
    <screen>&network;</screen> 
                     ^
warning: failed to load external entity "/home/bdubbs/lfs-svn-jh/appendices/sendsignals.script"
/home/bdubbs/lfs-svn-jh/appendices/scripts.xml:143: parser error : Failure to process entity sendsignals
    <screen>&sendsignals;</screen> 
                         ^
/home/bdubbs/lfs-svn-jh/appendices/scripts.xml:143: parser error : Entity 'sendsignals' not defined
    <screen>&sendsignals;</screen> 
                         ^
warning: failed to load external entity "/home/bdubbs/lfs-svn-jh/appendices/reboot.script"
/home/bdubbs/lfs-svn-jh/appendices/scripts.xml:148: parser error : Failure to process entity reboot
    <screen>&reboot;</screen> 
                    ^
/home/bdubbs/lfs-svn-jh/appendices/scripts.xml:148: parser error : Entity 'reboot' not defined
    <screen>&reboot;</screen> 
                    ^
warning: failed to load external entity "/home/bdubbs/lfs-svn-jh/appendices/halt.script"
/home/bdubbs/lfs-svn-jh/appendices/scripts.xml:153: parser error : Failure to process entity halt
    <screen>&halt;</screen> 
                  ^
/home/bdubbs/lfs-svn-jh/appendices/scripts.xml:153: parser error : Entity 'halt' not defined
    <screen>&halt;</screen> 
                  ^
warning: failed to load external entity "/home/bdubbs/lfs-svn-jh/appendices/template.script"
/home/bdubbs/lfs-svn-jh/appendices/scripts.xml:158: parser error : Failure to process entity template
    <screen>&template;</screen> 
                      ^
/home/bdubbs/lfs-svn-jh/appendices/scripts.xml:158: parser error : Entity 'template' not defined
    <screen>&template;</screen> 
                      ^
warning: failed to load external entity "/home/bdubbs/lfs-svn-jh/appendices/rc-sysinit.script"
/home/bdubbs/lfs-svn-jh/appendices/scripts.xml:163: parser error : Failure to process entity rc_sys
    <screen>&rc_sys;</screen> 
                    ^
/home/bdubbs/lfs-svn-jh/appendices/scripts.xml:163: parser error : Entity 'rc_sys' not defined
    <screen>&rc_sys;</screen> 
                    ^
warning: failed to load external entity "/home/bdubbs/lfs-svn-jh/appendices/modules-sysinit.script"
/home/bdubbs/lfs-svn-jh/appendices/scripts.xml:168: parser error : Failure to process entity modules_sys
    <screen>&modules_sys;</screen> 
                         ^
/home/bdubbs/lfs-svn-jh/appendices/scripts.xml:168: parser error : Entity 'modules_sys' not defined
    <screen>&modules_sys;</screen> 
                         ^
warning: failed to load external entity "/home/bdubbs/lfs-svn-jh/appendices/createfiles.script"
/home/bdubbs/lfs-svn-jh/appendices/scripts.xml:173: parser error : Failure to process entity createfiles
    <screen>&createfiles;</screen> 
                         ^
/home/bdubbs/lfs-svn-jh/appendices/scripts.xml:173: parser error : Entity 'createfiles' not defined
    <screen>&createfiles;</screen> 
                         ^
warning: failed to load external entity "/home/bdubbs/lfs-svn-jh/appendices/config-udev-retry.script"
/home/bdubbs/lfs-svn-jh/appendices/scripts.xml:178: parser error : Failure to process entity cfg_udev_retry
    <screen>&cfg_udev_retry;</screen> 
                            ^
/home/bdubbs/lfs-svn-jh/appendices/scripts.xml:178: parser error : Entity 'cfg_udev_retry' not defined
    <screen>&cfg_udev_retry;</screen> 
                            ^
warning: failed to load external entity "/home/bdubbs/lfs-svn-jh/appendices/ifup.script"
/home/bdubbs/lfs-svn-jh/appendices/scripts.xml:183: parser error : Failure to process entity ifup
    <screen>&ifup;</screen> 
                  ^
/home/bdubbs/lfs-svn-jh/appendices/scripts.xml:183: parser error : Entity 'ifup' not defined
    <screen>&ifup;</screen> 
                  ^
warning: failed to load external entity "/home/bdubbs/lfs-svn-jh/appendices/ifdown.script"
/home/bdubbs/lfs-svn-jh/appendices/scripts.xml:188: parser error : Failure to process entity ifdown
    <screen>&ifdown;</screen> 
                    ^
/home/bdubbs/lfs-svn-jh/appendices/scripts.xml:188: parser error : Entity 'ifdown' not defined
    <screen>&ifdown;</screen> 
                    ^
warning: failed to load external entity "/home/bdubbs/lfs-svn-jh/appendices/ipv4-static.script"
/home/bdubbs/lfs-svn-jh/appendices/scripts.xml:193: parser error : Failure to process entity ipv4_static
    <screen>&ipv4_static;</screen> 
                         ^
/home/bdubbs/lfs-svn-jh/appendices/scripts.xml:193: parser error : Entity 'ipv4_static' not defined
    <screen>&ipv4_static;</screen> 
                         ^
warning: failed to load external entity "/home/bdubbs/lfs-svn-jh/appendices/ipv4-static-route.script"
/home/bdubbs/lfs-svn-jh/appendices/scripts.xml:198: parser error : Failure to process entity ipv4_static_route
    <screen>&ipv4_static_route;</screen> 
                               ^
/home/bdubbs/lfs-svn-jh/appendices/scripts.xml:198: parser error : Entity 'ipv4_static_route' not defined
    <screen>&ipv4_static_route;</screen> 
                               ^
/home/bdubbs/lfs-svn-jh/index.xml:44: element include: XInclude error : could not load /home/bdubbs/lfs-svn-jh/appendices/scripts.xml, and no fallback was found
warning: failed to load external entity "/home/bdubbs/lfs-svn-jh/appendices/55-lfs.rules.script"
/home/bdubbs/lfs-svn-jh/appendices/udev-rules.xml:21: parser error : Failure to process entity lfs-rules
    <screen>&lfs-rules;</screen> 
                       ^
/home/bdubbs/lfs-svn-jh/appendices/udev-rules.xml:21: parser error : Entity 'lfs-rules' not defined
    <screen>&lfs-rules;</screen> 
                       ^
/home/bdubbs/lfs-svn-jh/index.xml:45: element include: XInclude error : could not load /home/bdubbs/lfs-svn-jh/appendices/udev-rules.xml, and no fallback was found
