## ------------------------- ##
## Configuring libtool 2.4.2 ##
## ------------------------- ##

checking for a BSD-compatible install... /usr/bin/install -c
checking whether build environment is sane... yes
checking for a thread-safe mkdir -p... /bin/mkdir -p
checking for gawk... gawk
checking whether make sets $(MAKE)... yes
checking build system type... x86_64-unknown-linux-gnu
checking host system type... x86_64-unknown-linux-gnu
configure: autobuild project... GNU Libtool
configure: autobuild revision... 2.4.2 ()
configure: autobuild hostname... krejzi
configure: autobuild mode... default
configure: autobuild timestamp... 20140218T010307Z
checking for gcc... gcc
checking whether the C compiler works... yes
checking for C compiler default output file name... a.out
checking for suffix of executables... 
checking whether we are cross compiling... no
checking for suffix of object files... o
checking whether we are using the GNU C compiler... yes
checking whether gcc accepts -g... yes
checking for gcc option to accept ISO C89... none needed
checking for style of include used by make... GNU
checking dependency style of gcc... gcc3
checking whether gcc and cc understand -c and -o together... yes
checking how to run the C preprocessor... gcc -E
checking how to print strings... printf
checking for a sed that does not truncate output... /bin/sed
checking for grep that handles long lines and -e... /bin/grep
checking for egrep... /bin/grep -E
checking for fgrep... /bin/grep -F
checking for ld used by gcc... /usr/bin/ld
checking if the linker (/usr/bin/ld) is GNU ld... yes
checking for BSD- or MS-compatible name lister (nm)... /usr/bin/nm -B
checking the name lister (/usr/bin/nm -B) interface... BSD nm
checking whether ln -s works... yes
checking the maximum length of command line arguments... 1572864
checking whether the shell understands some XSI constructs... yes
checking whether the shell understands "+="... yes
checking how to convert x86_64-unknown-linux-gnu file names to x86_64-unknown-linux-gnu format... func_convert_file_noop
checking how to convert x86_64-unknown-linux-gnu file names to toolchain format... func_convert_file_noop
checking for /usr/bin/ld option to reload object files... -r
checking for objdump... objdump
checking how to recognize dependent libraries... pass_all
checking for dlltool... no
checking how to associate runtime and link libraries... printf %s\n
checking for ar... ar
checking for archiver @FILE support... @
checking for strip... strip
checking for ranlib... ranlib
checking command to parse /usr/bin/nm -B output from gcc object... ok
checking for sysroot... no
checking for mt... no
checking if : is a manifest tool... no
checking for ANSI C header files... yes
checking for sys/types.h... yes
checking for sys/stat.h... yes
checking for stdlib.h... yes
checking for string.h... yes
checking for memory.h... yes
checking for strings.h... yes
checking for inttypes.h... yes
checking for stdint.h... yes
checking for unistd.h... yes
checking for dlfcn.h... yes
checking for objdir... .libs
checking if gcc supports -fno-rtti -fno-exceptions... no
checking for gcc option to produce PIC... -fPIC -DPIC
checking if gcc PIC flag -fPIC -DPIC works... yes
checking if gcc static flag -static works... yes
checking if gcc supports -c -o file.o... yes
checking if gcc supports -c -o file.o... (cached) yes
checking whether the gcc linker (/usr/bin/ld -m elf_x86_64) supports shared libraries... yes
checking whether -lc should be explicitly linked in... no
checking dynamic linker characteristics... GNU/Linux ld.so
checking how to hardcode library paths into programs... immediate
checking for shl_load... no
checking for shl_load in -ldld... no
checking for dlopen... no
checking for dlopen in -ldl... yes
checking whether a program can dlopen itself... yes
checking whether a statically linked program can dlopen itself... no
checking whether stripping libraries is possible... yes
checking if libtool supports shared libraries... yes
checking whether to build shared libraries... yes
checking whether to build static libraries... yes
checking which extension is used for runtime loadable modules... .so
checking which variable specifies run-time module search path... LD_LIBRARY_PATH
checking for the default library search path... /lib /usr/lib /usr/local/lib /opt/lib 
checking for library containing dlopen... -ldl
checking for dlerror... yes
checking for shl_load... (cached) no
checking for shl_load in -ldld... (cached) no
checking for dld_link in -ldld... no
checking for _ prefix in compiled symbols... no
checking whether deplibs are loaded by dlopen... yes
checking for argz.h... yes
checking for error_t... yes
checking for argz_add... yes
checking for argz_append... yes
checking for argz_count... yes
checking for argz_create_sep... yes
checking for argz_insert... yes
checking for argz_next... yes
checking for argz_stringify... yes
checking if argz actually works... yes
checking whether libtool supports -dlopen/-dlpreopen... yes
checking for unistd.h... (cached) yes
checking for dl.h... no
checking for sys/dl.h... no
checking for dld.h... no
checking for mach-o/dyld.h... no
checking for dirent.h... yes
checking for closedir... yes
checking for opendir... yes
checking for readdir... yes
checking for strlcat... no
checking for strlcpy... no
checking for g++... g++
checking whether we are using the GNU C++ compiler... yes
checking whether g++ accepts -g... yes
checking dependency style of g++... gcc3
checking how to run the C++ preprocessor... g++ -E
checking for ld used by g++... /usr/bin/ld -m elf_x86_64
checking if the linker (/usr/bin/ld -m elf_x86_64) is GNU ld... yes
checking whether the g++ linker (/usr/bin/ld -m elf_x86_64) supports shared libraries... yes
checking for g++ option to produce PIC... -fPIC -DPIC
checking if g++ PIC flag -fPIC -DPIC works... yes
checking if g++ static flag -static works... yes
checking if g++ supports -c -o file.o... yes
checking if g++ supports -c -o file.o... (cached) yes
checking whether the g++ linker (/usr/bin/ld -m elf_x86_64) supports shared libraries... yes
checking dynamic linker characteristics... (cached) GNU/Linux ld.so
checking how to hardcode library paths into programs... immediate
checking for g77... no
checking for xlf... no
checking for f77... no
checking for frt... no
checking for pgf77... no
checking for cf77... no
checking for fort77... no
checking for fl32... no
checking for af77... no
checking for xlf90... no
checking for f90... no
checking for pgf90... no
checking for pghpf... no
checking for epcf90... no
checking for gfortran... no
checking for g95... no
checking for xlf95... no
checking for f95... no
checking for fort... no
checking for ifort... no
checking for ifc... no
checking for efc... no
checking for pgfortran... no
checking for pgf95... no
checking for lf95... no
checking for ftn... no
checking whether we are using the GNU Fortran 77 compiler... no
checking whether  accepts -g... no
checking for gfortran... no
checking for g95... no
checking for xlf95... no
checking for f95... no
checking for fort... no
checking for ifort... no
checking for ifc... no
checking for efc... no
checking for pgfortran... no
checking for pgf95... no
checking for lf95... no
checking for ftn... no
checking for xlf90... no
checking for f90... no
checking for pgf90... no
checking for pghpf... no
checking for epcf90... no
checking for g77... no
checking for xlf... no
checking for f77... no
checking for frt... no
checking for pgf77... no
checking for cf77... no
checking for fort77... no
checking for fl32... no
checking for af77... no
checking whether we are using the GNU Fortran compiler... no
checking whether  accepts -g... no
checking for gccgo... no
checking for gcj... no
checking for windres... no
checking whether make supports order-only prerequisites... yes
configure: creating ./config.status
config.status: creating Makefile
config.status: creating config.h
config.status: executing tests/atconfig commands
config.status: executing depfiles commands
config.status: executing libtool commands
rm -f libtoolize.tmp libtoolize
sed -e 's,@aclocal_DATA\@,m4/argz.m4 m4/libtool.m4 m4/ltdl.m4 m4/ltoptions.m4 m4/ltsugar.m4 m4/ltversion.m4 m4/lt~obsolete.m4,g' -e 's,@aclocaldir\@,/usr/share/aclocal,g' -e 's,@datadir\@,/usr/share,g' -e 's,@EGREP\@,/bin/grep -E,g' -e 's,@FGREP\@,/bin/grep -F,g' -e 's,@GREP\@,/bin/grep,g' -e 's,@host_triplet\@,x86_64-unknown-linux-gnu,g' -e 's,@LN_S\@,ln -s,g' -e "s,@pkgconfig_files\@,config/compile config/config.guess config/config.sub config/depcomp config/install-sh config/missing config/ltmain.sh,g" -e 's,@pkgdatadir\@,/usr/share/libtool,g' -e "s,@pkgltdl_files\@,libltdl/COPYING.LIB libltdl/README libltdl/Makefile.inc libltdl/Makefile.am libltdl/configure.ac libltdl/aclocal.m4 libltdl/Makefile.in libltdl/config-h.in libltdl/configure libltdl/argz_.h libltdl/argz.c libltdl/loaders/dld_link.c libltdl/loaders/dlopen.c libltdl/loaders/dyld.c libltdl/loaders/load_add_on.c libltdl/loaders/loadlibrary.c libltdl/loaders/shl_load.c libltdl/lt__dirent.c libltdl/lt__strl.c libltdl/libltdl/lt__alloc.h libltdl/libltdl/lt__dirent.h libltdl/libltdl/lt__glibc.h libltdl/libltdl/lt__private.h libltdl/libltdl/lt__strl.h libltdl/libltdl/lt_dlloader.h libltdl/libltdl/lt_error.h libltdl/libltdl/lt_system.h libltdl/libltdl/slist.h libltdl/loaders/preopen.c libltdl/lt__alloc.c libltdl/lt_dlloader.c libltdl/lt_error.c libltdl/ltdl.c libltdl/ltdl.h libltdl/slist.c,g" -e 's,@prefix\@,/usr,g' -e 's,@SED\@,/bin/sed,g' \
	./libtoolize.in > libtoolize.tmp
chmod a+x libtoolize.tmp
chmod a-w libtoolize.tmp
mv -f libtoolize.tmp libtoolize
make  all-recursive
make[1]: Entering directory '/sources/libtool-2.4.2'
make[2]: Entering directory '/sources/libtool-2.4.2'
depbase=`echo libltdl/lt__strl.lo | sed 's|[^/]*$|.deps/&|;s|\.lo$||'`;\
/bin/sh ./libtool --tag=CC   --mode=compile gcc -DHAVE_CONFIG_H -I.  -DLT_CONFIG_H='<config.h>' -DLTDL -I. -I. -Ilibltdl -I./libltdl -I./libltdl/libltdl   -g -O2 -MT libltdl/lt__strl.lo -MD -MP -MF $depbase.Tpo -c -o libltdl/lt__strl.lo libltdl/lt__strl.c &&\
mv -f $depbase.Tpo $depbase.Plo
/bin/sh ./libtool  --tag=CC   --mode=compile gcc -DHAVE_CONFIG_H -I.  -DLTDLOPEN=libltdl -DLT_CONFIG_H='<config.h>' -DLTDL -I. -I. -Ilibltdl -I./libltdl -I./libltdl/libltdl   -g -O2 -MT libltdl/loaders/libltdl_libltdl_la-preopen.lo -MD -MP -MF libltdl/loaders/.deps/libltdl_libltdl_la-preopen.Tpo -c -o libltdl/loaders/libltdl_libltdl_la-preopen.lo `test -f 'libltdl/loaders/preopen.c' || echo './'`libltdl/loaders/preopen.c
/bin/sh ./libtool  --tag=CC   --mode=compile gcc -DHAVE_CONFIG_H -I.  -DLTDLOPEN=libltdl -DLT_CONFIG_H='<config.h>' -DLTDL -I. -I. -Ilibltdl -I./libltdl -I./libltdl/libltdl   -g -O2 -MT libltdl/libltdl_libltdl_la-lt__alloc.lo -MD -MP -MF libltdl/.deps/libltdl_libltdl_la-lt__alloc.Tpo -c -o libltdl/libltdl_libltdl_la-lt__alloc.lo `test -f 'libltdl/lt__alloc.c' || echo './'`libltdl/lt__alloc.c
/bin/sh ./libtool  --tag=CC   --mode=compile gcc -DHAVE_CONFIG_H -I.  -DLTDLOPEN=libltdl -DLT_CONFIG_H='<config.h>' -DLTDL -I. -I. -Ilibltdl -I./libltdl -I./libltdl/libltdl   -g -O2 -MT libltdl/libltdl_libltdl_la-lt_dlloader.lo -MD -MP -MF libltdl/.deps/libltdl_libltdl_la-lt_dlloader.Tpo -c -o libltdl/libltdl_libltdl_la-lt_dlloader.lo `test -f 'libltdl/lt_dlloader.c' || echo './'`libltdl/lt_dlloader.c
libtool: compile:  gcc -DHAVE_CONFIG_H -I. -DLTDLOPEN=libltdl "-DLT_CONFIG_H=<config.h>" -DLTDL -I. -I. -Ilibltdl -I./libltdl -I./libltdl/libltdl -g -O2 -MT libltdl/loaders/libltdl_libltdl_la-preopen.lo -MD -MP -MF libltdl/loaders/.deps/libltdl_libltdl_la-preopen.Tpo -c libltdl/loaders/preopen.c  -fPIC -DPIC -o libltdl/loaders/.libs/libltdl_libltdl_la-preopen.o
libtool: compile:  gcc -DHAVE_CONFIG_H -I. -DLTDLOPEN=libltdl "-DLT_CONFIG_H=<config.h>" -DLTDL -I. -I. -Ilibltdl -I./libltdl -I./libltdl/libltdl -g -O2 -MT libltdl/libltdl_libltdl_la-lt__alloc.lo -MD -MP -MF libltdl/.deps/libltdl_libltdl_la-lt__alloc.Tpo -c libltdl/lt__alloc.c  -fPIC -DPIC -o libltdl/.libs/libltdl_libltdl_la-lt__alloc.o
libtool: compile:  gcc -DHAVE_CONFIG_H -I. -DLTDLOPEN=libltdl "-DLT_CONFIG_H=<config.h>" -DLTDL -I. -I. -Ilibltdl -I./libltdl -I./libltdl/libltdl -g -O2 -MT libltdl/libltdl_libltdl_la-lt_dlloader.lo -MD -MP -MF libltdl/.deps/libltdl_libltdl_la-lt_dlloader.Tpo -c libltdl/lt_dlloader.c  -fPIC -DPIC -o libltdl/.libs/libltdl_libltdl_la-lt_dlloader.o
libtool: compile:  gcc -DHAVE_CONFIG_H -I. "-DLT_CONFIG_H=<config.h>" -DLTDL -I. -I. -Ilibltdl -I./libltdl -I./libltdl/libltdl -g -O2 -MT libltdl/lt__strl.lo -MD -MP -MF libltdl/.deps/lt__strl.Tpo -c libltdl/lt__strl.c  -fPIC -DPIC -o libltdl/.libs/lt__strl.o
libtool: compile:  gcc -DHAVE_CONFIG_H -I. -DLTDLOPEN=libltdl "-DLT_CONFIG_H=<config.h>" -DLTDL -I. -I. -Ilibltdl -I./libltdl -I./libltdl/libltdl -g -O2 -MT libltdl/libltdl_libltdl_la-lt__alloc.lo -MD -MP -MF libltdl/.deps/libltdl_libltdl_la-lt__alloc.Tpo -c libltdl/lt__alloc.c -o libltdl/libltdl_libltdl_la-lt__alloc.o >/dev/null 2>&1
libtool: compile:  gcc -DHAVE_CONFIG_H -I. -DLTDLOPEN=libltdl "-DLT_CONFIG_H=<config.h>" -DLTDL -I. -I. -Ilibltdl -I./libltdl -I./libltdl/libltdl -g -O2 -MT libltdl/libltdl_libltdl_la-lt_dlloader.lo -MD -MP -MF libltdl/.deps/libltdl_libltdl_la-lt_dlloader.Tpo -c libltdl/lt_dlloader.c -o libltdl/libltdl_libltdl_la-lt_dlloader.o >/dev/null 2>&1
libtool: compile:  gcc -DHAVE_CONFIG_H -I. "-DLT_CONFIG_H=<config.h>" -DLTDL -I. -I. -Ilibltdl -I./libltdl -I./libltdl/libltdl -g -O2 -MT libltdl/lt__strl.lo -MD -MP -MF libltdl/.deps/lt__strl.Tpo -c libltdl/lt__strl.c -o libltdl/lt__strl.o >/dev/null 2>&1
libtool: compile:  gcc -DHAVE_CONFIG_H -I. -DLTDLOPEN=libltdl "-DLT_CONFIG_H=<config.h>" -DLTDL -I. -I. -Ilibltdl -I./libltdl -I./libltdl/libltdl -g -O2 -MT libltdl/loaders/libltdl_libltdl_la-preopen.lo -MD -MP -MF libltdl/loaders/.deps/libltdl_libltdl_la-preopen.Tpo -c libltdl/loaders/preopen.c -o libltdl/loaders/libltdl_libltdl_la-preopen.o >/dev/null 2>&1
mv -f libltdl/.deps/libltdl_libltdl_la-lt__alloc.Tpo libltdl/.deps/libltdl_libltdl_la-lt__alloc.Plo
/bin/sh ./libtool  --tag=CC   --mode=compile gcc -DHAVE_CONFIG_H -I.  -DLTDLOPEN=libltdl -DLT_CONFIG_H='<config.h>' -DLTDL -I. -I. -Ilibltdl -I./libltdl -I./libltdl/libltdl   -g -O2 -MT libltdl/libltdl_libltdl_la-lt_error.lo -MD -MP -MF libltdl/.deps/libltdl_libltdl_la-lt_error.Tpo -c -o libltdl/libltdl_libltdl_la-lt_error.lo `test -f 'libltdl/lt_error.c' || echo './'`libltdl/lt_error.c
/bin/sh ./libtool  --tag=CC   --mode=compile gcc -DHAVE_CONFIG_H -I.  -DLTDLOPEN=libltdl -DLT_CONFIG_H='<config.h>' -DLTDL -I. -I. -Ilibltdl -I./libltdl -I./libltdl/libltdl   -g -O2 -MT libltdl/libltdl_libltdl_la-ltdl.lo -MD -MP -MF libltdl/.deps/libltdl_libltdl_la-ltdl.Tpo -c -o libltdl/libltdl_libltdl_la-ltdl.lo `test -f 'libltdl/ltdl.c' || echo './'`libltdl/ltdl.c
mv -f libltdl/.deps/libltdl_libltdl_la-lt_dlloader.Tpo libltdl/.deps/libltdl_libltdl_la-lt_dlloader.Plo
/bin/sh ./libtool  --tag=CC   --mode=compile gcc -DHAVE_CONFIG_H -I.  -DLTDLOPEN=libltdl -DLT_CONFIG_H='<config.h>' -DLTDL -I. -I. -Ilibltdl -I./libltdl -I./libltdl/libltdl   -g -O2 -MT libltdl/libltdl_libltdl_la-slist.lo -MD -MP -MF libltdl/.deps/libltdl_libltdl_la-slist.Tpo -c -o libltdl/libltdl_libltdl_la-slist.lo `test -f 'libltdl/slist.c' || echo './'`libltdl/slist.c
libtool: compile:  gcc -DHAVE_CONFIG_H -I. -DLTDLOPEN=libltdl "-DLT_CONFIG_H=<config.h>" -DLTDL -I. -I. -Ilibltdl -I./libltdl -I./libltdl/libltdl -g -O2 -MT libltdl/libltdl_libltdl_la-lt_error.lo -MD -MP -MF libltdl/.deps/libltdl_libltdl_la-lt_error.Tpo -c libltdl/lt_error.c  -fPIC -DPIC -o libltdl/.libs/libltdl_libltdl_la-lt_error.o
libtool: compile:  gcc -DHAVE_CONFIG_H -I. -DLTDLOPEN=libltdl "-DLT_CONFIG_H=<config.h>" -DLTDL -I. -I. -Ilibltdl -I./libltdl -I./libltdl/libltdl -g -O2 -MT libltdl/libltdl_libltdl_la-ltdl.lo -MD -MP -MF libltdl/.deps/libltdl_libltdl_la-ltdl.Tpo -c libltdl/ltdl.c  -fPIC -DPIC -o libltdl/.libs/libltdl_libltdl_la-ltdl.o
libtool: compile:  gcc -DHAVE_CONFIG_H -I. -DLTDLOPEN=libltdl "-DLT_CONFIG_H=<config.h>" -DLTDL -I. -I. -Ilibltdl -I./libltdl -I./libltdl/libltdl -g -O2 -MT libltdl/libltdl_libltdl_la-slist.lo -MD -MP -MF libltdl/.deps/libltdl_libltdl_la-slist.Tpo -c libltdl/slist.c  -fPIC -DPIC -o libltdl/.libs/libltdl_libltdl_la-slist.o
libtool: compile:  gcc -DHAVE_CONFIG_H -I. -DLTDLOPEN=libltdl "-DLT_CONFIG_H=<config.h>" -DLTDL -I. -I. -Ilibltdl -I./libltdl -I./libltdl/libltdl -g -O2 -MT libltdl/libltdl_libltdl_la-lt_error.lo -MD -MP -MF libltdl/.deps/libltdl_libltdl_la-lt_error.Tpo -c libltdl/lt_error.c -o libltdl/libltdl_libltdl_la-lt_error.o >/dev/null 2>&1
mv -f libltdl/loaders/.deps/libltdl_libltdl_la-preopen.Tpo libltdl/loaders/.deps/libltdl_libltdl_la-preopen.Plo
depbase=`echo libltdl/loaders/dlopen.lo | sed 's|[^/]*$|.deps/&|;s|\.lo$||'`;\
/bin/sh ./libtool --tag=CC   --mode=compile gcc -DHAVE_CONFIG_H -I.  -DLT_CONFIG_H='<config.h>' -DLTDL -I. -I. -Ilibltdl -I./libltdl -I./libltdl/libltdl   -g -O2 -MT libltdl/loaders/dlopen.lo -MD -MP -MF $depbase.Tpo -c -o libltdl/loaders/dlopen.lo libltdl/loaders/dlopen.c &&\
mv -f $depbase.Tpo $depbase.Plo
libtool: compile:  gcc -DHAVE_CONFIG_H -I. -DLTDLOPEN=libltdl "-DLT_CONFIG_H=<config.h>" -DLTDL -I. -I. -Ilibltdl -I./libltdl -I./libltdl/libltdl -g -O2 -MT libltdl/libltdl_libltdl_la-slist.lo -MD -MP -MF libltdl/.deps/libltdl_libltdl_la-slist.Tpo -c libltdl/slist.c -o libltdl/libltdl_libltdl_la-slist.o >/dev/null 2>&1
libtool: compile:  gcc -DHAVE_CONFIG_H -I. "-DLT_CONFIG_H=<config.h>" -DLTDL -I. -I. -Ilibltdl -I./libltdl -I./libltdl/libltdl -g -O2 -MT libltdl/loaders/dlopen.lo -MD -MP -MF libltdl/loaders/.deps/dlopen.Tpo -c libltdl/loaders/dlopen.c  -fPIC -DPIC -o libltdl/loaders/.libs/dlopen.o
mv -f libltdl/.deps/libltdl_libltdl_la-lt_error.Tpo libltdl/.deps/libltdl_libltdl_la-lt_error.Plo
libtool: compile:  gcc -DHAVE_CONFIG_H -I. "-DLT_CONFIG_H=<config.h>" -DLTDL -I. -I. -Ilibltdl -I./libltdl -I./libltdl/libltdl -g -O2 -MT libltdl/loaders/dlopen.lo -MD -MP -MF libltdl/loaders/.deps/dlopen.Tpo -c libltdl/loaders/dlopen.c -o libltdl/loaders/dlopen.o >/dev/null 2>&1
mv -f libltdl/.deps/libltdl_libltdl_la-slist.Tpo libltdl/.deps/libltdl_libltdl_la-slist.Plo
/bin/sh ./libtool --tag=CC   --mode=link gcc  -g -O2 -module -avoid-version  -o libltdl/dlopen.la  libltdl/loaders/dlopen.lo -ldl -ldl 
libtool: link: ar cru libltdl/.libs/dlopen.a libltdl/loaders/.libs/dlopen.o 
libtool: link: ranlib libltdl/.libs/dlopen.a
libtool: link: ( cd "libltdl/.libs" && rm -f "dlopen.la" && ln -s "../dlopen.la" "dlopen.la" )
libtool: compile:  gcc -DHAVE_CONFIG_H -I. -DLTDLOPEN=libltdl "-DLT_CONFIG_H=<config.h>" -DLTDL -I. -I. -Ilibltdl -I./libltdl -I./libltdl/libltdl -g -O2 -MT libltdl/libltdl_libltdl_la-ltdl.lo -MD -MP -MF libltdl/.deps/libltdl_libltdl_la-ltdl.Tpo -c libltdl/ltdl.c -o libltdl/libltdl_libltdl_la-ltdl.o >/dev/null 2>&1
mv -f libltdl/.deps/libltdl_libltdl_la-ltdl.Tpo libltdl/.deps/libltdl_libltdl_la-ltdl.Plo
/bin/sh ./libtool --tag=CC   --mode=link gcc  -g -O2 -no-undefined -version-info 10:0:3 -dlpreopen libltdl/dlopen.la   -o libltdl/libltdl.la -rpath /usr/lib libltdl/loaders/libltdl_libltdl_la-preopen.lo libltdl/libltdl_libltdl_la-lt__alloc.lo libltdl/libltdl_libltdl_la-lt_dlloader.lo libltdl/libltdl_libltdl_la-lt_error.lo libltdl/libltdl_libltdl_la-ltdl.lo libltdl/libltdl_libltdl_la-slist.lo libltdl/lt__strl.lo -ldl 
libtool: link: rm -f libltdl/.libs/libltdl.nm libltdl/.libs/libltdl.nmS libltdl/.libs/libltdl.nmT
libtool: link: (cd libltdl/.libs && gcc -g -O2 -c -fno-builtin  -fPIC -DPIC "libltdlS.c")
libtool: link: rm -f "libltdl/.libs/libltdlS.c" "libltdl/.libs/libltdl.nm" "libltdl/.libs/libltdl.nmS" "libltdl/.libs/libltdl.nmT"
libtool: link: (cd libltdl/.libs/libltdl.lax/dlopen.a && ar x "/sources/libtool-2.4.2/libltdl/.libs/dlopen.a")
libtool: link: gcc -shared  -fPIC -DPIC  libltdl/loaders/.libs/libltdl_libltdl_la-preopen.o libltdl/.libs/libltdl_libltdl_la-lt__alloc.o libltdl/.libs/libltdl_libltdl_la-lt_dlloader.o libltdl/.libs/libltdl_libltdl_la-lt_error.o libltdl/.libs/libltdl_libltdl_la-ltdl.o libltdl/.libs/libltdl_libltdl_la-slist.o libltdl/.libs/lt__strl.o libltdl/.libs/libltdlS.o  libltdl/.libs/libltdl.lax/dlopen.a/dlopen.o   -ldl  -O2   -Wl,-soname -Wl,libltdl.so.7 -o libltdl/.libs/libltdl.so.7.3.0
libtool: link: (cd "libltdl/.libs" && rm -f "libltdl.so.7" && ln -s "libltdl.so.7.3.0" "libltdl.so.7")
libtool: link: (cd "libltdl/.libs" && rm -f "libltdl.so" && ln -s "libltdl.so.7.3.0" "libltdl.so")
libtool: link: (cd libltdl/.libs/libltdl.lax/lt1-dlopen.a && ar x "/sources/libtool-2.4.2/libltdl/.libs/dlopen.a")
libtool: link: ar cru libltdl/.libs/libltdl.a  libltdl/loaders/libltdl_libltdl_la-preopen.o libltdl/libltdl_libltdl_la-lt__alloc.o libltdl/libltdl_libltdl_la-lt_dlloader.o libltdl/libltdl_libltdl_la-lt_error.o libltdl/libltdl_libltdl_la-ltdl.o libltdl/libltdl_libltdl_la-slist.o libltdl/lt__strl.o libltdl/.libs/libltdlS.o  libltdl/.libs/libltdl.lax/lt1-dlopen.a/dlopen.o 
libtool: link: ranlib libltdl/.libs/libltdl.a
libtool: link: rm -fr libltdl/.libs/libltdl.lax libltdl/.libs/libltdl.lax
libtool: link: ( cd "libltdl/.libs" && rm -f "libltdl.la" && ln -s "../libltdl.la" "libltdl.la" )
make[2]: Leaving directory '/sources/libtool-2.4.2'
make[1]: Leaving directory '/sources/libtool-2.4.2'
make  check-recursive
make[1]: Entering directory '/sources/libtool-2.4.2'
rm -f tests/defs.tmp tests/defs; \
sed -e 's,@aclocal_DATA\@,m4/argz.m4 m4/libtool.m4 m4/ltdl.m4 m4/ltoptions.m4 m4/ltsugar.m4 m4/ltversion.m4 m4/lt~obsolete.m4,g' -e 's,@aclocaldir\@,/usr/share/aclocal,g' -e 's,@datadir\@,/usr/share,g' -e 's,@EGREP\@,/bin/grep -E,g' -e 's,@FGREP\@,/bin/grep -F,g' -e 's,@GREP\@,/bin/grep,g' -e 's,@host_triplet\@,x86_64-unknown-linux-gnu,g' -e 's,@LN_S\@,ln -s,g' -e "s,@pkgconfig_files\@,config/compile config/config.guess config/config.sub config/depcomp config/install-sh config/missing config/ltmain.sh,g" -e 's,@pkgdatadir\@,/usr/share/libtool,g' -e "s,@pkgltdl_files\@,libltdl/COPYING.LIB libltdl/README libltdl/Makefile.inc libltdl/Makefile.am libltdl/configure.ac libltdl/aclocal.m4 libltdl/Makefile.in libltdl/config-h.in libltdl/configure libltdl/argz_.h libltdl/argz.c libltdl/loaders/dld_link.c libltdl/loaders/dlopen.c libltdl/loaders/dyld.c libltdl/loaders/load_add_on.c libltdl/loaders/loadlibrary.c libltdl/loaders/shl_load.c libltdl/lt__dirent.c libltdl/lt__strl.c libltdl/libltdl/lt__alloc.h libltdl/libltdl/lt__dirent.h libltdl/libltdl/lt__glibc.h libltdl/libltdl/lt__private.h libltdl/libltdl/lt__strl.h libltdl/libltdl/lt_dlloader.h libltdl/libltdl/lt_error.h libltdl/libltdl/lt_system.h libltdl/libltdl/slist.h libltdl/loaders/preopen.c libltdl/lt__alloc.c libltdl/lt_dlloader.c libltdl/lt_error.c libltdl/ltdl.c libltdl/ltdl.h libltdl/slist.c,g" -e 's,@prefix\@,/usr,g' -e 's,@SED\@,/bin/sed,g' ./tests/defs.in > tests/defs.tmp; \
mv -f tests/defs.tmp tests/defs
make[2]: Entering directory '/sources/libtool-2.4.2'
make  check-TESTS check-local
make[3]: Entering directory '/sources/libtool-2.4.2'
/bin/sh ./libtool  --tag=CC   --mode=compile gcc -DHAVE_CONFIG_H -I.  -DLTDLOPEN=libltdlc -DLT_CONFIG_H='<config.h>' -DLTDL -I. -I. -Ilibltdl -I./libltdl -I./libltdl/libltdl   -g -O2 -MT libltdl/loaders/libltdl_libltdlc_la-preopen.lo -MD -MP -MF libltdl/loaders/.deps/libltdl_libltdlc_la-preopen.Tpo -c -o libltdl/loaders/libltdl_libltdlc_la-preopen.lo `test -f 'libltdl/loaders/preopen.c' || echo './'`libltdl/loaders/preopen.c
/bin/sh ./libtool  --tag=CC   --mode=compile gcc -DHAVE_CONFIG_H -I.  -DLTDLOPEN=libltdlc -DLT_CONFIG_H='<config.h>' -DLTDL -I. -I. -Ilibltdl -I./libltdl -I./libltdl/libltdl   -g -O2 -MT libltdl/libltdl_libltdlc_la-lt__alloc.lo -MD -MP -MF libltdl/.deps/libltdl_libltdlc_la-lt__alloc.Tpo -c -o libltdl/libltdl_libltdlc_la-lt__alloc.lo `test -f 'libltdl/lt__alloc.c' || echo './'`libltdl/lt__alloc.c
/bin/sh ./libtool  --tag=CC   --mode=compile gcc -DHAVE_CONFIG_H -I.  -DLTDLOPEN=libltdlc -DLT_CONFIG_H='<config.h>' -DLTDL -I. -I. -Ilibltdl -I./libltdl -I./libltdl/libltdl   -g -O2 -MT libltdl/libltdl_libltdlc_la-lt_dlloader.lo -MD -MP -MF libltdl/.deps/libltdl_libltdlc_la-lt_dlloader.Tpo -c -o libltdl/libltdl_libltdlc_la-lt_dlloader.lo `test -f 'libltdl/lt_dlloader.c' || echo './'`libltdl/lt_dlloader.c
libtool: compile:  gcc -DHAVE_CONFIG_H -I. -DLTDLOPEN=libltdlc "-DLT_CONFIG_H=<config.h>" -DLTDL -I. -I. -Ilibltdl -I./libltdl -I./libltdl/libltdl -g -O2 -MT libltdl/loaders/libltdl_libltdlc_la-preopen.lo -MD -MP -MF libltdl/loaders/.deps/libltdl_libltdlc_la-preopen.Tpo -c libltdl/loaders/preopen.c  -fPIC -DPIC -o libltdl/loaders/.libs/libltdl_libltdlc_la-preopen.o
make[4]: Entering directory '/sources/libtool-2.4.2'
libtool: compile:  gcc -DHAVE_CONFIG_H -I. -DLTDLOPEN=libltdlc "-DLT_CONFIG_H=<config.h>" -DLTDL -I. -I. -Ilibltdl -I./libltdl -I./libltdl/libltdl -g -O2 -MT libltdl/libltdl_libltdlc_la-lt_dlloader.lo -MD -MP -MF libltdl/.deps/libltdl_libltdlc_la-lt_dlloader.Tpo -c libltdl/lt_dlloader.c  -fPIC -DPIC -o libltdl/.libs/libltdl_libltdlc_la-lt_dlloader.o
libtool: compile:  gcc -DHAVE_CONFIG_H -I. -DLTDLOPEN=libltdlc "-DLT_CONFIG_H=<config.h>" -DLTDL -I. -I. -Ilibltdl -I./libltdl -I./libltdl/libltdl -g -O2 -MT libltdl/libltdl_libltdlc_la-lt__alloc.lo -MD -MP -MF libltdl/.deps/libltdl_libltdlc_la-lt__alloc.Tpo -c libltdl/lt__alloc.c  -fPIC -DPIC -o libltdl/.libs/libltdl_libltdlc_la-lt__alloc.o
libtool: compile:  gcc -DHAVE_CONFIG_H -I. -DLTDLOPEN=libltdlc "-DLT_CONFIG_H=<config.h>" -DLTDL -I. -I. -Ilibltdl -I./libltdl -I./libltdl/libltdl -g -O2 -MT libltdl/libltdl_libltdlc_la-lt__alloc.lo -MD -MP -MF libltdl/.deps/libltdl_libltdlc_la-lt__alloc.Tpo -c libltdl/lt__alloc.c -o libltdl/libltdl_libltdlc_la-lt__alloc.o >/dev/null 2>&1
libtool: compile:  gcc -DHAVE_CONFIG_H -I. -DLTDLOPEN=libltdlc "-DLT_CONFIG_H=<config.h>" -DLTDL -I. -I. -Ilibltdl -I./libltdl -I./libltdl/libltdl -g -O2 -MT libltdl/libltdl_libltdlc_la-lt_dlloader.lo -MD -MP -MF libltdl/.deps/libltdl_libltdlc_la-lt_dlloader.Tpo -c libltdl/lt_dlloader.c -o libltdl/libltdl_libltdlc_la-lt_dlloader.o >/dev/null 2>&1
libtool: compile:  gcc -DHAVE_CONFIG_H -I. -DLTDLOPEN=libltdlc "-DLT_CONFIG_H=<config.h>" -DLTDL -I. -I. -Ilibltdl -I./libltdl -I./libltdl/libltdl -g -O2 -MT libltdl/loaders/libltdl_libltdlc_la-preopen.lo -MD -MP -MF libltdl/loaders/.deps/libltdl_libltdlc_la-preopen.Tpo -c libltdl/loaders/preopen.c -o libltdl/loaders/libltdl_libltdlc_la-preopen.o >/dev/null 2>&1
mv -f libltdl/.deps/libltdl_libltdlc_la-lt__alloc.Tpo libltdl/.deps/libltdl_libltdlc_la-lt__alloc.Plo
PASS: tests/link.test
/bin/sh ./libtool  --tag=CC   --mode=compile gcc -DHAVE_CONFIG_H -I.  -DLTDLOPEN=libltdlc -DLT_CONFIG_H='<config.h>' -DLTDL -I. -I. -Ilibltdl -I./libltdl -I./libltdl/libltdl   -g -O2 -MT libltdl/libltdl_libltdlc_la-lt_error.lo -MD -MP -MF libltdl/.deps/libltdl_libltdlc_la-lt_error.Tpo -c -o libltdl/libltdl_libltdlc_la-lt_error.lo `test -f 'libltdl/lt_error.c' || echo './'`libltdl/lt_error.c
mv -f libltdl/.deps/libltdl_libltdlc_la-lt_dlloader.Tpo libltdl/.deps/libltdl_libltdlc_la-lt_dlloader.Plo
/bin/sh ./libtool  --tag=CC   --mode=compile gcc -DHAVE_CONFIG_H -I.  -DLTDLOPEN=libltdlc -DLT_CONFIG_H='<config.h>' -DLTDL -I. -I. -Ilibltdl -I./libltdl -I./libltdl/libltdl   -g -O2 -MT libltdl/libltdl_libltdlc_la-ltdl.lo -MD -MP -MF libltdl/.deps/libltdl_libltdlc_la-ltdl.Tpo -c -o libltdl/libltdl_libltdlc_la-ltdl.lo `test -f 'libltdl/ltdl.c' || echo './'`libltdl/ltdl.c
libtool: compile:  gcc -DHAVE_CONFIG_H -I. -DLTDLOPEN=libltdlc "-DLT_CONFIG_H=<config.h>" -DLTDL -I. -I. -Ilibltdl -I./libltdl -I./libltdl/libltdl -g -O2 -MT libltdl/libltdl_libltdlc_la-lt_error.lo -MD -MP -MF libltdl/.deps/libltdl_libltdlc_la-lt_error.Tpo -c libltdl/lt_error.c  -fPIC -DPIC -o libltdl/.libs/libltdl_libltdlc_la-lt_error.o
libtool: compile:  gcc -DHAVE_CONFIG_H -I. -DLTDLOPEN=libltdlc "-DLT_CONFIG_H=<config.h>" -DLTDL -I. -I. -Ilibltdl -I./libltdl -I./libltdl/libltdl -g -O2 -MT libltdl/libltdl_libltdlc_la-ltdl.lo -MD -MP -MF libltdl/.deps/libltdl_libltdlc_la-ltdl.Tpo -c libltdl/ltdl.c  -fPIC -DPIC -o libltdl/.libs/libltdl_libltdlc_la-ltdl.o
mv -f libltdl/loaders/.deps/libltdl_libltdlc_la-preopen.Tpo libltdl/loaders/.deps/libltdl_libltdlc_la-preopen.Plo
/bin/sh ./libtool  --tag=CC   --mode=compile gcc -DHAVE_CONFIG_H -I.  -DLTDLOPEN=libltdlc -DLT_CONFIG_H='<config.h>' -DLTDL -I. -I. -Ilibltdl -I./libltdl -I./libltdl/libltdl   -g -O2 -MT libltdl/libltdl_libltdlc_la-slist.lo -MD -MP -MF libltdl/.deps/libltdl_libltdlc_la-slist.Tpo -c -o libltdl/libltdl_libltdlc_la-slist.lo `test -f 'libltdl/slist.c' || echo './'`libltdl/slist.c
libtool: compile:  gcc -DHAVE_CONFIG_H -I. -DLTDLOPEN=libltdlc "-DLT_CONFIG_H=<config.h>" -DLTDL -I. -I. -Ilibltdl -I./libltdl -I./libltdl/libltdl -g -O2 -MT libltdl/libltdl_libltdlc_la-lt_error.lo -MD -MP -MF libltdl/.deps/libltdl_libltdlc_la-lt_error.Tpo -c libltdl/lt_error.c -o libltdl/libltdl_libltdlc_la-lt_error.o >/dev/null 2>&1
libtool: compile:  gcc -DHAVE_CONFIG_H -I. -DLTDLOPEN=libltdlc "-DLT_CONFIG_H=<config.h>" -DLTDL -I. -I. -Ilibltdl -I./libltdl -I./libltdl/libltdl -g -O2 -MT libltdl/libltdl_libltdlc_la-slist.lo -MD -MP -MF libltdl/.deps/libltdl_libltdlc_la-slist.Tpo -c libltdl/slist.c  -fPIC -DPIC -o libltdl/.libs/libltdl_libltdlc_la-slist.o
PASS: tests/link-2.test
mv -f libltdl/.deps/libltdl_libltdlc_la-lt_error.Tpo libltdl/.deps/libltdl_libltdlc_la-lt_error.Plo
libtool: compile:  gcc -DHAVE_CONFIG_H -I. -DLTDLOPEN=libltdlc "-DLT_CONFIG_H=<config.h>" -DLTDL -I. -I. -Ilibltdl -I./libltdl -I./libltdl/libltdl -g -O2 -MT libltdl/libltdl_libltdlc_la-slist.lo -MD -MP -MF libltdl/.deps/libltdl_libltdlc_la-slist.Tpo -c libltdl/slist.c -o libltdl/libltdl_libltdlc_la-slist.o >/dev/null 2>&1
PASS: tests/nomode.test
mv -f libltdl/.deps/libltdl_libltdlc_la-slist.Tpo libltdl/.deps/libltdl_libltdlc_la-slist.Plo
PASS: tests/objectlist.test
PASS: tests/sh.test
SKIP: tests/tagtrace.test
libtool: compile:  gcc -DHAVE_CONFIG_H -I. -DLTDLOPEN=libltdlc "-DLT_CONFIG_H=<config.h>" -DLTDL -I. -I. -Ilibltdl -I./libltdl -I./libltdl/libltdl -g -O2 -MT libltdl/libltdl_libltdlc_la-ltdl.lo -MD -MP -MF libltdl/.deps/libltdl_libltdlc_la-ltdl.Tpo -c libltdl/ltdl.c -o libltdl/libltdl_libltdlc_la-ltdl.o >/dev/null 2>&1
mv -f libltdl/.deps/libltdl_libltdlc_la-ltdl.Tpo libltdl/.deps/libltdl_libltdlc_la-ltdl.Plo
PASS: tests/suffix.test
/bin/sh ./libtool --tag=CC   --mode=link gcc  -g -O2 -no-undefined -dlpreopen libltdl/dlopen.la   -o libltdl/libltdlc.la  libltdl/loaders/libltdl_libltdlc_la-preopen.lo libltdl/libltdl_libltdlc_la-lt__alloc.lo libltdl/libltdl_libltdlc_la-lt_dlloader.lo libltdl/libltdl_libltdlc_la-lt_error.lo libltdl/libltdl_libltdlc_la-ltdl.lo libltdl/libltdl_libltdlc_la-slist.lo libltdl/lt__strl.lo -ldl 
libtool: link: rm -f libltdl/.libs/libltdlc.nm libltdl/.libs/libltdlc.nmS libltdl/.libs/libltdlc.nmT
libtool: link: (cd libltdl/.libs && gcc -g -O2 -c -fno-builtin  -fPIC -DPIC "libltdlcS.c")
libtool: link: rm -f "libltdl/.libs/libltdlcS.c" "libltdl/.libs/libltdlc.nm" "libltdl/.libs/libltdlc.nmS" "libltdl/.libs/libltdlc.nmT"
libtool: link: (cd libltdl/.libs/libltdlc.lax/dlopen.a && ar x "/sources/libtool-2.4.2/libltdl/.libs/dlopen.a")
libtool: link: ar cru libltdl/.libs/libltdlc.a libltdl/loaders/.libs/libltdl_libltdlc_la-preopen.o libltdl/.libs/libltdl_libltdlc_la-lt__alloc.o libltdl/.libs/libltdl_libltdlc_la-lt_dlloader.o libltdl/.libs/libltdl_libltdlc_la-lt_error.o libltdl/.libs/libltdl_libltdlc_la-ltdl.o libltdl/.libs/libltdl_libltdlc_la-slist.o libltdl/.libs/lt__strl.o libltdl/.libs/libltdlcS.o  libltdl/.libs/libltdlc.lax/dlopen.a/dlopen.o 
libtool: link: ranlib libltdl/.libs/libltdlc.a
libtool: link: rm -fr libltdl/.libs/libltdlc.lax
libtool: link: ( cd "libltdl/.libs" && rm -f "libltdlc.la" && ln -s "../libltdlc.la" "libltdlc.la" )
PASS: tests/quote.test
abs_srcdir=`CDPATH="${ZSH_VERSION+.}:" && cd . && pwd`; cd tests; \
CONFIG_SHELL="/bin/sh" /bin/sh $abs_srcdir/tests/testsuite \
  MAKE="make" CC="gcc" CFLAGS="-g -O2" CPP="gcc -E" CPPFLAGS="" LD="/usr/bin/ld -m elf_x86_64" LDFLAGS="" LIBS="-ldl " LN_S="ln -s" NM="/usr/bin/nm -B" RANLIB="ranlib" AR="ar" M4SH="autom4te --language=m4sh" SED="/bin/sed" STRIP="strip" lt_INSTALL="/usr/bin/install -c" MANIFEST_TOOL=":" OBJEXT="o" EXEEXT="" SHELL="/bin/sh" CONFIG_SHELL="/bin/sh" CXX="g++" CXXFLAGS="-g -O2" CXXCPP="g++ -E" F77="" FFLAGS="" FC="" FCFLAGS="" GCJ="" GCJFLAGS="-g -O2" lt_cv_to_host_file_cmd="func_convert_file_noop" lt_cv_to_tool_file_cmd="func_convert_file_noop" _lt_pkgdatadir="/sources/libtool-2.4.2" LIBTOOLIZE="/sources/libtool-2.4.2/libtoolize" LIBTOOL="/sources/libtool-2.4.2/libtool" tst_aclocaldir="/sources/libtool-2.4.2/libltdl/m4" 
## ----------------------------- ##
## GNU Libtool 2.4.2 test suite. ##
## ----------------------------- ##

Shell option parser generator.

  1: short option splitting                          skipped (getopt-m4sh.at:91)
  2: enhanced shell short option splitting           skipped (getopt-m4sh.at:107)
  3: long option splitting                           skipped (getopt-m4sh.at:125)
  4: XSI long option splitting                       skipped (getopt-m4sh.at:141)
  5: option appending                                skipped (getopt-m4sh.at:161)
  6: enhanced shell option appending                 skipped (getopt-m4sh.at:180)

Libtoolize operation.

  7: libtoolize macro installation                   ok
  8: libtoolize macro directory mismatch error       ok
  9: libtoolize macro serial update                 PASS: tests/cdemo-static.test
 ok
 10: libtoolize config files serial update          PASS: tests/demo-static.test
 ok
 11: diagnose missing LT_CONFIG_LTDL_DIR            PASS: tests/depdemo-static.test
 ok
 12: copy ltdl.m4 with shared macro directory        ok
 13: correctly parse LTDL_INIT from configure.ac     ok
 14: diagnose missing LTDL_INIT invocation           ok
 15: upgrading verbatim style aclocal.m4            PASS: tests/mdemo-static.test
 expected failure (libtoolize.at:601)
 16: verbatim aclocal.m4 w/o AC_CONFIG_MACRO_DIR     expected failure (libtoolize.at:692)
 17: nonrecursive ltdl with AC_CONFIG_MACRO_DIR     PASS: tests/mdemo2-conf.test
PASS: tests/cdemo-static-make.test
 ok
 18: subproject ltdl with non-shared directories    PASS: tests/demo-static-make.test
PASS: tests/pdemo-conf.test
 ok
 19: LIBTOOLIZE_OPTIONS                              ok
 20: cleanup old installation                       PASS: tests/depdemo-static-make.test
PASS: tests/mdemo-static-make.test
PASS: tests/cdemo-static-exec.test
PASS: tests/demo-static-exec.test
 ok

Testing libtool functions.

 21: standard command line options                  PASS: tests/depdemo-static-exec.test
PASS: tests/mdemo-static-exec.test
 ok
 22: mode short-hands                               PASS: tests/pdemo-make.test
PASS: tests/demo-static-inst.test
PASS: tests/tagdemo-static.test
PASS: tests/depdemo-static-inst.test
 ok
 23: debug tracing                                  PASS: tests/pdemo-exec.test
PASS: tests/mdemo-static-inst.test
PASS: tests/demo-static-unst.test
PASS: tests/depdemo-static-unst.test
PASS: tests/mdemo-static-unst.test
PASS: tests/tagdemo-static-make.test
 ok
 24: duplicate members in archive tests             PASS: tests/cdemo-conf.test
 ok
 25: duplicate convenience archive names            PASS: tests/demo-conf.test
PASS: tests/pdemo-inst.test
PASS: tests/depdemo-conf.test
PASS: tests/tagdemo-static-exec.test
 ok
 26: preserve duplicate convenience deps            PASS: tests/cdemo-make.test
 expected failure (duplicate_deps.at:72)
 27: passing CC flags through libtool               PASS: tests/demo-make.test
PASS: tests/mdemo-conf.test
PASS: tests/cdemo-exec.test
PASS: tests/demo-exec.test
PASS: tests/depdemo-make.test
 ok
 28: passing CXX flags through libtool              PASS: tests/mdemo-make.test
 ok
 29: passing F77 flags through libtool               skipped (flags.at:24)
PASS: tests/demo-inst.test
 30: passing FC flags through libtool                skipped (flags.at:24)
 31: passing GCJ flags through libtool               skipped (flags.at:24)
 32: inherited_linker_flags                         PASS: tests/depdemo-exec.test
PASS: tests/mdemo-exec.test
PASS: tests/demo-unst.test
PASS: tests/depdemo-inst.test
 ok
 33: C convenience archives                         PASS: tests/mdemo-inst.test
PASS: tests/cdemo-shared.test
PASS: tests/tagdemo-conf.test
PASS: tests/depdemo-unst.test
PASS: tests/mdemo-unst.test
PASS: tests/demo-deplibs.test
PASS: tests/cdemo-shared-make.test
 ok
 34: C++ convenience archives                       PASS: tests/tagdemo-make.test
 ok
 35: F77 convenience archives                        skipped (convenience.at:111)
 36: FC convenience archives                         skipped (convenience.at:171)
 37: Java convenience archives                       skipped (convenience.at:231)
 38: Link order test                                PASS: tests/demo-nofast.test
PASS: tests/cdemo-shared-exec.test
PASS: tests/tagdemo-exec.test
PASS: tests/demo-nofast-make.test
 ok
 39: Link order of deplibs                          PASS: tests/depdemo-nofast.test
PASS: tests/mdemo-dryrun.test
PASS: tests/cdemo-undef.test
PASS: tests/demo-nofast-exec.test
PASS: tests/mdemo2-make.test
 ok
 40: Failure tests                                  PASS: tests/cdemo-undef-make.test
PASS: tests/mdemo2-exec.test
 ok
 41: shlibpath_overrides_runpath                    PASS: tests/demo-nofast-inst.test
PASS: tests/depdemo-nofast-make.test
PASS: tests/cdemo-undef-exec.test
PASS: tests/tagdemo-shared.test
PASS: tests/demo-nofast-unst.test
PASS: tests/depdemo-nofast-exec.test
 ok
 42: Runpath in libtool library files               PASS: tests/depdemo-nofast-inst.test
 ok
 43: static linking flags for programs              PASS: tests/tagdemo-shared-make.test
PASS: tests/depdemo-nofast-unst.test
PASS: tests/tagdemo-shared-exec.test
PASS: tests/mdemo-shared.test
PASS: tests/mdemo-shared-make.test
PASS: tests/demo-pic.test
PASS: tests/depdemo-shared.test
PASS: tests/demo-pic-make.test
PASS: tests/mdemo-shared-exec.test
PASS: tests/demo-pic-exec.test
PASS: tests/mdemo-shared-inst.test
SKIP: tests/demo-nopic.test
PASS: tests/mdemo-shared-unst.test
PASS: tests/demo-nopic-make.test
PASS: tests/demo-nopic-exec.test
PASS: tests/depdemo-shared-make.test
PASS: tests/depdemo-shared-exec.test
PASS: tests/depdemo-shared-inst.test
 ok
 44: ccache -all-static                             PASS: tests/depdemo-relink.test
 ok
 45: Export test                                    PASS: tests/depdemo-shared-unst.test
PASS: tests/tagdemo-undef.test
PASS: tests/demo-shared.test
 ok
 46: sys_lib_search_path                            PASS: tests/tagdemo-undef-make.test
PASS: tests/tagdemo-undef-exec.test
 ok
 47: sys_lib_search_path on w32                      skipped (search-path.at:83)
 48: indirect convenience                           PASS: tests/demo-shared-make.test
PASS: tests/demo-shared-exec.test
PASS: tests/demo-shared-inst.test
PASS: tests/demo-hardcode.test
 ok
 49: indirect uninstalled                           PASS: tests/demo-relink.test
PASS: tests/demo-noinst-link.test
PASS: tests/demo-shared-unst.test
======================
All 104 tests passed
(2 tests were not run)
======================
make[4]: Leaving directory '/sources/libtool-2.4.2'
 ok
 50: static library contains static library          expected failure (archive-in-archive.at:56)
 51: both of -o prog and -o prog$EXEEXT work         skipped (exeext.at:29)
 52: execute mode                                    ok
 53: bindir basic lib test                           ok
 54: bindir install tests                            ok
 55: cwrapper for uninstalled executables            ok
 56: cwrapper string length                          skipped (cwrapper.at:190)
 57: cwrapper and installed shared libraries         ok
 58: deplib in subdir                                ok
 59: inferred tag                                    ok
 60: CXX inferred tag                                ok
 61: F77 inferred tag                                skipped (infer-tag.at:56)
 62: FC inferred tag                                 skipped (infer-tag.at:70)
 63: GCJ inferred tag                                skipped (infer-tag.at:84)
 64: localized compiler messages                     ok
 65: nocase library search                           skipped (nocase.at:31)
 66: Install tests                                   ok
 67: versioning                                      ok

DESTDIR tests

 68: Simple DESTDIR install                          ok
 69: DESTDIR with in-package deplibs                 ok

Support for older m4 interface.

 70: AM_PROG_LIBTOOL                                 expected failure (old-m4-iface.at:90)
 71: AC_WITH_LTDL                                    expected failure (old-m4-iface.at:160)

Libtool subdir-objects support.

 72: C subdir-objects                                expected failure (am-subdir.at:78)
 73: C++ subdir-objects                              expected failure (am-subdir.at:146)

Libltdl functionality.

 74: lt_dlexit unloading libs                        ok
 75: lt_dlopenadvise library loading                 ok
 76: lt_dlopen error messages                        expected failure (lt_dlopen.at:101)
 77: lt_dlopen archive                               ok
 78: lt_dlopenext error messages                     ok
 79: libdir of installed modules                     ok
 80: ltdl API                                        skipped (ltdl-api.at:31)
 81: dlloader API                                    ok
 82: loadlibrary error messages                      skipped (loadlibrary.at:250)
 83: syntax of .la files                             expected failure (lalib-syntax.at:133)
 84: resident modules                                ok
 85: SList functionality                             ok
 86: enforced lib prefix                             ok

Standalone Libltdl.

 87: compiling softlinked libltdl                    ok
 88: compiling copied libltdl                        ok
 89: installable libltdl                             ok
 90: linking libltdl without autotools               ok

Subproject Libltdl.

 91: compiling softlinked libltdl                    expected failure (subproject.at:61)
 92: compiling copied libltdl                        expected failure (subproject.at:77)
 93: installable libltdl                             expected failure (subproject.at:95)
 94: linking libltdl without autotools               ok

Nonrecursive Automake Libltdl.

 95: compiling softlinked libltdl                    expected failure (nonrecursive.at:90)
 96: compiling copied libltdl                        expected failure (nonrecursive.at:114)
 97: installable libltdl                             expected failure (nonrecursive.at:140)

Recursive Automake Libltdl.

 98: compiling softlinked libltdl                    expected failure (recursive.at:68)
 99: compiling copied libltdl                        expected failure (recursive.at:88)
100: installable libltdl                             expected failure (recursive.at:110)

C++ template tests.

101: simple template test                            ok
102: template test with subdirs                      ok

Constructors.

103: C++ static constructors                         ok
104: C++ exception handling                          ok

libtool script generation.

105: config.status                                   expected failure (early-libtool.at:109)
106: config.lt                                       expected failure (early-libtool.at:216)
107: test --with-pic                                 skipped (with-pic.at:28)

Libtool usage in GCC

108: AC_NO_EXECUTABLES                               expected failure (no-executables.at:75)

Detecting identical deplibs.

109: build tree relpaths                             expected failure (deplibs-ident.at:68)

configure interface to libltdl.

110: installable libltdl                             expected failure (configure-iface.at:144)
111: --with-ltdl-include/lib                         expected failure (configure-iface.at:227)
112: --with-included-ltdl                            expected failure (configure-iface.at:282)
113: convenience libltdl                             expected failure (configure-iface.at:321)

Libtool stress test.

114: Link option thorough search test                ok
115: Run tests with low max_cmd_len                  ok
116: override pic_flag at configure time             skipped (pic_flag.at:47)

Mac OS X tests

117: darwin fat compile                              skipped (darwin.at:42)
118: darwin concurrent library extraction            ok
119: darwin gdb debug information                    skipped (darwin.at:154)
120: darwin ld warnings changing configure results   expected failure (darwin.at:225)
121: darwin can lt_dlopen .dylib and .so files       skipped (darwin.at:249)

Windows tests.

122: dumpbin -symbols section hiding                 skipped (dumpbin-symbols.at:42)
123: deplibs without file command                    ok

sysroot tests

124: -L=.../lib -l                                   skipped (sysroot.at:203)
125: -L SYSROOT/.../lib -l                           skipped (sysroot.at:204)
126: SYSROOT/.../*.la                                skipped (sysroot.at:205)

## ------------- ##
## Test results. ##
## ------------- ##

96 tests behaved as expected.
30 tests were skipped.
make[3]: Leaving directory '/sources/libtool-2.4.2'
make[2]: Leaving directory '/sources/libtool-2.4.2'
make[1]: Leaving directory '/sources/libtool-2.4.2'
make  install-recursive
make[1]: Entering directory '/sources/libtool-2.4.2'
make[2]: Entering directory '/sources/libtool-2.4.2'
make[3]: Entering directory '/sources/libtool-2.4.2'
test -z "/usr/bin" || /bin/mkdir -p "/usr/bin"
 /usr/bin/install -c libtoolize libtool '/usr/bin'
test -z "/usr/lib" || /bin/mkdir -p "/usr/lib"
 /bin/sh ./libtool   --mode=install /usr/bin/install -c   libltdl/libltdl.la '/usr/lib'
libtool: install: /usr/bin/install -c libltdl/.libs/libltdl.so.7.3.0 /usr/lib/libltdl.so.7.3.0
libtool: install: (cd /usr/lib && { ln -s -f libltdl.so.7.3.0 libltdl.so.7 || { rm -f libltdl.so.7 && ln -s libltdl.so.7.3.0 libltdl.so.7; }; })
libtool: install: (cd /usr/lib && { ln -s -f libltdl.so.7.3.0 libltdl.so || { rm -f libltdl.so && ln -s libltdl.so.7.3.0 libltdl.so; }; })
libtool: install: /usr/bin/install -c libltdl/.libs/libltdl.lai /usr/lib/libltdl.la
libtool: install: /usr/bin/install -c libltdl/.libs/libltdl.a /usr/lib/libltdl.a
libtool: install: chmod 644 /usr/lib/libltdl.a
libtool: install: ranlib /usr/lib/libltdl.a
libtool: finish: PATH="/bin:/usr/bin:/sbin:/usr/sbin:/tools/bin:/sbin" ldconfig -n /usr/lib
----------------------------------------------------------------------
Libraries have been installed in:
   /usr/lib

If you ever happen to want to link against installed libraries
in a given directory, LIBDIR, you must either use libtool, and
specify the full pathname of the library, or use the `-LLIBDIR'
flag during linking and do at least one of the following:
   - add LIBDIR to the `LD_LIBRARY_PATH' environment variable
     during execution
   - add LIBDIR to the `LD_RUN_PATH' environment variable
     during linking
   - use the `-Wl,-rpath -Wl,LIBDIR' linker flag
   - have your system administrator add LIBDIR to `/etc/ld.so.conf'

See any operating system documentation about shared libraries for
more information, such as the ld(1) and ld.so(8) manual pages.
----------------------------------------------------------------------
rm -rf /usr/share/libtool/*
/bin/sh /sources/libtool-2.4.2/libltdl/config/install-sh -d /usr/share/aclocal
 /usr/bin/install -c -m 644 './libltdl/m4/argz.m4' '/usr/share/aclocal/argz.m4'
 /usr/bin/install -c -m 644 './libltdl/m4/libtool.m4' '/usr/share/aclocal/libtool.m4'
 /usr/bin/install -c -m 644 './libltdl/m4/ltdl.m4' '/usr/share/aclocal/ltdl.m4'
 /usr/bin/install -c -m 644 './libltdl/m4/ltoptions.m4' '/usr/share/aclocal/ltoptions.m4'
 /usr/bin/install -c -m 644 './libltdl/m4/ltsugar.m4' '/usr/share/aclocal/ltsugar.m4'
 /usr/bin/install -c -m 644 './libltdl/m4/ltversion.m4' '/usr/share/aclocal/ltversion.m4'
 /usr/bin/install -c -m 644 './libltdl/m4/lt~obsolete.m4' '/usr/share/aclocal/lt~obsolete.m4'
/bin/sh /sources/libtool-2.4.2/libltdl/config/install-sh -d /usr/share/libtool
/bin/sh /sources/libtool-2.4.2/libltdl/config/install-sh -d /usr/share/libtool/config
 /usr/bin/install -c './libltdl/config/compile' '/usr/share/libtool/config/compile'
 /usr/bin/install -c './libltdl/config/config.guess' '/usr/share/libtool/config/config.guess'
 /usr/bin/install -c './libltdl/config/config.sub' '/usr/share/libtool/config/config.sub'
 /usr/bin/install -c './libltdl/config/depcomp' '/usr/share/libtool/config/depcomp'
 /usr/bin/install -c './libltdl/config/install-sh' '/usr/share/libtool/config/install-sh'
 /usr/bin/install -c './libltdl/config/missing' '/usr/share/libtool/config/missing'
/usr/bin/install -c -m 644 "./libltdl/config/ltmain.sh" "/usr/share/libtool/config/ltmain.sh" 
/bin/sh /sources/libtool-2.4.2/libltdl/config/install-sh -d /usr/share/libtool/libltdl
/bin/sh /sources/libtool-2.4.2/libltdl/config/install-sh -d /usr/share/libtool/libltdl/libltdl
/bin/sh /sources/libtool-2.4.2/libltdl/config/install-sh -d /usr/share/libtool/libltdl/loaders
 /usr/bin/install -c -m 644 './libltdl/COPYING.LIB' '/usr/share/libtool/libltdl/COPYING.LIB'
 /usr/bin/install -c -m 644 './libltdl/README' '/usr/share/libtool/libltdl/README'
 /usr/bin/install -c -m 644 './libltdl/Makefile.inc' '/usr/share/libtool/libltdl/Makefile.inc'
 /usr/bin/install -c -m 644 './libltdl/Makefile.am' '/usr/share/libtool/libltdl/Makefile.am'
 /usr/bin/install -c -m 644 './libltdl/configure.ac' '/usr/share/libtool/libltdl/configure.ac'
 /usr/bin/install -c -m 644 './libltdl/aclocal.m4' '/usr/share/libtool/libltdl/aclocal.m4'
 /usr/bin/install -c -m 644 './libltdl/Makefile.in' '/usr/share/libtool/libltdl/Makefile.in'
 /usr/bin/install -c -m 644 './libltdl/config-h.in' '/usr/share/libtool/libltdl/config-h.in'
 /usr/bin/install -c -m 644 './libltdl/configure' '/usr/share/libtool/libltdl/configure'
 /usr/bin/install -c -m 644 './libltdl/argz_.h' '/usr/share/libtool/libltdl/argz_.h'
 /usr/bin/install -c -m 644 './libltdl/argz.c' '/usr/share/libtool/libltdl/argz.c'
 /usr/bin/install -c -m 644 './libltdl/loaders/dld_link.c' '/usr/share/libtool/libltdl/loaders/dld_link.c'
 /usr/bin/install -c -m 644 './libltdl/loaders/dlopen.c' '/usr/share/libtool/libltdl/loaders/dlopen.c'
 /usr/bin/install -c -m 644 './libltdl/loaders/dyld.c' '/usr/share/libtool/libltdl/loaders/dyld.c'
 /usr/bin/install -c -m 644 './libltdl/loaders/load_add_on.c' '/usr/share/libtool/libltdl/loaders/load_add_on.c'
 /usr/bin/install -c -m 644 './libltdl/loaders/loadlibrary.c' '/usr/share/libtool/libltdl/loaders/loadlibrary.c'
 /usr/bin/install -c -m 644 './libltdl/loaders/shl_load.c' '/usr/share/libtool/libltdl/loaders/shl_load.c'
 /usr/bin/install -c -m 644 './libltdl/lt__dirent.c' '/usr/share/libtool/libltdl/lt__dirent.c'
 /usr/bin/install -c -m 644 './libltdl/lt__strl.c' '/usr/share/libtool/libltdl/lt__strl.c'
 /usr/bin/install -c -m 644 './libltdl/libltdl/lt__alloc.h' '/usr/share/libtool/libltdl/libltdl/lt__alloc.h'
 /usr/bin/install -c -m 644 './libltdl/libltdl/lt__dirent.h' '/usr/share/libtool/libltdl/libltdl/lt__dirent.h'
 /usr/bin/install -c -m 644 './libltdl/libltdl/lt__glibc.h' '/usr/share/libtool/libltdl/libltdl/lt__glibc.h'
 /usr/bin/install -c -m 644 './libltdl/libltdl/lt__private.h' '/usr/share/libtool/libltdl/libltdl/lt__private.h'
 /usr/bin/install -c -m 644 './libltdl/libltdl/lt__strl.h' '/usr/share/libtool/libltdl/libltdl/lt__strl.h'
 /usr/bin/install -c -m 644 './libltdl/libltdl/lt_dlloader.h' '/usr/share/libtool/libltdl/libltdl/lt_dlloader.h'
 /usr/bin/install -c -m 644 './libltdl/libltdl/lt_error.h' '/usr/share/libtool/libltdl/libltdl/lt_error.h'
 /usr/bin/install -c -m 644 './libltdl/libltdl/lt_system.h' '/usr/share/libtool/libltdl/libltdl/lt_system.h'
 /usr/bin/install -c -m 644 './libltdl/libltdl/slist.h' '/usr/share/libtool/libltdl/libltdl/slist.h'
 /usr/bin/install -c -m 644 './libltdl/loaders/preopen.c' '/usr/share/libtool/libltdl/loaders/preopen.c'
 /usr/bin/install -c -m 644 './libltdl/lt__alloc.c' '/usr/share/libtool/libltdl/lt__alloc.c'
 /usr/bin/install -c -m 644 './libltdl/lt_dlloader.c' '/usr/share/libtool/libltdl/lt_dlloader.c'
 /usr/bin/install -c -m 644 './libltdl/lt_error.c' '/usr/share/libtool/libltdl/lt_error.c'
 /usr/bin/install -c -m 644 './libltdl/ltdl.c' '/usr/share/libtool/libltdl/ltdl.c'
 /usr/bin/install -c -m 644 './libltdl/ltdl.h' '/usr/share/libtool/libltdl/ltdl.h'
 /usr/bin/install -c -m 644 './libltdl/slist.c' '/usr/share/libtool/libltdl/slist.c'
chmod a+x /usr/share/libtool/libltdl/configure
test -z "/usr/include" || /bin/mkdir -p "/usr/include"
 /usr/bin/install -c -m 644 libltdl/ltdl.h '/usr/include'
test -z "/usr/share/info" || /bin/mkdir -p "/usr/share/info"
 /usr/bin/install -c -m 644 ./doc/libtool.info ./doc/libtool.info-1 ./doc/libtool.info-2 '/usr/share/info'
 install-info --info-dir='/usr/share/info' '/usr/share/info/libtool.info'
test -z "/usr/include/libltdl" || /bin/mkdir -p "/usr/include/libltdl"
 /usr/bin/install -c -m 644 libltdl/libltdl/lt_system.h libltdl/libltdl/lt_error.h libltdl/libltdl/lt_dlloader.h '/usr/include/libltdl'
test -z "/usr/share/man/man1" || /bin/mkdir -p "/usr/share/man/man1"
 /usr/bin/install -c -m 644 ./doc/libtool.1 ./doc/libtoolize.1 '/usr/share/man/man1'
make[3]: Leaving directory '/sources/libtool-2.4.2'
make[2]: Leaving directory '/sources/libtool-2.4.2'
make[1]: Leaving directory '/sources/libtool-2.4.2'

real	4m36.646s
user	3m39.217s
sys	0m44.056s
