checking build system type... x86_64-unknown-linux-gnu
checking host system type... x86_64-unknown-linux-gnu
checking how to print strings... printf
checking for gcc... gcc
checking whether the C compiler works... yes
checking for C compiler default output file name... a.out
checking for suffix of executables... 
checking whether we are cross compiling... no
checking for suffix of object files... o
checking whether we are using the GNU C compiler... yes
checking whether gcc accepts -g... yes
checking for gcc option to accept ISO C89... none needed
checking for a sed that does not truncate output... /bin/sed
checking for grep that handles long lines and -e... /bin/grep
checking for egrep... /bin/grep -E
checking for fgrep... /bin/grep -F
checking for ld used by gcc... /usr/bin/ld
checking if the linker (/usr/bin/ld) is GNU ld... yes
checking for BSD- or MS-compatible name lister (nm)... /usr/bin/nm -B
checking the name lister (/usr/bin/nm -B) interface... BSD nm
checking whether ln -s works... yes
checking the maximum length of command line arguments... 1572864
checking whether the shell understands some XSI constructs... yes
checking whether the shell understands "+="... yes
checking how to convert x86_64-unknown-linux-gnu file names to x86_64-unknown-linux-gnu format... func_convert_file_noop
checking how to convert x86_64-unknown-linux-gnu file names to toolchain format... func_convert_file_noop
checking for /usr/bin/ld option to reload object files... -r
checking for objdump... objdump
checking how to recognize dependent libraries... pass_all
checking for dlltool... dlltool
checking how to associate runtime and link libraries... printf %s\n
checking for ar... ar
checking for archiver @FILE support... @
checking for strip... strip
checking for ranlib... ranlib
checking for gawk... gawk
checking command to parse /usr/bin/nm -B output from gcc object... ok
checking for sysroot... no
checking for mt... no
checking if : is a manifest tool... no
checking how to run the C preprocessor... gcc -E
checking for ANSI C header files... yes
checking for sys/types.h... yes
checking for sys/stat.h... yes
checking for stdlib.h... yes
checking for string.h... yes
checking for memory.h... yes
checking for strings.h... yes
checking for inttypes.h... yes
checking for stdint.h... yes
checking for unistd.h... yes
checking for dlfcn.h... yes
checking for objdir... .libs
checking if gcc supports -fno-rtti -fno-exceptions... no
checking for gcc option to produce PIC... -fPIC -DPIC
checking if gcc PIC flag -fPIC -DPIC works... yes
checking if gcc static flag -static works... yes
checking if gcc supports -c -o file.o... yes
checking if gcc supports -c -o file.o... (cached) yes
checking whether the gcc linker (/usr/bin/ld -m elf_x86_64) supports shared libraries... yes
checking whether -lc should be explicitly linked in... no
checking dynamic linker characteristics... GNU/Linux ld.so
checking how to hardcode library paths into programs... immediate
checking whether stripping libraries is possible... yes
checking if libtool supports shared libraries... yes
checking whether to build shared libraries... yes
checking whether to build static libraries... yes
checking for gcc... (cached) gcc
checking whether we are using the GNU C compiler... (cached) yes
checking whether gcc accepts -g... (cached) yes
checking for gcc option to accept ISO C89... (cached) none needed
checking for g++... g++
checking whether we are using the GNU C++ compiler... yes
checking whether g++ accepts -g... yes
checking how to run the C++ preprocessor... g++ -E
checking for ld used by g++... /usr/bin/ld -m elf_x86_64
checking if the linker (/usr/bin/ld -m elf_x86_64) is GNU ld... yes
checking whether the g++ linker (/usr/bin/ld -m elf_x86_64) supports shared libraries... yes
checking for g++ option to produce PIC... -fPIC -DPIC
checking if g++ PIC flag -fPIC -DPIC works... yes
checking if g++ static flag -static works... yes
checking if g++ supports -c -o file.o... yes
checking if g++ supports -c -o file.o... (cached) yes
checking whether the g++ linker (/usr/bin/ld -m elf_x86_64) supports shared libraries... yes
checking dynamic linker characteristics... (cached) GNU/Linux ld.so
checking how to hardcode library paths into programs... immediate
checking for a BSD-compatible install... /usr/bin/install -c
checking whether gcc accepts -fexceptions... yes
checking for ANSI C header files... (cached) yes
checking whether byte ordering is bigendian... no
checking for an ANSI C-conforming const... yes
checking for size_t... yes
checking for memmove... yes
checking for bcopy... yes
checking fcntl.h usability... yes
checking fcntl.h presence... yes
checking for fcntl.h... yes
checking for unistd.h... (cached) yes
checking for off_t... yes
checking for stdlib.h... (cached) yes
checking for unistd.h... (cached) yes
checking for sys/param.h... yes
checking for getpagesize... yes
checking for working mmap... yes
checking for gcc option to accept ISO C99... -std=gnu99
checking for gcc -std=gnu99 option to accept ISO Standard C... (cached) -std=gnu99
checking for an ANSI C99-conforming __func__... yes
configure: creating ./config.status
config.status: creating Makefile
config.status: WARNING:  'Makefile.in' seems to ignore the --datarootdir setting
config.status: creating expat.pc
config.status: creating expat_config.h
config.status: executing libtool commands
/bin/sh ./libtool --silent --mode=compile gcc -std=gnu99 -I./lib -I. -g -O2 -Wall -Wmissing-prototypes -Wstrict-prototypes -fexceptions  -DHAVE_EXPAT_CONFIG_H -o lib/xmlparse.lo -c lib/xmlparse.c
/bin/sh ./libtool --silent --mode=compile gcc -std=gnu99 -I./lib -I. -g -O2 -Wall -Wmissing-prototypes -Wstrict-prototypes -fexceptions  -DHAVE_EXPAT_CONFIG_H -o lib/xmltok.lo -c lib/xmltok.c
/bin/sh ./libtool --silent --mode=compile gcc -std=gnu99 -I./lib -I. -g -O2 -Wall -Wmissing-prototypes -Wstrict-prototypes -fexceptions  -DHAVE_EXPAT_CONFIG_H -o lib/xmlrole.lo -c lib/xmlrole.c
gcc -std=gnu99 -I./lib -I. -g -O2 -Wall -Wmissing-prototypes -Wstrict-prototypes -fexceptions  -DHAVE_EXPAT_CONFIG_H -o xmlwf/xmlwf.o -c xmlwf/xmlwf.c
gcc -std=gnu99 -I./lib -I. -g -O2 -Wall -Wmissing-prototypes -Wstrict-prototypes -fexceptions  -DHAVE_EXPAT_CONFIG_H -o xmlwf/xmlfile.o -c xmlwf/xmlfile.c
gcc -std=gnu99 -I./lib -I. -g -O2 -Wall -Wmissing-prototypes -Wstrict-prototypes -fexceptions  -DHAVE_EXPAT_CONFIG_H -o xmlwf/codepage.o -c xmlwf/codepage.c
gcc -std=gnu99 -I./lib -I. -g -O2 -Wall -Wmissing-prototypes -Wstrict-prototypes -fexceptions  -DHAVE_EXPAT_CONFIG_H -o xmlwf/unixfilemap.o -c xmlwf/unixfilemap.c
/bin/sh ./libtool --silent --mode=link gcc -std=gnu99 -I./lib -I. -g -O2 -Wall -Wmissing-prototypes -Wstrict-prototypes -fexceptions  -DHAVE_EXPAT_CONFIG_H -no-undefined -version-info 7:0:6 -rpath /usr/lib  -o libexpat.la lib/xmlparse.lo lib/xmltok.lo lib/xmlrole.lo
/bin/sh ./libtool --silent --mode=link gcc -std=gnu99 -I./lib -I. -g -O2 -Wall -Wmissing-prototypes -Wstrict-prototypes -fexceptions  -DHAVE_EXPAT_CONFIG_H  -o xmlwf/xmlwf xmlwf/xmlwf.o xmlwf/xmlfile.o xmlwf/codepage.o xmlwf/unixfilemap.o libexpat.la
gcc -std=gnu99 -I./lib -I. -g -O2 -Wall -Wmissing-prototypes -Wstrict-prototypes -fexceptions  -DHAVE_EXPAT_CONFIG_H -o tests/runtests.o -c tests/runtests.c
gcc -std=gnu99 -I./lib -I. -g -O2 -Wall -Wmissing-prototypes -Wstrict-prototypes -fexceptions  -DHAVE_EXPAT_CONFIG_H -o tests/chardata.o -c tests/chardata.c
gcc -std=gnu99 -I./lib -I. -g -O2 -Wall -Wmissing-prototypes -Wstrict-prototypes -fexceptions  -DHAVE_EXPAT_CONFIG_H -o tests/minicheck.o -c tests/minicheck.c
g++ -I./lib -I. -g -O2 -Wall -fexceptions  -DHAVE_EXPAT_CONFIG_H -o tests/runtestspp.o -c tests/runtestspp.cpp
In file included from tests/runtests.c:19:0,
                 from tests/runtestspp.cpp:6:
tests/runtests.c: In function 'void basic_setup()':
tests/minicheck.h:34:59: warning: deprecated conversion from string constant to 'char*' [-Wwrite-strings]
 #define fail(msg)  _fail_unless(0, __FILE__, __LINE__, msg)
                                                           ^
tests/runtests.c:39:9: note: in expansion of macro 'fail'
         fail("Parser not created.");
         ^
tests/runtests.c: In function 'void test_nul_byte()':
tests/minicheck.h:34:59: warning: deprecated conversion from string constant to 'char*' [-Wwrite-strings]
 #define fail(msg)  _fail_unless(0, __FILE__, __LINE__, msg)
                                                           ^
tests/runtests.c:162:9: note: in expansion of macro 'fail'
         fail("Parser did not report error on NUL-byte.");
         ^
In file included from tests/runtestspp.cpp:6:0:
tests/runtests.c: In function 'void test_u0000_char()':
tests/runtests.c:85:43: warning: deprecated conversion from string constant to 'char*' [-Wwrite-strings]
                         __FILE__, __LINE__)
                                           ^
tests/runtests.c:172:5: note: in expansion of macro 'expect_failure'
     expect_failure("<doc>&#0;</doc>",
     ^
tests/runtests.c:85:43: warning: deprecated conversion from string constant to 'char*' [-Wwrite-strings]
                         __FILE__, __LINE__)
                                           ^
tests/runtests.c:172:5: note: in expansion of macro 'expect_failure'
     expect_failure("<doc>&#0;</doc>",
     ^
tests/runtests.c:85:43: warning: deprecated conversion from string constant to 'char*' [-Wwrite-strings]
                         __FILE__, __LINE__)
                                           ^
tests/runtests.c:172:5: note: in expansion of macro 'expect_failure'
     expect_failure("<doc>&#0;</doc>",
     ^
tests/runtests.c: In function 'void test_bom_utf8()':
tests/runtests.c:181:18: warning: deprecated conversion from string constant to 'char*' [-Wwrite-strings]
     char *text = "\357\273\277<e/>";
                  ^
tests/runtests.c: In function 'void test_danish_latin1()':
tests/runtests.c:263:9: warning: deprecated conversion from string constant to 'char*' [-Wwrite-strings]
         "<e>J\xF8rgen \xE6\xF8\xE5\xC6\xD8\xC5</e>";
         ^
tests/runtests.c:239:64: warning: deprecated conversion from string constant to 'XML_Char* {aka char*}' [-Wwrite-strings]
         _run_character_check(text, expected, __FILE__, __LINE__)
                                                                ^
tests/runtests.c:264:5: note: in expansion of macro 'run_character_check'
     run_character_check(text,
     ^
tests/runtests.c: In function 'void test_french_charref_hexidecimal()':
tests/runtests.c:275:9: warning: deprecated conversion from string constant to 'char*' [-Wwrite-strings]
         "<doc>&#xE9;&#xE8;&#xE0;&#xE7;&#xEA;&#xC8;</doc>";
         ^
tests/runtests.c:239:64: warning: deprecated conversion from string constant to 'XML_Char* {aka char*}' [-Wwrite-strings]
         _run_character_check(text, expected, __FILE__, __LINE__)
                                                                ^
tests/runtests.c:276:5: note: in expansion of macro 'run_character_check'
     run_character_check(text,
     ^
tests/runtests.c: In function 'void test_french_charref_decimal()':
tests/runtests.c:285:9: warning: deprecated conversion from string constant to 'char*' [-Wwrite-strings]
         "<doc>&#233;&#232;&#224;&#231;&#234;&#200;</doc>";
         ^
tests/runtests.c:239:64: warning: deprecated conversion from string constant to 'XML_Char* {aka char*}' [-Wwrite-strings]
         _run_character_check(text, expected, __FILE__, __LINE__)
                                                                ^
tests/runtests.c:286:5: note: in expansion of macro 'run_character_check'
     run_character_check(text,
     ^
tests/runtests.c: In function 'void test_french_latin1()':
tests/runtests.c:295:9: warning: deprecated conversion from string constant to 'char*' [-Wwrite-strings]
         "<doc>\xE9\xE8\xE0\xE7\xEa\xC8</doc>";
         ^
tests/runtests.c:239:64: warning: deprecated conversion from string constant to 'XML_Char* {aka char*}' [-Wwrite-strings]
         _run_character_check(text, expected, __FILE__, __LINE__)
                                                                ^
tests/runtests.c:296:5: note: in expansion of macro 'run_character_check'
     run_character_check(text,
     ^
tests/runtests.c: In function 'void test_french_utf8()':
tests/runtests.c:305:9: warning: deprecated conversion from string constant to 'char*' [-Wwrite-strings]
         "<doc>\xC3\xA9</doc>";
         ^
tests/runtests.c:239:64: warning: deprecated conversion from string constant to 'XML_Char* {aka char*}' [-Wwrite-strings]
         _run_character_check(text, expected, __FILE__, __LINE__)
                                                                ^
tests/runtests.c:306:5: note: in expansion of macro 'run_character_check'
     run_character_check(text, "\xC3\xA9");
     ^
tests/runtests.c: In function 'void test_utf8_false_rejection()':
tests/runtests.c:317:18: warning: deprecated conversion from string constant to 'char*' [-Wwrite-strings]
     char *text = "<doc>\xEF\xBA\xBF</doc>";
                  ^
tests/runtests.c:239:64: warning: deprecated conversion from string constant to 'XML_Char* {aka char*}' [-Wwrite-strings]
         _run_character_check(text, expected, __FILE__, __LINE__)
                                                                ^
tests/runtests.c:318:5: note: in expansion of macro 'run_character_check'
     run_character_check(text, "\xEF\xBA\xBF");
     ^
In file included from tests/runtests.c:19:0,
                 from tests/runtestspp.cpp:6:
tests/runtests.c: In function 'void test_utf16_le_epilog_newline()':
tests/minicheck.h:34:59: warning: deprecated conversion from string constant to 'char*' [-Wwrite-strings]
 #define fail(msg)  _fail_unless(0, __FILE__, __LINE__, msg)
                                                           ^
tests/runtests.c:375:9: note: in expansion of macro 'fail'
         fail("bad value of first_chunk_bytes");
         ^
In file included from tests/runtestspp.cpp:6:0:
tests/runtests.c: In function 'void test_latin1_umlauts()':
tests/runtests.c:395:9: warning: deprecated conversion from string constant to 'char*' [-Wwrite-strings]
         "  >\xE4 \xF6 \xFC &#228; &#246; &#252; &#x00E4; &#x0F6; &#xFC; ></e>";
         ^
tests/runtests.c:399:9: warning: deprecated conversion from string constant to 'char*' [-Wwrite-strings]
         "\xC3\xA4 \xC3\xB6 \xC3\xBC >";
         ^
tests/runtests.c: In function 'void test_line_number_after_parse()':
tests/runtests.c:412:9: warning: deprecated conversion from string constant to 'char*' [-Wwrite-strings]
         "\n</tag>";
         ^
tests/runtests.c: In function 'void test_column_number_after_parse()':
tests/runtests.c:430:18: warning: deprecated conversion from string constant to 'char*' [-Wwrite-strings]
     char *text = "<tag></tag>";
                  ^
tests/runtests.c: In function 'void test_line_and_column_numbers_inside_handlers()':
tests/runtests.c:485:9: warning: deprecated conversion from string constant to 'char*' [-Wwrite-strings]
         "</a>";
         ^
tests/runtests.c:496:9: warning: deprecated conversion from string constant to 'char*' [-Wwrite-strings]
         "</a> at col:0 line:8\n";
         ^
tests/runtests.c: In function 'void test_line_number_after_error()':
tests/runtests.c:516:9: warning: deprecated conversion from string constant to 'char*' [-Wwrite-strings]
         "  </a>";  /* missing </b> */
         ^
In file included from tests/runtests.c:19:0,
                 from tests/runtestspp.cpp:6:
tests/minicheck.h:34:59: warning: deprecated conversion from string constant to 'char*' [-Wwrite-strings]
 #define fail(msg)  _fail_unless(0, __FILE__, __LINE__, msg)
                                                           ^
tests/runtests.c:519:9: note: in expansion of macro 'fail'
         fail("Expected a parse error");
         ^
In file included from tests/runtestspp.cpp:6:0:
tests/runtests.c: In function 'void test_column_number_after_error()':
tests/runtests.c:536:9: warning: deprecated conversion from string constant to 'char*' [-Wwrite-strings]
         "  </a>";  /* missing </b> */
         ^
In file included from tests/runtests.c:19:0,
                 from tests/runtestspp.cpp:6:
tests/minicheck.h:34:59: warning: deprecated conversion from string constant to 'char*' [-Wwrite-strings]
 #define fail(msg)  _fail_unless(0, __FILE__, __LINE__, msg)
                                                           ^
tests/runtests.c:539:9: note: in expansion of macro 'fail'
         fail("Expected a parse error");
         ^
In file included from tests/runtestspp.cpp:6:0:
tests/runtests.c: In function 'void test_really_long_lines()':
tests/runtests.c:580:9: warning: deprecated conversion from string constant to 'char*' [-Wwrite-strings]
         "</e>";
         ^
tests/runtests.c: In function 'void test_end_element_events()':
tests/runtests.c:601:18: warning: deprecated conversion from string constant to 'char*' [-Wwrite-strings]
     char *text = "<a><b><c/></b><d><f/></d></a>";
                  ^
tests/runtests.c:602:22: warning: deprecated conversion from string constant to 'char*' [-Wwrite-strings]
     char *expected = "/c/b/f/d/a";
                      ^
tests/runtests.c: In function 'void test_attr_whitespace_normalization()':
tests/runtests.c:717:9: warning: deprecated conversion from string constant to 'char*' [-Wwrite-strings]
         "</doc>";
         ^
tests/runtests.c: In function 'void test_xmldecl_misplaced()':
tests/runtests.c:85:43: warning: deprecated conversion from string constant to 'char*' [-Wwrite-strings]
                         __FILE__, __LINE__)
                                           ^
tests/runtests.c:733:5: note: in expansion of macro 'expect_failure'
     expect_failure("\n"
     ^
tests/runtests.c:85:43: warning: deprecated conversion from string constant to 'char*' [-Wwrite-strings]
                         __FILE__, __LINE__)
                                           ^
tests/runtests.c:733:5: note: in expansion of macro 'expect_failure'
     expect_failure("\n"
     ^
tests/runtests.c:85:43: warning: deprecated conversion from string constant to 'char*' [-Wwrite-strings]
                         __FILE__, __LINE__)
                                           ^
tests/runtests.c:733:5: note: in expansion of macro 'expect_failure'
     expect_failure("\n"
     ^
tests/runtests.c: In function 'void test_unknown_encoding_internal_entity()':
tests/runtests.c:762:9: warning: deprecated conversion from string constant to 'char*' [-Wwrite-strings]
         "<test a='&foo;'/>";
         ^
tests/runtests.c: In function 'int external_entity_loader_set_encoding(XML_Parser, const XML_Char*, const XML_Char*, const XML_Char*, const XML_Char*)':
tests/runtests.c:783:9: warning: deprecated conversion from string constant to 'char*' [-Wwrite-strings]
         "\xC3\xA9";
         ^
In file included from tests/runtests.c:19:0,
                 from tests/runtestspp.cpp:6:
tests/minicheck.h:34:59: warning: deprecated conversion from string constant to 'char*' [-Wwrite-strings]
 #define fail(msg)  _fail_unless(0, __FILE__, __LINE__, msg)
                                                           ^
tests/runtests.c:788:9: note: in expansion of macro 'fail'
         fail("Could not create external entity parser.");
         ^
tests/minicheck.h:34:59: warning: deprecated conversion from string constant to 'char*' [-Wwrite-strings]
 #define fail(msg)  _fail_unless(0, __FILE__, __LINE__, msg)
                                                           ^
tests/runtests.c:790:9: note: in expansion of macro 'fail'
         fail("XML_SetEncoding() ignored for external entity");
         ^
In file included from tests/runtestspp.cpp:6:0:
tests/runtests.c: In function 'void test_ext_entity_set_encoding()':
tests/runtests.c:805:9: warning: deprecated conversion from string constant to 'char*' [-Wwrite-strings]
         "<doc>&en;</doc>";
         ^
tests/runtests.c:239:64: warning: deprecated conversion from string constant to 'XML_Char* {aka char*}' [-Wwrite-strings]
         _run_character_check(text, expected, __FILE__, __LINE__)
                                                                ^
tests/runtests.c:809:5: note: in expansion of macro 'run_character_check'
     run_character_check(text, "\xC3\xA9");
     ^
tests/runtests.c: In function 'void test_wfc_undeclared_entity_unread_external_subset()':
tests/runtests.c:819:9: warning: deprecated conversion from string constant to 'char*' [-Wwrite-strings]
         "<doc>&entity;</doc>";
         ^
tests/runtests.c: In function 'void test_wfc_undeclared_entity_no_external_subset()':
tests/runtests.c:85:43: warning: deprecated conversion from string constant to 'char*' [-Wwrite-strings]
                         __FILE__, __LINE__)
                                           ^
tests/runtests.c:830:5: note: in expansion of macro 'expect_failure'
     expect_failure("<doc>&entity;</doc>",
     ^
tests/runtests.c:85:43: warning: deprecated conversion from string constant to 'char*' [-Wwrite-strings]
                         __FILE__, __LINE__)
                                           ^
tests/runtests.c:830:5: note: in expansion of macro 'expect_failure'
     expect_failure("<doc>&entity;</doc>",
     ^
tests/runtests.c:85:43: warning: deprecated conversion from string constant to 'char*' [-Wwrite-strings]
                         __FILE__, __LINE__)
                                           ^
tests/runtests.c:830:5: note: in expansion of macro 'expect_failure'
     expect_failure("<doc>&entity;</doc>",
     ^
tests/runtests.c: In function 'void test_wfc_undeclared_entity_standalone()':
tests/runtests.c:843:9: warning: deprecated conversion from string constant to 'char*' [-Wwrite-strings]
         "<doc>&entity;</doc>";
         ^
tests/runtests.c:85:43: warning: deprecated conversion from string constant to 'char*' [-Wwrite-strings]
                         __FILE__, __LINE__)
                                           ^
tests/runtests.c:845:5: note: in expansion of macro 'expect_failure'
     expect_failure(text,
     ^
tests/runtests.c:85:43: warning: deprecated conversion from string constant to 'char*' [-Wwrite-strings]
                         __FILE__, __LINE__)
                                           ^
tests/runtests.c:845:5: note: in expansion of macro 'expect_failure'
     expect_failure(text,
     ^
In file included from tests/runtests.c:19:0,
                 from tests/runtestspp.cpp:6:
tests/runtests.c: In function 'int external_entity_loader(XML_Parser, const XML_Char*, const XML_Char*, const XML_Char*, const XML_Char*)':
tests/minicheck.h:34:59: warning: deprecated conversion from string constant to 'char*' [-Wwrite-strings]
 #define fail(msg)  _fail_unless(0, __FILE__, __LINE__, msg)
                                                           ^
tests/runtests.c:863:9: note: in expansion of macro 'fail'
         fail("Could not create external entity parser.");
         ^
In file included from tests/runtestspp.cpp:6:0:
tests/runtests.c: In function 'void test_wfc_undeclared_entity_with_external_subset_standalone()':
tests/runtests.c:879:9: warning: deprecated conversion from string constant to 'char*' [-Wwrite-strings]
         "<doc>&entity;</doc>";
         ^
tests/runtests.c:881:9: warning: deprecated conversion from string constant to 'char*' [-Wwrite-strings]
         "<!ELEMENT doc (#PCDATA)*>";
         ^
tests/runtests.c:85:43: warning: deprecated conversion from string constant to 'char*' [-Wwrite-strings]
                         __FILE__, __LINE__)
                                           ^
tests/runtests.c:886:5: note: in expansion of macro 'expect_failure'
     expect_failure(text,
     ^
tests/runtests.c:85:43: warning: deprecated conversion from string constant to 'char*' [-Wwrite-strings]
                         __FILE__, __LINE__)
                                           ^
tests/runtests.c:886:5: note: in expansion of macro 'expect_failure'
     expect_failure(text,
     ^
tests/runtests.c: In function 'void test_wfc_undeclared_entity_with_external_subset()':
tests/runtests.c:899:9: warning: deprecated conversion from string constant to 'char*' [-Wwrite-strings]
         "<doc>&entity;</doc>";
         ^
tests/runtests.c:901:9: warning: deprecated conversion from string constant to 'char*' [-Wwrite-strings]
         "<!ELEMENT doc (#PCDATA)*>";
         ^
tests/runtests.c: In function 'void test_wfc_no_recursive_entity_refs()':
tests/runtests.c:917:9: warning: deprecated conversion from string constant to 'char*' [-Wwrite-strings]
         "<doc>&entity;</doc>";
         ^
tests/runtests.c:85:43: warning: deprecated conversion from string constant to 'char*' [-Wwrite-strings]
                         __FILE__, __LINE__)
                                           ^
tests/runtests.c:919:5: note: in expansion of macro 'expect_failure'
     expect_failure(text,
     ^
tests/runtests.c:85:43: warning: deprecated conversion from string constant to 'char*' [-Wwrite-strings]
                         __FILE__, __LINE__)
                                           ^
tests/runtests.c:919:5: note: in expansion of macro 'expect_failure'
     expect_failure(text,
     ^
tests/runtests.c: In function 'void test_dtd_default_handling()':
tests/runtests.c:936:9: warning: deprecated conversion from string constant to 'char*' [-Wwrite-strings]
         "]><doc/>";
         ^
tests/runtests.c:239:64: warning: deprecated conversion from string constant to 'XML_Char* {aka char*}' [-Wwrite-strings]
         _run_character_check(text, expected, __FILE__, __LINE__)
                                                                ^
tests/runtests.c:948:5: note: in expansion of macro 'run_character_check'
     run_character_check(text, "\n\n\n\n\n\n\n<doc/>");
     ^
tests/runtests.c: In function 'void test_empty_ns_without_namespaces()':
tests/runtests.c:963:9: warning: deprecated conversion from string constant to 'char*' [-Wwrite-strings]
         "</doc>";
         ^
tests/runtests.c: In function 'void test_ns_in_attribute_default_without_namespaces()':
tests/runtests.c:981:9: warning: deprecated conversion from string constant to 'char*' [-Wwrite-strings]
         "<e:element/>";
         ^
tests/runtests.c: At global scope:
tests/runtests.c:1010:5: warning: deprecated conversion from string constant to 'char*' [-Wwrite-strings]
     "</s>";
     ^
In file included from tests/runtests.c:19:0,
                 from tests/runtestspp.cpp:6:
tests/runtests.c: In function 'void namespace_setup()':
tests/minicheck.h:34:59: warning: deprecated conversion from string constant to 'char*' [-Wwrite-strings]
 #define fail(msg)  _fail_unless(0, __FILE__, __LINE__, msg)
                                                           ^
tests/runtests.c:1074:9: note: in expansion of macro 'fail'
         fail("Parser not created.");
         ^
In file included from tests/runtestspp.cpp:6:0:
tests/runtests.c: In function 'void test_return_ns_triplet()':
tests/runtests.c:1123:9: warning: deprecated conversion from string constant to 'char*' [-Wwrite-strings]
         "       xmlns:bar='http://expat.sf.net/'></foo:e>";
         ^
tests/runtests.c:1127:5: warning: deprecated conversion from string constant to 'char*' [-Wwrite-strings]
     };
     ^
tests/runtests.c:1127:5: warning: deprecated conversion from string constant to 'char*' [-Wwrite-strings]
tests/runtests.c: In function 'void test_ns_tagname_overwrite()':
tests/runtests.c:1180:9: warning: deprecated conversion from string constant to 'char*' [-Wwrite-strings]
         "</n:e>";
         ^
tests/runtests.c:1189:9: warning: deprecated conversion from string constant to 'char*' [-Wwrite-strings]
         "end http://xml.libexpat.org/ e\n";
         ^
tests/runtests.c: In function 'void test_ns_tagname_overwrite_triplet()':
tests/runtests.c:1201:9: warning: deprecated conversion from string constant to 'char*' [-Wwrite-strings]
         "</n:e>";
         ^
tests/runtests.c:1210:9: warning: deprecated conversion from string constant to 'char*' [-Wwrite-strings]
         "end http://xml.libexpat.org/ e n\n";
         ^
In file included from tests/runtests.c:19:0,
                 from tests/runtestspp.cpp:6:
tests/runtests.c: In function 'void start_element_fail(void*, const XML_Char*, const XML_Char**)':
tests/minicheck.h:34:59: warning: deprecated conversion from string constant to 'char*' [-Wwrite-strings]
 #define fail(msg)  _fail_unless(0, __FILE__, __LINE__, msg)
                                                           ^
tests/runtests.c:1223:5: note: in expansion of macro 'fail'
     fail("should never reach start_element_fail()");
     ^
In file included from tests/runtestspp.cpp:6:0:
tests/runtests.c: In function 'void test_start_ns_clears_start_element()':
tests/runtests.c:1240:18: warning: deprecated conversion from string constant to 'char*' [-Wwrite-strings]
     char *text = "<e xmlns='http://xml.libexpat.org/'></e>";
                  ^
tests/runtests.c: In function 'int external_entity_handler(XML_Parser, const XML_Char*, const XML_Char*, const XML_Char*, const XML_Char*)':
tests/runtests.c:1263:14: warning: deprecated conversion from string constant to 'char*' [-Wwrite-strings]
         text = ("<!ELEMENT doc (e+)>\n"
              ^
tests/runtests.c:1267:14: warning: deprecated conversion from string constant to 'char*' [-Wwrite-strings]
         text = ("<?xml version='1.0' encoding='us-ascii'?>"
              ^
tests/runtests.c: In function 'void test_default_ns_from_ext_subset_and_ext_ge()':
tests/runtests.c:1289:9: warning: deprecated conversion from string constant to 'char*' [-Wwrite-strings]
         "</doc>";
         ^
tests/runtests.c: In function 'void test_ns_prefix_with_empty_uri_1()':
tests/runtests.c:1307:9: warning: deprecated conversion from string constant to 'char*' [-Wwrite-strings]
         "</doc>";
         ^
tests/runtests.c:85:43: warning: deprecated conversion from string constant to 'char*' [-Wwrite-strings]
                         __FILE__, __LINE__)
                                           ^
tests/runtests.c:1309:5: note: in expansion of macro 'expect_failure'
     expect_failure(text,
     ^
tests/runtests.c:85:43: warning: deprecated conversion from string constant to 'char*' [-Wwrite-strings]
                         __FILE__, __LINE__)
                                           ^
tests/runtests.c:1309:5: note: in expansion of macro 'expect_failure'
     expect_failure(text,
     ^
tests/runtests.c: In function 'void test_ns_prefix_with_empty_uri_2()':
tests/runtests.c:1321:9: warning: deprecated conversion from string constant to 'char*' [-Wwrite-strings]
         "<docelem xmlns:pre=''/>";
         ^
tests/runtests.c:85:43: warning: deprecated conversion from string constant to 'char*' [-Wwrite-strings]
                         __FILE__, __LINE__)
                                           ^
tests/runtests.c:1323:5: note: in expansion of macro 'expect_failure'
     expect_failure(text,
     ^
tests/runtests.c:85:43: warning: deprecated conversion from string constant to 'char*' [-Wwrite-strings]
                         __FILE__, __LINE__)
                                           ^
tests/runtests.c:1323:5: note: in expansion of macro 'expect_failure'
     expect_failure(text,
     ^
tests/runtests.c: In function 'void test_ns_prefix_with_empty_uri_3()':
tests/runtests.c:1338:9: warning: deprecated conversion from string constant to 'char*' [-Wwrite-strings]
         "<doc/>";
         ^
tests/runtests.c:85:43: warning: deprecated conversion from string constant to 'char*' [-Wwrite-strings]
                         __FILE__, __LINE__)
                                           ^
tests/runtests.c:1340:5: note: in expansion of macro 'expect_failure'
     expect_failure(text,
     ^
tests/runtests.c:85:43: warning: deprecated conversion from string constant to 'char*' [-Wwrite-strings]
                         __FILE__, __LINE__)
                                           ^
tests/runtests.c:1340:5: note: in expansion of macro 'expect_failure'
     expect_failure(text,
     ^
tests/runtests.c: In function 'void test_ns_prefix_with_empty_uri_4()':
tests/runtests.c:1355:9: warning: deprecated conversion from string constant to 'char*' [-Wwrite-strings]
         "<prefix:doc/>";
         ^
tests/runtests.c:1361:5: warning: deprecated conversion from string constant to 'char*' [-Wwrite-strings]
     };
     ^
tests/runtests.c: In function 'void test_ns_default_with_empty_uri()':
tests/runtests.c:1375:9: warning: deprecated conversion from string constant to 'char*' [-Wwrite-strings]
         "</doc>";
         ^
tests/runtests.c: In function 'void test_ns_duplicate_attrs_diff_prefixes()':
tests/runtests.c:1387:9: warning: deprecated conversion from string constant to 'char*' [-Wwrite-strings]
         "     a:a='v' b:a='v' />";
         ^
tests/runtests.c:85:43: warning: deprecated conversion from string constant to 'char*' [-Wwrite-strings]
                         __FILE__, __LINE__)
                                           ^
tests/runtests.c:1388:5: note: in expansion of macro 'expect_failure'
     expect_failure(text,
     ^
tests/runtests.c:85:43: warning: deprecated conversion from string constant to 'char*' [-Wwrite-strings]
                         __FILE__, __LINE__)
                                           ^
tests/runtests.c:1388:5: note: in expansion of macro 'expect_failure'
     expect_failure(text,
     ^
tests/runtests.c: In function 'void test_ns_unbound_prefix_on_attribute()':
tests/runtests.c:1397:18: warning: deprecated conversion from string constant to 'char*' [-Wwrite-strings]
     char *text = "<doc a:attr=''/>";
                  ^
tests/runtests.c:85:43: warning: deprecated conversion from string constant to 'char*' [-Wwrite-strings]
                         __FILE__, __LINE__)
                                           ^
tests/runtests.c:1398:5: note: in expansion of macro 'expect_failure'
     expect_failure(text,
     ^
tests/runtests.c:85:43: warning: deprecated conversion from string constant to 'char*' [-Wwrite-strings]
                         __FILE__, __LINE__)
                                           ^
tests/runtests.c:1398:5: note: in expansion of macro 'expect_failure'
     expect_failure(text,
     ^
tests/runtests.c: In function 'void test_ns_unbound_prefix_on_element()':
tests/runtests.c:1407:18: warning: deprecated conversion from string constant to 'char*' [-Wwrite-strings]
     char *text = "<a:doc/>";
                  ^
tests/runtests.c:85:43: warning: deprecated conversion from string constant to 'char*' [-Wwrite-strings]
                         __FILE__, __LINE__)
                                           ^
tests/runtests.c:1408:5: note: in expansion of macro 'expect_failure'
     expect_failure(text,
     ^
tests/runtests.c:85:43: warning: deprecated conversion from string constant to 'char*' [-Wwrite-strings]
                         __FILE__, __LINE__)
                                           ^
tests/runtests.c:1408:5: note: in expansion of macro 'expect_failure'
     expect_failure(text,
     ^
tests/runtests.c: In function 'Suite* make_suite()':
tests/runtests.c:1417:36: warning: deprecated conversion from string constant to 'char*' [-Wwrite-strings]
     Suite *s = suite_create("basic");
                                    ^
tests/runtests.c:1418:49: warning: deprecated conversion from string constant to 'char*' [-Wwrite-strings]
     TCase *tc_basic = tcase_create("basic tests");
                                                 ^
tests/runtests.c:1419:56: warning: deprecated conversion from string constant to 'char*' [-Wwrite-strings]
     TCase *tc_namespace = tcase_create("XML namespaces");
                                                        ^
/bin/sh ./libtool --silent --mode=link gcc -std=gnu99 -I./lib -I. -g -O2 -Wall -Wmissing-prototypes -Wstrict-prototypes -fexceptions  -DHAVE_EXPAT_CONFIG_H  -o tests/runtests tests/runtests.o tests/chardata.o tests/minicheck.o libexpat.la
/bin/sh ./libtool --silent --mode=link g++ -I./lib -I. -g -O2 -Wall -fexceptions  -DHAVE_EXPAT_CONFIG_H  -o tests/runtestspp tests/runtestspp.o tests/chardata.o tests/minicheck.o libexpat.la
tests/runtests
Expat version: expat_2.1.0
100%: Checks: 50, Failed: 0
tests/runtestspp
Expat version: expat_2.1.0
100%: Checks: 50, Failed: 0
/bin/sh ./conftools/mkinstalldirs /usr/lib /usr/include /usr/lib/pkgconfig
/bin/sh ./libtool --mode=install /usr/bin/install -c libexpat.la /usr/lib/libexpat.la
libtool: install: /usr/bin/install -c .libs/libexpat.so.1.6.0 /usr/lib/libexpat.so.1.6.0
libtool: install: (cd /usr/lib && { ln -s -f libexpat.so.1.6.0 libexpat.so.1 || { rm -f libexpat.so.1 && ln -s libexpat.so.1.6.0 libexpat.so.1; }; })
libtool: install: (cd /usr/lib && { ln -s -f libexpat.so.1.6.0 libexpat.so || { rm -f libexpat.so && ln -s libexpat.so.1.6.0 libexpat.so; }; })
libtool: install: /usr/bin/install -c .libs/libexpat.lai /usr/lib/libexpat.la
libtool: install: /usr/bin/install -c .libs/libexpat.a /usr/lib/libexpat.a
libtool: install: chmod 644 /usr/lib/libexpat.a
libtool: install: ranlib /usr/lib/libexpat.a
libtool: finish: PATH="/bin:/usr/bin:/sbin:/usr/sbin:/tools/bin:/sbin" ldconfig -n /usr/lib
----------------------------------------------------------------------
Libraries have been installed in:
   /usr/lib

If you ever happen to want to link against installed libraries
in a given directory, LIBDIR, you must either use libtool, and
specify the full pathname of the library, or use the `-LLIBDIR'
flag during linking and do at least one of the following:
   - add LIBDIR to the `LD_LIBRARY_PATH' environment variable
     during execution
   - add LIBDIR to the `LD_RUN_PATH' environment variable
     during linking
   - use the `-Wl,-rpath -Wl,LIBDIR' linker flag
   - have your system administrator add LIBDIR to `/etc/ld.so.conf'

See any operating system documentation about shared libraries for
more information, such as the ld(1) and ld.so(8) manual pages.
----------------------------------------------------------------------
for FN in ./lib/expat.h ./lib/expat_external.h ; do /usr/bin/install -c -m 644 $FN /usr/include ; done
/usr/bin/install -c -m 644 expat.pc /usr/lib/pkgconfig/expat.pc
/bin/sh ./conftools/mkinstalldirs /usr/bin /usr/share/man/man1
/bin/sh ./libtool --mode=install /usr/bin/install -c xmlwf/xmlwf /usr/bin/xmlwf
libtool: install: /usr/bin/install -c xmlwf/.libs/xmlwf /usr/bin/xmlwf
/usr/bin/install -c -m 644 ./doc/xmlwf.1 /usr/share/man/man1
install: creating directory '/usr/share/doc/expat-2.1.0'
'doc/reference.html' -> '/usr/share/doc/expat-2.1.0/reference.html'
'doc/expat.png' -> '/usr/share/doc/expat-2.1.0/expat.png'
'doc/valid-xhtml10.png' -> '/usr/share/doc/expat-2.1.0/valid-xhtml10.png'
'doc/style.css' -> '/usr/share/doc/expat-2.1.0/style.css'

real	0m9.053s
user	0m12.801s
sys	0m0.871s
