checking for a BSD-compatible install... /usr/bin/install -c
checking whether build environment is sane... yes
checking for a thread-safe mkdir -p... /bin/mkdir -p
checking for gawk... gawk
checking whether make sets $(MAKE)... yes
checking whether make supports nested variables... yes
checking whether make supports nested variables... (cached) yes
checking for gawk... (cached) gawk
checking for gcc... gcc
checking whether the C compiler works... yes
checking for C compiler default output file name... a.out
checking for suffix of executables... 
checking whether we are cross compiling... no
checking for suffix of object files... o
checking whether we are using the GNU C compiler... yes
checking whether gcc accepts -g... yes
checking for gcc option to enable C11 features... -std=gnu11
checking whether gcc -std=gnu11 understands -c and -o together... yes
checking for style of include used by make... GNU
checking dependency style of gcc -std=gnu11... gcc3
checking for ranlib... ranlib
checking how to run the C preprocessor... gcc -std=gnu11 -E
checking for grep that handles long lines and -e... /bin/grep
checking for egrep... /bin/grep -E
checking for Minix Amsterdam compiler... no
checking for ar... ar
checking for ANSI C header files... yes
checking for sys/types.h... yes
checking for sys/stat.h... yes
checking for stdlib.h... yes
checking for string.h... yes
checking for memory.h... yes
checking for strings.h... yes
checking for inttypes.h... yes
checking for stdint.h... yes
checking for unistd.h... yes
checking minix/config.h usability... no
checking minix/config.h presence... no
checking for minix/config.h... no
checking whether it is safe to define __EXTENSIONS__... yes
checking whether _XOPEN_SOURCE should be defined... no
checking build system type... x86_64-unknown-linux-gnu
checking host system type... x86_64-unknown-linux-gnu
checking for special C compiler options needed for large files... no
checking for _FILE_OFFSET_BITS value needed for large files... no
checking for size_t... yes
checking for working alloca.h... yes
checking for alloca... yes
checking whether <wchar.h> uses 'inline' correctly... yes
checking for btowc... yes
checking for setrlimit... yes
checking for sigaltstack... yes
checking for readlinkat... yes
checking for _set_invalid_parameter_handler... no
checking for fcntl... yes
checking for symlink... yes
checking for mempcpy... yes
checking for isblank... yes
checking for iswctype... yes
checking for mbsrtowcs... yes
checking for wmemchr... yes
checking for wmemcpy... yes
checking for wmempcpy... yes
checking for getdtablesize... yes
checking for gettimeofday... yes
checking for nanotime... no
checking for iswcntrl... yes
checking for iswblank... yes
checking for lstat... yes
checking for mbsinit... yes
checking for mbrtowc... yes
checking for mbslen... no
checking for mprotect... yes
checking for mkstemp... yes
checking for nl_langinfo... yes
checking for readlink... yes
checking for wcscoll... yes
checking for secure_getenv... yes
checking for sigaction... yes
checking for siginterrupt... yes
checking for tzset... yes
checking for strndup... yes
checking for strptime... yes
checking for strtoumax... yes
checking for localtime_r... yes
checking for vasnprintf... no
checking for snprintf... yes
checking for wcrtomb... yes
checking for wcwidth... yes
checking for newlocale... yes
checking for setenv... yes
checking for sleep... yes
checking for usleep... yes
checking for wctob... yes
checking for sigprocmask... yes
checking for strcasecoll... no
checking for stricoll... no
checking for nl_langinfo and CODESET... yes
checking for a traditional french locale... fr_FR
checking for ucontext.h... yes
checking for unistd.h... (cached) yes
checking for sys/socket.h... yes
checking for wctype.h... yes
checking for sys/stat.h... (cached) yes
checking for getopt.h... yes
checking for sys/time.h... yes
checking for iconv.h... yes
checking for wchar.h... yes
checking for stdint.h... (cached) yes
checking for inttypes.h... (cached) yes
checking for langinfo.h... yes
checking for xlocale.h... yes
checking for sys/mman.h... yes
checking for sys/param.h... yes
checking for strings.h... (cached) yes
checking for sys/wait.h... yes
checking for features.h... yes
checking for working C stack overflow detection... yes
checking for correct stack_t interpretation... yes
checking for precise C stack overflow detection... no
checking for ld used by gcc -std=gnu11... /usr/bin/ld
checking if the linker (/usr/bin/ld) is GNU ld... yes
checking for shared library run path origin... done
checking for libsigsegv... no, consider installing GNU libsigsegv
checking whether // is distinct from /... no
checking whether the preprocessor supports include_next... yes
checking whether system header files limit the line length... no
checking for complete errno.h... yes
checking whether strerror_r is declared... yes
checking for strerror_r... yes
checking whether strerror_r returns char *... yes
checking for working fcntl.h... yes
checking for pid_t... yes
checking for mode_t... yes
checking for mbstate_t... yes
checking whether stat file-mode macros are broken... no
checking for nlink_t... yes
checking whether fchmodat is declared without a macro... yes
checking whether fstat is declared without a macro... yes
checking whether fstatat is declared without a macro... yes
checking whether futimens is declared without a macro... yes
checking whether lchmod is declared without a macro... yes
checking whether lstat is declared without a macro... yes
checking whether mkdirat is declared without a macro... yes
checking whether mkfifo is declared without a macro... yes
checking whether mkfifoat is declared without a macro... yes
checking whether mknod is declared without a macro... yes
checking whether mknodat is declared without a macro... yes
checking whether stat is declared without a macro... yes
checking whether utimensat is declared without a macro... yes
checking for getopt.h... (cached) yes
checking for getopt_long_only... yes
checking whether getopt is POSIX compatible... yes
checking for working GNU getopt function... yes
checking for working GNU getopt_long function... yes
checking whether getenv is declared... yes
checking for C/C++ restrict keyword... __restrict
checking for struct timeval... yes
checking for wide-enough struct timeval.tv_sec member... yes
checking whether gettimeofday is declared without a macro... yes
checking for iconv... yes
checking for working iconv... yes
checking for iconv declaration... 
         extern size_t iconv (iconv_t cd, char * *inbuf, size_t *inbytesleft, char * *outbuf, size_t *outbytesleft);
checking for inline... inline
checking for off_t... yes
checking for unsigned long long int... yes
checking for long long int... yes
checking whether stdint.h conforms to C99... yes
checking whether imaxabs is declared without a macro... yes
checking whether imaxdiv is declared without a macro... yes
checking whether strtoimax is declared without a macro... yes
checking whether strtoumax is declared without a macro... yes
checking for inttypes.h... (cached) yes
checking whether the inttypes.h PRIxNN macros are broken... no
checking for wint_t... yes
checking whether iswcntrl works... yes
checking for towlower... yes
checking for wctype_t... yes
checking for wctrans_t... yes
checking whether wctype is declared without a macro... yes
checking whether iswctype is declared without a macro... yes
checking whether wctrans is declared without a macro... yes
checking whether towctrans is declared without a macro... yes
checking whether getc_unlocked is declared... yes
checking whether we are using the GNU C Library >= 2.1 or uClibc... yes
checking for wchar_t... yes
checking whether NULL can be used in arbitrary expressions... yes
checking whether lstat correctly handles trailing slash... yes
checking whether malloc, realloc, calloc are POSIX compliant... yes
checking for stdlib.h... (cached) yes
checking for GNU libc compatible malloc... yes
checking for a traditional japanese locale... ja_JP
checking for a transitional chinese locale... zh_CN.GB18030
checking for a french Unicode locale... fr_FR.UTF-8
checking for mmap... yes
checking for MAP_ANONYMOUS... yes
checking whether memchr works... yes
checking whether alarm is declared... yes
checking for promoted mode_t type... mode_t
checking for sigset_t... yes
checking for uid_t in sys/types.h... yes
checking for stdbool.h that conforms to C99... yes
checking for _Bool... yes
checking whether strerror(0) succeeds... yes
checking whether struct tm is in sys/time.h or time.h... time.h
checking for struct tm.tm_zone... yes
checking for struct tm.tm_gmtoff... yes
checking whether ffsl is declared without a macro... yes
checking whether ffsll is declared without a macro... yes
checking whether memmem is declared without a macro... yes
checking whether mempcpy is declared without a macro... yes
checking whether memrchr is declared without a macro... yes
checking whether rawmemchr is declared without a macro... yes
checking whether stpcpy is declared without a macro... yes
checking whether stpncpy is declared without a macro... yes
checking whether strchrnul is declared without a macro... yes
checking whether strdup is declared without a macro... yes
checking whether strncat is declared without a macro... yes
checking whether strndup is declared without a macro... yes
checking whether strnlen is declared without a macro... yes
checking whether strpbrk is declared without a macro... yes
checking whether strsep is declared without a macro... yes
checking whether strcasestr is declared without a macro... yes
checking whether strtok_r is declared without a macro... yes
checking whether strerror_r is declared without a macro... yes
checking whether strsignal is declared without a macro... yes
checking whether strverscmp is declared without a macro... yes
checking whether ffs is declared without a macro... yes
checking whether strcasecmp is declared without a macro... yes
checking whether strncasecmp is declared without a macro... yes
checking whether strndup is declared... (cached) yes
checking whether strnlen is declared... (cached) yes
checking whether strtoumax is declared... (cached) yes
checking for struct timespec in <time.h>... yes
checking whether clearerr_unlocked is declared... yes
checking whether feof_unlocked is declared... yes
checking whether ferror_unlocked is declared... yes
checking whether fflush_unlocked is declared... yes
checking whether fgets_unlocked is declared... yes
checking whether fputc_unlocked is declared... yes
checking whether fputs_unlocked is declared... yes
checking whether fread_unlocked is declared... yes
checking whether fwrite_unlocked is declared... yes
checking whether getchar_unlocked is declared... yes
checking whether putc_unlocked is declared... yes
checking whether putchar_unlocked is declared... yes
checking for inttypes.h... yes
checking for stdint.h... yes
checking for intmax_t... yes
checking where to find the exponent in a 'double'... word 1 bit 20
checking whether snprintf returns a byte count as in C99... yes
checking for snprintf... (cached) yes
checking for strnlen... yes
checking for wcslen... yes
checking for wcsnlen... yes
checking for mbrtowc... (cached) yes
checking for wcrtomb... (cached) yes
checking whether _snprintf is declared... no
checking if environ is properly declared... yes
checking whether getcwd (NULL, 0) allocates memory for result... yes
checking for getcwd with POSIX signature... yes
checking whether setenv is declared... yes
checking search.h usability... yes
checking search.h presence... yes
checking for search.h... yes
checking for tsearch... yes
checking whether snprintf is declared... yes
checking whether unsetenv is declared... yes
checking for alloca as a compiler built-in... yes
checking whether btowc(0) is correct... yes
checking whether btowc(EOF) is correct... yes
checking whether sigaltstack is declared... yes
checking for stack_t... yes
checking for library containing clock_gettime... none required
checking for clock_gettime... yes
checking for clock_settime... yes
checking whether // is distinct from /... (cached) no
checking whether dup2 works... yes
checking for error_at_line... yes
checking whether fcntl handles F_DUPFD correctly... yes
checking whether fcntl understands F_DUPFD_CLOEXEC... needs runtime check
checking whether fcntl is declared without a macro... yes
checking whether openat is declared without a macro... yes
checking whether conversion from 'int' to 'long double' works... yes
checking for working GNU fnmatch... yes
checking whether gettimeofday clobbers localtime buffer... no
checking for gettimeofday with POSIX signature... almost
checking whether the compiler generally respects inline... yes
checking whether INT32_MAX < INTMAX_MAX... yes
checking whether INT64_MAX == LONG_MAX... yes
checking whether UINT32_MAX < UINTMAX_MAX... yes
checking whether UINT64_MAX == ULONG_MAX... yes
checking whether iswblank is declared... yes
checking whether langinfo.h defines CODESET... yes
checking whether langinfo.h defines T_FMT_AMPM... yes
checking whether langinfo.h defines ERA... yes
checking whether langinfo.h defines YESEXPR... yes
checking whether nl_langinfo is declared without a macro... yes
checking for libsigsegv... (cached) no, consider installing GNU libsigsegv
checking whether locale.h conforms to POSIX:2001... yes
checking whether locale.h defines locale_t... yes
checking whether struct lconv is properly defined... yes
checking whether setlocale is declared without a macro... yes
checking whether duplocale is declared without a macro... yes
checking for stdlib.h... (cached) yes
checking for GNU libc compatible malloc... (cached) yes
checking whether mbrtowc handles incomplete characters... yes
checking whether mbrtowc works as well as mbtowc... yes
checking whether mbrtowc handles a NULL pwc argument... yes
checking whether mbrtowc handles a NULL string argument... yes
checking whether mbrtowc has a correct return value... yes
checking whether mbrtowc returns 0 when parsing a NUL character... yes
checking whether mbrtowc handles incomplete characters... (cached) yes
checking whether mbrtowc works as well as mbtowc... (cached) yes
checking whether mbrtowc handles incomplete characters... (cached) yes
checking whether mbrtowc works as well as mbtowc... (cached) yes
checking whether mbsrtowcs works... yes
checking for working mkstemp... yes
checking for working mktime... yes
checking whether YESEXPR works... yes
checking whether open recognizes a trailing slash... yes
checking whether program_invocation_name is declared... yes
checking whether program_invocation_short_name is declared... yes
checking for raise... yes
checking for sigprocmask... (cached) yes
checking whether readlink signature is correct... yes
checking whether readlink handles trailing slash correctly... yes
checking for working re_compile_pattern... no
checking libintl.h usability... yes
checking libintl.h presence... yes
checking for libintl.h... yes
checking whether isblank is declared... yes
checking for struct sigaction.sa_sigaction... yes
checking for volatile sig_atomic_t... yes
checking for sighandler_t... yes
checking whether pthread_sigmask is declared without a macro... yes
checking whether sigaction is declared without a macro... yes
checking whether sigaddset is declared without a macro... yes
checking whether sigdelset is declared without a macro... yes
checking whether sigemptyset is declared without a macro... yes
checking whether sigfillset is declared without a macro... yes
checking whether sigismember is declared without a macro... yes
checking whether sigpending is declared without a macro... yes
checking whether sigprocmask is declared without a macro... yes
checking for sigprocmask... (cached) yes
checking for stdint.h... (cached) yes
checking for SIZE_MAX... yes
checking for ssize_t... yes
checking whether stat handles trailing slashes on directories... yes
checking whether stat handles trailing slashes on files... yes
checking for struct stat.st_atim.tv_nsec... yes
checking whether struct stat.st_atim is of type struct timespec... yes
checking for struct stat.st_birthtimespec.tv_nsec... no
checking for struct stat.st_birthtimensec... no
checking for struct stat.st_birthtim.tv_nsec... no
checking for va_copy... yes
checking whether NULL can be used in arbitrary expressions... (cached) yes
checking whether dprintf is declared without a macro... yes
checking whether fpurge is declared without a macro... no
checking whether fseeko is declared without a macro... yes
checking whether ftello is declared without a macro... yes
checking whether getdelim is declared without a macro... yes
checking whether getline is declared without a macro... yes
checking whether gets is declared without a macro... no
checking whether pclose is declared without a macro... yes
checking whether popen is declared without a macro... yes
checking whether renameat is declared without a macro... yes
checking whether snprintf is declared without a macro... yes
checking whether tmpfile is declared without a macro... yes
checking whether vdprintf is declared without a macro... yes
checking whether vsnprintf is declared without a macro... yes
checking whether _Exit is declared without a macro... yes
checking whether atoll is declared without a macro... yes
checking whether canonicalize_file_name is declared without a macro... yes
checking whether getloadavg is declared without a macro... yes
checking whether getsubopt is declared without a macro... yes
checking whether grantpt is declared without a macro... yes
checking whether initstate is declared without a macro... yes
checking whether initstate_r is declared without a macro... yes
checking whether mkdtemp is declared without a macro... yes
checking whether mkostemp is declared without a macro... yes
checking whether mkostemps is declared without a macro... yes
checking whether mkstemp is declared without a macro... yes
checking whether mkstemps is declared without a macro... yes
checking whether posix_openpt is declared without a macro... yes
checking whether ptsname is declared without a macro... yes
checking whether ptsname_r is declared without a macro... yes
checking whether random is declared without a macro... yes
checking whether random_r is declared without a macro... yes
checking whether realpath is declared without a macro... yes
checking whether rpmatch is declared without a macro... yes
checking whether secure_getenv is declared without a macro... yes
checking whether setenv is declared without a macro... yes
checking whether setstate is declared without a macro... yes
checking whether setstate_r is declared without a macro... yes
checking whether srandom is declared without a macro... yes
checking whether srandom_r is declared without a macro... yes
checking whether strtod is declared without a macro... yes
checking whether strtoll is declared without a macro... yes
checking whether strtoull is declared without a macro... yes
checking whether unlockpt is declared without a macro... yes
checking whether unsetenv is declared without a macro... yes
checking for strcasecmp... yes
checking for strncasecmp... yes
checking whether strncasecmp is declared... (cached) yes
checking for working strerror function... yes
checking for working strndup... yes
checking for working strnlen... yes
checking for strtoull... yes
checking for nlink_t... (cached) yes
checking whether fchmodat is declared without a macro... (cached) yes
checking whether fstat is declared without a macro... (cached) yes
checking whether fstatat is declared without a macro... (cached) yes
checking whether futimens is declared without a macro... (cached) yes
checking whether lchmod is declared without a macro... (cached) yes
checking whether lstat is declared without a macro... (cached) yes
checking whether mkdirat is declared without a macro... (cached) yes
checking whether mkfifo is declared without a macro... (cached) yes
checking whether mkfifoat is declared without a macro... (cached) yes
checking whether mknod is declared without a macro... (cached) yes
checking whether mknodat is declared without a macro... (cached) yes
checking whether stat is declared without a macro... (cached) yes
checking whether utimensat is declared without a macro... (cached) yes
checking whether waitpid is declared without a macro... yes
checking whether localtime_r is declared... yes
checking whether localtime_r is compatible with its POSIX signature... yes
checking whether chdir is declared without a macro... yes
checking whether chown is declared without a macro... yes
checking whether dup is declared without a macro... yes
checking whether dup2 is declared without a macro... yes
checking whether dup3 is declared without a macro... yes
checking whether environ is declared without a macro... yes
checking whether euidaccess is declared without a macro... yes
checking whether faccessat is declared without a macro... yes
checking whether fchdir is declared without a macro... yes
checking whether fchownat is declared without a macro... yes
checking whether fdatasync is declared without a macro... yes
checking whether fsync is declared without a macro... yes
checking whether ftruncate is declared without a macro... yes
checking whether getcwd is declared without a macro... yes
checking whether getdomainname is declared without a macro... yes
checking whether getdtablesize is declared without a macro... yes
checking whether getgroups is declared without a macro... yes
checking whether gethostname is declared without a macro... yes
checking whether getlogin is declared without a macro... yes
checking whether getlogin_r is declared without a macro... yes
checking whether getpagesize is declared without a macro... yes
checking whether getusershell is declared without a macro... yes
checking whether setusershell is declared without a macro... yes
checking whether endusershell is declared without a macro... yes
checking whether group_member is declared without a macro... yes
checking whether isatty is declared without a macro... yes
checking whether lchown is declared without a macro... yes
checking whether link is declared without a macro... yes
checking whether linkat is declared without a macro... yes
checking whether lseek is declared without a macro... yes
checking whether pipe is declared without a macro... yes
checking whether pipe2 is declared without a macro... yes
checking whether pread is declared without a macro... yes
checking whether pwrite is declared without a macro... yes
checking whether readlink is declared without a macro... yes
checking whether readlinkat is declared without a macro... yes
checking whether rmdir is declared without a macro... yes
checking whether sethostname is declared without a macro... yes
checking whether sleep is declared without a macro... yes
checking whether symlink is declared without a macro... yes
checking whether symlinkat is declared without a macro... yes
checking whether ttyname_r is declared without a macro... yes
checking whether unlink is declared without a macro... yes
checking whether unlinkat is declared without a macro... yes
checking whether usleep is declared without a macro... yes
checking for variable-length arrays... yes
checking for ptrdiff_t... yes
checking for vasprintf... yes
checking whether btowc is declared without a macro... yes
checking whether wctob is declared without a macro... yes
checking whether mbsinit is declared without a macro... yes
checking whether mbrtowc is declared without a macro... yes
checking whether mbrlen is declared without a macro... yes
checking whether mbsrtowcs is declared without a macro... yes
checking whether mbsnrtowcs is declared without a macro... yes
checking whether wcrtomb is declared without a macro... yes
checking whether wcsrtombs is declared without a macro... yes
checking whether wcsnrtombs is declared without a macro... yes
checking whether wcwidth is declared without a macro... yes
checking whether wmemchr is declared without a macro... yes
checking whether wmemcmp is declared without a macro... yes
checking whether wmemcpy is declared without a macro... yes
checking whether wmemmove is declared without a macro... yes
checking whether wmemset is declared without a macro... yes
checking whether wcslen is declared without a macro... yes
checking whether wcsnlen is declared without a macro... yes
checking whether wcscpy is declared without a macro... yes
checking whether wcpcpy is declared without a macro... yes
checking whether wcsncpy is declared without a macro... yes
checking whether wcpncpy is declared without a macro... yes
checking whether wcscat is declared without a macro... yes
checking whether wcsncat is declared without a macro... yes
checking whether wcscmp is declared without a macro... yes
checking whether wcsncmp is declared without a macro... yes
checking whether wcscasecmp is declared without a macro... yes
checking whether wcsncasecmp is declared without a macro... yes
checking whether wcscoll is declared without a macro... yes
checking whether wcsxfrm is declared without a macro... yes
checking whether wcsdup is declared without a macro... yes
checking whether wcschr is declared without a macro... yes
checking whether wcsrchr is declared without a macro... yes
checking whether wcscspn is declared without a macro... yes
checking whether wcsspn is declared without a macro... yes
checking whether wcspbrk is declared without a macro... yes
checking whether wcsstr is declared without a macro... yes
checking whether wcstok is declared without a macro... yes
checking whether wcswidth is declared without a macro... yes
checking whether mbrtowc handles incomplete characters... (cached) yes
checking whether mbrtowc works as well as mbtowc... (cached) yes
checking whether wcrtomb return value is correct... yes
checking whether iswcntrl works... (cached) yes
checking for towlower... (cached) yes
checking for wctype_t... (cached) yes
checking for wctrans_t... (cached) yes
checking whether wctype is declared without a macro... (cached) yes
checking whether iswctype is declared without a macro... (cached) yes
checking whether wctrans is declared without a macro... (cached) yes
checking whether towctrans is declared without a macro... (cached) yes
checking whether wcwidth is declared... (cached) yes
checking whether wcwidth works reasonably in UTF-8 locales... yes
checking for stdint.h... (cached) yes
checking for a traditional french locale... (cached) fr_FR
checking for a french Unicode locale... (cached) fr_FR.UTF-8
checking for a traditional french locale... (cached) fr_FR
checking for a turkish Unicode locale... tr_TR.UTF-8
checking whether fdopen sets errno... yes
checking for getpagesize... yes
checking whether getpagesize is declared... (cached) yes
checking for a traditional french locale... (cached) fr_FR
checking for a french Unicode locale... (cached) fr_FR.UTF-8
checking for a traditional japanese locale... (cached) ja_JP
checking for a transitional chinese locale... (cached) zh_CN.GB18030
checking for a turkish Unicode locale... (cached) tr_TR.UTF-8
checking for a french Unicode locale... (cached) fr_FR.UTF-8
checking for a traditional french locale... (cached) fr_FR
checking for a french Unicode locale... (cached) fr_FR.UTF-8
checking for a traditional japanese locale... (cached) ja_JP
checking for a transitional chinese locale... (cached) zh_CN.GB18030
checking for a french Unicode locale... (cached) fr_FR.UTF-8
checking for a transitional chinese locale... (cached) zh_CN.GB18030
checking for mmap... (cached) yes
checking for MAP_ANONYMOUS... yes
checking for a traditional french locale... (cached) fr_FR
checking for a french Unicode locale... (cached) fr_FR.UTF-8
checking for putenv compatible with GNU and SVID... yes
checking whether setenv validates arguments... yes
checking for a traditional french locale... (cached) fr_FR
checking for a french Unicode locale... (cached) fr_FR.UTF-8
checking for a traditional japanese locale... (cached) ja_JP
checking for a transitional chinese locale... (cached) zh_CN.GB18030
checking whether sleep is declared... (cached) yes
checking for working sleep... yes
checking for snprintf... (cached) yes
checking whether snprintf respects a size of 1... yes
checking whether printf supports POSIX/XSI format strings with positions... yes
checking for mmap... (cached) yes
checking for MAP_ANONYMOUS... yes
checking whether symlink handles trailing slash correctly... yes
checking for unsetenv... yes
checking for unsetenv() return type... int
checking whether unsetenv obeys POSIX... yes
checking for useconds_t... yes
checking whether usleep allows large arguments... yes
checking for a traditional french locale... (cached) fr_FR
checking for a french Unicode locale... (cached) fr_FR.UTF-8
checking for a traditional japanese locale... (cached) ja_JP
checking for a transitional chinese locale... (cached) zh_CN.GB18030
checking whether wctob works... yes
checking whether wctob is declared... (cached) yes
checking for inline... (cached) inline
checking for variable-length arrays... (cached) yes
checking for pr... /usr/bin/pr
checking for struct stat.st_blksize... yes
checking for struct stat.st_rdev... yes
checking for dirent.h that defines DIR... yes
checking for library containing opendir... none required
checking for sys/wait.h that is POSIX.1 compatible... (cached) yes
checking for pid_t... (cached) yes
checking whether closedir returns void... no
checking vfork.h usability... no
checking vfork.h presence... no
checking for vfork.h... no
checking for fork... yes
checking for vfork... yes
checking for working fork... yes
checking for working vfork... (cached) yes
checking whether NLS is requested... yes
checking for msgfmt... /tools/bin/msgfmt
checking for gmsgfmt... /tools/bin/msgfmt
checking for xgettext... /tools/bin/xgettext
checking for msgmerge... /tools/bin/msgmerge
checking for CFPreferencesCopyAppValue... no
checking for CFLocaleCopyCurrent... no
checking for GNU gettext in libc... yes
checking whether to use NLS... yes
checking where the gettext function comes from... libc
checking that generated files are newer than configure... done
configure: creating ./config.status
config.status: creating Makefile
config.status: creating doc/Makefile
config.status: creating lib/Makefile
config.status: creating src/Makefile
config.status: creating tests/Makefile
config.status: creating gnulib-tests/Makefile
config.status: creating man/Makefile
config.status: creating po/Makefile.in
config.status: creating lib/config.h
config.status: executing depfiles commands
config.status: executing po-directories commands
config.status: creating po/POTFILES
config.status: creating po/Makefile
Making all in lib
make[1]: Entering directory '/sources/diffutils-3.3/lib'
  GEN      alloca.h
  GEN      configmake.h
  GEN      c++defs.h
  GEN      arg-nonnull.h
  GEN      warn-on-use.h
  GEN      unused-parameter.h
  GEN      sys/types.h
  GEN      unistr.h
  GEN      unitypes.h
  GEN      uniwidth.h
  GEN      wchar.h
  GEN      wctype.h
  GEN      fcntl.h
  GEN      iconv.h
  GEN      inttypes.h
  GEN      langinfo.h
  GEN      locale.h
  GEN      signal.h
  GEN      stdio.h
  GEN      string.h
  GEN      stdlib.h
  GEN      strings.h
  GEN      sys/time.h
  GEN      sys/stat.h
  GEN      sys/wait.h
  GEN      time.h
  GEN      unistd.h
make  all-am
make[2]: Entering directory '/sources/diffutils-3.3/lib'
  CC       allocator.o
  CC       areadlink.o
  CC       bitrotate.o
  CC       binary-io.o
  CC       c-ctype.o
  CC       c-stack.o
  CC       c-strcasecmp.o
  CC       c-strncasecmp.o
  CC       careadlinkat.o
  CC       dirname.o
  CC       basename.o
  CC       dirname-lgpl.o
  CC       basename-lgpl.o
  CC       exclude.o
  CC       stripslash.o
  CC       exitfail.o
  CC       fd-hook.o
  CC       file-type.o
  CC       filenamecat.o
  CC       filenamecat-lgpl.o
  CC       freopen-safer.o
  CC       gettime.o
  CC       hard-locale.o
  CC       hash.o
  CC       imaxtostr.o
  CC       inttostr.o
  CC       offtostr.o
  CC       uinttostr.o
  CC       umaxtostr.o
  CC       localcharset.o
  CC       malloca.o
  CC       mbchar.o
  CC       mbiter.o
  CC       mbscasecmp.o
  CC       mbslen.o
  CC       mbsstr.o
  CC       mbuiter.o
  CC       progname.o
  CC       propername.o
  CC       quotearg.o
  CC       sh-quote.o
  CC       sig-handler.o
  CC       stat-time.o
  CC       strftime.o
  CC       striconv.o
  CC       strnlen1.o
  CC       system-quote.o
  CC       tempname.o
  CC       timespec.o
  CC       trim.o
  CC       unistd.o
  CC       u8-mbtoucr.o
  CC       u8-uctomb.o
  CC       u8-uctomb-aux.o
  CC       width.o
  CC       version-etc.o
  CC       version-etc-fsf.o
  CC       wctype-h.o
  CC       xmalloc.o
  CC       xalloc-die.o
  CC       xfreopen.o
  CC       xreadlink.o
  CC       xsize.o
  CC       xstrndup.o
  CC       xstriconv.o
  CC       xstrtol.o
  CC       xstrtol-error.o
  CC       xstrtoul.o
  CC       xstrtoumax.o
  CC       xvasprintf.o
  CC       xasprintf.o
  CC       cmpbuf.o
  CC       prepargs.o
  CC       fcntl.o
  CC       asnprintf.o
  CC       printf-args.o
  CC       printf-parse.o
  CC       regex.o
  CC       vasnprintf.o
  GEN      charset.alias
  GEN      ref-add.sed
  GEN      ref-del.sed
  AR       libdiffutils.a
make[2]: Leaving directory '/sources/diffutils-3.3/lib'
make[1]: Leaving directory '/sources/diffutils-3.3/lib'
Making all in src
make[1]: Entering directory '/sources/diffutils-3.3/src'
  GEN      paths.h
  GEN      version.h
  GEN      version.c
make  all-am
make[2]: Entering directory '/sources/diffutils-3.3/src'
  CC       analyze.o
  CC       context.o
  CC       cmp.o
  CC       version.o
  CC       diff.o
  CC       dir.o
  CC       ed.o
  CC       ifdef.o
  CC       io.o
  CC       normal.o
  CC       side.o
  CC       util.o
  CC       diff3.o
  CC       sdiff.o
  AR       libver.a
  CCLD     cmp
  CCLD     diff
  CCLD     sdiff
  CCLD     diff3
make[2]: Leaving directory '/sources/diffutils-3.3/src'
make[1]: Leaving directory '/sources/diffutils-3.3/src'
Making all in tests
make[1]: Entering directory '/sources/diffutils-3.3/tests'
make[1]: Nothing to be done for 'all'.
make[1]: Leaving directory '/sources/diffutils-3.3/tests'
Making all in doc
make[1]: Entering directory '/sources/diffutils-3.3/doc'
make[1]: Nothing to be done for 'all'.
make[1]: Leaving directory '/sources/diffutils-3.3/doc'
Making all in man
make[1]: Entering directory '/sources/diffutils-3.3/man'
make[1]: Nothing to be done for 'all'.
make[1]: Leaving directory '/sources/diffutils-3.3/man'
Making all in po
make[1]: Entering directory '/sources/diffutils-3.3/po'
make[1]: Nothing to be done for 'all'.
make[1]: Leaving directory '/sources/diffutils-3.3/po'
Making all in gnulib-tests
make[1]: Entering directory '/sources/diffutils-3.3/gnulib-tests'
  GEN      arg-nonnull.h
  GEN      warn-on-use.h
  GEN      unused-parameter.h
  GEN      c++defs.h
make  all-recursive
make[2]: Entering directory '/sources/diffutils-3.3/gnulib-tests'
Making all in .
make[3]: Entering directory '/sources/diffutils-3.3/gnulib-tests'
make[3]: Nothing to be done for 'all-am'.
make[3]: Leaving directory '/sources/diffutils-3.3/gnulib-tests'
make[2]: Leaving directory '/sources/diffutils-3.3/gnulib-tests'
make[1]: Leaving directory '/sources/diffutils-3.3/gnulib-tests'
make[1]: Entering directory '/sources/diffutils-3.3'
make[1]: Nothing to be done for 'all-am'.
make[1]: Leaving directory '/sources/diffutils-3.3'
  GEN      public-submodule-commit
Making check in lib
make[1]: Entering directory '/sources/diffutils-3.3/lib'
make  check-am
make[2]: Entering directory '/sources/diffutils-3.3/lib'
make[2]: Leaving directory '/sources/diffutils-3.3/lib'
make[1]: Leaving directory '/sources/diffutils-3.3/lib'
Making check in src
make[1]: Entering directory '/sources/diffutils-3.3/src'
make  check-am
make[2]: Entering directory '/sources/diffutils-3.3/src'
make[2]: Nothing to be done for 'check-am'.
make[2]: Leaving directory '/sources/diffutils-3.3/src'
make[1]: Leaving directory '/sources/diffutils-3.3/src'
Making check in tests
make[1]: Entering directory '/sources/diffutils-3.3/tests'
make  check-TESTS
make[2]: Entering directory '/sources/diffutils-3.3/tests'
make[3]: Entering directory '/sources/diffutils-3.3/tests'
PASS: binary
PASS: colliding-file-names
PASS: excess-slash
PASS: basic
PASS: function-line-vs-leading-space
PASS: label-vs-func
PASS: new-file
PASS: no-newline-at-eof
PASS: stdin
PASS: no-dereference
PASS: help-version
PASS: filename-quoting
make[4]: Entering directory '/sources/diffutils-3.3/tests'
make[4]: Nothing to be done for 'all'.
make[4]: Leaving directory '/sources/diffutils-3.3/tests'
============================================================================
Testsuite summary for GNU diffutils 3.3
============================================================================
# TOTAL: 12
# PASS:  12
# SKIP:  0
# XFAIL: 0
# FAIL:  0
# XPASS: 0
# ERROR: 0
============================================================================
make[3]: Leaving directory '/sources/diffutils-3.3/tests'
make[2]: Leaving directory '/sources/diffutils-3.3/tests'
make[1]: Leaving directory '/sources/diffutils-3.3/tests'
Making check in doc
make[1]: Entering directory '/sources/diffutils-3.3/doc'
make[1]: Nothing to be done for 'check'.
make[1]: Leaving directory '/sources/diffutils-3.3/doc'
Making check in man
make[1]: Entering directory '/sources/diffutils-3.3/man'
make[1]: Nothing to be done for 'check'.
make[1]: Leaving directory '/sources/diffutils-3.3/man'
Making check in po
make[1]: Entering directory '/sources/diffutils-3.3/po'
make[1]: Nothing to be done for 'check'.
make[1]: Leaving directory '/sources/diffutils-3.3/po'
Making check in gnulib-tests
make[1]: Entering directory '/sources/diffutils-3.3/gnulib-tests'
make  check-recursive
make[2]: Entering directory '/sources/diffutils-3.3/gnulib-tests'
Making check in .
make[3]: Entering directory '/sources/diffutils-3.3/gnulib-tests'
make  libtests.a test-alloca-opt test-areadlink test-argmatch test-binary-io test-bitrotate test-btowc test-c-ctype test-c-stack test-c-strcasecmp test-c-strncasecmp test-close test-dirname test-dup2 test-environ test-errno test-exclude test-fcntl-h test-fcntl test-fdopen test-fgetc test-filenamecat test-float test-fnmatch test-fputc test-fread test-freopen-safer test-freopen test-fstat test-fwrite test-getcwd-lgpl test-getdtablesize test-getopt test-gettimeofday test-hash test-iconv-h test-iconv test-ignore-value test-intprops test-inttostr test-inttypes test-iswblank test-langinfo test-locale test-localeconv test-lstat test-malloc-gnu test-malloca test-mbrtowc test-mbrtowc-w32 test-mbscasecmp test-mbsinit test-mbsrtowcs test-mbsstr1 test-mbsstr2 test-mbsstr3 test-memchr test-nl_langinfo test-open test-pathmax test-quotearg-simple test-raise test-readlink test-regex test-setenv test-setlocale1 test-setlocale2 test-sh-quote test-sigaction test-signal-h test-sigprocmask test-sleep test-snprintf test-stat test-stat-time test-stdbool test-stddef test-stdint test-stdio test-stdlib test-strerror test-strftime test-striconv test-string test-strings test-strnlen test-strtoull test-strtoumax test-symlink test-sys_stat test-sys_time test-sys_types test-sys_wait test-time test-unistd test-u8-mbtoucr test-u8-uctomb test-uc_width test-uc_width2 test-unsetenv test-usleep test-vasnprintf test-vasprintf test-verify test-version-etc test-wchar test-wcrtomb test-wcrtomb-w32 test-wctype-h test-wcwidth test-xalloc-die test-xstrtol test-xstrtoul test-xstrtoumax test-xvasprintf
make[4]: Entering directory '/sources/diffutils-3.3/gnulib-tests'
  CC       hash-pjw.o
  CC       argmatch.o
  CC       test-alloca-opt.o
  CC       test-areadlink.o
  CC       test-argmatch.o
  CC       test-binary-io.o
  CC       test-bitrotate.o
  CC       test-btowc.o
  CC       test-c-ctype.o
  CC       test-c-stack.o
  CC       test-c-strcasecmp.o
  CC       test-close.o
  CC       test-c-strncasecmp.o
  CC       test-dirname.o
  CC       test-dup2.o
  CC       test-environ.o
  CC       test-errno.o
  CC       test-exclude.o
  CC       test-fcntl-h.o
  CC       test-fcntl.o
  CC       test-fdopen.o
  CC       test-fgetc.o
  CC       test-filenamecat.o
  CC       test-float.o
  CC       test-fnmatch.o
  CC       test-fputc.o
  CC       test-fread.o
  CC       test-freopen-safer.o
  CC       test-freopen.o
  CC       test-getcwd-lgpl.o
  CC       test-fstat.o
  CC       test-fwrite.o
  CC       test-getopt.o
  CC       test-getdtablesize.o
  CC       test-gettimeofday.o
  CC       test-hash.o
  CC       test-iconv.o
  CC       test-iconv-h.o
  CC       test-ignore-value.o
  CC       test-intprops.o
  CC       test-inttostr.o
  CC       test-inttypes.o
  CC       test-locale.o
  CC       test-iswblank.o
  CC       test-langinfo.o
  CC       test-malloc-gnu.o
  CC       test-localeconv.o
  CC       test-lstat.o
  CC       test-malloca.o
  CC       test-mbrtowc.o
  CC       test-mbrtowc-w32.o
  CC       test-mbscasecmp.o
  CC       test-mbsinit.o
  CC       test-mbsrtowcs.o
  CC       test-mbsstr1.o
  CC       test-mbsstr2.o
  CC       test-mbsstr3.o
  CC       test-memchr.o
  CC       test-nl_langinfo.o
  CC       test-open.o
  CC       test-pathmax.o
  CC       test-quotearg-simple.o
  CC       test-raise.o
  CC       test-readlink.o
  CC       test-regex.o
  CC       test-setenv.o
  CC       test-setlocale1.o
  CC       test-setlocale2.o
  CC       test-sigaction.o
  CC       test-sh-quote.o
  CC       test-sleep.o
  CC       test-signal-h.o
  CC       test-sigprocmask.o
  CC       test-snprintf.o
  CC       test-stat-time.o
  CC       test-stat.o
  CC       test-stdbool.o
  CC       test-stddef.o
  CC       test-stdint.o
  CC       test-stdio.o
  CC       test-stdlib.o
  CC       test-strerror.o
  CC       test-strftime.o
  CC       test-striconv.o
  CC       test-string.o
  CC       test-strings.o
  CC       test-strnlen.o
  CC       test-strtoull.o
  CC       test-strtoumax.o
  CC       test-symlink.o
  CC       test-sys_stat.o
  CC       test-sys_time.o
  CC       test-sys_types.o
  CC       test-sys_wait.o
  CC       test-time.o
  CC       test-unistd.o
  CC       test-usleep.o
  CC       test-unsetenv.o
  CC       test-vasnprintf.o
  CC       test-vasprintf.o
  CC       test-verify.o
  CC       test-version-etc.o
  CC       test-wchar.o
  CC       test-wcrtomb.o
  CC       test-wcrtomb-w32.o
  CC       test-wctype-h.o
  CC       test-wcwidth.o
  CC       test-xalloc-die.o
  CC       test-xstrtol.o
  CC       test-xstrtoul.o
  CC       test-xstrtoumax.o
  CC       test-xvasprintf.o
  AR       libtests.a
  CC       unistr/test-u8-mbtoucr.o
  CC       unistr/test-u8-uctomb.o
  CC       uniwidth/test-uc_width.o
  CC       uniwidth/test-uc_width2.o
  CCLD     test-unsetenv
  CCLD     test-usleep
  CCLD     test-vasnprintf
  CCLD     test-vasprintf
  CCLD     test-verify
  CCLD     test-version-etc
  CCLD     test-wchar
  CCLD     test-wcrtomb
  CCLD     test-wctype-h
  CCLD     test-wcrtomb-w32
  CCLD     test-wcwidth
  CCLD     test-xalloc-die
  CCLD     test-xstrtol
  CCLD     test-xstrtoul
  CCLD     test-xstrtoumax
  CCLD     test-xvasprintf
  CCLD     test-alloca-opt
  CCLD     test-areadlink
  CCLD     test-argmatch
  CCLD     test-binary-io
  CCLD     test-bitrotate
  CCLD     test-btowc
  CCLD     test-c-ctype
  CCLD     test-c-stack
  CCLD     test-c-strcasecmp
  CCLD     test-c-strncasecmp
  CCLD     test-close
  CCLD     test-dirname
  CCLD     test-dup2
  CCLD     test-environ
  CCLD     test-errno
  CCLD     test-exclude
  CCLD     test-fcntl-h
  CCLD     test-fcntl
  CCLD     test-fdopen
  CCLD     test-fgetc
  CCLD     test-filenamecat
  CCLD     test-float
  CCLD     test-fnmatch
  CCLD     test-fputc
  CCLD     test-fread
  CCLD     test-freopen
  CCLD     test-freopen-safer
  CCLD     test-fstat
  CCLD     test-fwrite
  CCLD     test-getcwd-lgpl
  CCLD     test-getdtablesize
  CCLD     test-gettimeofday
  CCLD     test-hash
  CCLD     test-iconv-h
  CCLD     test-iconv
  CCLD     test-ignore-value
  CCLD     test-intprops
  CCLD     test-inttostr
  CCLD     test-inttypes
  CCLD     test-iswblank
  CCLD     test-langinfo
  CCLD     test-localeconv
  CCLD     test-locale
  CCLD     test-lstat
  CCLD     test-malloc-gnu
  CCLD     test-malloca
  CCLD     test-mbrtowc
  CCLD     test-mbrtowc-w32
  CCLD     test-mbscasecmp
  CCLD     test-mbsinit
  CCLD     test-mbsrtowcs
  CCLD     test-mbsstr1
  CCLD     test-mbsstr2
  CCLD     test-mbsstr3
  CCLD     test-memchr
  CCLD     test-nl_langinfo
  CCLD     test-open
  CCLD     test-pathmax
  CCLD     test-quotearg-simple
  CCLD     test-raise
  CCLD     test-readlink
  CCLD     test-setenv
  CCLD     test-regex
  CCLD     test-setlocale1
  CCLD     test-sh-quote
  CCLD     test-setlocale2
  CCLD     test-sigaction
  CCLD     test-signal-h
  CCLD     test-sigprocmask
  CCLD     test-sleep
  CCLD     test-snprintf
  CCLD     test-stat
  CCLD     test-stat-time
  CCLD     test-stdbool
  CCLD     test-stddef
  CCLD     test-stdint
  CCLD     test-stdio
  CCLD     test-stdlib
  CCLD     test-strerror
  CCLD     test-strftime
  CCLD     test-striconv
  CCLD     test-string
  CCLD     test-strings
  CCLD     test-strnlen
  CCLD     test-strtoumax
  CCLD     test-strtoull
  CCLD     test-symlink
  CCLD     test-sys_stat
  CCLD     test-sys_types
  CCLD     test-sys_time
  CCLD     test-sys_wait
  CCLD     test-time
  CCLD     test-unistd
  CCLD     test-u8-mbtoucr
  CCLD     test-u8-uctomb
  CCLD     test-uc_width
  CCLD     test-uc_width2
  CCLD     test-getopt
make[4]: Leaving directory '/sources/diffutils-3.3/gnulib-tests'
make  check-TESTS
make[4]: Entering directory '/sources/diffutils-3.3/gnulib-tests'
make[5]: Entering directory '/sources/diffutils-3.3/gnulib-tests'
PASS: test-alloca-opt
PASS: test-argmatch
PASS: test-areadlink
PASS: test-binary-io.sh
PASS: test-c-ctype
PASS: test-bitrotate
PASS: test-btowc2.sh
PASS: test-btowc1.sh
PASS: test-c-stack.sh
PASS: test-close
SKIP: test-c-stack2.sh
PASS: test-c-strcase.sh
PASS: test-dirname
PASS: test-dup2
PASS: test-environ
PASS: test-errno
PASS: test-exclude2.sh
PASS: test-exclude4.sh
PASS: test-exclude1.sh
PASS: test-exclude3.sh
PASS: test-exclude8.sh
PASS: test-exclude5.sh
PASS: test-exclude6.sh
PASS: test-fcntl-h
PASS: test-fcntl
PASS: test-exclude7.sh
PASS: test-fdopen
PASS: test-fgetc
PASS: test-filenamecat
PASS: test-float
PASS: test-fnmatch
PASS: test-fputc
PASS: test-freopen-safer
PASS: test-freopen
PASS: test-fread
PASS: test-fstat
PASS: test-getcwd-lgpl
PASS: test-getdtablesize
PASS: test-fwrite
PASS: test-getopt
PASS: test-gettimeofday
PASS: test-iconv-h
PASS: test-iconv
PASS: test-ignore-value
PASS: test-inttostr
PASS: test-inttypes
PASS: test-intprops
PASS: test-iswblank
PASS: test-langinfo
PASS: test-locale
PASS: test-localeconv
PASS: test-malloc-gnu
PASS: test-lstat
PASS: test-mbrtowc1.sh
PASS: test-mbrtowc2.sh
PASS: test-mbrtowc3.sh
PASS: test-malloca
PASS: test-mbrtowc4.sh
SKIP: test-mbrtowc-w32-1.sh
SKIP: test-mbrtowc-w32-2.sh
SKIP: test-mbrtowc-w32-3.sh
SKIP: test-mbrtowc-w32-4.sh
SKIP: test-mbrtowc-w32-5.sh
PASS: test-mbscasecmp.sh
PASS: test-mbsinit.sh
PASS: test-mbsrtowcs1.sh
PASS: test-mbsrtowcs2.sh
PASS: test-mbsrtowcs3.sh
PASS: test-mbsrtowcs4.sh
PASS: test-mbsstr1
PASS: test-mbsstr3.sh
PASS: test-nl_langinfo.sh
PASS: test-open
PASS: test-pathmax
PASS: test-quotearg-simple
PASS: test-raise
PASS: test-readlink
PASS: test-regex
PASS: test-setenv
PASS: test-setlocale1.sh
PASS: test-mbsstr2.sh
PASS: test-sh-quote
PASS: test-sigaction
PASS: test-setlocale2.sh
PASS: test-signal-h
PASS: test-memchr
PASS: test-snprintf
PASS: test-stat
PASS: test-stat-time
PASS: test-stdbool
PASS: test-stddef
PASS: test-stdint
PASS: test-stdio
PASS: test-stdlib
PASS: test-hash
PASS: test-strerror
PASS: test-strftime
PASS: test-striconv
PASS: test-string
PASS: test-strings
PASS: test-strnlen
PASS: test-strtoull
PASS: test-strtoumax
PASS: test-symlink
PASS: test-sys_stat
PASS: test-sys_time
PASS: test-sys_types
PASS: test-sys_wait
PASS: test-time
PASS: test-unistd
PASS: test-u8-mbtoucr
PASS: test-u8-uctomb
PASS: test-uc_width
PASS: test-init.sh
PASS: test-unsetenv
PASS: uniwidth/test-uc_width2.sh
PASS: test-update-copyright.sh
PASS: test-vasnprintf
PASS: test-vasprintf
SKIP: test-vc-list-files-git.sh
SKIP: test-vc-list-files-cvs.sh
PASS: test-verify
PASS: test-verify.sh
PASS: test-version-etc.sh
PASS: test-wchar
PASS: test-wcrtomb.sh
SKIP: test-wcrtomb-w32-1.sh
SKIP: test-wcrtomb-w32-2.sh
SKIP: test-wcrtomb-w32-3.sh
SKIP: test-wcrtomb-w32-4.sh
SKIP: test-wcrtomb-w32-5.sh
PASS: test-wctype-h
PASS: test-wcwidth
PASS: test-xalloc-die.sh
PASS: test-xstrtol.sh
PASS: test-xstrtoumax.sh
PASS: test-xvasprintf
PASS: test-usleep
PASS: test-sigprocmask
PASS: test-sleep
make[6]: Entering directory '/sources/diffutils-3.3/gnulib-tests'
make  all-recursive
make[7]: Entering directory '/sources/diffutils-3.3/gnulib-tests'
Making all in .
make[8]: Entering directory '/sources/diffutils-3.3/gnulib-tests'
make[8]: Nothing to be done for 'all-am'.
make[8]: Leaving directory '/sources/diffutils-3.3/gnulib-tests'
make[7]: Leaving directory '/sources/diffutils-3.3/gnulib-tests'
make[6]: Leaving directory '/sources/diffutils-3.3/gnulib-tests'
============================================================================
Testsuite summary for GNU diffutils 3.3
============================================================================
# TOTAL: 140
# PASS:  127
# SKIP:  13
# XFAIL: 0
# FAIL:  0
# XPASS: 0
# ERROR: 0
============================================================================
make[5]: Leaving directory '/sources/diffutils-3.3/gnulib-tests'
make[4]: Leaving directory '/sources/diffutils-3.3/gnulib-tests'
make[3]: Leaving directory '/sources/diffutils-3.3/gnulib-tests'
make[2]: Leaving directory '/sources/diffutils-3.3/gnulib-tests'
make[1]: Leaving directory '/sources/diffutils-3.3/gnulib-tests'
make[1]: Entering directory '/sources/diffutils-3.3'
make[1]: Nothing to be done for 'check-am'.
make[1]: Leaving directory '/sources/diffutils-3.3'
Making install in lib
make[1]: Entering directory '/sources/diffutils-3.3/lib'
make  install-am
make[2]: Entering directory '/sources/diffutils-3.3/lib'
make[3]: Entering directory '/sources/diffutils-3.3/lib'
if test yes = no; then \
  case 'linux-gnu' in \
    darwin[56]*) \
      need_charset_alias=true ;; \
    darwin* | cygwin* | mingw* | pw32* | cegcc*) \
      need_charset_alias=false ;; \
    *) \
      need_charset_alias=true ;; \
  esac ; \
else \
  need_charset_alias=false ; \
fi ; \
if $need_charset_alias; then \
  /bin/sh /sources/diffutils-3.3/build-aux/install-sh -d /usr/lib ; \
fi ; \
if test -f /usr/lib/charset.alias; then \
  sed -f ref-add.sed /usr/lib/charset.alias > /usr/lib/charset.tmp ; \
  /usr/bin/install -c -m 644 /usr/lib/charset.tmp /usr/lib/charset.alias ; \
  rm -f /usr/lib/charset.tmp ; \
else \
  if $need_charset_alias; then \
    sed -f ref-add.sed charset.alias > /usr/lib/charset.tmp ; \
    /usr/bin/install -c -m 644 /usr/lib/charset.tmp /usr/lib/charset.alias ; \
    rm -f /usr/lib/charset.tmp ; \
  fi ; \
fi
make[3]: Nothing to be done for 'install-data-am'.
make[3]: Leaving directory '/sources/diffutils-3.3/lib'
make[2]: Leaving directory '/sources/diffutils-3.3/lib'
make[1]: Leaving directory '/sources/diffutils-3.3/lib'
Making install in src
make[1]: Entering directory '/sources/diffutils-3.3/src'
make  install-am
make[2]: Entering directory '/sources/diffutils-3.3/src'
make[3]: Entering directory '/sources/diffutils-3.3/src'
 /bin/mkdir -p '/usr/bin'
  /usr/bin/install -c cmp diff diff3 sdiff '/usr/bin'
make[3]: Nothing to be done for 'install-data-am'.
make[3]: Leaving directory '/sources/diffutils-3.3/src'
make[2]: Leaving directory '/sources/diffutils-3.3/src'
make[1]: Leaving directory '/sources/diffutils-3.3/src'
Making install in tests
make[1]: Entering directory '/sources/diffutils-3.3/tests'
make[2]: Entering directory '/sources/diffutils-3.3/tests'
make[2]: Nothing to be done for 'install-exec-am'.
make[2]: Nothing to be done for 'install-data-am'.
make[2]: Leaving directory '/sources/diffutils-3.3/tests'
make[1]: Leaving directory '/sources/diffutils-3.3/tests'
Making install in doc
make[1]: Entering directory '/sources/diffutils-3.3/doc'
make[2]: Entering directory '/sources/diffutils-3.3/doc'
make[2]: Nothing to be done for 'install-exec-am'.
 /bin/mkdir -p '/usr/share/info'
 /usr/bin/install -c -m 644 ./diffutils.info '/usr/share/info'
 install-info --info-dir='/usr/share/info' '/usr/share/info/diffutils.info'
make[2]: Leaving directory '/sources/diffutils-3.3/doc'
make[1]: Leaving directory '/sources/diffutils-3.3/doc'
Making install in man
make[1]: Entering directory '/sources/diffutils-3.3/man'
make[2]: Entering directory '/sources/diffutils-3.3/man'
make[2]: Nothing to be done for 'install-exec-am'.
 /bin/mkdir -p '/usr/share/man/man1'
 /usr/bin/install -c -m 644 cmp.1 diff.1 diff3.1 sdiff.1 '/usr/share/man/man1'
make[2]: Leaving directory '/sources/diffutils-3.3/man'
make[1]: Leaving directory '/sources/diffutils-3.3/man'
Making install in po
make[1]: Entering directory '/sources/diffutils-3.3/po'
installing ca.gmo as /usr/share/locale/ca/LC_MESSAGES/diffutils.mo
installing cs.gmo as /usr/share/locale/cs/LC_MESSAGES/diffutils.mo
installing da.gmo as /usr/share/locale/da/LC_MESSAGES/diffutils.mo
installing de.gmo as /usr/share/locale/de/LC_MESSAGES/diffutils.mo
installing el.gmo as /usr/share/locale/el/LC_MESSAGES/diffutils.mo
installing eo.gmo as /usr/share/locale/eo/LC_MESSAGES/diffutils.mo
installing es.gmo as /usr/share/locale/es/LC_MESSAGES/diffutils.mo
installing fi.gmo as /usr/share/locale/fi/LC_MESSAGES/diffutils.mo
installing fr.gmo as /usr/share/locale/fr/LC_MESSAGES/diffutils.mo
installing ga.gmo as /usr/share/locale/ga/LC_MESSAGES/diffutils.mo
installing gl.gmo as /usr/share/locale/gl/LC_MESSAGES/diffutils.mo
installing he.gmo as /usr/share/locale/he/LC_MESSAGES/diffutils.mo
installing hr.gmo as /usr/share/locale/hr/LC_MESSAGES/diffutils.mo
installing hu.gmo as /usr/share/locale/hu/LC_MESSAGES/diffutils.mo
installing id.gmo as /usr/share/locale/id/LC_MESSAGES/diffutils.mo
installing it.gmo as /usr/share/locale/it/LC_MESSAGES/diffutils.mo
installing ja.gmo as /usr/share/locale/ja/LC_MESSAGES/diffutils.mo
installing lv.gmo as /usr/share/locale/lv/LC_MESSAGES/diffutils.mo
installing ms.gmo as /usr/share/locale/ms/LC_MESSAGES/diffutils.mo
installing nl.gmo as /usr/share/locale/nl/LC_MESSAGES/diffutils.mo
installing pl.gmo as /usr/share/locale/pl/LC_MESSAGES/diffutils.mo
installing pt_BR.gmo as /usr/share/locale/pt_BR/LC_MESSAGES/diffutils.mo
installing ro.gmo as /usr/share/locale/ro/LC_MESSAGES/diffutils.mo
installing ru.gmo as /usr/share/locale/ru/LC_MESSAGES/diffutils.mo
installing sr.gmo as /usr/share/locale/sr/LC_MESSAGES/diffutils.mo
installing sv.gmo as /usr/share/locale/sv/LC_MESSAGES/diffutils.mo
installing tr.gmo as /usr/share/locale/tr/LC_MESSAGES/diffutils.mo
installing uk.gmo as /usr/share/locale/uk/LC_MESSAGES/diffutils.mo
installing vi.gmo as /usr/share/locale/vi/LC_MESSAGES/diffutils.mo
installing zh_CN.gmo as /usr/share/locale/zh_CN/LC_MESSAGES/diffutils.mo
installing zh_TW.gmo as /usr/share/locale/zh_TW/LC_MESSAGES/diffutils.mo
if test "diffutils" = "gettext-tools"; then \
  /bin/mkdir -p /usr/share/gettext/po; \
  for file in Makefile.in.in remove-potcdate.sin quot.sed boldquot.sed en@quot.header en@boldquot.header insert-header.sin Rules-quot   Makevars.template; do \
    /usr/bin/install -c -m 644 ./$file \
		    /usr/share/gettext/po/$file; \
  done; \
  for file in Makevars; do \
    rm -f /usr/share/gettext/po/$file; \
  done; \
else \
  : ; \
fi
make[1]: Leaving directory '/sources/diffutils-3.3/po'
Making install in gnulib-tests
make[1]: Entering directory '/sources/diffutils-3.3/gnulib-tests'
make  install-recursive
make[2]: Entering directory '/sources/diffutils-3.3/gnulib-tests'
Making install in .
make[3]: Entering directory '/sources/diffutils-3.3/gnulib-tests'
make[4]: Entering directory '/sources/diffutils-3.3/gnulib-tests'
make[4]: Nothing to be done for 'install-exec-am'.
make[4]: Nothing to be done for 'install-data-am'.
make[4]: Leaving directory '/sources/diffutils-3.3/gnulib-tests'
make[3]: Leaving directory '/sources/diffutils-3.3/gnulib-tests'
make[2]: Leaving directory '/sources/diffutils-3.3/gnulib-tests'
make[1]: Leaving directory '/sources/diffutils-3.3/gnulib-tests'
make[1]: Entering directory '/sources/diffutils-3.3'
make[2]: Entering directory '/sources/diffutils-3.3'
make[2]: Nothing to be done for 'install-exec-am'.
make[2]: Nothing to be done for 'install-data-am'.
make[2]: Leaving directory '/sources/diffutils-3.3'
make[1]: Leaving directory '/sources/diffutils-3.3'

real	0m41.758s
user	0m45.736s
sys	0m7.592s
