configure: loading cache config.cache
checking for gcc... gcc
checking whether the C compiler works... yes
checking for C compiler default output file name... a.out
checking for suffix of executables... 
checking whether we are cross compiling... no
checking for suffix of object files... o
checking whether we are using the GNU C compiler... yes
checking whether gcc accepts -g... yes
checking for gcc option to accept ISO C89... none needed
checking how to run the C preprocessor... gcc -E
checking for grep that handles long lines and -e... /bin/grep
checking for egrep... /bin/grep -E
checking for ANSI C header files... yes
checking for sys/types.h... yes
checking for sys/stat.h... yes
checking for stdlib.h... yes
checking for string.h... yes
checking for memory.h... yes
checking for strings.h... yes
checking for inttypes.h... yes
checking for stdint.h... yes
checking for unistd.h... yes
checking minix/config.h usability... no
checking minix/config.h presence... no
checking for minix/config.h... no
checking whether it is safe to define __EXTENSIONS__... yes
checking for special C compiler options needed for large files... no
checking for _FILE_OFFSET_BITS value needed for large files... no
checking for a BSD-compatible install... /usr/bin/install -c
checking whether build environment is sane... yes
checking for a thread-safe mkdir -p... /bin/mkdir -p
checking for gawk... gawk
checking whether make sets $(MAKE)... yes
checking for style of include used by make... GNU
checking whether make supports nested variables... yes
checking how to create a pax tar archive... gnutar
checking dependency style of gcc... gcc3
checking whether make supports nested variables... (cached) yes
checking build system type... x86_64-unknown-linux-gnu
checking host system type... x86_64-unknown-linux-gnu
checking how to print strings... printf
checking for a sed that does not truncate output... /bin/sed
checking for fgrep... /bin/grep -F
checking for ld used by gcc... /usr/bin/ld
checking if the linker (/usr/bin/ld) is GNU ld... yes
checking for BSD- or MS-compatible name lister (nm)... /usr/bin/nm -B
checking the name lister (/usr/bin/nm -B) interface... BSD nm
checking whether ln -s works... yes
checking the maximum length of command line arguments... 1572864
checking whether the shell understands some XSI constructs... yes
checking whether the shell understands "+="... yes
checking how to convert x86_64-unknown-linux-gnu file names to x86_64-unknown-linux-gnu format... func_convert_file_noop
checking how to convert x86_64-unknown-linux-gnu file names to toolchain format... func_convert_file_noop
checking for /usr/bin/ld option to reload object files... -r
checking for objdump... objdump
checking how to recognize dependent libraries... pass_all
checking for dlltool... no
checking how to associate runtime and link libraries... printf %s\n
checking for ar... ar
checking for archiver @FILE support... @
checking for strip... strip
checking for ranlib... ranlib
checking command to parse /usr/bin/nm -B output from gcc object... ok
checking for sysroot... no
checking for mt... no
checking if : is a manifest tool... no
checking for dlfcn.h... yes
checking for objdir... .libs
checking if gcc supports -fno-rtti -fno-exceptions... no
checking for gcc option to produce PIC... -fPIC -DPIC
checking if gcc PIC flag -fPIC -DPIC works... yes
checking if gcc static flag -static works... yes
checking if gcc supports -c -o file.o... yes
checking if gcc supports -c -o file.o... (cached) yes
checking whether the gcc linker (/usr/bin/ld -m elf_x86_64) supports shared libraries... yes
checking whether -lc should be explicitly linked in... no
checking dynamic linker characteristics... GNU/Linux ld.so
checking how to hardcode library paths into programs... immediate
checking whether stripping libraries is possible... yes
checking if libtool supports shared libraries... yes
checking whether to build shared libraries... yes
checking whether to build static libraries... no
checking whether NLS is requested... yes
checking for intltool >= 0.40.0... 0.50.2 found
checking for intltool-update... /usr/bin/intltool-update
checking for intltool-merge... /usr/bin/intltool-merge
checking for intltool-extract... /usr/bin/intltool-extract
checking for xgettext... /usr/bin/xgettext
checking for msgmerge... /usr/bin/msgmerge
checking for msgfmt... /usr/bin/msgfmt
checking for gmsgfmt... /usr/bin/msgfmt
checking for perl... /usr/bin/perl
checking for perl >= 5.8.1... 5.18.2
checking for XML::Parser... ok
checking whether ln -s works... yes
checking for a sed that does not truncate output... (cached) /bin/sed
checking for grep that handles long lines and -e... (cached) /bin/grep
checking for gawk... (cached) gawk
checking for gcc... (cached) gcc
checking whether we are using the GNU C compiler... (cached) yes
checking whether gcc accepts -g... (cached) yes
checking for gcc option to accept ISO C89... (cached) none needed
checking for gcc option to accept ISO C99... -std=gnu99
checking whether gcc -std=gnu99 and cc understand -c and -o together... yes
checking whether gcc -std=gnu99 needs -traditional... no
checking for m4... /usr/bin/m4
checking for xsltproc... no
checking for quotaon... /usr/sbin/quotaon
checking for quotacheck... /usr/sbin/quotacheck
checking for setcap... /usr/sbin/setcap
checking for kill... /bin/kill
checking for kmod... /bin/kmod
checking for kexec... /usr/sbin/kexec
checking for pkg-config... /usr/bin/pkg-config
checking pkg-config is at least version 0.9.0... yes
checking for gtkdoc-check... no
checking for gtkdoc-rebase... no
checking for gtkdoc-mkpdf... no
checking whether to build gtk-doc documentation... no
checking for gobject-introspection... no
checking for objcopy... objcopy
checking for strings... strings
checking for gperf... gperf
checking if gcc -std=gnu99 supports flag -pipe in envvar CFLAGS... yes
checking if gcc -std=gnu99 supports flag -Wall in envvar CFLAGS... yes
checking if gcc -std=gnu99 supports flag -Wextra in envvar CFLAGS... yes
checking if gcc -std=gnu99 supports flag -Wno-inline in envvar CFLAGS... yes
checking if gcc -std=gnu99 supports flag -Wundef in envvar CFLAGS... yes
checking if gcc -std=gnu99 supports flag -Wformat=2 -Wformat-security -Wformat-nonliteral in envvar CFLAGS... yes
checking if gcc -std=gnu99 supports flag -Wlogical-op in envvar CFLAGS... yes
checking if gcc -std=gnu99 supports flag -Wsign-compare in envvar CFLAGS... yes
checking if gcc -std=gnu99 supports flag -Wmissing-include-dirs in envvar CFLAGS... yes
checking if gcc -std=gnu99 supports flag -Wold-style-definition in envvar CFLAGS... yes
checking if gcc -std=gnu99 supports flag -Wpointer-arith in envvar CFLAGS... yes
checking if gcc -std=gnu99 supports flag -Winit-self in envvar CFLAGS... yes
checking if gcc -std=gnu99 supports flag -Wdeclaration-after-statement in envvar CFLAGS... yes
checking if gcc -std=gnu99 supports flag -Wfloat-equal in envvar CFLAGS... yes
checking if gcc -std=gnu99 supports flag -Wmissing-prototypes in envvar CFLAGS... yes
checking if gcc -std=gnu99 supports flag -Wstrict-prototypes in envvar CFLAGS... yes
checking if gcc -std=gnu99 supports flag -Wredundant-decls in envvar CFLAGS... yes
checking if gcc -std=gnu99 supports flag -Wmissing-declarations in envvar CFLAGS... yes
checking if gcc -std=gnu99 supports flag -Wmissing-noreturn in envvar CFLAGS... yes
checking if gcc -std=gnu99 supports flag -Wshadow in envvar CFLAGS... yes
checking if gcc -std=gnu99 supports flag -Wendif-labels in envvar CFLAGS... yes
checking if gcc -std=gnu99 supports flag -Wcast-align in envvar CFLAGS... yes
checking if gcc -std=gnu99 supports flag -Wstrict-aliasing=2 in envvar CFLAGS... yes
checking if gcc -std=gnu99 supports flag -Wwrite-strings in envvar CFLAGS... yes
checking if gcc -std=gnu99 supports flag -Wno-long-long in envvar CFLAGS... yes
checking if gcc -std=gnu99 supports flag -Wno-overlength-strings in envvar CFLAGS... yes
checking if gcc -std=gnu99 supports flag -Wno-unused-parameter in envvar CFLAGS... yes
checking if gcc -std=gnu99 supports flag -Wno-missing-field-initializers in envvar CFLAGS... yes
checking if gcc -std=gnu99 supports flag -Wno-unused-result in envvar CFLAGS... yes
checking if gcc -std=gnu99 supports flag -Werror=overflow in envvar CFLAGS... yes
checking if gcc -std=gnu99 supports flag -ffast-math in envvar CFLAGS... yes
checking if gcc -std=gnu99 supports flag -fno-common in envvar CFLAGS... yes
checking if gcc -std=gnu99 supports flag -fdiagnostics-show-option in envvar CFLAGS... yes
checking if gcc -std=gnu99 supports flag -fdiagnostics-color in envvar CFLAGS... no
checking if gcc -std=gnu99 supports flag -fno-strict-aliasing in envvar CFLAGS... yes
checking if gcc -std=gnu99 supports flag -fvisibility=hidden in envvar CFLAGS... yes
checking if gcc -std=gnu99 supports flag -ffunction-sections in envvar CFLAGS... yes
checking if gcc -std=gnu99 supports flag -fdata-sections in envvar CFLAGS... yes
checking if gcc -std=gnu99 supports flag -fstack-protector in envvar CFLAGS... yes
checking if gcc -std=gnu99 supports flag --param=ssp-buffer-size=4 in envvar CFLAGS... yes
checking if gcc -std=gnu99 supports flag -Wp,-D_FORTIFY_SOURCE=2 in envvar CPPFLAGS... yes
checking if gcc -std=gnu99 supports flag -Wl,--as-needed in envvar LDFLAGS... yes
checking if gcc -std=gnu99 supports flag -Wl,--no-undefined in envvar LDFLAGS... yes
checking if gcc -std=gnu99 supports flag -Wl,--gc-sections in envvar LDFLAGS... yes
checking if gcc -std=gnu99 supports flag -Wl,-z,relro in envvar LDFLAGS... yes
checking if gcc -std=gnu99 supports flag -Wl,-z,now in envvar LDFLAGS... yes
checking for library containing dlsym... -ldl
checking sys/capability.h usability... yes
checking sys/capability.h presence... yes
checking for sys/capability.h... yes
checking linux/btrfs.h usability... yes
checking linux/btrfs.h presence... yes
checking for linux/btrfs.h... yes
checking for library containing clock_gettime... none required
checking for library containing cap_init... -lcap
checking for library containing mq_open... -lrt
checking for fanotify_init... yes
checking for fanotify_mark... yes
checking for __secure_getenv... no
checking for secure_getenv... yes
checking whether gettid is declared... no
checking whether pivot_root is declared... no
checking whether name_to_handle_at is declared... yes
checking for DBUS... yes
checking for KMOD... yes
checking for BLKID... yes
checking for chkconfig... no
checking for SELINUX... no
checking for XZ... yes
checking for tcpwrap library and headers... no
checking security/pam_modules.h usability... no
checking security/pam_modules.h presence... no
checking for security/pam_modules.h... no
checking security/pam_modutil.h usability... no
checking security/pam_modutil.h presence... no
checking for security/pam_modutil.h... no
checking security/pam_ext.h usability... no
checking security/pam_ext.h presence... no
checking for security/pam_ext.h... no
checking for pam_syslog in -lpam... no
checking sys/acl.h usability... yes
checking sys/acl.h presence... yes
checking for sys/acl.h... yes
checking acl/libacl.h usability... yes
checking acl/libacl.h presence... yes
checking for acl/libacl.h... yes
checking for acl_get_file in -lacl... yes
checking attr/xattr.h usability... yes
checking attr/xattr.h presence... yes
checking for attr/xattr.h... yes
checking for fsetxattr in -lattr... yes
checking for libgcrypt-config... no
checking for LIBGCRYPT - version >= 1.4.5... no
checking libaudit.h usability... no
checking libaudit.h presence... no
checking for libaudit.h... no
checking for audit_open in -laudit... no
checking for LIBCRYPTSETUP... no
checking for QRENCODE... no
checking for MICROHTTPD... no
checking for valgrind/memcheck.h... no
checking for ANSI C header files... (cached) yes
checking arpa/inet.h usability... yes
checking arpa/inet.h presence... yes
checking for arpa/inet.h... yes
checking fcntl.h usability... yes
checking fcntl.h presence... yes
checking for fcntl.h... yes
checking for inttypes.h... (cached) yes
checking netdb.h usability... yes
checking netdb.h presence... yes
checking for netdb.h... yes
checking netinet/in.h usability... yes
checking netinet/in.h presence... yes
checking for netinet/in.h... yes
checking for stdlib.h... (cached) yes
checking for string.h... (cached) yes
checking sys/socket.h usability... yes
checking sys/socket.h presence... yes
checking for sys/socket.h... yes
checking sys/time.h usability... yes
checking sys/time.h presence... yes
checking for sys/time.h... yes
checking for unistd.h... (cached) yes
checking nss.h usability... yes
checking nss.h presence... yes
checking for nss.h... yes
checking sys/ioctl.h usability... yes
checking sys/ioctl.h presence... yes
checking for sys/ioctl.h... yes
checking sys/auxv.h usability... yes
checking sys/auxv.h presence... yes
checking for sys/auxv.h... yes
checking for an ANSI C-conforming const... yes
checking for size_t... yes
checking whether time.h and sys/time.h may both be included... yes
checking for stdlib.h... (cached) yes
checking for GNU libc compatible malloc... yes
checking sys/select.h usability... yes
checking sys/select.h presence... yes
checking for sys/select.h... yes
checking for sys/socket.h... (cached) yes
checking types of arguments for select... int,fd_set *,struct timeval *
checking for gethostbyaddr... yes
checking for gethostbyname... yes
checking for gettimeofday... yes
checking for inet_ntoa... yes
checking for memset... yes
checking for select... yes
checking for socket... yes
checking for strcspn... yes
checking for strdup... yes
checking for strerror... yes
checking for strncasecmp... yes
checking for strcasecmp... yes
checking for strspn... yes
configure: updating cache config.cache
checking that generated files are newer than configure... done
configure: creating ./config.status
config.status: creating Makefile
config.status: creating po/Makefile.in
config.status: creating docs/libudev/Makefile
config.status: creating docs/libudev/version.xml
config.status: creating docs/gudev/Makefile
config.status: creating docs/gudev/version.xml
config.status: creating config.h
config.status: executing depfiles commands
config.status: executing libtool commands
config.status: executing po/stamp-it commands

        systemd 208

        libcryptsetup:           no
        tcpwrap:                 no
        PAM:                     no
        AUDIT:                   no
        IMA:                     yes
        SELinux:                 no
        SMACK:                   yes
        XZ:                      yes
        ACL:                     yes
        XATTR:                   yes
        GCRYPT:                  no
        QRENCODE:                no
        MICROHTTPD:              no
        CHKCONFIG:               no
        binfmt:                  yes
        vconsole:                yes
        readahead:               yes
        bootchart:               yes
        quotacheck:              yes
        tmpfiles:                yes
        randomseed:              yes
        backlight:               yes
        logind:                  yes
        machined:                yes
        hostnamed:               yes
        timedated:               yes
        localed:                 yes
        coredump:                yes
        polkit:                  yes
        efi:                     yes
        kmod:                    yes
        blkid:                   yes
        nss-myhostname:          yes
        gudev:                   no
        gintrospection:          no
        Python:                  no
        Python Headers:          no
        man pages:               no
        gtk-doc:                 no
        test coverage:           no
        Split /usr:              yes
        SysV compatibility:      yes

        prefix:                  /usr
        rootprefix:              
        sysconf dir:             /etc
        datarootdir:             ${prefix}/share
        includedir:              ${prefix}/include
        include_prefix:          
        lib dir:                 ${exec_prefix}/lib
        rootlib dir:             /lib
        SysV init scripts:       /etc/init.d
        SysV rc?.d directories:  /etc/rc.d
        Build Python:            
        Installation Python:     /usr/bin/python
        sphinx binary:           
        firmware path:           
        PAM modules dir:         /lib/security
        PAM configuration dir:   /etc/pam.d
        D-Bus policy dir:        /etc/dbus-1/system.d
        D-Bus session dir:       /usr/share/dbus-1/services
        D-Bus system dir:        /usr/share/dbus-1/system-services
        D-Bus interfaces dir:    /usr/share/dbus-1/interfaces
        Bash completions dir:    ${datarootdir}/bash-completion/completions
        Zsh completions dir:     ${datarootdir}/zsh/site-functions
        Extra start script:      /etc/rc.local
        Extra stop script:       /usr/sbin/halt.local
        Debug shell:             /bin/sh @ /dev/tty9

        CFLAGS:                   -pipe -Wall -Wextra -Wno-inline -Wundef -Wformat=2 -Wformat-security -Wformat-nonliteral -Wlogical-op -Wsign-compare -Wmissing-include-dirs -Wold-style-definition -Wpointer-arith -Winit-self -Wdeclaration-after-statement -Wfloat-equal -Wmissing-prototypes -Wstrict-prototypes -Wredundant-decls -Wmissing-declarations -Wmissing-noreturn -Wshadow -Wendif-labels -Wcast-align -Wstrict-aliasing=2 -Wwrite-strings -Wno-long-long -Wno-overlength-strings -Wno-unused-parameter -Wno-missing-field-initializers -Wno-unused-result -Werror=overflow -ffast-math -fno-common -fdiagnostics-show-option -fno-strict-aliasing -fvisibility=hidden -ffunction-sections -fdata-sections -fstack-protector --param=ssp-buffer-size=4  -g -O2
        CPPFLAGS:                 -Wp,-D_FORTIFY_SOURCE=2  
        LDFLAGS:                  -Wl,--as-needed -Wl,--no-undefined -Wl,--gc-sections -Wl,-z,relro -Wl,-z,now  
        PYTHON_CFLAGS:           
        PYTHON_LIBS:             

  GEN      src/udev/keyboard-keys.txt
  GEN      src/core/syscall-list.txt
  GEN      src/core/syscall-from-name.gperf
  GEN      src/core/syscall-to-name.h
  GEN      src/udev/keyboard-keys-from-name.gperf
  GEN      src/udev/keyboard-keys-to-name.h
  GPERF    src/udev/keyboard-keys-from-name.h
  GPERF    src/core/syscall-from-name.h
make --no-print-directory all-recursive
Making all in .
  GEN      units/emergency.service
  GEN      rules/99-systemd.rules
  GEN      units/systemd-udevd.service
  GEN      units/systemd-udev-trigger.service
  GEN      units/systemd-udev-settle.service
  CC       src/libsystemd-daemon/sd-daemon.lo
  CC       src/shared/device-nodes.lo
  CC       src/shared/util.lo
  CC       src/shared/virt.lo
  CC       src/shared/efivars.lo
  CC       src/shared/path-util.lo
  CC       src/shared/time-util.lo
  CC       src/shared/hashmap.lo
  CC       src/shared/set.lo
  CC       src/shared/fdset.lo
  CC       src/shared/prioq.lo
  CC       src/shared/sleep-config.lo
  CC       src/shared/strv.lo
  CC       src/shared/env-util.lo
  CC       src/shared/strbuf.lo
  CC       src/shared/strxcpyx.lo
  CC       src/shared/conf-parser.lo
  CC       src/shared/log.lo
  CC       src/shared/ratelimit.lo
  CC       src/shared/exit-status.lo
  CC       src/shared/utf8.lo
  CC       src/shared/pager.lo
  CC       src/shared/socket-util.lo
  CC       src/shared/conf-files.lo
  CC       src/shared/cgroup-util.lo
  CC       src/shared/cgroup-show.lo
  CC       src/shared/unit-name.lo
  CC       src/shared/utmp-wtmp.lo
  CC       src/shared/watchdog.lo
  CC       src/shared/spawn-ask-password-agent.lo
  CC       src/shared/replace-var.lo
  CC       src/shared/spawn-polkit-agent.lo
  CC       src/shared/hwclock.lo
  CC       src/shared/time-dst.lo
  CC       src/shared/calendarspec.lo
  CC       src/shared/fileio.lo
  CC       src/shared/MurmurHash3.lo
  CC       src/shared/acpi-fpdt.lo
  CC       src/shared/boot-timestamps.lo
  CC       src/shared/mkdir.lo
  CC       src/shared/libsystemd_label_la-socket-label.lo
  CC       src/shared/libsystemd_label_la-label.lo
  CC       src/shared/libsystemd_label_la-selinux-util.lo
  CC       src/shared/libsystemd_label_la-mkdir-label.lo
  CC       src/shared/libsystemd_label_la-ask-password-api.lo
  CC       src/shared/libsystemd_label_la-fileio-label.lo
  CC       src/shared/libsystemd_label_la-dev-setup.lo
  CCLD     libsystemd-daemon-internal.la
  CC       src/libsystemd-id128/sd-id128.lo
  CC       src/shared/libsystemd_dbus_la-dbus-common.lo
  CCLD     libsystemd-shared.la
  CC       src/shared/libsystemd_dbus_la-dbus-loop.lo
  CC       src/shared/libsystemd_dbus_la-polkit.lo
  CC       src/shared/libsystemd_units_la-install.lo
  CC       src/shared/libsystemd_units_la-install-printf.lo
  CC       src/shared/libsystemd_units_la-path-lookup.lo
  CC       src/shared/libsystemd_units_la-specifier.lo
  CCLD     libsystemd-label.la
  CC       src/shared/libsystemd_logs_la-logs-show.lo
  CC       src/journal/libsystemd_journal_internal_la-sd-journal.lo
  CC       src/journal/libsystemd_journal_internal_la-journal-file.lo
  CC       src/journal/libsystemd_journal_internal_la-journal-vacuum.lo
  CC       src/journal/libsystemd_journal_internal_la-journal-verify.lo
  CC       src/journal/libsystemd_journal_internal_la-lookup3.lo
  CC       src/journal/libsystemd_journal_internal_la-journal-send.lo
  CC       src/journal/libsystemd_journal_internal_la-catalog.lo
  CC       src/journal/libsystemd_journal_internal_la-mmap-cache.lo
  CC       src/journal/libsystemd_journal_internal_la-compress.lo
  CC       src/journal/libsystemd_journal_internal_la-journald-kmsg.lo
  CC       src/journal/libsystemd_journal_internal_la-journald-syslog.lo
  CC       src/journal/libsystemd_journal_internal_la-journald-stream.lo
  CC       src/journal/libsystemd_journal_internal_la-journald-server.lo
  CC       src/journal/libsystemd_journal_internal_la-journald-console.lo
  CC       src/journal/libsystemd_journal_internal_la-journald-native.lo
  CC       src/journal/libsystemd_journal_internal_la-journald-rate-limit.lo
  GPERF    src/journal/journald-gperf.c
  CC       src/shared/audit.lo
  CC       src/shared/libsystemd_capability_la-capability.lo
  CC       src/libsystemd-daemon/libsystemd_daemon_la-sd-daemon.lo
  CC       src/libudev/libudev_la-libudev.lo
  CC       src/libudev/libudev_la-libudev-list.lo
  CC       src/libudev/libudev_la-libudev-util.lo
  CC       src/libudev/libudev_la-libudev-device.lo
  CC       src/libudev/libudev_la-libudev-enumerate.lo
  CC       src/libudev/libudev_la-libudev-monitor.lo
  CC       src/libudev/libudev_la-libudev-queue.lo
  CC       src/libudev/libudev_la-libudev-hwdb.lo
  CCLD     libsystemd-id128-internal.la
  CC       src/login/sd-login.lo
  CC       src/login/login-shared.lo
  CC       src/shared/libsystemd_acl_la-acl-util.lo
  CCLD     libsystemd-capability.la
  M4       src/core/load-fragment-gperf.gperf
  CCLD     libsystemd-units.la
  CCLD     libsystemd-dbus.la
  CCLD     libsystemd-daemon.la
  CCLD     libudev.la
  CC       src/libudev/libudev_private_la-libudev.lo
  CC       src/libudev/libudev_private_la-libudev-list.lo
  CC       src/libudev/libudev_private_la-libudev-util.lo
  CC       src/libudev/libudev_private_la-libudev-device.lo
  CC       src/libudev/libudev_private_la-libudev-enumerate.lo
  CC       src/libudev/libudev_private_la-libudev-monitor.lo
  CC       src/libudev/libudev_private_la-libudev-queue.lo
  CC       src/libudev/libudev_private_la-libudev-hwdb.lo
  CC       src/libudev/libudev_private_la-libudev-device-private.lo
  CC       src/libudev/libudev_private_la-libudev-queue-private.lo
  CC       src/login/libudev_core_la-logind-acl.lo
  CC       src/login/libudev_core_la-sd-login.lo
  CC       src/login/libudev_core_la-login-shared.lo
  CCLD     libsystemd-acl.la
  CC       src/journal/libsystemd_journal_internal_la-journald-gperf.lo
  CCLD     libsystemd-audit.la
  CCLD     libsystemd-login-internal.la
  CC       src/login/libsystemd_logind_core_la-logind-core.lo
  CC       src/login/libsystemd_logind_core_la-logind-dbus.lo
  CC       src/login/libsystemd_logind_core_la-logind-device.lo
  CC       src/login/libsystemd_logind_core_la-logind-button.lo
  CC       src/login/libsystemd_logind_core_la-logind-action.lo
  CC       src/login/libsystemd_logind_core_la-logind-seat.lo
  CC       src/login/libsystemd_logind_core_la-logind-session.lo
  CC       src/login/libsystemd_logind_core_la-logind-session-device.lo
  CC       src/login/libsystemd_logind_core_la-logind-user.lo
  CC       src/login/libsystemd_logind_core_la-logind-inhibit.lo
  CC       src/login/libsystemd_logind_core_la-logind-session-dbus.lo
  CC       src/login/libsystemd_logind_core_la-logind-seat-dbus.lo
  CC       src/login/libsystemd_logind_core_la-logind-user-dbus.lo
  CC       src/login/libsystemd_logind_core_la-login-shared.lo
  CC       src/login/libsystemd_logind_core_la-logind-acl.lo
  CC       src/libsystemd-bus/libsystemd_bus_la-sd-bus.lo
  CC       src/libsystemd-bus/libsystemd_bus_la-bus-control.lo
  CC       src/libsystemd-bus/libsystemd_bus_la-bus-error.lo
  CC       src/libsystemd-bus/libsystemd_bus_la-bus-internal.lo
  CC       src/libsystemd-bus/libsystemd_bus_la-bus-socket.lo
  CC       src/libsystemd-bus/libsystemd_bus_la-bus-kernel.lo
  CC       src/libsystemd-bus/libsystemd_bus_la-bus-message.lo
  CC       src/libsystemd-bus/libsystemd_bus_la-bus-signature.lo
  CC       src/libsystemd-bus/libsystemd_bus_la-bus-type.lo
  CC       src/libsystemd-bus/libsystemd_bus_la-bus-match.lo
  CC       src/libsystemd-bus/libsystemd_bus_la-bus-bloom.lo
  CC       src/libsystemd-bus/libsystemd_bus_la-sd-memfd.lo
  CC       src/core/mount-setup.o
  CC       src/core/loopback-setup.o
  CC       src/libsystemd-id128/libsystemd_id128_la-sd-id128.lo
  CC       src/journal/cat.o
  CCLD     libsystemd-journal-internal.la
  CC       src/journal/coredumpctl.o
  CC       src/journal/libsystemd_journal_la-sd-journal.lo
  CC       src/journal/libsystemd_journal_la-journal-file.lo
copying selected object files to avoid basename conflicts...
  CC       src/journal/libsystemd_journal_la-journal-vacuum.lo
  CC       src/journal/libsystemd_journal_la-journal-verify.lo
  CC       src/journal/libsystemd_journal_la-lookup3.lo
  CC       src/journal/libsystemd_journal_la-journal-send.lo
  CC       src/journal/libsystemd_journal_la-catalog.lo
  CC       src/journal/libsystemd_journal_la-mmap-cache.lo
  CC       src/journal/libsystemd_journal_la-compress.lo
  CC       src/core/libsystemd_core_la-unit.lo
  CC       src/core/libsystemd_core_la-unit-printf.lo
  CC       src/core/libsystemd_core_la-job.lo
  CC       src/core/libsystemd_core_la-manager.lo
  CC       src/core/libsystemd_core_la-transaction.lo
  CC       src/core/libsystemd_core_la-load-fragment.lo
  CC       src/core/libsystemd_core_la-service.lo
  CC       src/core/libsystemd_core_la-automount.lo
  CC       src/core/libsystemd_core_la-mount.lo
  CC       src/core/libsystemd_core_la-swap.lo
  CC       src/core/libsystemd_core_la-device.lo
  CC       src/core/libsystemd_core_la-target.lo
  CC       src/core/libsystemd_core_la-snapshot.lo
  CC       src/core/libsystemd_core_la-socket.lo
  CC       src/core/libsystemd_core_la-timer.lo
  CC       src/core/libsystemd_core_la-path.lo
  CC       src/core/libsystemd_core_la-slice.lo
  CC       src/core/libsystemd_core_la-scope.lo
  CC       src/core/libsystemd_core_la-load-dropin.lo
  CC       src/core/libsystemd_core_la-execute.lo
  CC       src/core/libsystemd_core_la-dbus.lo
  CC       src/core/libsystemd_core_la-kill.lo
  CC       src/core/libsystemd_core_la-dbus-manager.lo
  CC       src/core/libsystemd_core_la-dbus-unit.lo
  CC       src/core/libsystemd_core_la-dbus-job.lo
  CC       src/core/libsystemd_core_la-dbus-service.lo
  CC       src/core/libsystemd_core_la-dbus-socket.lo
  CC       src/core/libsystemd_core_la-dbus-timer.lo
  CC       src/core/libsystemd_core_la-dbus-target.lo
  CC       src/core/libsystemd_core_la-dbus-mount.lo
  CC       src/core/libsystemd_core_la-dbus-automount.lo
  CC       src/core/libsystemd_core_la-dbus-swap.lo
  CC       src/core/libsystemd_core_la-dbus-snapshot.lo
  CC       src/core/libsystemd_core_la-dbus-device.lo
  CC       src/core/libsystemd_core_la-dbus-path.lo
  CC       src/core/libsystemd_core_la-dbus-slice.lo
  CC       src/core/libsystemd_core_la-dbus-scope.lo
  CC       src/core/libsystemd_core_la-dbus-execute.lo
  CC       src/core/libsystemd_core_la-dbus-kill.lo
  CC       src/core/libsystemd_core_la-dbus-cgroup.lo
  CC       src/core/libsystemd_core_la-cgroup.lo
  CC       src/core/libsystemd_core_la-selinux-access.lo
  CC       src/core/libsystemd_core_la-selinux-setup.lo
  CC       src/core/libsystemd_core_la-smack-setup.lo
  CC       src/core/libsystemd_core_la-ima-setup.lo
  CC       src/core/libsystemd_core_la-locale-setup.lo
  CC       src/core/libsystemd_core_la-hostname-setup.lo
  CC       src/core/libsystemd_core_la-machine-id-setup.lo
  CC       src/core/libsystemd_core_la-mount-setup.lo
  CC       src/core/libsystemd_core_la-loopback-setup.lo
  CC       src/core/libsystemd_core_la-condition.lo
  CC       src/core/libsystemd_core_la-namespace.lo
  CC       src/core/libsystemd_core_la-tcpwrap.lo
  CC       src/core/libsystemd_core_la-switch-root.lo
  CC       src/core/libsystemd_core_la-killall.lo
  CC       src/core/libsystemd_core_la-syscall-list.lo
  CC       src/core/libsystemd_core_la-audit-fd.lo
  CC       src/core/libsystemd_core_la-async.lo
  CC       src/core/libsystemd_core_la-kmod-setup.lo
  GPERF    src/core/load-fragment-gperf.c
  GEN      src/core/load-fragment-gperf-nulstr.c
  CC       src/test/test_ns-test-ns.o
  CC       src/core/libsystemd_core_la-load-fragment-gperf-nulstr.lo
  CC       src/test/test-loopback.o
  CC       src/core/libsystemd_core_la-load-fragment-gperf.lo
  CC       src/test/test-hostname.o
  CC       src/test/test-daemon.o
  CC       src/test/test-cgroup.o
  CC       src/test/test_install-test-install.o
  CC       src/test/test-watchdog.o
  CC       src/test/test-log.o
  CC       src/test/test-boot-timestamps.o
  CC       src/test/test-libudev.o
  CC       src/test/test-udev.o
  CC       src/udev/libudev_core_la-udev-event.lo
  CC       src/udev/libudev_core_la-udev-watch.lo
  CC       src/udev/libudev_core_la-udev-node.lo
  CC       src/udev/libudev_core_la-udev-rules.lo
  CC       src/udev/libudev_core_la-udev-ctrl.lo
  CC       src/udev/libudev_core_la-udev-builtin.lo
  CC       src/udev/libudev_core_la-udev-builtin-btrfs.lo
  CC       src/udev/libudev_core_la-udev-builtin-hwdb.lo
  CC       src/udev/libudev_core_la-udev-builtin-input_id.lo
  CC       src/udev/libudev_core_la-udev-builtin-keyboard.lo
  CC       src/udev/libudev_core_la-udev-builtin-net_id.lo
  CC       src/udev/libudev_core_la-udev-builtin-path_id.lo
  CC       src/udev/libudev_core_la-udev-builtin-usb_id.lo
  CC       src/udev/libudev_core_la-udev-builtin-kmod.lo
  CC       src/udev/libudev_core_la-udev-builtin-blkid.lo
  CC       src/udev/libudev_core_la-udev-builtin-uaccess.lo
  CCLD     libudev-private.la
  CC       src/journal/test-journal-enum.o
  CC       src/login/test-login.o
  CC       src/login/test_inhibit-test-inhibit.o
  CC       src/test/test_job_type-test-job-type.o
  CCLD     libsystemd-core.la
  CC       src/test/test-env-replace.o
  CC       src/test/test-strbuf.o
  CC       src/test/test-strv.o
  CC       src/test/test-path-util.o
  CC       src/test/test-strxcpyx.o
  CC       src/test/test_unit_name-test-unit-name.o
  CC       src/test/test_unit_file-test-unit-file.o
  CC       src/test/test_utf8-test-utf8.o
  CC       src/test/test_util-test-util.o
copying selected object files to avoid basename conflicts...
  CC       src/test/test-date.o
  CC       src/test/test-sleep.o
  CC       src/test/test-replace-var.o
  CC       src/test/test_sched_prio-test-sched-prio.o
  CC       src/test/test-calendarspec.o
  CC       src/test/test-strip-tab-ansi.o
  CC       src/test/test-cgroup-util.o
  CC       src/test/test_prioq-test-prioq.o
  CC       src/test/test_fileio-test-fileio.o
  CC       src/test/test_time-test-time.o
  CC       src/test/test_hashmap-test-hashmap.o
  CC       src/test/test_list-test-list.o
  CC       src/test/test_tables-test-tables.o
  CCLD     libsystemd-logs.la
  CC       src/test/test-device-nodes.o
  CC       src/libsystemd-bus/test_bus_marshal-test-bus-marshal.o
  CCLD     libsystemd-bus.la
copying selected object files to avoid basename conflicts...
  CC       src/libsystemd-bus/test-bus-signature.o
  CC       src/libsystemd-bus/test_bus_chat-test-bus-chat.o
  CC       src/libsystemd-bus/test_bus_server-test-bus-server.o
  CC       src/libsystemd-bus/test_bus_match-test-bus-match.o
  CC       src/libsystemd-bus/test_bus_kernel-test-bus-kernel.o
  CC       src/libsystemd-bus/test_bus_kernel_bloom-test-bus-kernel-bloom.o
  CC       src/libsystemd-bus/test_bus_kernel_benchmark-test-bus-kernel-benchmark.o
  CC       src/libsystemd-bus/test_bus_memfd-test-bus-memfd.o
  CC       src/libsystemd-bus/test_bus_zero_copy-test-bus-zero-copy.o
  CC       src/test/test-id128.o
  CC       src/journal/test-journal.o
  CC       src/journal/test-journal-send.o
  CC       src/journal/test-journal-syslog.o
  CC       src/journal/test-journal-match.o
  CC       src/journal/test-journal-stream.o
  CC       src/journal/test-journal-init.o
  CCLD     libsystemd-journal.la
  CC       src/journal/test-journal-verify.o
  CC       src/journal/test-journal-interleaving.o
  CC       src/journal/test-mmap-cache.o
  CC       src/journal/test_catalog-test-catalog.o
  CC       src/machine/test_machine_tables-test-machine-tables.o
  CC       src/machine/libsystemd_machine_core_la-machined-dbus.lo
  CC       src/machine/libsystemd_machine_core_la-machine.lo
  CC       src/machine/libsystemd_machine_core_la-machine-dbus.lo
  CC       src/login/test_login_tables-test-login-tables.o
  CCLD     libsystemd-logind-core.la
  CC       src/login/test-login-shared.o
  CC       src/libsystemd-bus/busctl.o
  CC       src/core/machine-id-setup.o
  CC       src/shared/specifier.o
  CC       src/udev/udevadm.o
copying selected object files to avoid basename conflicts...
  CC       src/udev/udevadm-info.o
  CC       src/udev/udevadm-control.o
  CC       src/udev/udevadm-monitor.o
  CC       src/udev/udevadm-hwdb.o
  CC       src/udev/udevadm-settle.o
  CC       src/udev/udevadm-trigger.o
  CC       src/udev/udevadm-test.o
  CC       src/udev/udevadm-test-builtin.o
  CCLD     libudev-core.la
  CC       src/journal/journalctl-journalctl.o
  CC       src/machine/machinectl-machinectl.o
  CC       src/login/loginctl-loginctl.o
copying selected object files to avoid basename conflicts...
  CC       src/login/loginctl-sysfs-show.o
  CC       src/login/systemd_inhibit-inhibit.o
  CC       src/core/systemd-main.o
  CC       src/core/umount.o
  CC       src/core/shutdown.o
  CC       src/core/killall.o
  CC       src/udev/udevd.o
  CC       src/journal/journald.o
  CC       src/journal/coredump.o
  CC       src/readahead/readahead.o
  CC       src/readahead/readahead-collect.o
  CC       src/readahead/readahead-replay.o
  CC       src/readahead/readahead-analyze.o
  CC       src/readahead/readahead-common.o
  CC       src/hostname/systemd_hostnamed-hostnamed.o
  CC       src/locale/systemd_localed-localed.o
  CC       src/timedate/systemd_timedated-timedated.o
  CC       src/machine/systemd_machined-machined.o
  CCLD     libsystemd-machine-core.la
  CC       src/login/systemd_logind-logind.o
  GPERF    src/login/logind-gperf.c
  CC       src/login/user-sessions.o
  CC       src/login/multi-seat-x.o
  CCLD     systemd
  CCLD     systemd-hostnamed
  CCLD     systemd-localed
  CCLD     systemd-timedated
  ITMRG  src/hostname/org.freedesktop.hostname1.policy
  ITMRG  src/locale/org.freedesktop.locale1.policy
  ITMRG  src/timedate/org.freedesktop.timedate1.policy
  ITMRG  src/login/org.freedesktop.login1.policy
  GEN      src/core/macros.systemd
  GEN      src/core/org.freedesktop.systemd1.policy.in
  M4       units/getty@.service
  M4       units/getty@.service
  M4       units/serial-getty@.service
  M4       units/serial-getty@.service
  GEN      units/console-getty.service.m4
  GEN      units/console-shell.service.m4
  GEN      units/systemd-shutdownd.service
  GEN      units/systemd-initctl.service
  GEN      units/systemd-remount-fs.service
  GEN      units/systemd-update-utmp.service
  GEN      units/systemd-ask-password-wall.service
  GEN      units/systemd-update-utmp-runlevel.service
  GEN      units/systemd-ask-password-console.service
  GEN      units/systemd-sysctl.service
  GEN      units/rescue.service.m4
  GEN      units/user@.service
  GEN      units/systemd-hybrid-sleep.service
  GEN      units/systemd-hibernate.service
  GEN      units/systemd-suspend.service
  GEN      units/systemd-halt.service
  GEN      units/systemd-poweroff.service
  GEN      units/systemd-reboot.service
  GEN      units/systemd-fsck@.service
  GEN      units/systemd-kexec.service
  GEN      units/systemd-fsck-root.service
  GEN      units/debug-shell.service
  GEN      units/initrd-parse-etc.service
  GEN      units/initrd-cleanup.service
  GEN      units/initrd-udevadm-cleanup-db.service
  GEN      units/systemd-nspawn@.service
  GEN      units/initrd-switch-root.service
  GEN      units/rc-local.service
  GEN      units/halt-local.service
  GEN      units/systemd-modules-load.service
  GEN      units/systemd-tmpfiles-setup.service
  GEN      units/systemd-tmpfiles-setup-dev.service
  GEN      units/kmod-static-nodes.service
  GEN      units/systemd-tmpfiles-clean.service
  GEN      units/systemd-journald.service
  GEN      units/systemd-journal-flush.service
  GEN      units/systemd-vconsole-setup.service
  GEN      units/systemd-binfmt.service
  GEN      units/systemd-readahead-collect.service
  GEN      units/systemd-readahead-replay.service
  GEN      units/systemd-readahead-done.service
  GEN      units/systemd-random-seed.service
  GEN      units/systemd-quotacheck.service
  GEN      units/quotaon.service
  GEN      units/systemd-backlight@.service
  GEN      units/systemd-timedated.service
  GEN      units/systemd-localed.service
  GEN      units/systemd-hostnamed.service
  GEN      units/systemd-machined.service
  GEN      units/systemd-logind.service
  GEN      units/systemd-user-sessions.service
  GEN      src/login/71-seat.rules
  GEN      src/login/73-seat-late.rules
  GEN      units/user/systemd-exit.service
  GEN      src/core/systemd.pc
  GEN      src/libsystemd-daemon/libsystemd-daemon.pc
  GEN      src/libudev/libudev.pc
  GEN      src/libsystemd-id128/libsystemd-id128.pc
  GEN      src/journal/libsystemd-journal.pc
  GEN      src/login/libsystemd-login.pc
  GEN      src/udev/udev.pc
  GEN      sysctl.d/50-coredump.conf
  GEN      docs/sysvinit/README
  GEN      docs/var-log/README
  CCLD     libsystemd-id128.la
  CC       src/nss-myhostname/libnss_myhostname_la-nss-myhostname.lo
  CC       src/nss-myhostname/libnss_myhostname_la-netlink.lo
  CC       src/login/libsystemd_login_la-sd-login.lo
  CC       src/login/libsystemd_login_la-login-shared.lo
  CC       src/cgls/cgls.o
  CC       src/cgtop/cgtop.o
  CC       src/stdio-bridge/stdio-bridge.o
  CC       src/nspawn/nspawn.o
  CC       src/detect-virt/detect-virt.o
  CC       src/delta/delta.o
  CC       src/analyze/systemd_analyze-systemd-analyze.o
  CC       src/run/run.o
  CC       src/boot/bootctl.o
  CC       src/boot/boot-loader.o
  CC       src/boot/boot-efi.o
  CCLD     systemd-cat
  CCLD     systemd-coredumpctl
  CC       src/hostname/hostnamectl-hostnamectl.o
  CC       src/locale/localectl-localectl.o
  CC       src/timedate/timedatectl-timedatectl.o
  CC       src/test/test_engine-test-engine.o
  CCLD     test-ns
  CCLD     test-loopback
  CCLD     test-hostname
  CCLD     test-daemon
  CCLD     test-cgroup
  CCLD     test-install
  CCLD     test-watchdog
  CCLD     test-log
  CCLD     test-boot-timestamp
  CCLD     test-libudev
  CCLD     test-udev
  CCLD     test-journal-enum
  CCLD     test-login
  CCLD     test-inhibit
  CCLD     test-job-type
  CCLD     test-env-replace
  CCLD     test-strbuf
  CCLD     test-strv
  CCLD     test-path-util
  CCLD     test-strxcpyx
  CCLD     test-unit-name
  CCLD     test-unit-file
  CCLD     test-utf8
  CCLD     test-util
  CCLD     test-date
  CCLD     test-sleep
  CCLD     test-replace-var
  CCLD     test-sched-prio
  CCLD     test-calendarspec
  CCLD     test-strip-tab-ansi
  CCLD     test-cgroup-util
  CCLD     test-prioq
  CCLD     test-fileio
  CCLD     test-time
  CCLD     test-hashmap
  CCLD     test-list
src/test/test_fileio-test-fileio.o: In function `test_parse_env_file':
/sources/systemd-208/src/test/test-fileio.c:44: warning: the use of `mktemp' is dangerous, better use `mkstemp'
  CCLD     test-tables
  CCLD     test-device-nodes
  CCLD     test-bus-marshal
  CCLD     test-bus-signature
  CCLD     test-bus-chat
  CCLD     test-bus-server
  CCLD     test-bus-match
  CCLD     test-bus-kernel
  CCLD     test-bus-kernel-bloom
  CCLD     test-bus-kernel-benchmark
  CCLD     test-bus-memfd
  CCLD     test-bus-zero-copy
  CCLD     test-id128
  CCLD     test-journal
  CCLD     test-journal-send
  CCLD     test-journal-match
  CCLD     test-journal-syslog
  CCLD     test-journal-stream
  CCLD     test-journal-init
  CCLD     test-journal-verify
  CCLD     test-journal-interleaving
  CCLD     test-mmap-cache
  CCLD     test-catalog
  CCLD     test-machine-tables
  CCLD     test-login-tables
  CCLD     test-login-shared
  CCLD     busctl
  CC       src/systemctl/systemctl-systemctl.o
  CC       src/notify/notify.o
  CC       src/readahead/sd-readahead.o
  CC       src/ask-password/ask-password.o
  CC       src/tty-ask-password-agent/tty-ask-password-agent.o
  CC       src/machine-id-setup/machine-id-setup-main.o
  CC       src/tmpfiles/tmpfiles.o
  CCLD     udevadm
  CCLD     journalctl
  CCLD     machinectl
  CCLD     loginctl
  CCLD     systemd-inhibit
  CC       src/cgroups-agent/systemd_cgroups_agent-cgroups-agent.o
  CC       src/initctl/systemd_initctl-initctl.o
  CC       src/update-utmp/systemd_update_utmp-update-utmp.o
  CC       src/shutdownd/shutdownd.o
  CCLD     systemd-shutdown
  CC       src/remount-fs/remount-fs.o
  CC       src/reply-password/reply-password.o
  CC       src/fsck/systemd_fsck-fsck.o
  CC       src/ac-power/ac-power.o
  CC       src/sysctl/sysctl.o
  CC       src/sleep/sleep.o
  CC       src/modules-load/systemd_modules_load-modules-load.o
  CCLD     systemd-udevd
  CC       src/activate/activate.o
  CCLD     systemd-journald
  CCLD     systemd-coredump
  CC       src/binfmt/binfmt.o
  CC       src/vconsole/vconsole-setup.o
  CCLD     systemd-readahead
  CC       src/bootchart/bootchart.o
  CC       src/bootchart/store.o
  CC       src/bootchart/svg.o
  CC       src/quotacheck/quotacheck.o
  CC       src/random-seed/random-seed.o
  CC       src/backlight/backlight.o
  CCLD     systemd-machined
  CC       src/login/systemd_logind-logind-gperf.o
  CCLD     systemd-user-sessions
  CCLD     systemd-multi-seat-x
  CC       src/getty-generator/getty-generator.o
  CC       src/fstab-generator/fstab-generator.o
  CC       src/system-update-generator/system-update-generator.o
  CC       src/rc-local-generator/rc-local-generator.o
  CC       src/efi-boot-generator/efi-boot-generator.o
  CC       src/gpt-auto-generator/systemd_gpt_auto_generator-gpt-auto-generator.o
  CC       src/udev/ata_id/ata_id.o
  CC       src/udev/cdrom_id/cdrom_id.o
  CC       src/udev/collect/collect.o
  CC       src/udev/scsi_id/scsi_id.o
  CC       src/udev/scsi_id/scsi_serial.o
  CC       src/udev/v4l_id/v4l_id.o
  CC       src/udev/accelerometer/accelerometer.o
  CC       src/udev/mtd_probe/mtd_probe-mtd_probe.o
  CC       src/udev/mtd_probe/mtd_probe-probe_smartmedia.o
  GEN      org.freedesktop.systemd1.Manager.xml
  GEN      org.freedesktop.systemd1.Job.xml
  GEN      org.freedesktop.systemd1.Unit.xml
  GEN      org.freedesktop.systemd1.Service.xml
  GEN      org.freedesktop.systemd1.Socket.xml
  GEN      org.freedesktop.systemd1.Timer.xml
  GEN      org.freedesktop.systemd1.Target.xml
  GEN      org.freedesktop.systemd1.Device.xml
  GEN      org.freedesktop.systemd1.Mount.xml
  GEN      org.freedesktop.systemd1.Automount.xml
  GEN      org.freedesktop.systemd1.Snapshot.xml
  GEN      org.freedesktop.systemd1.Swap.xml
  GEN      org.freedesktop.systemd1.Path.xml
  GEN      org.freedesktop.hostname1.xml
  GEN      org.freedesktop.locale1.xml
  GEN      org.freedesktop.timedate1.xml
  ITMRG  src/core/org.freedesktop.systemd1.policy
  M4       units/console-shell.service
  M4       units/console-shell.service
  M4       units/console-getty.service
  M4       units/console-getty.service
  M4       units/rescue.service
  M4       units/rescue.service
  CCLD     libnss_myhostname.la
  CCLD     libsystemd-login.la
  CCLD     systemd-cgls
  CCLD     systemd-cgtop
  CCLD     systemd-stdio-bridge
  CCLD     systemd-nspawn
  CCLD     systemd-detect-virt
  CCLD     systemd-delta
  CCLD     systemd-analyze
  CCLD     systemd-run
  CCLD     bootctl
  CCLD     hostnamectl
  CCLD     localectl
  CCLD     timedatectl
  CCLD     test-engine
  CCLD     systemctl
  CCLD     systemd-notify
  CCLD     systemd-ask-password
  CCLD     systemd-tty-ask-password-agent
  CCLD     systemd-machine-id-setup
  CCLD     systemd-tmpfiles
  CCLD     systemd-cgroups-agent
  CCLD     systemd-initctl
  CCLD     systemd-update-utmp
  CCLD     systemd-shutdownd
  CCLD     systemd-remount-fs
  CCLD     systemd-reply-password
  CCLD     systemd-fsck
  CCLD     systemd-ac-power
  CCLD     systemd-sysctl
  CCLD     systemd-sleep
  CCLD     systemd-modules-load
  CCLD     systemd-activate
  CCLD     systemd-binfmt
  CCLD     systemd-vconsole-setup
  CCLD     systemd-bootchart
  CCLD     systemd-quotacheck
  CCLD     systemd-random-seed
  CCLD     systemd-backlight
  CCLD     systemd-logind
  CCLD     systemd-getty-generator
  CCLD     systemd-fstab-generator
  CCLD     systemd-system-update-generator
  CCLD     systemd-rc-local-generator
  CCLD     systemd-efi-boot-generator
  CCLD     systemd-gpt-auto-generator
  CCLD     ata_id
  CCLD     collect
  CCLD     cdrom_id
  CCLD     scsi_id
  CCLD     v4l_id
  CCLD     accelerometer
  CCLD     mtd_probe
Making all in po
make[2]: Nothing to be done for 'all'.
make --no-print-directory install-recursive
Making install in .
 /bin/mkdir -p '/usr/lib'
 /bin/sh ./libtool   --mode=install /usr/bin/install -c   libsystemd-daemon.la libudev.la libsystemd-id128.la libsystemd-journal.la libnss_myhostname.la libsystemd-login.la '/usr/lib'
libtool: install: /usr/bin/install -c .libs/libsystemd-daemon.so.0.0.10 /usr/lib/libsystemd-daemon.so.0.0.10
libtool: install: (cd /usr/lib && { ln -s -f libsystemd-daemon.so.0.0.10 libsystemd-daemon.so.0 || { rm -f libsystemd-daemon.so.0 && ln -s libsystemd-daemon.so.0.0.10 libsystemd-daemon.so.0; }; })
libtool: install: (cd /usr/lib && { ln -s -f libsystemd-daemon.so.0.0.10 libsystemd-daemon.so || { rm -f libsystemd-daemon.so && ln -s libsystemd-daemon.so.0.0.10 libsystemd-daemon.so; }; })
libtool: install: /usr/bin/install -c .libs/libsystemd-daemon.lai /usr/lib/libsystemd-daemon.la
libtool: install: /usr/bin/install -c .libs/libudev.so.1.4.0 /usr/lib/libudev.so.1.4.0
libtool: install: (cd /usr/lib && { ln -s -f libudev.so.1.4.0 libudev.so.1 || { rm -f libudev.so.1 && ln -s libudev.so.1.4.0 libudev.so.1; }; })
libtool: install: (cd /usr/lib && { ln -s -f libudev.so.1.4.0 libudev.so || { rm -f libudev.so && ln -s libudev.so.1.4.0 libudev.so; }; })
libtool: install: /usr/bin/install -c .libs/libudev.lai /usr/lib/libudev.la
libtool: install: /usr/bin/install -c .libs/libsystemd-id128.so.0.0.26 /usr/lib/libsystemd-id128.so.0.0.26
libtool: install: (cd /usr/lib && { ln -s -f libsystemd-id128.so.0.0.26 libsystemd-id128.so.0 || { rm -f libsystemd-id128.so.0 && ln -s libsystemd-id128.so.0.0.26 libsystemd-id128.so.0; }; })
libtool: install: (cd /usr/lib && { ln -s -f libsystemd-id128.so.0.0.26 libsystemd-id128.so || { rm -f libsystemd-id128.so && ln -s libsystemd-id128.so.0.0.26 libsystemd-id128.so; }; })
libtool: install: /usr/bin/install -c .libs/libsystemd-id128.lai /usr/lib/libsystemd-id128.la
libtool: install: /usr/bin/install -c .libs/libsystemd-journal.so.0.11.3 /usr/lib/libsystemd-journal.so.0.11.3
libtool: install: (cd /usr/lib && { ln -s -f libsystemd-journal.so.0.11.3 libsystemd-journal.so.0 || { rm -f libsystemd-journal.so.0 && ln -s libsystemd-journal.so.0.11.3 libsystemd-journal.so.0; }; })
libtool: install: (cd /usr/lib && { ln -s -f libsystemd-journal.so.0.11.3 libsystemd-journal.so || { rm -f libsystemd-journal.so && ln -s libsystemd-journal.so.0.11.3 libsystemd-journal.so; }; })
libtool: install: /usr/bin/install -c .libs/libsystemd-journal.lai /usr/lib/libsystemd-journal.la
libtool: install: /usr/bin/install -c .libs/libnss_myhostname.so.2 /usr/lib/libnss_myhostname.so.2
libtool: install: /usr/bin/install -c .libs/libnss_myhostname.lai /usr/lib/libnss_myhostname.la
libtool: install: /usr/bin/install -c .libs/libsystemd-login.so.0.9.1 /usr/lib/libsystemd-login.so.0.9.1
libtool: install: (cd /usr/lib && { ln -s -f libsystemd-login.so.0.9.1 libsystemd-login.so.0 || { rm -f libsystemd-login.so.0 && ln -s libsystemd-login.so.0.9.1 libsystemd-login.so.0; }; })
libtool: install: (cd /usr/lib && { ln -s -f libsystemd-login.so.0.9.1 libsystemd-login.so || { rm -f libsystemd-login.so && ln -s libsystemd-login.so.0.9.1 libsystemd-login.so; }; })
libtool: install: /usr/bin/install -c .libs/libsystemd-login.lai /usr/lib/libsystemd-login.la
libtool: finish: PATH="/bin:/usr/bin:/sbin:/usr/sbin:/tools/bin:/sbin" ldconfig -n /usr/lib
----------------------------------------------------------------------
Libraries have been installed in:
   /usr/lib

If you ever happen to want to link against installed libraries
in a given directory, LIBDIR, you must either use libtool, and
specify the full pathname of the library, or use the `-LLIBDIR'
flag during linking and do at least one of the following:
   - add LIBDIR to the `LD_LIBRARY_PATH' environment variable
     during execution
   - add LIBDIR to the `LD_RUN_PATH' environment variable
     during linking
   - use the `-Wl,-rpath -Wl,LIBDIR' linker flag
   - have your system administrator add LIBDIR to `/etc/ld.so.conf'

See any operating system documentation about shared libraries for
more information, such as the ld(1) and ld.so(8) manual pages.
----------------------------------------------------------------------
 /bin/mkdir -p '/usr/bin'
  /bin/sh ./libtool   --mode=install /usr/bin/install -c systemd-cgls systemd-cgtop systemd-stdio-bridge systemd-nspawn systemd-detect-virt systemd-delta systemd-analyze systemd-run bootctl systemd-cat systemd-coredumpctl hostnamectl localectl timedatectl '/usr/bin'
libtool: install: /usr/bin/install -c systemd-cgls /usr/bin/systemd-cgls
libtool: install: /usr/bin/install -c systemd-cgtop /usr/bin/systemd-cgtop
libtool: install: /usr/bin/install -c .libs/systemd-stdio-bridge /usr/bin/systemd-stdio-bridge
libtool: install: /usr/bin/install -c .libs/systemd-nspawn /usr/bin/systemd-nspawn
libtool: install: /usr/bin/install -c systemd-detect-virt /usr/bin/systemd-detect-virt
libtool: install: /usr/bin/install -c systemd-delta /usr/bin/systemd-delta
libtool: install: /usr/bin/install -c systemd-analyze /usr/bin/systemd-analyze
libtool: install: /usr/bin/install -c .libs/systemd-run /usr/bin/systemd-run
libtool: install: /usr/bin/install -c .libs/bootctl /usr/bin/bootctl
libtool: install: /usr/bin/install -c .libs/systemd-cat /usr/bin/systemd-cat
libtool: install: /usr/bin/install -c .libs/systemd-coredumpctl /usr/bin/systemd-coredumpctl
libtool: install: /usr/bin/install -c hostnamectl /usr/bin/hostnamectl
libtool: install: /usr/bin/install -c localectl /usr/bin/localectl
libtool: install: /usr/bin/install -c timedatectl /usr/bin/timedatectl
 /bin/mkdir -p '/usr/bin'
 /usr/bin/install -c src/kernel-install/kernel-install '/usr/bin'
 /bin/mkdir -p '/lib/systemd'
  /bin/sh ./libtool   --mode=install /usr/bin/install -c systemd systemd-cgroups-agent systemd-initctl systemd-update-utmp systemd-shutdownd systemd-shutdown systemd-remount-fs systemd-reply-password systemd-fsck systemd-ac-power systemd-sysctl systemd-sleep systemd-modules-load systemd-udevd systemd-activate systemd-journald systemd-coredump systemd-binfmt systemd-vconsole-setup systemd-readahead systemd-bootchart systemd-quotacheck systemd-random-seed systemd-backlight systemd-hostnamed systemd-localed systemd-timedated systemd-machined systemd-logind systemd-user-sessions systemd-multi-seat-x '/lib/systemd'
libtool: install: /usr/bin/install -c .libs/systemd /lib/systemd/systemd
libtool: install: /usr/bin/install -c systemd-cgroups-agent /lib/systemd/systemd-cgroups-agent
libtool: install: /usr/bin/install -c .libs/systemd-initctl /lib/systemd/systemd-initctl
libtool: install: /usr/bin/install -c systemd-update-utmp /lib/systemd/systemd-update-utmp
libtool: install: /usr/bin/install -c .libs/systemd-shutdownd /lib/systemd/systemd-shutdownd
libtool: install: /usr/bin/install -c .libs/systemd-shutdown /lib/systemd/systemd-shutdown
libtool: install: /usr/bin/install -c systemd-remount-fs /lib/systemd/systemd-remount-fs
libtool: install: /usr/bin/install -c systemd-reply-password /lib/systemd/systemd-reply-password
libtool: install: /usr/bin/install -c .libs/systemd-fsck /lib/systemd/systemd-fsck
libtool: install: /usr/bin/install -c .libs/systemd-ac-power /lib/systemd/systemd-ac-power
libtool: install: /usr/bin/install -c systemd-sysctl /lib/systemd/systemd-sysctl
libtool: install: /usr/bin/install -c systemd-sleep /lib/systemd/systemd-sleep
libtool: install: /usr/bin/install -c systemd-modules-load /lib/systemd/systemd-modules-load
libtool: install: /usr/bin/install -c systemd-udevd /lib/systemd/systemd-udevd
libtool: install: /usr/bin/install -c .libs/systemd-activate /lib/systemd/systemd-activate
libtool: install: /usr/bin/install -c .libs/systemd-journald /lib/systemd/systemd-journald
libtool: install: /usr/bin/install -c .libs/systemd-coredump /lib/systemd/systemd-coredump
libtool: install: /usr/bin/install -c systemd-binfmt /lib/systemd/systemd-binfmt
libtool: install: /usr/bin/install -c systemd-vconsole-setup /lib/systemd/systemd-vconsole-setup
libtool: install: /usr/bin/install -c .libs/systemd-readahead /lib/systemd/systemd-readahead
libtool: install: /usr/bin/install -c .libs/systemd-bootchart /lib/systemd/systemd-bootchart
libtool: install: /usr/bin/install -c systemd-quotacheck /lib/systemd/systemd-quotacheck
libtool: install: /usr/bin/install -c systemd-random-seed /lib/systemd/systemd-random-seed
libtool: install: /usr/bin/install -c systemd-backlight /lib/systemd/systemd-backlight
libtool: install: /usr/bin/install -c .libs/systemd-hostnamed /lib/systemd/systemd-hostnamed
libtool: install: /usr/bin/install -c .libs/systemd-localed /lib/systemd/systemd-localed
libtool: install: /usr/bin/install -c .libs/systemd-timedated /lib/systemd/systemd-timedated
libtool: install: /usr/bin/install -c .libs/systemd-machined /lib/systemd/systemd-machined
libtool: install: /usr/bin/install -c .libs/systemd-logind /lib/systemd/systemd-logind
libtool: install: /usr/bin/install -c systemd-user-sessions /lib/systemd/systemd-user-sessions
libtool: install: /usr/bin/install -c systemd-multi-seat-x /lib/systemd/systemd-multi-seat-x
 /bin/mkdir -p '/lib/udev'
  /bin/sh ./libtool   --mode=install /usr/bin/install -c ata_id cdrom_id collect scsi_id v4l_id accelerometer mtd_probe '/lib/udev'
libtool: install: /usr/bin/install -c ata_id /lib/udev/ata_id
libtool: install: /usr/bin/install -c .libs/cdrom_id /lib/udev/cdrom_id
libtool: install: /usr/bin/install -c collect /lib/udev/collect
libtool: install: /usr/bin/install -c scsi_id /lib/udev/scsi_id
libtool: install: /usr/bin/install -c .libs/v4l_id /lib/udev/v4l_id
libtool: install: /usr/bin/install -c .libs/accelerometer /lib/udev/accelerometer
libtool: install: /usr/bin/install -c mtd_probe /lib/udev/mtd_probe
make --no-print-directory install-exec-hook
what="systemd-update-utmp-runlevel.service" && wants=runlevel1.target && 	[ -z "$what" ] || ( dir=/lib/systemd/system/$wants.wants && /bin/mkdir -p -m 0755 $dir && cd $dir && rm -f $what && for i in $what; do ln -s ../$i . || exit $? ; done )
what="systemd-update-utmp-runlevel.service" && wants=runlevel2.target && 	[ -z "$what" ] || ( dir=/lib/systemd/system/$wants.wants && /bin/mkdir -p -m 0755 $dir && cd $dir && rm -f $what && for i in $what; do ln -s ../$i . || exit $? ; done )
what="systemd-update-utmp-runlevel.service" && wants=runlevel3.target && 	[ -z "$what" ] || ( dir=/lib/systemd/system/$wants.wants && /bin/mkdir -p -m 0755 $dir && cd $dir && rm -f $what && for i in $what; do ln -s ../$i . || exit $? ; done )
what="systemd-update-utmp-runlevel.service" && wants=runlevel4.target && 	[ -z "$what" ] || ( dir=/lib/systemd/system/$wants.wants && /bin/mkdir -p -m 0755 $dir && cd $dir && rm -f $what && for i in $what; do ln -s ../$i . || exit $? ; done )
what="systemd-update-utmp-runlevel.service" && wants=runlevel5.target && 	[ -z "$what" ] || ( dir=/lib/systemd/system/$wants.wants && /bin/mkdir -p -m 0755 $dir && cd $dir && rm -f $what && for i in $what; do ln -s ../$i . || exit $? ; done )
what="" && wants=shutdown.target && 	[ -z "$what" ] || ( dir=/lib/systemd/system/$wants.wants && /bin/mkdir -p -m 0755 $dir && cd $dir && rm -f $what && for i in $what; do ln -s ../$i . || exit $? ; done )
what="systemd-remount-fs.service systemd-fsck-root.service tmp.mount" && wants=local-fs.target && 	[ -z "$what" ] || ( dir=/lib/systemd/system/$wants.wants && /bin/mkdir -p -m 0755 $dir && cd $dir && rm -f $what && for i in $what; do ln -s ../$i . || exit $? ; done )
what="systemd-logind.service systemd-user-sessions.service getty.target systemd-ask-password-wall.path" && wants=multi-user.target && 	[ -z "$what" ] || ( dir=/lib/systemd/system/$wants.wants && /bin/mkdir -p -m 0755 $dir && cd $dir && rm -f $what && for i in $what; do ln -s ../$i . || exit $? ; done )
what="systemd-modules-load.service kmod-static-nodes.service systemd-tmpfiles-setup-dev.service systemd-tmpfiles-setup.service systemd-udevd.service systemd-udev-trigger.service systemd-journald.service systemd-journal-flush.service systemd-binfmt.service proc-sys-fs-binfmt_misc.automount systemd-vconsole-setup.service systemd-random-seed.service  systemd-update-utmp.service dev-hugepages.mount dev-mqueue.mount sys-kernel-config.mount sys-kernel-debug.mount sys-fs-fuse-connections.mount systemd-sysctl.service systemd-ask-password-console.path" && wants=sysinit.target && 	[ -z "$what" ] || ( dir=/lib/systemd/system/$wants.wants && /bin/mkdir -p -m 0755 $dir && cd $dir && rm -f $what && for i in $what; do ln -s ../$i . || exit $? ; done )
what="systemd-udevd-control.socket systemd-udevd-kernel.socket systemd-journald.socket systemd-initctl.socket systemd-shutdownd.socket" && wants=sockets.target && 	[ -z "$what" ] || ( dir=/lib/systemd/system/$wants.wants && /bin/mkdir -p -m 0755 $dir && cd $dir && rm -f $what && for i in $what; do ln -s ../$i . || exit $? ; done )
what="systemd-tmpfiles-clean.timer" && wants=timers.target && 	[ -z "$what" ] || ( dir=/lib/systemd/system/$wants.wants && /bin/mkdir -p -m 0755 $dir && cd $dir && rm -f $what && for i in $what; do ln -s ../$i . || exit $? ; done )
what="" && wants=slices.target && 	[ -z "$what" ] || ( dir=/lib/systemd/system/$wants.wants && /bin/mkdir -p -m 0755 $dir && cd $dir && rm -f $what && for i in $what; do ln -s ../$i . || exit $? ; done )
/bin/mkdir -p /usr/lib/tmpfiles.d /etc/tmpfiles.d /etc/udev/rules.d /etc/udev/hwdb.d /usr/lib/binfmt.d /etc/binfmt.d /usr/lib/systemd/ntp-units.d /etc/systemd/ntp-units.d /var/lib/systemd /lib/systemd/system/runlevel1.target.wants /lib/systemd/system/runlevel2.target.wants /lib/systemd/system/runlevel3.target.wants /lib/systemd/system/runlevel4.target.wants /lib/systemd/system/runlevel5.target.wants /usr/lib/modules-load.d /etc/modules-load.d /usr/lib/sysctl.d /etc/sysctl.d /usr/lib/kernel/install.d /etc/kernel/install.d /lib/systemd/system-shutdown /lib/systemd/system-sleep /lib/systemd/system-generators /usr/lib/systemd/user-generators /usr/lib/systemd/user /etc/systemd/system /etc/systemd/system/multi-user.target.wants /etc/systemd/system/getty.target.wants /etc/systemd/user /usr/share/dbus-1/services /etc/xdg/systemd
set -- systemd-hostnamed.service dbus-org.freedesktop.hostname1.service systemd-localed.service dbus-org.freedesktop.locale1.service systemd-timedated.service dbus-org.freedesktop.timedate1.service systemd-machined.service dbus-org.freedesktop.machine1.service systemd-logind.service dbus-org.freedesktop.login1.service poweroff.target runlevel0.target rescue.target runlevel1.target multi-user.target runlevel2.target multi-user.target runlevel3.target multi-user.target runlevel4.target graphical.target runlevel5.target reboot.target runlevel6.target graphical.target default.target reboot.target ctrl-alt-del.target getty@.service autovt@.service && \
	dir=/lib/systemd/system && 	while [ -n "$1" ]; do /bin/mkdir -p `dirname $dir/$2` && rm -f $dir/$2 && ln -s $1 $dir/$2 && shift 2 || exit $?; done
set -- /lib/systemd/system/shutdown.target shutdown.target /lib/systemd/system/sockets.target sockets.target /lib/systemd/system/timers.target timers.target /lib/systemd/system/paths.target paths.target /lib/systemd/system/bluetooth.target bluetooth.target /lib/systemd/system/printer.target printer.target /lib/systemd/system/sound.target sound.target /lib/systemd/system/smartcard.target smartcard.target && \
	dir=/usr/lib/systemd/user && 	while [ -n "$1" ]; do /bin/mkdir -p `dirname $dir/$2` && rm -f $dir/$2 && ln -s $1 $dir/$2 && shift 2 || exit $?; done
set -- /lib/systemd/system/remote-fs.target /etc/systemd/system/multi-user.target.wants/remote-fs.target /lib/systemd/system/getty@.service /etc/systemd/system/getty.target.wants/getty@tty1.service /etc/systemd/user /etc/xdg/systemd/user ../system-services/org.freedesktop.systemd1.service /usr/share/dbus-1/services/org.freedesktop.systemd1.service && \
	dir= && 	while [ -n "$1" ]; do /bin/mkdir -p `dirname $dir/$2` && rm -f $dir/$2 && ln -s $1 $dir/$2 && shift 2 || exit $?; done
/usr/sbin/setcap cap_dac_override,cap_sys_ptrace=ep /usr/bin/systemd-detect-virt
libname=libsystemd-daemon.so && 	if test "/usr/lib" != "/lib"; then /bin/mkdir -p /lib && so_img_name=$(readlink /usr/lib/$libname) && so_img_rel_target_prefix=$(echo /usr/lib | sed 's,\(^/\|\)[^/][^/]*,..,g') && ln -s -f $so_img_rel_target_prefix/lib/$so_img_name /usr/lib/$libname && mv /usr/lib/$libname.* /lib; fi
libname=libudev.so && 	if test "/usr/lib" != "/lib"; then /bin/mkdir -p /lib && so_img_name=$(readlink /usr/lib/$libname) && so_img_rel_target_prefix=$(echo /usr/lib | sed 's,\(^/\|\)[^/][^/]*,..,g') && ln -s -f $so_img_rel_target_prefix/lib/$so_img_name /usr/lib/$libname && mv /usr/lib/$libname.* /lib; fi
libname=libsystemd-id128.so && 	if test "/usr/lib" != "/lib"; then /bin/mkdir -p /lib && so_img_name=$(readlink /usr/lib/$libname) && so_img_rel_target_prefix=$(echo /usr/lib | sed 's,\(^/\|\)[^/][^/]*,..,g') && ln -s -f $so_img_rel_target_prefix/lib/$so_img_name /usr/lib/$libname && mv /usr/lib/$libname.* /lib; fi
libname=libsystemd-journal.so && 	if test "/usr/lib" != "/lib"; then /bin/mkdir -p /lib && so_img_name=$(readlink /usr/lib/$libname) && so_img_rel_target_prefix=$(echo /usr/lib | sed 's,\(^/\|\)[^/][^/]*,..,g') && ln -s -f $so_img_rel_target_prefix/lib/$so_img_name /usr/lib/$libname && mv /usr/lib/$libname.* /lib; fi
/bin/mkdir -p /var/log/journal
chown 0:0 /var/log/journal
chmod 755 /var/log/journal
setfacl -nm g:adm:rx,d:g:adm:rx /var/log/journal/
setfacl -nm g:wheel:rx,d:g:wheel:rx /var/log/journal/
setfacl: Option -m: Invalid argument near character 3
Makefile:14533: recipe for target 'libsystemd-journal-install-hook' failed
make[4]: [libsystemd-journal-install-hook] Error 2 (ignored)
libname=libsystemd-login.so && 	if test "/usr/lib" != "/lib"; then /bin/mkdir -p /lib && so_img_name=$(readlink /usr/lib/$libname) && so_img_rel_target_prefix=$(echo /usr/lib | sed 's,\(^/\|\)[^/][^/]*,..,g') && ln -s -f $so_img_rel_target_prefix/lib/$so_img_name /usr/lib/$libname && mv /usr/lib/$libname.* /lib; fi
 /bin/mkdir -p '/usr/share/dbus-1/interfaces'
 /usr/bin/install -c -m 644 org.freedesktop.systemd1.Manager.xml org.freedesktop.systemd1.Job.xml org.freedesktop.systemd1.Unit.xml org.freedesktop.systemd1.Service.xml org.freedesktop.systemd1.Socket.xml org.freedesktop.systemd1.Timer.xml org.freedesktop.systemd1.Target.xml org.freedesktop.systemd1.Device.xml org.freedesktop.systemd1.Mount.xml org.freedesktop.systemd1.Automount.xml org.freedesktop.systemd1.Snapshot.xml org.freedesktop.systemd1.Swap.xml org.freedesktop.systemd1.Path.xml org.freedesktop.hostname1.xml org.freedesktop.locale1.xml org.freedesktop.timedate1.xml '/usr/share/dbus-1/interfaces'
 /bin/mkdir -p '/usr/share/bash-completion/completions'
 /usr/bin/install -c -m 644 shell-completion/bash/journalctl shell-completion/bash/systemctl shell-completion/bash/systemd-analyze shell-completion/bash/systemd-run shell-completion/bash/udevadm shell-completion/bash/kernel-install shell-completion/bash/systemd-coredumpctl shell-completion/bash/hostnamectl shell-completion/bash/localectl shell-completion/bash/timedatectl shell-completion/bash/loginctl '/usr/share/bash-completion/completions'
 /bin/mkdir -p '/usr/lib/systemd/catalog'
 /usr/bin/install -c -m 644 catalog/systemd.catalog '/usr/lib/systemd/catalog'
 /bin/mkdir -p '/etc/dbus-1/system.d'
 /usr/bin/install -c -m 644 src/core/org.freedesktop.systemd1.conf src/hostname/org.freedesktop.hostname1.conf src/locale/org.freedesktop.locale1.conf src/timedate/org.freedesktop.timedate1.conf src/machine/org.freedesktop.machine1.conf src/login/org.freedesktop.login1.conf '/etc/dbus-1/system.d'
 /bin/mkdir -p '/usr/share/dbus-1/system-services'
 /usr/bin/install -c -m 644 src/core/org.freedesktop.systemd1.service src/hostname/org.freedesktop.hostname1.service src/locale/org.freedesktop.locale1.service src/timedate/org.freedesktop.timedate1.service src/machine/org.freedesktop.machine1.service src/login/org.freedesktop.login1.service '/usr/share/dbus-1/system-services'
 /bin/mkdir -p '/usr/share/doc/systemd-208'
 /usr/bin/install -c -m 644 README NEWS LICENSE.LGPL2.1 LICENSE.GPL2 LICENSE.MIT DISTRO_PORTING src/readahead/sd-readahead.c src/systemd/sd-readahead.h '/usr/share/doc/systemd-208'
 /bin/mkdir -p '/usr/lib/kernel/install.d'
 /usr/bin/install -c src/kernel-install/50-depmod.install src/kernel-install/90-loaderentry.install '/usr/lib/kernel/install.d'
 /bin/mkdir -p '/usr/share/systemd'
 /usr/bin/install -c -m 644 src/locale/kbd-model-map '/usr/share/systemd'
 /bin/mkdir -p '/etc/systemd'
 /usr/bin/install -c -m 644 src/core/system.conf src/core/user.conf src/journal/journald.conf src/bootchart/bootchart.conf src/login/logind.conf '/etc/systemd'
 /bin/mkdir -p '/usr/lib/sysctl.d'
 /usr/bin/install -c -m 644 sysctl.d/50-default.conf '/usr/lib/sysctl.d'
 /bin/mkdir -p '/lib/systemd/system'
 /usr/bin/install -c -m 644 units/graphical.target units/multi-user.target units/emergency.service units/emergency.target units/sysinit.target units/basic.target units/getty.target units/halt.target units/kexec.target units/local-fs.target units/local-fs-pre.target units/initrd.target units/initrd-fs.target units/initrd-root-fs.target units/remote-fs.target units/remote-fs-pre.target units/network.target units/network-online.target units/nss-lookup.target units/nss-user-lookup.target units/hibernate.target units/hybrid-sleep.target units/poweroff.target units/reboot.target units/rescue.target units/rpcbind.target units/time-sync.target units/shutdown.target units/final.target units/umount.target units/sigpwr.target units/sleep.target units/sockets.target units/timers.target units/paths.target units/suspend.target units/swap.target units/slices.target units/system.slice units/x-.slice '/lib/systemd/system'
 /usr/bin/install -c -m 644 units/systemd-initctl.socket units/systemd-shutdownd.socket units/syslog.socket units/dev-hugepages.mount units/dev-mqueue.mount units/sys-kernel-config.mount units/sys-kernel-debug.mount units/sys-fs-fuse-connections.mount units/tmp.mount units/printer.target units/sound.target units/bluetooth.target units/smartcard.target units/systemd-ask-password-wall.path units/systemd-ask-password-console.path units/systemd-udevd-control.socket units/systemd-udevd-kernel.socket units/system-update.target units/initrd-switch-root.target units/systemd-tmpfiles-clean.timer units/systemd-journald.socket units/proc-sys-fs-binfmt_misc.automount units/proc-sys-fs-binfmt_misc.mount units/systemd-readahead-drop.service units/systemd-readahead-done.timer units/machine.slice units/user.slice '/lib/systemd/system'
 /bin/mkdir -p '/usr/lib/tmpfiles.d'
 /usr/bin/install -c -m 644 tmpfiles.d/systemd.conf tmpfiles.d/tmp.conf tmpfiles.d/x11.conf tmpfiles.d/legacy.conf '/usr/lib/tmpfiles.d'
 /bin/mkdir -p '/etc/udev'
 /usr/bin/install -c -m 644 src/udev/udev.conf '/etc/udev'
 /bin/mkdir -p '/lib/udev/hwdb.d'
 /usr/bin/install -c -m 644 hwdb/20-pci-vendor-model.hwdb hwdb/20-pci-classes.hwdb hwdb/20-usb-vendor-model.hwdb hwdb/20-usb-classes.hwdb hwdb/20-bluetooth-vendor-product.hwdb hwdb/20-acpi-vendor.hwdb hwdb/20-OUI.hwdb hwdb/60-keyboard.hwdb '/lib/udev/hwdb.d'
 /bin/mkdir -p '/lib/udev/rules.d'
 /usr/bin/install -c -m 644 rules/99-systemd.rules rules/42-usb-hid-pm.rules rules/50-udev-default.rules rules/60-keyboard.rules rules/60-persistent-storage-tape.rules rules/60-persistent-serial.rules rules/60-persistent-input.rules rules/60-persistent-alsa.rules rules/60-persistent-storage.rules rules/64-btrfs.rules rules/75-net-description.rules rules/75-tty-description.rules rules/78-sound-card.rules rules/80-net-name-slot.rules rules/95-udev-late.rules rules/80-drivers.rules rules/60-cdrom_id.rules rules/60-persistent-v4l.rules rules/61-accelerometer.rules rules/75-probe_mtd.rules src/login/70-uaccess.rules src/login/70-power-switch.rules '/lib/udev/rules.d'
 /bin/mkdir -p '/usr/lib/systemd/user'
 /usr/bin/install -c -m 644 units/user/default.target units/user/exit.target '/usr/lib/systemd/user'
 /bin/mkdir -p '/usr/share/zsh/site-functions'
 /usr/bin/install -c -m 644 shell-completion/zsh/_systemctl shell-completion/zsh/_journalctl shell-completion/zsh/_udevadm shell-completion/zsh/_kernel-install shell-completion/zsh/_systemd-nspawn shell-completion/zsh/_systemd-analyze shell-completion/zsh/_sd_hosts_or_user_at_host shell-completion/zsh/_systemd-delta shell-completion/zsh/_systemd shell-completion/zsh/_systemd-tmpfiles shell-completion/zsh/_systemd-coredumpctl shell-completion/zsh/_hostnamectl shell-completion/zsh/_localectl shell-completion/zsh/_timedatectl shell-completion/zsh/_machinectl shell-completion/zsh/_loginctl shell-completion/zsh/_systemd-inhibit '/usr/share/zsh/site-functions'
 /bin/mkdir -p '/usr/include'
 /usr/bin/install -c -m 644 src/libudev/libudev.h '/usr/include'
 /bin/mkdir -p '/usr/share/polkit-1/actions'
 /usr/bin/install -c -m 644 src/hostname/org.freedesktop.hostname1.policy src/locale/org.freedesktop.locale1.policy src/timedate/org.freedesktop.timedate1.policy src/login/org.freedesktop.login1.policy src/core/org.freedesktop.systemd1.policy '/usr/share/polkit-1/actions'
 /bin/mkdir -p '/usr/lib/rpm/macros.d'
 /usr/bin/install -c -m 644 src/core/macros.systemd '/usr/lib/rpm/macros.d'
 /bin/mkdir -p '/lib/systemd/system'
 /usr/bin/install -c -m 644 units/getty@.service units/serial-getty@.service units/console-shell.service units/console-getty.service units/systemd-initctl.service units/systemd-shutdownd.service units/systemd-remount-fs.service units/systemd-update-utmp.service units/systemd-update-utmp-runlevel.service units/systemd-ask-password-wall.service units/systemd-ask-password-console.service units/systemd-sysctl.service units/emergency.service units/rescue.service units/user@.service units/systemd-hibernate.service units/systemd-hybrid-sleep.service units/systemd-suspend.service units/systemd-halt.service units/systemd-poweroff.service units/systemd-reboot.service units/systemd-kexec.service units/systemd-fsck@.service units/systemd-fsck-root.service units/systemd-udevd.service units/systemd-udev-trigger.service units/systemd-udev-settle.service units/debug-shell.service units/initrd-parse-etc.service units/initrd-cleanup.service units/initrd-udevadm-cleanup-db.service units/initrd-switch-root.service units/systemd-nspawn@.service units/rc-local.service units/halt-local.service units/systemd-modules-load.service units/kmod-static-nodes.service units/systemd-tmpfiles-setup-dev.service units/systemd-tmpfiles-setup.service units/systemd-tmpfiles-clean.service '/lib/systemd/system'
 /usr/bin/install -c -m 644 units/systemd-journald.service units/systemd-journal-flush.service units/systemd-binfmt.service units/systemd-vconsole-setup.service units/systemd-readahead-collect.service units/systemd-readahead-replay.service units/systemd-readahead-done.service units/systemd-quotacheck.service units/quotaon.service units/systemd-random-seed.service units/systemd-backlight@.service units/systemd-hostnamed.service units/systemd-localed.service units/systemd-timedated.service units/systemd-machined.service units/systemd-logind.service units/systemd-user-sessions.service '/lib/systemd/system'
 /bin/mkdir -p '/lib/udev/rules.d'
 /usr/bin/install -c -m 644 src/login/71-seat.rules src/login/73-seat-late.rules '/lib/udev/rules.d'
 /bin/mkdir -p '/usr/lib/systemd/user'
 /usr/bin/install -c -m 644 units/user/systemd-exit.service '/usr/lib/systemd/user'
 /bin/mkdir -p '/usr/share/pkgconfig'
 /usr/bin/install -c -m 644 src/core/systemd.pc '/usr/share/pkgconfig'
 /bin/mkdir -p '/usr/lib/pkgconfig'
 /usr/bin/install -c -m 644 src/libsystemd-daemon/libsystemd-daemon.pc src/libudev/libudev.pc src/libsystemd-id128/libsystemd-id128.pc src/journal/libsystemd-journal.pc src/login/libsystemd-login.pc '/usr/lib/pkgconfig'
 /bin/mkdir -p '/usr/include/systemd'
 /usr/bin/install -c -m 644 src/systemd/sd-shutdown.h src/systemd/sd-daemon.h src/systemd/sd-id128.h src/systemd/sd-journal.h src/systemd/sd-messages.h src/systemd/sd-login.h '/usr/include/systemd'
 /bin/mkdir -p '/bin'
  /bin/sh ./libtool   --mode=install /usr/bin/install -c systemctl systemd-notify systemd-ask-password systemd-tty-ask-password-agent systemd-machine-id-setup systemd-tmpfiles udevadm journalctl machinectl loginctl systemd-inhibit '/bin'
libtool: install: /usr/bin/install -c .libs/systemctl /bin/systemctl
libtool: install: /usr/bin/install -c .libs/systemd-notify /bin/systemd-notify
libtool: install: /usr/bin/install -c systemd-ask-password /bin/systemd-ask-password
libtool: install: /usr/bin/install -c systemd-tty-ask-password-agent /bin/systemd-tty-ask-password-agent
libtool: install: /usr/bin/install -c systemd-machine-id-setup /bin/systemd-machine-id-setup
libtool: install: /usr/bin/install -c systemd-tmpfiles /bin/systemd-tmpfiles
libtool: install: /usr/bin/install -c udevadm /bin/udevadm
libtool: install: /usr/bin/install -c .libs/journalctl /bin/journalctl
libtool: install: /usr/bin/install -c .libs/machinectl /bin/machinectl
libtool: install: /usr/bin/install -c .libs/loginctl /bin/loginctl
libtool: install: /usr/bin/install -c systemd-inhibit /bin/systemd-inhibit
 /bin/mkdir -p '/usr/share/pkgconfig'
 /usr/bin/install -c -m 644 src/udev/udev.pc '/usr/share/pkgconfig'
 /bin/mkdir -p '/usr/lib/sysctl.d'
 /usr/bin/install -c -m 644 sysctl.d/50-coredump.conf '/usr/lib/sysctl.d'
 /bin/mkdir -p '/lib/systemd/system-generators'
  /bin/sh ./libtool   --mode=install /usr/bin/install -c systemd-getty-generator systemd-fstab-generator systemd-system-update-generator systemd-rc-local-generator systemd-efi-boot-generator systemd-gpt-auto-generator '/lib/systemd/system-generators'
libtool: install: /usr/bin/install -c systemd-getty-generator /lib/systemd/system-generators/systemd-getty-generator
libtool: install: /usr/bin/install -c systemd-fstab-generator /lib/systemd/system-generators/systemd-fstab-generator
libtool: install: /usr/bin/install -c systemd-system-update-generator /lib/systemd/system-generators/systemd-system-update-generator
libtool: install: /usr/bin/install -c systemd-rc-local-generator /lib/systemd/system-generators/systemd-rc-local-generator
libtool: install: /usr/bin/install -c systemd-efi-boot-generator /lib/systemd/system-generators/systemd-efi-boot-generator
libtool: install: /usr/bin/install -c systemd-gpt-auto-generator /lib/systemd/system-generators/systemd-gpt-auto-generator
 /bin/mkdir -p '/etc/init.d'
 /usr/bin/install -c -m 644 docs/sysvinit/README '/etc/init.d'
 /bin/mkdir -p '/var/log'
 /usr/bin/install -c -m 644 docs/var-log/README '/var/log'
make --no-print-directory install-data-hook
mv /lib/systemd/system/x-.slice //lib/systemd/system/-.slice
test -n "" || /bin/udevadm hwdb --update
test -n "" || /bin/journalctl --update-catalog
Making install in po
linguas=""; \
for lang in $linguas; do \
  dir=/usr/share/locale/$lang/LC_MESSAGES; \
  /bin/sh /sources/systemd-208/build-aux/install-sh -d $dir; \
  if test -r $lang.gmo; then \
    /usr/bin/install -c -m 644 $lang.gmo $dir/systemd.mo; \
    echo "installing $lang.gmo as $dir/systemd.mo"; \
  else \
    /usr/bin/install -c -m 644 ./$lang.gmo $dir/systemd.mo; \
    echo "installing ./$lang.gmo as" \
	 "$dir/systemd.mo"; \
  fi; \
  if test -r $lang.gmo.m; then \
    /usr/bin/install -c -m 644 $lang.gmo.m $dir/systemd.mo.m; \
    echo "installing $lang.gmo.m as $dir/systemd.mo.m"; \
  else \
    if test -r ./$lang.gmo.m ; then \
      /usr/bin/install -c -m 644 ./$lang.gmo.m \
	$dir/systemd.mo.m; \
      echo "installing ./$lang.gmo.m as" \
	   "$dir/systemd.mo.m"; \
    else \
      true; \
    fi; \
  fi; \
done
'man/hostnamectl.1' -> '/usr/share/man/man1/hostnamectl.1'
'man/init.1' -> '/usr/share/man/man1/init.1'
'man/journalctl.1' -> '/usr/share/man/man1/journalctl.1'
'man/localectl.1' -> '/usr/share/man/man1/localectl.1'
'man/loginctl.1' -> '/usr/share/man/man1/loginctl.1'
'man/machinectl.1' -> '/usr/share/man/man1/machinectl.1'
'man/systemctl.1' -> '/usr/share/man/man1/systemctl.1'
'man/systemd-analyze.1' -> '/usr/share/man/man1/systemd-analyze.1'
'man/systemd-ask-password.1' -> '/usr/share/man/man1/systemd-ask-password.1'
'man/systemd-bootchart.1' -> '/usr/share/man/man1/systemd-bootchart.1'
'man/systemd-cat.1' -> '/usr/share/man/man1/systemd-cat.1'
'man/systemd-cgls.1' -> '/usr/share/man/man1/systemd-cgls.1'
'man/systemd-cgtop.1' -> '/usr/share/man/man1/systemd-cgtop.1'
'man/systemd-coredumpctl.1' -> '/usr/share/man/man1/systemd-coredumpctl.1'
'man/systemd-delta.1' -> '/usr/share/man/man1/systemd-delta.1'
'man/systemd-detect-virt.1' -> '/usr/share/man/man1/systemd-detect-virt.1'
'man/systemd-inhibit.1' -> '/usr/share/man/man1/systemd-inhibit.1'
'man/systemd-machine-id-setup.1' -> '/usr/share/man/man1/systemd-machine-id-setup.1'
'man/systemd-notify.1' -> '/usr/share/man/man1/systemd-notify.1'
'man/systemd-nspawn.1' -> '/usr/share/man/man1/systemd-nspawn.1'
'man/systemd-run.1' -> '/usr/share/man/man1/systemd-run.1'
'man/systemd-tty-ask-password-agent.1' -> '/usr/share/man/man1/systemd-tty-ask-password-agent.1'
'man/systemd.1' -> '/usr/share/man/man1/systemd.1'
'man/timedatectl.1' -> '/usr/share/man/man1/timedatectl.1'
'man/SD_ALERT.3' -> '/usr/share/man/man3/SD_ALERT.3'
'man/SD_CRIT.3' -> '/usr/share/man/man3/SD_CRIT.3'
'man/SD_DEBUG.3' -> '/usr/share/man/man3/SD_DEBUG.3'
'man/SD_EMERG.3' -> '/usr/share/man/man3/SD_EMERG.3'
'man/SD_ERR.3' -> '/usr/share/man/man3/SD_ERR.3'
'man/SD_ID128_CONST_STR.3' -> '/usr/share/man/man3/SD_ID128_CONST_STR.3'
'man/SD_ID128_FORMAT_STR.3' -> '/usr/share/man/man3/SD_ID128_FORMAT_STR.3'
'man/SD_ID128_FORMAT_VAL.3' -> '/usr/share/man/man3/SD_ID128_FORMAT_VAL.3'
'man/SD_ID128_MAKE.3' -> '/usr/share/man/man3/SD_ID128_MAKE.3'
'man/SD_INFO.3' -> '/usr/share/man/man3/SD_INFO.3'
'man/SD_JOURNAL_APPEND.3' -> '/usr/share/man/man3/SD_JOURNAL_APPEND.3'
'man/SD_JOURNAL_CURRENT_USER.3' -> '/usr/share/man/man3/SD_JOURNAL_CURRENT_USER.3'
'man/SD_JOURNAL_FOREACH.3' -> '/usr/share/man/man3/SD_JOURNAL_FOREACH.3'
'man/SD_JOURNAL_FOREACH_BACKWARDS.3' -> '/usr/share/man/man3/SD_JOURNAL_FOREACH_BACKWARDS.3'
'man/SD_JOURNAL_FOREACH_DATA.3' -> '/usr/share/man/man3/SD_JOURNAL_FOREACH_DATA.3'
'man/SD_JOURNAL_FOREACH_UNIQUE.3' -> '/usr/share/man/man3/SD_JOURNAL_FOREACH_UNIQUE.3'
'man/SD_JOURNAL_INVALIDATE.3' -> '/usr/share/man/man3/SD_JOURNAL_INVALIDATE.3'
'man/SD_JOURNAL_LOCAL_ONLY.3' -> '/usr/share/man/man3/SD_JOURNAL_LOCAL_ONLY.3'
'man/SD_JOURNAL_NOP.3' -> '/usr/share/man/man3/SD_JOURNAL_NOP.3'
'man/SD_JOURNAL_RUNTIME_ONLY.3' -> '/usr/share/man/man3/SD_JOURNAL_RUNTIME_ONLY.3'
'man/SD_JOURNAL_SUPPRESS_LOCATION.3' -> '/usr/share/man/man3/SD_JOURNAL_SUPPRESS_LOCATION.3'
'man/SD_JOURNAL_SYSTEM.3' -> '/usr/share/man/man3/SD_JOURNAL_SYSTEM.3'
'man/SD_LISTEN_FDS_START.3' -> '/usr/share/man/man3/SD_LISTEN_FDS_START.3'
'man/SD_NOTICE.3' -> '/usr/share/man/man3/SD_NOTICE.3'
'man/SD_WARNING.3' -> '/usr/share/man/man3/SD_WARNING.3'
'man/sd-daemon.3' -> '/usr/share/man/man3/sd-daemon.3'
'man/sd-id128.3' -> '/usr/share/man/man3/sd-id128.3'
'man/sd-journal.3' -> '/usr/share/man/man3/sd-journal.3'
'man/sd-login.3' -> '/usr/share/man/man3/sd-login.3'
'man/sd-readahead.3' -> '/usr/share/man/man3/sd-readahead.3'
'man/sd_booted.3' -> '/usr/share/man/man3/sd_booted.3'
'man/sd_get_machine_names.3' -> '/usr/share/man/man3/sd_get_machine_names.3'
'man/sd_get_seats.3' -> '/usr/share/man/man3/sd_get_seats.3'
'man/sd_get_sessions.3' -> '/usr/share/man/man3/sd_get_sessions.3'
'man/sd_get_uids.3' -> '/usr/share/man/man3/sd_get_uids.3'
'man/sd_id128_equal.3' -> '/usr/share/man/man3/sd_id128_equal.3'
'man/sd_id128_from_string.3' -> '/usr/share/man/man3/sd_id128_from_string.3'
'man/sd_id128_get_boot.3' -> '/usr/share/man/man3/sd_id128_get_boot.3'
'man/sd_id128_get_machine.3' -> '/usr/share/man/man3/sd_id128_get_machine.3'
'man/sd_id128_randomize.3' -> '/usr/share/man/man3/sd_id128_randomize.3'
'man/sd_id128_t.3' -> '/usr/share/man/man3/sd_id128_t.3'
'man/sd_id128_to_string.3' -> '/usr/share/man/man3/sd_id128_to_string.3'
'man/sd_is_fifo.3' -> '/usr/share/man/man3/sd_is_fifo.3'
'man/sd_is_mq.3' -> '/usr/share/man/man3/sd_is_mq.3'
'man/sd_is_socket.3' -> '/usr/share/man/man3/sd_is_socket.3'
'man/sd_is_socket_inet.3' -> '/usr/share/man/man3/sd_is_socket_inet.3'
'man/sd_is_socket_unix.3' -> '/usr/share/man/man3/sd_is_socket_unix.3'
'man/sd_journal.3' -> '/usr/share/man/man3/sd_journal.3'
'man/sd_journal_add_conjunction.3' -> '/usr/share/man/man3/sd_journal_add_conjunction.3'
'man/sd_journal_add_disjunction.3' -> '/usr/share/man/man3/sd_journal_add_disjunction.3'
'man/sd_journal_add_match.3' -> '/usr/share/man/man3/sd_journal_add_match.3'
'man/sd_journal_close.3' -> '/usr/share/man/man3/sd_journal_close.3'
'man/sd_journal_enumerate_data.3' -> '/usr/share/man/man3/sd_journal_enumerate_data.3'
'man/sd_journal_enumerate_unique.3' -> '/usr/share/man/man3/sd_journal_enumerate_unique.3'
'man/sd_journal_flush_matches.3' -> '/usr/share/man/man3/sd_journal_flush_matches.3'
'man/sd_journal_get_catalog.3' -> '/usr/share/man/man3/sd_journal_get_catalog.3'
'man/sd_journal_get_catalog_for_message_id.3' -> '/usr/share/man/man3/sd_journal_get_catalog_for_message_id.3'
'man/sd_journal_get_cursor.3' -> '/usr/share/man/man3/sd_journal_get_cursor.3'
'man/sd_journal_get_cutoff_monotonic_usec.3' -> '/usr/share/man/man3/sd_journal_get_cutoff_monotonic_usec.3'
'man/sd_journal_get_cutoff_realtime_usec.3' -> '/usr/share/man/man3/sd_journal_get_cutoff_realtime_usec.3'
'man/sd_journal_get_data.3' -> '/usr/share/man/man3/sd_journal_get_data.3'
'man/sd_journal_get_data_threshold.3' -> '/usr/share/man/man3/sd_journal_get_data_threshold.3'
'man/sd_journal_get_events.3' -> '/usr/share/man/man3/sd_journal_get_events.3'
'man/sd_journal_get_fd.3' -> '/usr/share/man/man3/sd_journal_get_fd.3'
'man/sd_journal_get_monotonic_usec.3' -> '/usr/share/man/man3/sd_journal_get_monotonic_usec.3'
'man/sd_journal_get_realtime_usec.3' -> '/usr/share/man/man3/sd_journal_get_realtime_usec.3'
'man/sd_journal_get_timeout.3' -> '/usr/share/man/man3/sd_journal_get_timeout.3'
'man/sd_journal_get_usage.3' -> '/usr/share/man/man3/sd_journal_get_usage.3'
'man/sd_journal_next.3' -> '/usr/share/man/man3/sd_journal_next.3'
'man/sd_journal_next_skip.3' -> '/usr/share/man/man3/sd_journal_next_skip.3'
'man/sd_journal_open.3' -> '/usr/share/man/man3/sd_journal_open.3'
'man/sd_journal_open_directory.3' -> '/usr/share/man/man3/sd_journal_open_directory.3'
'man/sd_journal_open_files.3' -> '/usr/share/man/man3/sd_journal_open_files.3'
'man/sd_journal_perror.3' -> '/usr/share/man/man3/sd_journal_perror.3'
'man/sd_journal_previous.3' -> '/usr/share/man/man3/sd_journal_previous.3'
'man/sd_journal_previous_skip.3' -> '/usr/share/man/man3/sd_journal_previous_skip.3'
'man/sd_journal_print.3' -> '/usr/share/man/man3/sd_journal_print.3'
'man/sd_journal_printv.3' -> '/usr/share/man/man3/sd_journal_printv.3'
'man/sd_journal_process.3' -> '/usr/share/man/man3/sd_journal_process.3'
'man/sd_journal_query_unique.3' -> '/usr/share/man/man3/sd_journal_query_unique.3'
'man/sd_journal_reliable_fd.3' -> '/usr/share/man/man3/sd_journal_reliable_fd.3'
'man/sd_journal_restart_data.3' -> '/usr/share/man/man3/sd_journal_restart_data.3'
'man/sd_journal_restart_unique.3' -> '/usr/share/man/man3/sd_journal_restart_unique.3'
'man/sd_journal_seek_cursor.3' -> '/usr/share/man/man3/sd_journal_seek_cursor.3'
'man/sd_journal_seek_head.3' -> '/usr/share/man/man3/sd_journal_seek_head.3'
'man/sd_journal_seek_monotonic_usec.3' -> '/usr/share/man/man3/sd_journal_seek_monotonic_usec.3'
'man/sd_journal_seek_realtime_usec.3' -> '/usr/share/man/man3/sd_journal_seek_realtime_usec.3'
'man/sd_journal_seek_tail.3' -> '/usr/share/man/man3/sd_journal_seek_tail.3'
'man/sd_journal_send.3' -> '/usr/share/man/man3/sd_journal_send.3'
'man/sd_journal_sendv.3' -> '/usr/share/man/man3/sd_journal_sendv.3'
'man/sd_journal_set_data_threshold.3' -> '/usr/share/man/man3/sd_journal_set_data_threshold.3'
'man/sd_journal_stream_fd.3' -> '/usr/share/man/man3/sd_journal_stream_fd.3'
'man/sd_journal_test_cursor.3' -> '/usr/share/man/man3/sd_journal_test_cursor.3'
'man/sd_journal_wait.3' -> '/usr/share/man/man3/sd_journal_wait.3'
'man/sd_listen_fds.3' -> '/usr/share/man/man3/sd_listen_fds.3'
'man/sd_login_monitor.3' -> '/usr/share/man/man3/sd_login_monitor.3'
'man/sd_login_monitor_flush.3' -> '/usr/share/man/man3/sd_login_monitor_flush.3'
'man/sd_login_monitor_get_events.3' -> '/usr/share/man/man3/sd_login_monitor_get_events.3'
'man/sd_login_monitor_get_fd.3' -> '/usr/share/man/man3/sd_login_monitor_get_fd.3'
'man/sd_login_monitor_get_timeout.3' -> '/usr/share/man/man3/sd_login_monitor_get_timeout.3'
'man/sd_login_monitor_new.3' -> '/usr/share/man/man3/sd_login_monitor_new.3'
'man/sd_login_monitor_unref.3' -> '/usr/share/man/man3/sd_login_monitor_unref.3'
'man/sd_notify.3' -> '/usr/share/man/man3/sd_notify.3'
'man/sd_notifyf.3' -> '/usr/share/man/man3/sd_notifyf.3'
'man/sd_pid_get_machine_name.3' -> '/usr/share/man/man3/sd_pid_get_machine_name.3'
'man/sd_pid_get_owner_uid.3' -> '/usr/share/man/man3/sd_pid_get_owner_uid.3'
'man/sd_pid_get_session.3' -> '/usr/share/man/man3/sd_pid_get_session.3'
'man/sd_pid_get_slice.3' -> '/usr/share/man/man3/sd_pid_get_slice.3'
'man/sd_pid_get_unit.3' -> '/usr/share/man/man3/sd_pid_get_unit.3'
'man/sd_pid_get_user_unit.3' -> '/usr/share/man/man3/sd_pid_get_user_unit.3'
'man/sd_readahead.3' -> '/usr/share/man/man3/sd_readahead.3'
'man/sd_seat_can_multi_session.3' -> '/usr/share/man/man3/sd_seat_can_multi_session.3'
'man/sd_seat_get_active.3' -> '/usr/share/man/man3/sd_seat_get_active.3'
'man/sd_seat_get_sessions.3' -> '/usr/share/man/man3/sd_seat_get_sessions.3'
'man/sd_session_get_class.3' -> '/usr/share/man/man3/sd_session_get_class.3'
'man/sd_session_get_display.3' -> '/usr/share/man/man3/sd_session_get_display.3'
'man/sd_session_get_seat.3' -> '/usr/share/man/man3/sd_session_get_seat.3'
'man/sd_session_get_service.3' -> '/usr/share/man/man3/sd_session_get_service.3'
'man/sd_session_get_state.3' -> '/usr/share/man/man3/sd_session_get_state.3'
'man/sd_session_get_tty.3' -> '/usr/share/man/man3/sd_session_get_tty.3'
'man/sd_session_get_type.3' -> '/usr/share/man/man3/sd_session_get_type.3'
'man/sd_session_get_uid.3' -> '/usr/share/man/man3/sd_session_get_uid.3'
'man/sd_session_get_vt.3' -> '/usr/share/man/man3/sd_session_get_vt.3'
'man/sd_session_is_active.3' -> '/usr/share/man/man3/sd_session_is_active.3'
'man/sd_uid_get_seats.3' -> '/usr/share/man/man3/sd_uid_get_seats.3'
'man/sd_uid_get_sessions.3' -> '/usr/share/man/man3/sd_uid_get_sessions.3'
'man/sd_uid_get_state.3' -> '/usr/share/man/man3/sd_uid_get_state.3'
'man/sd_uid_is_on_seat.3' -> '/usr/share/man/man3/sd_uid_is_on_seat.3'
'man/binfmt.d.5' -> '/usr/share/man/man5/binfmt.d.5'
'man/bootchart.conf.5' -> '/usr/share/man/man5/bootchart.conf.5'
'man/crypttab.5' -> '/usr/share/man/man5/crypttab.5'
'man/hostname.5' -> '/usr/share/man/man5/hostname.5'
'man/journald.conf.5' -> '/usr/share/man/man5/journald.conf.5'
'man/locale.conf.5' -> '/usr/share/man/man5/locale.conf.5'
'man/localtime.5' -> '/usr/share/man/man5/localtime.5'
'man/logind.conf.5' -> '/usr/share/man/man5/logind.conf.5'
'man/machine-id.5' -> '/usr/share/man/man5/machine-id.5'
'man/machine-info.5' -> '/usr/share/man/man5/machine-info.5'
'man/modules-load.d.5' -> '/usr/share/man/man5/modules-load.d.5'
'man/os-release.5' -> '/usr/share/man/man5/os-release.5'
'man/sysctl.d.5' -> '/usr/share/man/man5/sysctl.d.5'
'man/systemd-sleep.conf.5' -> '/usr/share/man/man5/systemd-sleep.conf.5'
'man/systemd-system.conf.5' -> '/usr/share/man/man5/systemd-system.conf.5'
'man/systemd-user.conf.5' -> '/usr/share/man/man5/systemd-user.conf.5'
'man/systemd.automount.5' -> '/usr/share/man/man5/systemd.automount.5'
'man/systemd.device.5' -> '/usr/share/man/man5/systemd.device.5'
'man/systemd.exec.5' -> '/usr/share/man/man5/systemd.exec.5'
'man/systemd.kill.5' -> '/usr/share/man/man5/systemd.kill.5'
'man/systemd.mount.5' -> '/usr/share/man/man5/systemd.mount.5'
'man/systemd.path.5' -> '/usr/share/man/man5/systemd.path.5'
'man/systemd.preset.5' -> '/usr/share/man/man5/systemd.preset.5'
'man/systemd.resource-control.5' -> '/usr/share/man/man5/systemd.resource-control.5'
'man/systemd.scope.5' -> '/usr/share/man/man5/systemd.scope.5'
'man/systemd.service.5' -> '/usr/share/man/man5/systemd.service.5'
'man/systemd.slice.5' -> '/usr/share/man/man5/systemd.slice.5'
'man/systemd.snapshot.5' -> '/usr/share/man/man5/systemd.snapshot.5'
'man/systemd.socket.5' -> '/usr/share/man/man5/systemd.socket.5'
'man/systemd.swap.5' -> '/usr/share/man/man5/systemd.swap.5'
'man/systemd.target.5' -> '/usr/share/man/man5/systemd.target.5'
'man/systemd.timer.5' -> '/usr/share/man/man5/systemd.timer.5'
'man/systemd.unit.5' -> '/usr/share/man/man5/systemd.unit.5'
'man/tmpfiles.d.5' -> '/usr/share/man/man5/tmpfiles.d.5'
'man/vconsole.conf.5' -> '/usr/share/man/man5/vconsole.conf.5'
'man/bootup.7' -> '/usr/share/man/man7/bootup.7'
'man/daemon.7' -> '/usr/share/man/man7/daemon.7'
'man/kernel-command-line.7' -> '/usr/share/man/man7/kernel-command-line.7'
'man/systemd.directives.7' -> '/usr/share/man/man7/systemd.directives.7'
'man/systemd.index.7' -> '/usr/share/man/man7/systemd.index.7'
'man/systemd.journal-fields.7' -> '/usr/share/man/man7/systemd.journal-fields.7'
'man/systemd.special.7' -> '/usr/share/man/man7/systemd.special.7'
'man/systemd.time.7' -> '/usr/share/man/man7/systemd.time.7'
'man/udev.7' -> '/usr/share/man/man7/udev.7'
'man/halt.8' -> '/usr/share/man/man8/halt.8'
'man/kernel-install.8' -> '/usr/share/man/man8/kernel-install.8'
'man/nss-myhostname.8' -> '/usr/share/man/man8/nss-myhostname.8'
'man/pam_systemd.8' -> '/usr/share/man/man8/pam_systemd.8'
'man/poweroff.8' -> '/usr/share/man/man8/poweroff.8'
'man/reboot.8' -> '/usr/share/man/man8/reboot.8'
'man/runlevel.8' -> '/usr/share/man/man8/runlevel.8'
'man/shutdown.8' -> '/usr/share/man/man8/shutdown.8'
'man/systemd-activate.8' -> '/usr/share/man/man8/systemd-activate.8'
'man/systemd-ask-password-console.path.8' -> '/usr/share/man/man8/systemd-ask-password-console.path.8'
'man/systemd-ask-password-console.service.8' -> '/usr/share/man/man8/systemd-ask-password-console.service.8'
'man/systemd-ask-password-wall.path.8' -> '/usr/share/man/man8/systemd-ask-password-wall.path.8'
'man/systemd-ask-password-wall.service.8' -> '/usr/share/man/man8/systemd-ask-password-wall.service.8'
'man/systemd-backlight.8' -> '/usr/share/man/man8/systemd-backlight.8'
'man/systemd-backlight@.service.8' -> '/usr/share/man/man8/systemd-backlight@.service.8'
'man/systemd-binfmt.8' -> '/usr/share/man/man8/systemd-binfmt.8'
'man/systemd-binfmt.service.8' -> '/usr/share/man/man8/systemd-binfmt.service.8'
'man/systemd-cryptsetup-generator.8' -> '/usr/share/man/man8/systemd-cryptsetup-generator.8'
'man/systemd-cryptsetup.8' -> '/usr/share/man/man8/systemd-cryptsetup.8'
'man/systemd-cryptsetup@.service.8' -> '/usr/share/man/man8/systemd-cryptsetup@.service.8'
'man/systemd-efi-boot-generator.8' -> '/usr/share/man/man8/systemd-efi-boot-generator.8'
'man/systemd-fsck-root.service.8' -> '/usr/share/man/man8/systemd-fsck-root.service.8'
'man/systemd-fsck.8' -> '/usr/share/man/man8/systemd-fsck.8'
'man/systemd-fsck@.service.8' -> '/usr/share/man/man8/systemd-fsck@.service.8'
'man/systemd-fstab-generator.8' -> '/usr/share/man/man8/systemd-fstab-generator.8'
'man/systemd-getty-generator.8' -> '/usr/share/man/man8/systemd-getty-generator.8'
'man/systemd-gpt-auto-generator.8' -> '/usr/share/man/man8/systemd-gpt-auto-generator.8'
'man/systemd-halt.service.8' -> '/usr/share/man/man8/systemd-halt.service.8'
'man/systemd-hibernate.service.8' -> '/usr/share/man/man8/systemd-hibernate.service.8'
'man/systemd-hostnamed.8' -> '/usr/share/man/man8/systemd-hostnamed.8'
'man/systemd-hostnamed.service.8' -> '/usr/share/man/man8/systemd-hostnamed.service.8'
'man/systemd-hybrid-sleep.service.8' -> '/usr/share/man/man8/systemd-hybrid-sleep.service.8'
'man/systemd-initctl.8' -> '/usr/share/man/man8/systemd-initctl.8'
'man/systemd-initctl.service.8' -> '/usr/share/man/man8/systemd-initctl.service.8'
'man/systemd-initctl.socket.8' -> '/usr/share/man/man8/systemd-initctl.socket.8'
'man/systemd-journal-gatewayd.8' -> '/usr/share/man/man8/systemd-journal-gatewayd.8'
'man/systemd-journal-gatewayd.service.8' -> '/usr/share/man/man8/systemd-journal-gatewayd.service.8'
'man/systemd-journal-gatewayd.socket.8' -> '/usr/share/man/man8/systemd-journal-gatewayd.socket.8'
'man/systemd-journald.8' -> '/usr/share/man/man8/systemd-journald.8'
'man/systemd-journald.service.8' -> '/usr/share/man/man8/systemd-journald.service.8'
'man/systemd-journald.socket.8' -> '/usr/share/man/man8/systemd-journald.socket.8'
'man/systemd-kexec.service.8' -> '/usr/share/man/man8/systemd-kexec.service.8'
'man/systemd-localed.8' -> '/usr/share/man/man8/systemd-localed.8'
'man/systemd-localed.service.8' -> '/usr/share/man/man8/systemd-localed.service.8'
'man/systemd-logind.8' -> '/usr/share/man/man8/systemd-logind.8'
'man/systemd-logind.service.8' -> '/usr/share/man/man8/systemd-logind.service.8'
'man/systemd-machined.8' -> '/usr/share/man/man8/systemd-machined.8'
'man/systemd-machined.service.8' -> '/usr/share/man/man8/systemd-machined.service.8'
'man/systemd-modules-load.8' -> '/usr/share/man/man8/systemd-modules-load.8'
'man/systemd-modules-load.service.8' -> '/usr/share/man/man8/systemd-modules-load.service.8'
'man/systemd-poweroff.service.8' -> '/usr/share/man/man8/systemd-poweroff.service.8'
'man/systemd-quotacheck.8' -> '/usr/share/man/man8/systemd-quotacheck.8'
'man/systemd-quotacheck.service.8' -> '/usr/share/man/man8/systemd-quotacheck.service.8'
'man/systemd-random-seed.8' -> '/usr/share/man/man8/systemd-random-seed.8'
'man/systemd-random-seed.service.8' -> '/usr/share/man/man8/systemd-random-seed.service.8'
'man/systemd-readahead-collect.service.8' -> '/usr/share/man/man8/systemd-readahead-collect.service.8'
'man/systemd-readahead-done.service.8' -> '/usr/share/man/man8/systemd-readahead-done.service.8'
'man/systemd-readahead-done.timer.8' -> '/usr/share/man/man8/systemd-readahead-done.timer.8'
'man/systemd-readahead-replay.service.8' -> '/usr/share/man/man8/systemd-readahead-replay.service.8'
'man/systemd-readahead.8' -> '/usr/share/man/man8/systemd-readahead.8'
'man/systemd-reboot.service.8' -> '/usr/share/man/man8/systemd-reboot.service.8'
'man/systemd-remount-fs.8' -> '/usr/share/man/man8/systemd-remount-fs.8'
'man/systemd-remount-fs.service.8' -> '/usr/share/man/man8/systemd-remount-fs.service.8'
'man/systemd-shutdown.8' -> '/usr/share/man/man8/systemd-shutdown.8'
'man/systemd-shutdownd.8' -> '/usr/share/man/man8/systemd-shutdownd.8'
'man/systemd-shutdownd.service.8' -> '/usr/share/man/man8/systemd-shutdownd.service.8'
'man/systemd-shutdownd.socket.8' -> '/usr/share/man/man8/systemd-shutdownd.socket.8'
'man/systemd-sleep.8' -> '/usr/share/man/man8/systemd-sleep.8'
'man/systemd-suspend.service.8' -> '/usr/share/man/man8/systemd-suspend.service.8'
'man/systemd-sysctl.8' -> '/usr/share/man/man8/systemd-sysctl.8'
'man/systemd-sysctl.service.8' -> '/usr/share/man/man8/systemd-sysctl.service.8'
'man/systemd-system-update-generator.8' -> '/usr/share/man/man8/systemd-system-update-generator.8'
'man/systemd-timedated.8' -> '/usr/share/man/man8/systemd-timedated.8'
'man/systemd-timedated.service.8' -> '/usr/share/man/man8/systemd-timedated.service.8'
'man/systemd-tmpfiles-clean.service.8' -> '/usr/share/man/man8/systemd-tmpfiles-clean.service.8'
'man/systemd-tmpfiles-clean.timer.8' -> '/usr/share/man/man8/systemd-tmpfiles-clean.timer.8'
'man/systemd-tmpfiles-setup-dev.service.8' -> '/usr/share/man/man8/systemd-tmpfiles-setup-dev.service.8'
'man/systemd-tmpfiles-setup.service.8' -> '/usr/share/man/man8/systemd-tmpfiles-setup.service.8'
'man/systemd-tmpfiles.8' -> '/usr/share/man/man8/systemd-tmpfiles.8'
'man/systemd-udevd-control.socket.8' -> '/usr/share/man/man8/systemd-udevd-control.socket.8'
'man/systemd-udevd-kernel.socket.8' -> '/usr/share/man/man8/systemd-udevd-kernel.socket.8'
'man/systemd-udevd.8' -> '/usr/share/man/man8/systemd-udevd.8'
'man/systemd-udevd.service.8' -> '/usr/share/man/man8/systemd-udevd.service.8'
'man/systemd-update-utmp-runlevel.service.8' -> '/usr/share/man/man8/systemd-update-utmp-runlevel.service.8'
'man/systemd-update-utmp.8' -> '/usr/share/man/man8/systemd-update-utmp.8'
'man/systemd-update-utmp.service.8' -> '/usr/share/man/man8/systemd-update-utmp.service.8'
'man/systemd-user-sessions.8' -> '/usr/share/man/man8/systemd-user-sessions.8'
'man/systemd-user-sessions.service.8' -> '/usr/share/man/man8/systemd-user-sessions.service.8'
'man/systemd-vconsole-setup.8' -> '/usr/share/man/man8/systemd-vconsole-setup.8'
'man/systemd-vconsole-setup.service.8' -> '/usr/share/man/man8/systemd-vconsole-setup.service.8'
'man/telinit.8' -> '/usr/share/man/man8/telinit.8'
'man/udevadm.8' -> '/usr/share/man/man8/udevadm.8'
'/usr/lib/libnss_myhostname.so.2' -> '/lib/libnss_myhostname.so.2'
'/sbin/runlevel' -> '../bin/systemctl'
'/sbin/reboot' -> '../bin/systemctl'
'/sbin/shutdown' -> '../bin/systemctl'
'/sbin/poweroff' -> '../bin/systemctl'
'/sbin/halt' -> '../bin/systemctl'
'/sbin/telinit' -> '../bin/systemctl'
'/sbin/init' -> '../lib/systemd/systemd'
Initializing machine ID from random generator.

real	1m9.355s
user	2m40.274s
sys	0m14.435s
