A    lfs-10.1/chapter01
A    lfs-10.1/chapter01/changelog.xml
A    lfs-10.1/chapter01/whatsnew.xml
A    lfs-10.1/chapter01/how.xml
A    lfs-10.1/chapter01/chapter01.xml
A    lfs-10.1/chapter01/resources.xml
A    lfs-10.1/chapter01/askforhelp.xml
A    lfs-10.1/general.ent
A    lfs-10.1/packages.ent
A    lfs-10.1/chapter11
A    lfs-10.1/chapter11/reboot.xml
A    lfs-10.1/chapter11/theend.xml
A    lfs-10.1/chapter11/whatnow.xml
A    lfs-10.1/chapter11/chapter11.xml
A    lfs-10.1/chapter11/getcounted.xml
A    lfs-10.1/chapter08
A    lfs-10.1/chapter08/grub.xml
A    lfs-10.1/chapter08/automake.xml
A    lfs-10.1/chapter08/binutils.xml
A    lfs-10.1/chapter08/procps.xml
A    lfs-10.1/chapter08/python.xml
A    lfs-10.1/chapter08/glibc.xml
A    lfs-10.1/chapter08/iproute2.xml
A    lfs-10.1/chapter08/libelf.xml
A    lfs-10.1/chapter08/libffi.xml
A    lfs-10.1/chapter08/m4.xml
A    lfs-10.1/chapter08/ninja.xml
A    lfs-10.1/chapter08/openssl.xml
A    lfs-10.1/chapter08/readline.xml
A    lfs-10.1/chapter08/systemd.xml
A    lfs-10.1/chapter08/e2fsprogs.xml
A    lfs-10.1/chapter08/coreutils.xml
A    lfs-10.1/chapter08/dbus.xml
A    lfs-10.1/chapter08/bzip2.xml
A    lfs-10.1/chapter08/flex.xml
A    lfs-10.1/chapter08/libtool.xml
A    lfs-10.1/chapter08/ncurses.xml
A    lfs-10.1/chapter08/revisedchroot.xml
A    lfs-10.1/chapter08/zlib.xml
A    lfs-10.1/chapter08/util-linux.xml
A    lfs-10.1/chapter08/gcc.xml
A    lfs-10.1/chapter08/chapter08.xml
A    lfs-10.1/chapter08/tcl.xml
A    lfs-10.1/chapter08/bc.xml
A    lfs-10.1/chapter08/libcap.xml
A    lfs-10.1/chapter08/gdbm.xml
A    lfs-10.1/chapter08/kmod.xml
A    lfs-10.1/chapter08/meson.xml
A    lfs-10.1/chapter08/sysvinit.xml
A    lfs-10.1/chapter08/zstd.xml
A    lfs-10.1/chapter08/kbd.xml
A    lfs-10.1/chapter08/tar.xml
A    lfs-10.1/chapter08/autoconf.xml
A    lfs-10.1/chapter08/bash.xml
A    lfs-10.1/chapter08/texinfo.xml
A    lfs-10.1/chapter08/libpipeline.xml
A    lfs-10.1/chapter08/perl.xml
A    lfs-10.1/chapter08/check.xml
A    lfs-10.1/chapter08/pkgmgt.xml
A    lfs-10.1/chapter08/bison.xml
A    lfs-10.1/chapter08/dejagnu.xml
A    lfs-10.1/chapter08/expect.xml
A    lfs-10.1/chapter08/expat.xml
A    lfs-10.1/chapter08/intltool.xml
A    lfs-10.1/chapter08/acl.xml
A    lfs-10.1/chapter08/shadow.xml
A    lfs-10.1/chapter08/strippingagain.xml
A    lfs-10.1/chapter08/aboutdebug.xml
A    lfs-10.1/chapter08/adjusting.xml
A    lfs-10.1/chapter08/attr.xml
A    lfs-10.1/chapter08/gettext.xml
A    lfs-10.1/chapter08/gzip.xml
A    lfs-10.1/chapter08/introduction.xml
A    lfs-10.1/chapter08/make.xml
A    lfs-10.1/chapter08/man-db.xml
A    lfs-10.1/chapter08/patch.xml
A    lfs-10.1/chapter08/pkgconfig.xml
A    lfs-10.1/chapter08/sysklogd.xml
A    lfs-10.1/chapter08/vim.xml
A    lfs-10.1/chapter08/diffutils.xml
A    lfs-10.1/chapter08/eudev.xml
A    lfs-10.1/chapter08/file.xml
A    lfs-10.1/chapter08/findutils.xml
A    lfs-10.1/chapter08/gawk.xml
A    lfs-10.1/chapter08/gmp.xml
A    lfs-10.1/chapter08/gperf.xml
A    lfs-10.1/chapter08/grep.xml
A    lfs-10.1/chapter08/groff.xml
A    lfs-10.1/chapter08/iana-etc.xml
A    lfs-10.1/chapter08/inetutils.xml
A    lfs-10.1/chapter08/less.xml
A    lfs-10.1/chapter08/man-pages.xml
A    lfs-10.1/chapter08/mpc.xml
A    lfs-10.1/chapter08/mpfr.xml
A    lfs-10.1/chapter08/psmisc.xml
A    lfs-10.1/chapter08/sed.xml
A    lfs-10.1/chapter08/xml-parser.xml
A    lfs-10.1/chapter08/xz.xml
A    lfs-10.1/chapter05
A    lfs-10.1/chapter05/glibc.xml
A    lfs-10.1/chapter05/binutils-pass1.xml
A    lfs-10.1/chapter05/chapter05.xml
A    lfs-10.1/chapter05/introduction.xml
A    lfs-10.1/chapter05/gcc-pass1.xml
A    lfs-10.1/chapter05/libstdc++.xml
A    lfs-10.1/chapter05/linux-headers.xml
A    lfs-10.1/lfs-latest.php
A    lfs-10.1/chapter06
A    lfs-10.1/chapter06/file.xml
A    lfs-10.1/chapter06/binutils-pass2.xml
A    lfs-10.1/chapter06/chapter06.xml
A    lfs-10.1/chapter06/introduction.xml
A    lfs-10.1/chapter06/bash.xml
A    lfs-10.1/chapter06/findutils.xml
A    lfs-10.1/chapter06/gcc-pass2.xml
A    lfs-10.1/chapter06/gzip.xml
A    lfs-10.1/chapter06/ncurses.xml
A    lfs-10.1/chapter06/coreutils.xml
A    lfs-10.1/chapter06/diffutils.xml
A    lfs-10.1/chapter06/gawk.xml
A    lfs-10.1/chapter06/grep.xml
A    lfs-10.1/chapter06/m4.xml
A    lfs-10.1/chapter06/make.xml
A    lfs-10.1/chapter06/patch.xml
A    lfs-10.1/chapter06/sed.xml
A    lfs-10.1/chapter06/tar.xml
A    lfs-10.1/chapter06/xz.xml
A    lfs-10.1/chapter07
A    lfs-10.1/chapter07/util-linux.xml
A    lfs-10.1/chapter07/createfiles.xml
A    lfs-10.1/chapter07/stripping.xml
A    lfs-10.1/chapter07/perl.xml
A    lfs-10.1/chapter07/chapter07.xml
A    lfs-10.1/chapter07/creatingdirs.xml
A    lfs-10.1/chapter07/libstdc++-pass2.xml
A    lfs-10.1/chapter07/python.xml
A    lfs-10.1/chapter07/chroot.xml
A    lfs-10.1/chapter07/kernfs.xml
A    lfs-10.1/chapter07/texinfo.xml
A    lfs-10.1/chapter07/changingowner.xml
A    lfs-10.1/chapter07/bison.xml
A    lfs-10.1/chapter07/gettext.xml
A    lfs-10.1/chapter07/introduction.xml
A    lfs-10.1/bootscripts
A    lfs-10.1/bootscripts/ChangeLog
A    lfs-10.1/bootscripts/lfs
A    lfs-10.1/bootscripts/lfs/init.d
A    lfs-10.1/bootscripts/lfs/init.d/mountfs
A    lfs-10.1/bootscripts/lfs/init.d/cleanfs
A    lfs-10.1/bootscripts/lfs/init.d/rc
A    lfs-10.1/bootscripts/lfs/init.d/swap
A    lfs-10.1/bootscripts/lfs/init.d/checkfs
A    lfs-10.1/bootscripts/lfs/init.d/network
A    lfs-10.1/bootscripts/lfs/init.d/sysklogd
A    lfs-10.1/bootscripts/lfs/init.d/console
A    lfs-10.1/bootscripts/lfs/init.d/localnet
A    lfs-10.1/bootscripts/lfs/init.d/setclock
A    lfs-10.1/bootscripts/lfs/init.d/udev_retry
A    lfs-10.1/bootscripts/lfs/init.d/modules
A    lfs-10.1/bootscripts/lfs/init.d/mountvirtfs
A    lfs-10.1/bootscripts/lfs/init.d/sysctl
A    lfs-10.1/bootscripts/lfs/init.d/udev
A    lfs-10.1/bootscripts/lfs/init.d/halt
A    lfs-10.1/bootscripts/lfs/init.d/reboot
A    lfs-10.1/bootscripts/lfs/init.d/sendsignals
A    lfs-10.1/bootscripts/lfs/init.d/template
A    lfs-10.1/bootscripts/lfs/lib
A    lfs-10.1/bootscripts/lfs/lib/services
A    lfs-10.1/bootscripts/lfs/lib/services/init-functions
A    lfs-10.1/bootscripts/lfs/lib/services/ipv4-static
A    lfs-10.1/bootscripts/lfs/lib/services/ipv4-static-route
A    lfs-10.1/bootscripts/lfs/sbin
A    lfs-10.1/bootscripts/lfs/sbin/ifup
A    lfs-10.1/bootscripts/lfs/sbin/ifup.8
A    lfs-10.1/bootscripts/lfs/sbin/ifdown
A    lfs-10.1/bootscripts/lfs/sysconfig
A    lfs-10.1/bootscripts/lfs/sysconfig/rc.site
A    lfs-10.1/bootscripts/lfs/sysconfig/modules
A    lfs-10.1/bootscripts/lfs/sysconfig/udev_retry
A    lfs-10.1/bootscripts/lfs/sysconfig/createfiles
A    lfs-10.1/bootscripts/README
A    lfs-10.1/bootscripts/Makefile
A    lfs-10.1/chapter03
A    lfs-10.1/chapter03/patches.xml
A    lfs-10.1/chapter03/packages.xml
A    lfs-10.1/chapter03/introduction.xml
A    lfs-10.1/chapter03/chapter03.xml
A    lfs-10.1/patches.ent
A    lfs-10.1/chapter09
A    lfs-10.1/chapter09/bootscripts.xml
A    lfs-10.1/chapter09/systemd-custom.xml
A    lfs-10.1/chapter09/networkd.xml
A    lfs-10.1/chapter09/clock.xml
A    lfs-10.1/chapter09/consoled.xml
A    lfs-10.1/chapter09/etcshells.xml
A    lfs-10.1/chapter09/introductiond.xml
A    lfs-10.1/chapter09/locale.xml
A    lfs-10.1/chapter09/udev.xml
A    lfs-10.1/chapter09/inputrc.xml
A    lfs-10.1/chapter09/introduction.xml
A    lfs-10.1/chapter09/network.xml
A    lfs-10.1/chapter09/profile.xml
A    lfs-10.1/chapter09/symlinks.xml
A    lfs-10.1/chapter09/usage.xml
A    lfs-10.1/chapter09/chapter09.xml
A    lfs-10.1/appendices
A    lfs-10.1/appendices/dependencies.xml
A    lfs-10.1/appendices/acknowledgments.xml
A    lfs-10.1/appendices/acronymlist.xml
A    lfs-10.1/appendices/creat-comm.xml
A    lfs-10.1/appendices/license.xml
A    lfs-10.1/appendices/mit-lic.xml
A    lfs-10.1/appendices/scripts.xml
A    lfs-10.1/appendices/udev-rules.xml
A    lfs-10.1/chapter02
A    lfs-10.1/chapter02/aboutlfs.xml
A    lfs-10.1/chapter02/stages.xml
A    lfs-10.1/chapter02/hostreqs.xml
A    lfs-10.1/chapter02/creatingfilesystem.xml
A    lfs-10.1/chapter02/creatingpartition.xml
A    lfs-10.1/chapter02/introduction.xml
A    lfs-10.1/chapter02/mounting.xml
A    lfs-10.1/chapter02/chapter02.xml
A    lfs-10.1/chapter10
A    lfs-10.1/chapter10/kernel.xml
A    lfs-10.1/chapter10/grub.xml
A    lfs-10.1/chapter10/introduction.xml
A    lfs-10.1/chapter10/chapter10.xml
A    lfs-10.1/chapter10/fstab.xml
A    lfs-10.1/part3intro
A    lfs-10.1/part3intro/toolchaintechnotes.xml
A    lfs-10.1/part3intro/generalinstructions.xml
A    lfs-10.1/part3intro/introduction.xml
A    lfs-10.1/part3intro/part3intro.xml
A    lfs-10.1/chapter04
A    lfs-10.1/chapter04/settingenviron.xml
A    lfs-10.1/chapter04/creatingminlayout.xml
A    lfs-10.1/chapter04/addinguser.xml
A    lfs-10.1/chapter04/aboutsbus.xml
A    lfs-10.1/chapter04/abouttestsuites.xml
A    lfs-10.1/chapter04/chapter04.xml
A    lfs-10.1/chapter04/introduction.xml
A    lfs-10.1/stylesheets
A    lfs-10.1/stylesheets/lfs-xsl
A    lfs-10.1/stylesheets/lfs-xsl/lfs.css
A    lfs-10.1/stylesheets/lfs-xsl/chunk-master.xsl
A    lfs-10.1/stylesheets/lfs-xsl/chunk-slave.xsl
A    lfs-10.1/stylesheets/lfs-xsl/nochunks.xsl
A    lfs-10.1/stylesheets/lfs-xsl/pdf.xsl
A    lfs-10.1/stylesheets/lfs-xsl/profile.xsl
A    lfs-10.1/stylesheets/lfs-xsl/xhtml
A    lfs-10.1/stylesheets/lfs-xsl/xhtml/lfs-sections.xsl
A    lfs-10.1/stylesheets/lfs-xsl/xhtml/lfs-index.xsl
A    lfs-10.1/stylesheets/lfs-xsl/xhtml/lfs-mixed.xsl
A    lfs-10.1/stylesheets/lfs-xsl/xhtml/lfs-navigational.xsl
A    lfs-10.1/stylesheets/lfs-xsl/xhtml/lfs-admon.xsl
A    lfs-10.1/stylesheets/lfs-xsl/xhtml/lfs-titles.xsl
A    lfs-10.1/stylesheets/lfs-xsl/xhtml/lfs-xref.xsl
A    lfs-10.1/stylesheets/lfs-xsl/xhtml/lfs-toc.xsl
A    lfs-10.1/stylesheets/lfs-xsl/xhtml/lfs-legalnotice.xsl
A    lfs-10.1/stylesheets/lfs-xsl/lfs-print.css
A    lfs-10.1/stylesheets/lfs-xsl/lfs.css.new
A    lfs-10.1/stylesheets/lfs-xsl/lfs-l10n.xml
A    lfs-10.1/stylesheets/lfs-xsl/pdf
A    lfs-10.1/stylesheets/lfs-xsl/pdf/lfs-lists.xsl
A    lfs-10.1/stylesheets/lfs-xsl/pdf/lfs-index.xsl
A    lfs-10.1/stylesheets/lfs-xsl/pdf/lfs-mixed.xsl
A    lfs-10.1/stylesheets/lfs-xsl/pdf/lfs-pagesetup.xsl
A    lfs-10.1/stylesheets/lfs-xsl/pdf/lfs-admon.xsl
A    lfs-10.1/stylesheets/lfs-xsl/pdf/lfs-xref.xsl
A    lfs-10.1/stylesheets/lfs-xsl/common.xsl
A    lfs-10.1/stylesheets/lfs-xsl/chunkfast.xsl
A    lfs-10.1/stylesheets/wget-list.xsl
A    lfs-10.1/stylesheets/md5sum.xsl
A    lfs-10.1/stylesheets/dump-commands.xsl
A    lfs-10.1/stylesheets/lfs-nochunks.xsl
A    lfs-10.1/stylesheets/lfs-pdf.xsl
A    lfs-10.1/stylesheets/lfs-chunked.xsl
A    lfs-10.1/stylesheets/patcheslist.xsl
A    lfs-10.1/index.xml
A    lfs-10.1/Makefile
A    lfs-10.1/prologue
A    lfs-10.1/prologue/organization.xml
A    lfs-10.1/prologue/why.xml
A    lfs-10.1/prologue/architecture.xml
A    lfs-10.1/prologue/typography.xml
A    lfs-10.1/prologue/preface.xml
A    lfs-10.1/prologue/standards.xml
A    lfs-10.1/prologue/bookinfo.xml
A    lfs-10.1/prologue/foreword.xml
A    lfs-10.1/prologue/audience.xml
A    lfs-10.1/prologue/dedication.xml
A    lfs-10.1/prologue/errata.xml
A    lfs-10.1/prologue/prerequisites.xml
A    lfs-10.1/aux-file-data.sh
A    lfs-10.1/make-aux-files.sh
A    lfs-10.1/tidy.conf
A    lfs-10.1/README
A    lfs-10.1/INSTALL
A    lfs-10.1/udev-lfs
A    lfs-10.1/udev-lfs/Makefile.lfs
A    lfs-10.1/udev-lfs/83-cdrom-symlinks.rules
A    lfs-10.1/udev-lfs/ChangeLog
A    lfs-10.1/udev-lfs/init-net-rules.sh
A    lfs-10.1/udev-lfs/write_net_rules
A    lfs-10.1/udev-lfs/README
A    lfs-10.1/udev-lfs/81-cdrom.rules
A    lfs-10.1/udev-lfs/55-lfs.txt
A    lfs-10.1/udev-lfs/contrib
A    lfs-10.1/udev-lfs/contrib/debian
A    lfs-10.1/udev-lfs/contrib/debian/write_cd_aliases
A    lfs-10.1/udev-lfs/contrib/debian/81-cdrom.rules
A    lfs-10.1/udev-lfs/contrib/debian/83-cdrom-symlinks.rules
A    lfs-10.1/udev-lfs/55-lfs.rules
A    lfs-10.1/udev-lfs/rule_generator.functions
A    lfs-10.1/udev-lfs/write_cd_rules
A    lfs-10.1/pdf-fixups.sh
A    lfs-10.1/images
A    lfs-10.1/images/chevron-bottom.png
A    lfs-10.1/images/chevron-left.png
A    lfs-10.1/images/chevron-right.png
A    lfs-10.1/images/chevron-top.png
A    lfs-10.1/images/grid-three-up.png
A    lfs-10.1/images/menu.png
A    lfs-10.1/images/note.png
A    lfs-10.1/images/tux.png
A    lfs-10.1/images/tip.png
A    lfs-10.1/images/important.png
A    lfs-10.1/images/caution.png
A    lfs-10.1/images/warning.png
A    lfs-10.1/process-scripts.sh
A    lfs-10.1/obfuscate.sh
 U   lfs-10.1
Checked out revision 12153.
