warning: failed to load external entity "/home/matthew/lfs-6.5/appendices/rc.script"
/home/matthew/lfs-6.5/appendices/scripts.xml:57: parser error : Failure to process entity rc
    <screen>&rc;</screen> 
                ^
/home/matthew/lfs-6.5/appendices/scripts.xml:57: parser error : Entity 'rc' not defined
    <screen>&rc;</screen> 
                ^
warning: failed to load external entity "/home/matthew/lfs-6.5/appendices/functions.script"
/home/matthew/lfs-6.5/appendices/scripts.xml:62: parser error : Failure to process entity functions
    <screen>&functions;</screen> 
                       ^
/home/matthew/lfs-6.5/appendices/scripts.xml:62: parser error : Entity 'functions' not defined
    <screen>&functions;</screen> 
                       ^
warning: failed to load external entity "/home/matthew/lfs-6.5/appendices/mountkernfs.script"
/home/matthew/lfs-6.5/appendices/scripts.xml:67: parser error : Failure to process entity mountkernfs
    <screen>&mountkernfs;</screen> 
                         ^
/home/matthew/lfs-6.5/appendices/scripts.xml:67: parser error : Entity 'mountkernfs' not defined
    <screen>&mountkernfs;</screen> 
                         ^
warning: failed to load external entity "/home/matthew/lfs-6.5/appendices/consolelog.script"
/home/matthew/lfs-6.5/appendices/scripts.xml:72: parser error : Failure to process entity consolelog
    <screen>&consolelog;</screen> 
                        ^
/home/matthew/lfs-6.5/appendices/scripts.xml:72: parser error : Entity 'consolelog' not defined
    <screen>&consolelog;</screen> 
                        ^
warning: failed to load external entity "/home/matthew/lfs-6.5/appendices/modules.script"
/home/matthew/lfs-6.5/appendices/scripts.xml:77: parser error : Failure to process entity modules
    <screen>&modules;</screen> 
                     ^
/home/matthew/lfs-6.5/appendices/scripts.xml:77: parser error : Entity 'modules' not defined
    <screen>&modules;</screen> 
                     ^
warning: failed to load external entity "/home/matthew/lfs-6.5/appendices/udev.script"
/home/matthew/lfs-6.5/appendices/scripts.xml:82: parser error : Failure to process entity udev
    <screen>&udev;</screen> 
                  ^
/home/matthew/lfs-6.5/appendices/scripts.xml:82: parser error : Entity 'udev' not defined
    <screen>&udev;</screen> 
                  ^
warning: failed to load external entity "/home/matthew/lfs-6.5/appendices/swap.script"
/home/matthew/lfs-6.5/appendices/scripts.xml:87: parser error : Failure to process entity swap
    <screen>&swap;</screen> 
                  ^
/home/matthew/lfs-6.5/appendices/scripts.xml:87: parser error : Entity 'swap' not defined
    <screen>&swap;</screen> 
                  ^
warning: failed to load external entity "/home/matthew/lfs-6.5/appendices/setclock.script"
/home/matthew/lfs-6.5/appendices/scripts.xml:92: parser error : Failure to process entity setclock
    <screen>&setclock;</screen> 
                      ^
/home/matthew/lfs-6.5/appendices/scripts.xml:92: parser error : Entity 'setclock' not defined
    <screen>&setclock;</screen> 
                      ^
warning: failed to load external entity "/home/matthew/lfs-6.5/appendices/checkfs.script"
/home/matthew/lfs-6.5/appendices/scripts.xml:97: parser error : Failure to process entity checkfs
    <screen>&checkfs;</screen> 
                     ^
/home/matthew/lfs-6.5/appendices/scripts.xml:97: parser error : Entity 'checkfs' not defined
    <screen>&checkfs;</screen> 
                     ^
warning: failed to load external entity "/home/matthew/lfs-6.5/appendices/mountfs.script"
/home/matthew/lfs-6.5/appendices/scripts.xml:102: parser error : Failure to process entity mountfs
    <screen>&mountfs;</screen> 
                     ^
/home/matthew/lfs-6.5/appendices/scripts.xml:102: parser error : Entity 'mountfs' not defined
    <screen>&mountfs;</screen> 
                     ^
warning: failed to load external entity "/home/matthew/lfs-6.5/appendices/udev_retry.script"
/home/matthew/lfs-6.5/appendices/scripts.xml:107: parser error : Failure to process entity udev_retry
    <screen>&udev_retry;</screen> 
                        ^
/home/matthew/lfs-6.5/appendices/scripts.xml:107: parser error : Entity 'udev_retry' not defined
    <screen>&udev_retry;</screen> 
                        ^
warning: failed to load external entity "/home/matthew/lfs-6.5/appendices/cleanfs.script"
/home/matthew/lfs-6.5/appendices/scripts.xml:112: parser error : Failure to process entity cleanfs
    <screen>&cleanfs;</screen> 
                     ^
/home/matthew/lfs-6.5/appendices/scripts.xml:112: parser error : Entity 'cleanfs' not defined
    <screen>&cleanfs;</screen> 
                     ^
warning: failed to load external entity "/home/matthew/lfs-6.5/appendices/console.script"
/home/matthew/lfs-6.5/appendices/scripts.xml:117: parser error : Failure to process entity console
    <screen>&console;</screen> 
                     ^
/home/matthew/lfs-6.5/appendices/scripts.xml:117: parser error : Entity 'console' not defined
    <screen>&console;</screen> 
                     ^
warning: failed to load external entity "/home/matthew/lfs-6.5/appendices/localnet.script"
/home/matthew/lfs-6.5/appendices/scripts.xml:122: parser error : Failure to process entity localnet
    <screen>&localnet;</screen> 
                      ^
/home/matthew/lfs-6.5/appendices/scripts.xml:122: parser error : Entity 'localnet' not defined
    <screen>&localnet;</screen> 
                      ^
warning: failed to load external entity "/home/matthew/lfs-6.5/appendices/sysctl.script"
/home/matthew/lfs-6.5/appendices/scripts.xml:127: parser error : Failure to process entity sysctl
    <screen>&sysctl;</screen> 
                    ^
/home/matthew/lfs-6.5/appendices/scripts.xml:127: parser error : Entity 'sysctl' not defined
    <screen>&sysctl;</screen> 
                    ^
warning: failed to load external entity "/home/matthew/lfs-6.5/appendices/sysklogd.script"
/home/matthew/lfs-6.5/appendices/scripts.xml:132: parser error : Failure to process entity sysklogd
    <screen>&sysklogd;</screen> 
                      ^
/home/matthew/lfs-6.5/appendices/scripts.xml:132: parser error : Entity 'sysklogd' not defined
    <screen>&sysklogd;</screen> 
                      ^
warning: failed to load external entity "/home/matthew/lfs-6.5/appendices/network.script"
/home/matthew/lfs-6.5/appendices/scripts.xml:137: parser error : Failure to process entity network
    <screen>&network;</screen> 
                     ^
/home/matthew/lfs-6.5/appendices/scripts.xml:137: parser error : Entity 'network' not defined
    <screen>&network;</screen> 
                     ^
warning: failed to load external entity "/home/matthew/lfs-6.5/appendices/sendsignals.script"
/home/matthew/lfs-6.5/appendices/scripts.xml:142: parser error : Failure to process entity sendsignals
    <screen>&sendsignals;</screen> 
                         ^
/home/matthew/lfs-6.5/appendices/scripts.xml:142: parser error : Entity 'sendsignals' not defined
    <screen>&sendsignals;</screen> 
                         ^
warning: failed to load external entity "/home/matthew/lfs-6.5/appendices/reboot.script"
/home/matthew/lfs-6.5/appendices/scripts.xml:147: parser error : Failure to process entity reboot
    <screen>&reboot;</screen> 
                    ^
/home/matthew/lfs-6.5/appendices/scripts.xml:147: parser error : Entity 'reboot' not defined
    <screen>&reboot;</screen> 
                    ^
warning: failed to load external entity "/home/matthew/lfs-6.5/appendices/halt.script"
/home/matthew/lfs-6.5/appendices/scripts.xml:152: parser error : Failure to process entity halt
    <screen>&halt;</screen> 
                  ^
/home/matthew/lfs-6.5/appendices/scripts.xml:152: parser error : Entity 'halt' not defined
    <screen>&halt;</screen> 
                  ^
warning: failed to load external entity "/home/matthew/lfs-6.5/appendices/template.script"
/home/matthew/lfs-6.5/appendices/scripts.xml:157: parser error : Failure to process entity template
    <screen>&template;</screen> 
                      ^
/home/matthew/lfs-6.5/appendices/scripts.xml:157: parser error : Entity 'template' not defined
    <screen>&template;</screen> 
                      ^
warning: failed to load external entity "/home/matthew/lfs-6.5/appendices/rc-sysinit.script"
/home/matthew/lfs-6.5/appendices/scripts.xml:162: parser error : Failure to process entity rc_sys
    <screen>&rc_sys;</screen> 
                    ^
/home/matthew/lfs-6.5/appendices/scripts.xml:162: parser error : Entity 'rc_sys' not defined
    <screen>&rc_sys;</screen> 
                    ^
warning: failed to load external entity "/home/matthew/lfs-6.5/appendices/modules-sysinit.script"
/home/matthew/lfs-6.5/appendices/scripts.xml:167: parser error : Failure to process entity modules_sys
    <screen>&modules_sys;</screen> 
                         ^
/home/matthew/lfs-6.5/appendices/scripts.xml:167: parser error : Entity 'modules_sys' not defined
    <screen>&modules_sys;</screen> 
                         ^
warning: failed to load external entity "/home/matthew/lfs-6.5/appendices/createfiles.script"
/home/matthew/lfs-6.5/appendices/scripts.xml:172: parser error : Failure to process entity createfiles
    <screen>&createfiles;</screen> 
                         ^
/home/matthew/lfs-6.5/appendices/scripts.xml:172: parser error : Entity 'createfiles' not defined
    <screen>&createfiles;</screen> 
                         ^
warning: failed to load external entity "/home/matthew/lfs-6.5/appendices/ifup.script"
/home/matthew/lfs-6.5/appendices/scripts.xml:177: parser error : Failure to process entity ifup
    <screen>&ifup;</screen> 
                  ^
/home/matthew/lfs-6.5/appendices/scripts.xml:177: parser error : Entity 'ifup' not defined
    <screen>&ifup;</screen> 
                  ^
warning: failed to load external entity "/home/matthew/lfs-6.5/appendices/ifdown.script"
/home/matthew/lfs-6.5/appendices/scripts.xml:182: parser error : Failure to process entity ifdown
    <screen>&ifdown;</screen> 
                    ^
/home/matthew/lfs-6.5/appendices/scripts.xml:182: parser error : Entity 'ifdown' not defined
    <screen>&ifdown;</screen> 
                    ^
warning: failed to load external entity "/home/matthew/lfs-6.5/appendices/ipv4-static.script"
/home/matthew/lfs-6.5/appendices/scripts.xml:187: parser error : Failure to process entity ipv4_static
    <screen>&ipv4_static;</screen> 
                         ^
/home/matthew/lfs-6.5/appendices/scripts.xml:187: parser error : Entity 'ipv4_static' not defined
    <screen>&ipv4_static;</screen> 
                         ^
warning: failed to load external entity "/home/matthew/lfs-6.5/appendices/ipv4-static-route.script"
/home/matthew/lfs-6.5/appendices/scripts.xml:192: parser error : Failure to process entity ipv4_static_route
    <screen>&ipv4_static_route;</screen> 
                               ^
/home/matthew/lfs-6.5/appendices/scripts.xml:192: parser error : Entity 'ipv4_static_route' not defined
    <screen>&ipv4_static_route;</screen> 
                               ^
/home/matthew/lfs-6.5/index.xml:44: element include: XInclude error : could not load /home/matthew/lfs-6.5/appendices/scripts.xml, and no fallback was found
warning: failed to load external entity "/home/matthew/lfs-6.5/appendices/55-lfs.rules.script"
/home/matthew/lfs-6.5/appendices/udev-rules.xml:22: parser error : Failure to process entity lfs-rules
    <screen>&lfs-rules;</screen> 
                       ^
/home/matthew/lfs-6.5/appendices/udev-rules.xml:22: parser error : Entity 'lfs-rules' not defined
    <screen>&lfs-rules;</screen> 
                       ^
warning: failed to load external entity "/home/matthew/lfs-6.5/appendices/61-cdrom.rules.script"
/home/matthew/lfs-6.5/appendices/udev-rules.xml:27: parser error : Failure to process entity cdrom-rules
    <screen>&cdrom-rules;</screen> 
                         ^
/home/matthew/lfs-6.5/appendices/udev-rules.xml:27: parser error : Entity 'cdrom-rules' not defined
    <screen>&cdrom-rules;</screen> 
                         ^
/home/matthew/lfs-6.5/index.xml:45: element include: XInclude error : could not load /home/matthew/lfs-6.5/appendices/udev-rules.xml, and no fallback was found
