checking for a BSD-compatible install... /usr/bin/install -c
checking whether build environment is sane... yes
checking for a thread-safe mkdir -p... /bin/mkdir -p
checking for gawk... gawk
checking whether make sets $(MAKE)... yes
checking whether make supports nested variables... yes
checking whether make supports nested variables... (cached) yes
checking for style of include used by make... GNU
checking for gcc... gcc
checking whether the C compiler works... yes
checking for C compiler default output file name... a.out
checking for suffix of executables... 
checking whether we are cross compiling... no
checking for suffix of object files... o
checking whether we are using the GNU C compiler... yes
checking whether gcc accepts -g... yes
checking for gcc option to accept ISO C89... none needed
checking whether gcc understands -c and -o together... yes
checking dependency style of gcc... gcc3
checking for gcc option to accept ISO C99... -std=gnu99
checking for gcc -std=gnu99 option to accept ISO Standard C... (cached) -std=gnu99
checking for g++... g++
checking whether we are using the GNU C++ compiler... yes
checking whether g++ accepts -g... yes
checking dependency style of g++... gcc3
checking how to run the C preprocessor... gcc -std=gnu99 -E
checking for grep that handles long lines and -e... /tools/bin/grep
checking for egrep... /tools/bin/grep -E
checking for Minix Amsterdam compiler... no
checking for ar... ar
checking for ranlib... ranlib
checking for ANSI C header files... yes
checking for sys/types.h... yes
checking for sys/stat.h... yes
checking for stdlib.h... yes
checking for string.h... yes
checking for memory.h... yes
checking for strings.h... yes
checking for inttypes.h... yes
checking for stdint.h... yes
checking for unistd.h... yes
checking minix/config.h usability... no
checking minix/config.h presence... no
checking for minix/config.h... no
checking whether it is safe to define __EXTENSIONS__... yes
checking whether _XOPEN_SOURCE should be defined... no
checking build system type... x86_64-unknown-linux-gnu
checking host system type... x86_64-unknown-linux-gnu
checking for special C compiler options needed for large files... no
checking for _FILE_OFFSET_BITS value needed for large files... no
checking whether pragma GCC diagnostic push works... yes
checking whether gcc -std=gnu99 supports POSIXLY_CORRECT=1... yes
checking whether g++ builds executables that work... yes
checking whether g++ supports POSIXLY_CORRECT=1... yes
checking for flex... flex
checking whether lex is flex... yes
checking lex output file root... lex.yy
checking lex library... -lfl
checking whether yytext is a pointer... yes
checking for bison... no
checking for byacc... no
checking for ranlib... (cached) ranlib
checking for GNU M4 that supports accurate traces... /usr/bin/m4
checking whether /usr/bin/m4 accepts --gnu... yes
checking how m4 supports trace files... --debugfile
checking for perl... /usr/bin/perl
checking for xsltproc... no
checking for locale.h... yes
checking for sys/socket.h... yes
checking for unistd.h... (cached) yes
checking for stdio_ext.h... yes
checking for features.h... yes
checking for sys/stat.h... (cached) yes
checking for getopt.h... yes
checking for wchar.h... yes
checking for stdint.h... (cached) yes
checking for inttypes.h... (cached) yes
checking for math.h... yes
checking for sys/mman.h... yes
checking for sys/param.h... yes
checking for sched.h... yes
checking for spawn.h... yes
checking for sys/wait.h... yes
checking for sys/time.h... yes
checking for wctype.h... yes
checking for inline... inline
checking for size_t... yes
checking for working alloca.h... yes
checking for alloca... yes
checking whether malloc, realloc, calloc are POSIX compliant... yes
checking for _set_invalid_parameter_handler... no
checking for fcntl... yes
checking for symlink... yes
checking for vasnprintf... no
checking for snprintf... yes
checking for __fseterr... no
checking for getdtablesize... yes
checking for lstat... yes
checking for mbsinit... yes
checking for mbrtowc... yes
checking for isascii... yes
checking for mprotect... yes
checking for obstack_printf... yes
checking for strerror_r... yes
checking for __xpg_strerror_r... yes
checking for pipe2... yes
checking for posix_spawn... yes
checking for sigaction... yes
checking for sigaltstack... yes
checking for siginterrupt... yes
checking for strdup... yes
checking for catgets... yes
checking for strndup... yes
checking for pipe... yes
checking for iswcntrl... yes
checking for wcwidth... yes
checking for setlocale... yes
checking whether // is distinct from /... no
checking if environ is properly declared... yes
checking whether the preprocessor supports include_next... yes
checking whether system header files limit the line length... no
checking for complete errno.h... yes
checking whether strerror_r is declared... yes
checking for strerror_r... (cached) yes
checking whether strerror_r returns char *... yes
checking for sig_atomic_t... yes
checking for working fcntl.h... yes
checking for pid_t... yes
checking for mode_t... yes
checking for stdint.h... yes
checking for inttypes.h... yes
checking whether printf supports size specifiers as in C99... yes
checking whether printf supports 'long double' arguments... yes
checking whether printf supports infinite 'double' arguments... yes
checking whether byte ordering is bigendian... no
checking whether long double and double are the same... no
checking whether printf supports infinite 'long double' arguments... no
checking whether printf supports the 'a' and 'A' directives... yes
checking whether printf supports the 'F' directive... yes
checking whether printf supports the 'n' directive... yes
checking whether printf supports the 'ls' directive... yes
checking whether printf supports POSIX/XSI format strings with positions... yes
checking whether printf supports the grouping flag... yes
checking whether printf supports the left-adjust flag correctly... yes
checking whether printf supports the zero flag correctly... yes
checking whether printf supports large precisions... yes
checking whether printf survives out-of-memory conditions... yes
checking for unsigned long long int... yes
checking for long long int... yes
checking for wchar_t... yes
checking for wint_t... yes
checking for intmax_t... yes
checking where to find the exponent in a 'double'... word 1 bit 20
checking whether snprintf returns a byte count as in C99... yes
checking for snprintf... (cached) yes
checking for strnlen... yes
checking for wcslen... yes
checking for wcsnlen... yes
checking for mbrtowc... (cached) yes
checking for wcrtomb... yes
checking whether _snprintf is declared... no
checking whether frexp() can be used without linking with libm... yes
checking whether alarm is declared... yes
checking whether stat file-mode macros are broken... no
checking for nlink_t... yes
checking whether fchmodat is declared without a macro... yes
checking whether fstat is declared without a macro... yes
checking whether fstatat is declared without a macro... yes
checking whether futimens is declared without a macro... yes
checking whether lchmod is declared without a macro... yes
checking whether lstat is declared without a macro... yes
checking whether mkdirat is declared without a macro... yes
checking whether mkfifo is declared without a macro... yes
checking whether mkfifoat is declared without a macro... yes
checking whether mknod is declared without a macro... yes
checking whether mknodat is declared without a macro... yes
checking whether stat is declared without a macro... yes
checking whether utimensat is declared without a macro... yes
checking for getopt.h... (cached) yes
checking for getopt_long_only... yes
checking whether getopt is POSIX compatible... yes
checking for working GNU getopt function... yes
checking for working GNU getopt_long function... yes
checking whether getenv is declared... yes
checking whether stdint.h conforms to C99... yes
checking whether imaxabs is declared without a macro... yes
checking whether imaxdiv is declared without a macro... yes
checking whether strtoimax is declared without a macro... yes
checking whether strtoumax is declared without a macro... yes
checking for inttypes.h... (cached) yes
checking whether the inttypes.h PRIxNN macros are broken... no
checking where to find the exponent in a 'float'... word 0 bit 23
checking whether isnan(float) can be used without linking with libm... yes
checking whether isnan(float) works... yes
checking whether isnan(double) can be used without linking with libm... yes
checking whether isnan(long double) can be used without linking with libm... yes
checking whether isnanl works... no
checking whether ldexp() can be used without linking with libm... yes
checking for nl_langinfo and CODESET... yes
checking whether getc_unlocked is declared... yes
checking whether we are using the GNU C Library >= 2.1 or uClibc... yes
checking for ld used by gcc -std=gnu99... /usr/bin/ld
checking if the linker (/usr/bin/ld) is GNU ld... yes
checking for shared library run path origin... done
checking whether imported symbols can be declared weak... yes
checking pthread.h usability... yes
checking pthread.h presence... yes
checking for pthread.h... yes
checking for pthread_kill in -lpthread... yes
checking for multithread API to use... posix
checking whether lstat correctly handles trailing slash... yes
checking for mbstate_t... yes
checking for a traditional japanese locale... ja_JP
checking for a transitional chinese locale... zh_CN.GB18030
checking for a french Unicode locale... fr_FR.UTF-8
checking for mmap... yes
checking for MAP_ANONYMOUS... yes
checking whether memchr works... yes
checking whether obstack_printf is declared... yes
checking for promoted mode_t type... mode_t
checking whether strerror(0) succeeds... yes
checking for strerror_r with POSIX signature... no
checking whether __xpg_strerror_r works... yes
checking whether strerror_r is declared... (cached) yes
checking whether posix_spawn works... yes
checking whether posix_spawnattr_setschedpolicy is supported... yes
checking whether posix_spawnattr_setschedparam is supported... yes
checking for ptrdiff_t... yes
checking whether C symbols are prefixed with underscore at the linker level... no
checking for sigset_t... yes
checking for C/C++ restrict keyword... __restrict
checking for uid_t in sys/types.h... yes
checking whether snprintf is declared... yes
checking for stdbool.h that conforms to C99... yes
checking for _Bool... yes
checking whether strdup is declared... yes
checking whether ffsl is declared without a macro... yes
checking whether ffsll is declared without a macro... yes
checking whether memmem is declared without a macro... yes
checking whether mempcpy is declared without a macro... yes
checking whether memrchr is declared without a macro... yes
checking whether rawmemchr is declared without a macro... yes
checking whether stpcpy is declared without a macro... yes
checking whether stpncpy is declared without a macro... yes
checking whether strchrnul is declared without a macro... yes
checking whether strdup is declared without a macro... yes
checking whether strncat is declared without a macro... yes
checking whether strndup is declared without a macro... yes
checking whether strnlen is declared without a macro... yes
checking whether strpbrk is declared without a macro... yes
checking whether strsep is declared without a macro... yes
checking whether strcasestr is declared without a macro... yes
checking whether strtok_r is declared without a macro... yes
checking whether strerror_r is declared without a macro... yes
checking whether strsignal is declared without a macro... yes
checking whether strverscmp is declared without a macro... yes
checking whether strndup is declared... (cached) yes
checking whether strnlen is declared... (cached) yes
checking for struct timespec in <time.h>... yes
checking whether clearerr_unlocked is declared... yes
checking whether feof_unlocked is declared... yes
checking whether ferror_unlocked is declared... yes
checking whether fflush_unlocked is declared... yes
checking whether fgets_unlocked is declared... yes
checking whether fputc_unlocked is declared... yes
checking whether fputs_unlocked is declared... yes
checking whether fread_unlocked is declared... yes
checking whether fwrite_unlocked is declared... yes
checking whether getchar_unlocked is declared... yes
checking whether putc_unlocked is declared... yes
checking whether putchar_unlocked is declared... yes
checking whether unsetenv is declared... yes
checking whether vsnprintf is declared... yes
checking whether <wchar.h> uses 'inline' correctly... yes
checking for alloca as a compiler built-in... yes
checking whether to enable assertions... yes
checking whether // is distinct from /... (cached) no
checking whether dup2 works... yes
checking for error_at_line... yes
checking whether fcntl handles F_DUPFD correctly... yes
checking whether fcntl understands F_DUPFD_CLOEXEC... needs runtime check
checking whether fcntl is declared without a macro... yes
checking whether openat is declared without a macro... yes
checking whether conversion from 'int' to 'long double' works... yes
checking whether fopen recognizes a trailing slash... yes
checking for __fpending... yes
checking whether __fpending is declared... yes
checking for ptrdiff_t... (cached) yes
checking whether frexp works... yes
checking whether frexpl is declared... yes
checking whether frexpl() can be used without linking with libm... yes
checking whether frexpl works... yes
checking whether getdtablesize works... yes
checking whether INT32_MAX < INTMAX_MAX... yes
checking whether INT64_MAX == LONG_MAX... yes
checking whether UINT32_MAX < UINTMAX_MAX... yes
checking whether UINT64_MAX == ULONG_MAX... yes
checking whether isnan macro works... no
checking whether isnan(double) can be used without linking with libm... (cached) yes
checking whether isnan(double) can be used without linking with libm... (cached) yes
checking whether isnan(float) can be used without linking with libm... (cached) yes
checking whether isnan(float) works... (cached) yes
checking where to find the exponent in a 'float'... (cached) word 0 bit 23
checking whether isnan(float) can be used without linking with libm... (cached) yes
checking whether isnan(float) works... (cached) yes
checking whether isnan(long double) can be used without linking with libm... (cached) yes
checking whether isnanl works... (cached) no
checking where to find the exponent in a 'long double'... unknown
checking whether isnan(long double) can be used without linking with libm... (cached) yes
checking whether isnanl works... (cached) no
checking where to find the exponent in a 'long double'... (cached) unknown
checking whether ldexpl is declared... yes
checking whether ldexpl() can be used without linking with libm... yes
checking whether ldexpl works... yes
checking for pthread_rwlock_t... yes
checking for stdlib.h... (cached) yes
checking for GNU libc compatible malloc... yes
checking whether NAN macro works... yes
checking whether HUGE_VAL works... yes
checking whether acosf is declared without a macro... yes
checking whether acosl is declared without a macro... yes
checking whether asinf is declared without a macro... yes
checking whether asinl is declared without a macro... yes
checking whether atanf is declared without a macro... yes
checking whether atanl is declared without a macro... yes
checking whether cbrt is declared without a macro... yes
checking whether cbrtf is declared without a macro... yes
checking whether cbrtl is declared without a macro... yes
checking whether ceilf is declared without a macro... yes
checking whether ceill is declared without a macro... yes
checking whether copysign is declared without a macro... yes
checking whether copysignf is declared without a macro... yes
checking whether copysignl is declared without a macro... yes
checking whether cosf is declared without a macro... yes
checking whether cosl is declared without a macro... yes
checking whether coshf is declared without a macro... yes
checking whether expf is declared without a macro... yes
checking whether expl is declared without a macro... yes
checking whether exp2 is declared without a macro... yes
checking whether exp2f is declared without a macro... yes
checking whether exp2l is declared without a macro... yes
checking whether expm1 is declared without a macro... yes
checking whether expm1f is declared without a macro... yes
checking whether expm1l is declared without a macro... yes
checking whether fabsf is declared without a macro... yes
checking whether fabsl is declared without a macro... yes
checking whether floorf is declared without a macro... yes
checking whether floorl is declared without a macro... yes
checking whether fma is declared without a macro... yes
checking whether fmaf is declared without a macro... yes
checking whether fmal is declared without a macro... yes
checking whether fmod is declared without a macro... yes
checking whether fmodf is declared without a macro... yes
checking whether fmodl is declared without a macro... yes
checking whether frexpf is declared without a macro... yes
checking whether frexpl is declared without a macro... yes
checking whether hypotf is declared without a macro... yes
checking whether hypotl is declared without a macro... yes
checking whether ilogb is declared without a macro... yes
checking whether ilogbf is declared without a macro... yes
checking whether ilogbl is declared without a macro... yes
checking whether ldexpf is declared without a macro... yes
checking whether ldexpl is declared without a macro... yes
checking whether log is declared without a macro... yes
checking whether logf is declared without a macro... yes
checking whether logl is declared without a macro... yes
checking whether log10 is declared without a macro... yes
checking whether log10f is declared without a macro... yes
checking whether log10l is declared without a macro... yes
checking whether log1p is declared without a macro... yes
checking whether log1pf is declared without a macro... yes
checking whether log1pl is declared without a macro... yes
checking whether log2 is declared without a macro... yes
checking whether log2f is declared without a macro... yes
checking whether log2l is declared without a macro... yes
checking whether logb is declared without a macro... yes
checking whether logbf is declared without a macro... yes
checking whether logbl is declared without a macro... yes
checking whether modf is declared without a macro... yes
checking whether modff is declared without a macro... yes
checking whether modfl is declared without a macro... yes
checking whether powf is declared without a macro... yes
checking whether remainder is declared without a macro... yes
checking whether remainderf is declared without a macro... yes
checking whether remainderl is declared without a macro... yes
checking whether rint is declared without a macro... yes
checking whether rintf is declared without a macro... yes
checking whether rintl is declared without a macro... yes
checking whether round is declared without a macro... yes
checking whether roundf is declared without a macro... yes
checking whether roundl is declared without a macro... yes
checking whether sinf is declared without a macro... yes
checking whether sinl is declared without a macro... yes
checking whether sinhf is declared without a macro... yes
checking whether sqrtf is declared without a macro... yes
checking whether sqrtl is declared without a macro... yes
checking whether tanf is declared without a macro... yes
checking whether tanl is declared without a macro... yes
checking whether tanhf is declared without a macro... yes
checking whether trunc is declared without a macro... yes
checking whether truncf is declared without a macro... yes
checking whether truncl is declared without a macro... yes
checking whether mbrtowc handles incomplete characters... yes
checking whether mbrtowc works as well as mbtowc... yes
checking whether mbrtowc handles a NULL pwc argument... yes
checking whether mbrtowc handles a NULL string argument... yes
checking whether mbrtowc has a correct return value... yes
checking whether mbrtowc returns 0 when parsing a NUL character... yes
checking whether mbrtowc handles incomplete characters... (cached) yes
checking whether mbrtowc works as well as mbtowc... (cached) yes
checking whether mbswidth is declared in <wchar.h>... no
checking for mbstate_t... (cached) yes
checking for obstacks... yes
checking whether open recognizes a trailing slash... yes
checking whether perror matches strerror... yes
checking whether posix_spawn_file_actions_addclose works... yes
checking whether posix_spawn_file_actions_adddup2 works... yes
checking whether posix_spawn_file_actions_addopen works... yes
checking whether frexp works... (cached) yes
checking whether ldexp can be used without linking with libm... (cached) yes
checking whether frexpl() can be used without linking with libm... (cached) yes
checking whether frexpl works... (cached) yes
checking whether frexpl is declared... (cached) yes
checking whether ldexpl() can be used without linking with libm... (cached) yes
checking whether ldexpl works... (cached) yes
checking whether ldexpl is declared... (cached) yes
checking whether program_invocation_name is declared... yes
checking whether program_invocation_short_name is declared... yes
checking for raise... yes
checking for sigprocmask... yes
checking for rawmemchr... yes
checking for struct sigaction.sa_sigaction... yes
checking for volatile sig_atomic_t... yes
checking for sighandler_t... yes
checking whether pthread_sigmask is declared without a macro... yes
checking whether sigaction is declared without a macro... yes
checking whether sigaddset is declared without a macro... yes
checking whether sigdelset is declared without a macro... yes
checking whether sigemptyset is declared without a macro... yes
checking whether sigfillset is declared without a macro... yes
checking whether sigismember is declared without a macro... yes
checking whether sigpending is declared without a macro... yes
checking whether sigprocmask is declared without a macro... yes
checking for signbit macro... yes
checking for signbit compiler built-ins... yes
checking for sigprocmask... (cached) yes
checking for stdint.h... (cached) yes
checking for SIZE_MAX... yes
checking for snprintf... (cached) yes
checking whether snprintf respects a size of 1... yes
checking whether printf supports POSIX/XSI format strings with positions... (cached) yes
checking for snprintf... (cached) yes
checking whether snprintf truncates the result as in C99... yes
checking whether snprintf fully supports the 'n' directive... yes
checking whether snprintf respects a size of 1... (cached) yes
checking whether vsnprintf respects a zero size as in C99... yes
checking for ptrdiff_t... (cached) yes
checking for posix_spawnattr_t... yes
checking for posix_spawn_file_actions_t... yes
checking whether posix_spawn is declared without a macro... yes
checking whether posix_spawnp is declared without a macro... yes
checking whether posix_spawnattr_init is declared without a macro... yes
checking whether posix_spawnattr_destroy is declared without a macro... yes
checking whether posix_spawnattr_getsigdefault is declared without a macro... yes
checking whether posix_spawnattr_setsigdefault is declared without a macro... yes
checking whether posix_spawnattr_getsigmask is declared without a macro... yes
checking whether posix_spawnattr_setsigmask is declared without a macro... yes
checking whether posix_spawnattr_getflags is declared without a macro... yes
checking whether posix_spawnattr_setflags is declared without a macro... yes
checking whether posix_spawnattr_getpgroup is declared without a macro... yes
checking whether posix_spawnattr_setpgroup is declared without a macro... yes
checking whether posix_spawnattr_getschedpolicy is declared without a macro... yes
checking whether posix_spawnattr_setschedpolicy is declared without a macro... yes
checking whether posix_spawnattr_getschedparam is declared without a macro... yes
checking whether posix_spawnattr_setschedparam is declared without a macro... yes
checking whether posix_spawn_file_actions_init is declared without a macro... yes
checking whether posix_spawn_file_actions_destroy is declared without a macro... yes
checking whether posix_spawn_file_actions_addopen is declared without a macro... yes
checking whether posix_spawn_file_actions_addclose is declared without a macro... yes
checking whether posix_spawn_file_actions_adddup2 is declared without a macro... yes
checking for ptrdiff_t... (cached) yes
checking for ssize_t... yes
checking whether stat handles trailing slashes on directories... yes
checking whether stat handles trailing slashes on files... yes
checking whether NULL can be used in arbitrary expressions... yes
checking whether dprintf is declared without a macro... yes
checking whether fpurge is declared without a macro... no
checking whether fseeko is declared without a macro... yes
checking whether ftello is declared without a macro... yes
checking whether getdelim is declared without a macro... yes
checking whether getline is declared without a macro... yes
checking whether gets is declared without a macro... no
checking whether pclose is declared without a macro... yes
checking whether popen is declared without a macro... yes
checking whether renameat is declared without a macro... yes
checking whether snprintf is declared without a macro... yes
checking whether tmpfile is declared without a macro... yes
checking whether vdprintf is declared without a macro... yes
checking whether vsnprintf is declared without a macro... yes
checking whether _Exit is declared without a macro... yes
checking whether atoll is declared without a macro... yes
checking whether canonicalize_file_name is declared without a macro... yes
checking whether getloadavg is declared without a macro... yes
checking whether getsubopt is declared without a macro... yes
checking whether grantpt is declared without a macro... yes
checking whether initstate is declared without a macro... yes
checking whether initstate_r is declared without a macro... yes
checking whether mkdtemp is declared without a macro... yes
checking whether mkostemp is declared without a macro... yes
checking whether mkostemps is declared without a macro... yes
checking whether mkstemp is declared without a macro... yes
checking whether mkstemps is declared without a macro... yes
checking whether posix_openpt is declared without a macro... yes
checking whether ptsname is declared without a macro... yes
checking whether ptsname_r is declared without a macro... yes
checking whether random is declared without a macro... yes
checking whether random_r is declared without a macro... yes
checking whether realpath is declared without a macro... yes
checking whether rpmatch is declared without a macro... yes
checking whether secure_getenv is declared without a macro... yes
checking whether setenv is declared without a macro... yes
checking whether setstate is declared without a macro... yes
checking whether setstate_r is declared without a macro... yes
checking whether srandom is declared without a macro... yes
checking whether srandom_r is declared without a macro... yes
checking whether strtod is declared without a macro... yes
checking whether strtoll is declared without a macro... yes
checking whether strtoull is declared without a macro... yes
checking whether unlockpt is declared without a macro... yes
checking whether unsetenv is declared without a macro... yes
checking for stpcpy... yes
checking for strchrnul... yes
checking whether strchrnul works... yes
checking for working strerror function... yes
checking for working strndup... yes
checking for working strnlen... yes
checking for strtoul... yes
checking for strverscmp... yes
checking for nlink_t... (cached) yes
checking whether fchmodat is declared without a macro... (cached) yes
checking whether fstat is declared without a macro... (cached) yes
checking whether fstatat is declared without a macro... (cached) yes
checking whether futimens is declared without a macro... (cached) yes
checking whether lchmod is declared without a macro... (cached) yes
checking whether lstat is declared without a macro... (cached) yes
checking whether mkdirat is declared without a macro... (cached) yes
checking whether mkfifo is declared without a macro... (cached) yes
checking whether mkfifoat is declared without a macro... (cached) yes
checking whether mknod is declared without a macro... (cached) yes
checking whether mknodat is declared without a macro... (cached) yes
checking whether stat is declared without a macro... (cached) yes
checking whether utimensat is declared without a macro... (cached) yes
checking whether waitpid is declared without a macro... yes
checking whether chdir is declared without a macro... yes
checking whether chown is declared without a macro... yes
checking whether dup is declared without a macro... yes
checking whether dup2 is declared without a macro... yes
checking whether dup3 is declared without a macro... yes
checking whether environ is declared without a macro... yes
checking whether euidaccess is declared without a macro... yes
checking whether faccessat is declared without a macro... yes
checking whether fchdir is declared without a macro... yes
checking whether fchownat is declared without a macro... yes
checking whether fdatasync is declared without a macro... yes
checking whether fsync is declared without a macro... yes
checking whether ftruncate is declared without a macro... yes
checking whether getcwd is declared without a macro... yes
checking whether getdomainname is declared without a macro... yes
checking whether getdtablesize is declared without a macro... yes
checking whether getgroups is declared without a macro... yes
checking whether gethostname is declared without a macro... yes
checking whether getlogin is declared without a macro... yes
checking whether getlogin_r is declared without a macro... yes
checking whether getpagesize is declared without a macro... yes
checking whether getusershell is declared without a macro... yes
checking whether setusershell is declared without a macro... yes
checking whether endusershell is declared without a macro... yes
checking whether group_member is declared without a macro... yes
checking whether isatty is declared without a macro... yes
checking whether lchown is declared without a macro... yes
checking whether link is declared without a macro... yes
checking whether linkat is declared without a macro... yes
checking whether lseek is declared without a macro... yes
checking whether pipe is declared without a macro... yes
checking whether pipe2 is declared without a macro... yes
checking whether pread is declared without a macro... yes
checking whether pwrite is declared without a macro... yes
checking whether readlink is declared without a macro... yes
checking whether readlinkat is declared without a macro... yes
checking whether rmdir is declared without a macro... yes
checking whether sethostname is declared without a macro... yes
checking whether sleep is declared without a macro... yes
checking whether symlink is declared without a macro... yes
checking whether symlinkat is declared without a macro... yes
checking whether ttyname_r is declared without a macro... yes
checking whether unlink is declared without a macro... yes
checking whether unlinkat is declared without a macro... yes
checking whether usleep is declared without a macro... yes
checking whether unlink honors trailing slashes... yes
checking whether unlink of a parent directory fails as it should... guessing yes
checking for unsetenv... yes
checking for unsetenv() return type... int
checking whether unsetenv obeys POSIX... yes
checking for ptrdiff_t... (cached) yes
checking for ptrdiff_t... (cached) yes
checking for vsnprintf... yes
checking whether snprintf respects a size of 1... (cached) yes
checking whether printf supports POSIX/XSI format strings with positions... (cached) yes
checking for vsnprintf... (cached) yes
checking whether snprintf truncates the result as in C99... (cached) yes
checking whether snprintf fully supports the 'n' directive... (cached) yes
checking whether snprintf respects a size of 1... (cached) yes
checking whether vsnprintf respects a zero size as in C99... (cached) yes
checking for ptrdiff_t... (cached) yes
checking for ptrdiff_t... (cached) yes
checking for waitid... yes
checking whether btowc is declared without a macro... yes
checking whether wctob is declared without a macro... yes
checking whether mbsinit is declared without a macro... yes
checking whether mbrtowc is declared without a macro... yes
checking whether mbrlen is declared without a macro... yes
checking whether mbsrtowcs is declared without a macro... yes
checking whether mbsnrtowcs is declared without a macro... yes
checking whether wcrtomb is declared without a macro... yes
checking whether wcsrtombs is declared without a macro... yes
checking whether wcsnrtombs is declared without a macro... yes
checking whether wcwidth is declared without a macro... yes
checking whether wmemchr is declared without a macro... yes
checking whether wmemcmp is declared without a macro... yes
checking whether wmemcpy is declared without a macro... yes
checking whether wmemmove is declared without a macro... yes
checking whether wmemset is declared without a macro... yes
checking whether wcslen is declared without a macro... yes
checking whether wcsnlen is declared without a macro... yes
checking whether wcscpy is declared without a macro... yes
checking whether wcpcpy is declared without a macro... yes
checking whether wcsncpy is declared without a macro... yes
checking whether wcpncpy is declared without a macro... yes
checking whether wcscat is declared without a macro... yes
checking whether wcsncat is declared without a macro... yes
checking whether wcscmp is declared without a macro... yes
checking whether wcsncmp is declared without a macro... yes
checking whether wcscasecmp is declared without a macro... yes
checking whether wcsncasecmp is declared without a macro... yes
checking whether wcscoll is declared without a macro... yes
checking whether wcsxfrm is declared without a macro... yes
checking whether wcsdup is declared without a macro... yes
checking whether wcschr is declared without a macro... yes
checking whether wcsrchr is declared without a macro... yes
checking whether wcscspn is declared without a macro... yes
checking whether wcsspn is declared without a macro... yes
checking whether wcspbrk is declared without a macro... yes
checking whether wcsstr is declared without a macro... yes
checking whether wcstok is declared without a macro... yes
checking whether wcswidth is declared without a macro... yes
checking whether iswcntrl works... yes
checking for towlower... yes
checking for wctype_t... yes
checking for wctrans_t... yes
checking whether wctype is declared without a macro... yes
checking whether iswctype is declared without a macro... yes
checking whether wctrans is declared without a macro... yes
checking whether towctrans is declared without a macro... yes
checking whether wcwidth is declared... (cached) yes
checking whether wcwidth works reasonably in UTF-8 locales... yes
checking for stdint.h... (cached) yes
checking if malloc debugging is wanted... no
checking for sys/time.h... (cached) yes
checking sys/times.h usability... yes
checking sys/times.h presence... yes
checking for sys/times.h... yes
checking for sys/resource.h... yes
checking for times... yes
checking whether getrusage is declared... yes
checking whether times is declared... yes
checking whether clock is declared... no
checking whether sysconf is declared... yes
checking for clock_t... yes
checking for struct tms... yes
checking for a sed that does not truncate output... /bin/sed
checking whether NLS is requested... yes
checking for msgfmt... /tools/bin/msgfmt
checking for gmsgfmt... /tools/bin/msgfmt
checking for xgettext... /tools/bin/xgettext
checking for msgmerge... /tools/bin/msgmerge
checking for CFPreferencesCopyAppValue... no
checking for CFLocaleCopyCurrent... no
checking for GNU gettext in libc... yes
checking whether to use NLS... yes
checking where the gettext function comes from... libc
checking for valgrind... no
checking for Java compiler... no
checking for Java virtual machine... no
checking that generated files are newer than configure... done
configure: creating ./config.status
config.status: creating javacomp.sh
config.status: creating javaexec.sh
config.status: creating runtime-po/Makefile.in
config.status: creating etc/bench.pl
config.status: creating tests/atlocal
config.status: creating tests/bison
config.status: creating Makefile
config.status: creating po/Makefile.in
config.status: creating doc/yacc.1
config.status: creating lib/config.h
config.status: executing depfiles commands
config.status: executing po-directories commands
config.status: creating runtime-po/POTFILES
config.status: creating runtime-po/Makefile
config.status: creating po/POTFILES
config.status: creating po/Makefile
config.status: executing tests/atconfig commands
  GEN      examples/extracted.stamp
  GEN      lib/alloca.h
  GEN      lib/configmake.h
  GEN      lib/c++defs.h
  GEN      lib/warn-on-use.h
  GEN      lib/arg-nonnull.h
  GEN      lib/sys/types.h
  GEN      lib/unitypes.h
  GEN      lib/uniwidth.h
  GEN      lib/wctype.h
  GEN      lib/wchar.h
  GEN      lib/fcntl.h
  GEN      lib/inttypes.h
  GEN      lib/math.h
extexi:  GEN examples/rpcalc/rpcalc.y
extexi:  GEN examples/mfcalc/mfcalc.y
extexi:  GEN examples/mfcalc/calc.h
extexi:  GEN examples/calc++/calc++-driver.hh
extexi:  GEN examples/calc++/calc++-driver.cc
extexi:  GEN examples/calc++/calc++-parser.yy
extexi:  GEN examples/calc++/calc++-scanner.ll
extexi:  GEN examples/calc++/calc++.cc
  GEN      lib/signal.h
  GEN      lib/spawn.h
  GEN      lib/stdio.h
  GEN      lib/stdlib.h
  GEN      lib/string.h
  GEN      lib/sys/stat.h
  GEN      lib/sys/wait.h
  GEN      lib/time.h
  GEN      lib/unistd.h
make  all-recursive
make[1]: Entering directory '/sources/bison-3.0.2'
Making all in po
make[2]: Entering directory '/sources/bison-3.0.2/po'
make[2]: Nothing to be done for 'all'.
make[2]: Leaving directory '/sources/bison-3.0.2/po'
Making all in runtime-po
make[2]: Entering directory '/sources/bison-3.0.2/runtime-po'
make[2]: Nothing to be done for 'all'.
make[2]: Leaving directory '/sources/bison-3.0.2/runtime-po'
Making all in .
make[2]: Entering directory '/sources/bison-3.0.2'
  CC       lib/wait-process.o
  CC       lib/wctype-h.o
  CC       lib/xmalloc.o
  CC       lib/xalloc-die.o
  CC       lib/xconcat-filename.o
  CC       lib/xsize.o
  CC       lib/xstrndup.o
  CC       lib/abitset.o
  CC       lib/bitset.o
  CC       lib/bitset_stats.o
  CC       lib/bitsetv.o
  CC       lib/ebitset.o
  CC       lib/lbitset.o
  CC       lib/vbitset.o
  CC       lib/bitsetv-print.o
  CC       lib/timevar.o
  CC       lib/get-errno.o
  CC       lib/asnprintf.o
  CC       lib/fcntl.o
  CC       lib/fprintf.o
  CC       lib/fseterr.o
  CC       lib/isnand.o
  CC       lib/isnanf.o
  CC       lib/isnanl.o
  CC       lib/printf.o
  CC       lib/printf-args.o
  CC       lib/printf-parse.o
  CC       lib/snprintf.o
  CC       lib/sprintf.o
  CC       lib/strerror_r.o
  CC       lib/vasnprintf.o
  CC       lib/vfprintf.o
  CC       lib/vsnprintf.o
  CC       lib/vsprintf.o
  CC       lib/xmemdup0.o
  CC       lib/main.o
  CC       lib/yyerror.o
  GEN      src/yacc
  GEN      lib/charset.alias
  GEN      lib/ref-add.sed
  GEN      lib/ref-del.sed
  CC       src/bison-AnnotationList.o
  CC       src/bison-InadequacyList.o
  CC       src/bison-LR0.o
  CC       src/bison-Sbitset.o
  CC       src/bison-assoc.o
  CC       src/bison-closure.o
  CC       src/bison-complain.o
  CC       src/bison-conflicts.o
  CC       src/bison-derives.o
  CC       src/bison-files.o
  CC       src/bison-getargs.o
  CC       src/bison-gram.o
  CC       src/bison-graphviz.o
  CC       src/bison-lalr.o
  CC       src/bison-ielr.o
  CC       src/bison-location.o
  CC       src/bison-main.o
  CC       src/bison-muscle-tab.o
  CC       src/bison-named-ref.o
  CC       src/bison-nullable.o
  CC       src/bison-output.o
  CC       src/bison-parse-gram.o
  CC       src/bison-print-xml.o
  CC       src/bison-print.o
  CC       src/bison-print_graph.o
  CC       src/bison-reader.o
  CC       src/bison-reduce.o
  CC       src/bison-relation.o
  CC       src/bison-scan-code-c.o
  CC       src/bison-scan-gram-c.o
  CC       src/bison-scan-skel-c.o
  CC       src/bison-state.o
  CC       src/bison-symlist.o
  CC       src/bison-symtab.o
  CC       src/bison-tables.o
  CC       src/bison-uniqstr.o
  CC       lib/argmatch.o
  CC       lib/binary-io.o
  CC       lib/bitrotate.o
  CC       lib/c-ctype.o
  CC       lib/c-strcasecmp.o
  CC       lib/c-strncasecmp.o
  CC       lib/cloexec.o
  CC       lib/close-stream.o
  CC       lib/closeout.o
  CC       lib/concat-filename.o
  CC       lib/dirname.o
  CC       lib/basename.o
  CC       lib/dirname-lgpl.o
  CC       lib/basename-lgpl.o
  CC       lib/stripslash.o
  CC       lib/exitfail.o
  CC       lib/fatal-signal.o
  CC       lib/fd-hook.o
  CC       lib/fd-safer-flag.o
  CC       lib/dup-safer-flag.o
  CC       lib/fopen-safer.o
  CC       lib/hash.o
  CC       lib/localcharset.o
  CC       lib/glthread/lock.o
  CC       lib/math.o
  CC       lib/mbswidth.o
  CC       lib/pipe2.o
  CC       lib/pipe2-safer.o
  CC       lib/printf-frexp.o
  CC       lib/printf-frexpl.o
  CC       lib/progname.o
  CC       lib/quotearg.o
  CC       lib/sig-handler.o
  CC       lib/spawn-pipe.o
  CC       lib/glthread/threadlib.o
  CC       lib/unistd.o
  CC       lib/dup-safer.o
  CC       lib/fd-safer.o
  CC       lib/pipe-safer.o
  CC       lib/uniwidth/width.o
  AR       lib/liby.a
  AR       lib/libbison.a
  CCLD     src/bison
  GEN      doc/bison.help
make[2]: Leaving directory '/sources/bison-3.0.2'
make[1]: Leaving directory '/sources/bison-3.0.2'
  GEN      public-submodule-commit
make  check-recursive
make[1]: Entering directory '/sources/bison-3.0.2'
Making check in po
make[2]: Entering directory '/sources/bison-3.0.2/po'
make[2]: Nothing to be done for 'check'.
make[2]: Leaving directory '/sources/bison-3.0.2/po'
Making check in runtime-po
make[2]: Entering directory '/sources/bison-3.0.2/runtime-po'
make[2]: Nothing to be done for 'check'.
make[2]: Leaving directory '/sources/bison-3.0.2/runtime-po'
Making check in .
make[2]: Entering directory '/sources/bison-3.0.2'
  GEN      doc/bison.help
make  examples/calc++/calc++ examples/mfcalc/mfcalc examples/rpcalc/rpcalc ./tests/bison tests/atconfig tests/atlocal
make[3]: Entering directory '/sources/bison-3.0.2'
  YACC     examples/calc++/calc++-parser.stamp
  LEX      examples/calc++/calc++-scanner.cc
  YACC     examples/mfcalc/mfcalc.c
  YACC     examples/rpcalc/rpcalc.c
make[3]: 'tests/bison' is up to date.
make[3]: Nothing to be done for 'tests/atconfig'.
make[3]: 'tests/atlocal' is up to date.
  CXX      examples/calc++/examples_calc___calc__-calc++-scanner.o
updating examples/rpcalc/rpcalc.output
  CXX      examples/calc++/examples_calc___calc__-calc++-driver.o
updating examples/rpcalc/rpcalc.h
  CXX      examples/calc++/examples_calc___calc__-calc++.o
updating examples/mfcalc/mfcalc.output
updating examples/mfcalc/mfcalc.h
  CXX      examples/calc++/examples_calc___calc__-calc++-parser.o
  CC       examples/mfcalc/examples_mfcalc_mfcalc-mfcalc.o
  CC       examples/rpcalc/examples_rpcalc_rpcalc-rpcalc.o
  CCLD     examples/mfcalc/mfcalc
  CCLD     examples/rpcalc/rpcalc
  CXXLD    examples/calc++/calc++
make[3]: Leaving directory '/sources/bison-3.0.2'
make  check-TESTS check-local
make[3]: Entering directory '/sources/bison-3.0.2'
make  all-recursive
make[4]: Entering directory '/sources/bison-3.0.2'
make[4]: Entering directory '/sources/bison-3.0.2'
Making all in po
make[5]: Entering directory '/sources/bison-3.0.2/po'
make[5]: Nothing to be done for 'all'.
make[5]: Leaving directory '/sources/bison-3.0.2/po'
Making all in runtime-po
make[5]: Entering directory '/sources/bison-3.0.2/runtime-po'
make[5]: Nothing to be done for 'all'.
make[5]: Leaving directory '/sources/bison-3.0.2/runtime-po'
Making all in .
PASS: examples/mfcalc/mfcalc.test
PASS: examples/rpcalc/rpcalc.test
make[5]: Entering directory '/sources/bison-3.0.2'
PASS: examples/calc++/calc++.test
make[5]: Entering directory '/sources/bison-3.0.2'
  GEN      doc/bison.help
make[5]: Leaving directory '/sources/bison-3.0.2'
make[4]: Leaving directory '/sources/bison-3.0.2'
./tests/testsuite -C tests 
make  all-recursive
make[6]: Entering directory '/sources/bison-3.0.2'
Making all in po
make[7]: Entering directory '/sources/bison-3.0.2/po'
make[7]: Nothing to be done for 'all'.
make[7]: Leaving directory '/sources/bison-3.0.2/po'
Making all in runtime-po
make[7]: Entering directory '/sources/bison-3.0.2/runtime-po'
make[7]: Nothing to be done for 'all'.
make[7]: Leaving directory '/sources/bison-3.0.2/runtime-po'
Making all in .
make[7]: Entering directory '/sources/bison-3.0.2'
  GEN      doc/bison.help
make[7]: Leaving directory '/sources/bison-3.0.2'
make[6]: Leaving directory '/sources/bison-3.0.2'
make[5]: Leaving directory '/sources/bison-3.0.2'
============================================================================
Testsuite summary for GNU Bison 3.0.2
============================================================================
# TOTAL: 3
# PASS:  3
# SKIP:  0
# XFAIL: 0
# FAIL:  0
# XPASS: 0
# ERROR: 0
============================================================================
make[4]: Leaving directory '/sources/bison-3.0.2'
## --------------------------- ##
## GNU Bison 3.0.2 test suite. ##
## --------------------------- ##

Input Processing.

  1: Invalid options                                 ok
  2: Invalid inputs                                  ok
  3: Invalid inputs with {}                          ok
  4: Invalid $n and @n                               ok
  5: Type Clashes                                    ok
  6: Unused values                                   ok
  7: Unused values before symbol declarations        ok
  8: Default %printer and %destructor redeclared     ok
  9: Per-type %printer and %destructor redeclared    ok
 10: Undefined symbols                               ok
 11: Unassociated types used for a printer or destructor ok
 12: Useless printers or destructors                 ok
 13: Unused values with default %destructor          ok
 14: Unused values with per-type %destructor         ok
 15: Incompatible Aliases                            ok
 16: Torturing the Scanner                           ok
 17: Typed symbol aliases                            ok
 18: Require 1.0                                     ok
 19: Require 3.0.2                                   ok
 20: Require 100.0                                   ok
 21: String aliases for character tokens             ok
 22: Symbols                                         ok
 23: Numbered tokens                                 ok
 24: Unclosed constructs                             ok
 25: %start after first rule                         ok
 26: %prec takes a token                             ok
 27: %prec's token must be defined                   ok
 28: Reject unused %code qualifiers                  ok
 29: Multiple %code                                  ok
 30: errors                                          ok
 31: %define, --define, --force-define               ok
 32: "%define" Boolean variables                     ok
 33: "%define" code variables                        ok
 34: "%define" keyword variables                     ok
 35: "%define" enum variables                        ok
 36: "%define" backward compatibility                ok
 37: Unused api.pure                                 ok
 38: C++ namespace reference errors                  ok
 39: Bad character literals                          ok
 40: Bad escapes in literals                         ok
 41: LAC: Errors for %define                         ok
 42: -Werror combinations                            ok
 43: %name-prefix and api.prefix are incompatible    ok
 44: Stray $ or @                                    ok
 45: Code injection                                  ok
 46: Deprecated directives                           ok
 47: Unput's effect on locations                     ok
 48: Non-deprecated directives                       ok

Named references tests.

 49: Tutorial calculator                             ok
 50: Undefined and ambiguous references              ok
 51: Misleading references                           ok
 52: Many kinds of errors                            ok
 53: Missing identifiers in brackets                 ok
 54: Redundant words in brackets                     ok
 55: Comments in brackets                            ok
 56: Stray symbols in brackets                       ok
 57: Redundant words in LHS brackets                 ok
 58: Factored LHS                                    ok
 59: Unresolved references                           ok
 60: $ or @ followed by . or -                       ok

Output file names.

 61: Output files:  -dv                              ok
 62: Output files:  -dv >&-                          ok
 63: Output files:  -dv -o foo.c                     ok
 64: Output files:  -dv -o foo.tab.c                 ok
 65: Output files:  -dv -g --xml -y                  ok
 66: Output files:  -dv -g --xml -o y.tab.c          ok
 67: Output files:  -dv -b bar                       ok
 68: Output files:  -dv -g -o foo.c                  ok
 69: Output files: %defines %verbose                 ok
 70: Output files: %defines %verbose %yacc           ok
 71: Output files: %defines %verbose %yacc           ok
 72: Output files: %file-prefix "bar" %defines %verbose  ok
 73: Output files: %output "bar.c" %defines %verbose %yacc  ok
 74: Output files: %file-prefix "baz" %output "bar.c" %defines %verbose %yacc  ok
 75: Output files: %defines %verbose                 ok
 76: Output files: %defines %verbose  -o foo.c       ok
 77: Output files:  --defines=foo.hpp -o foo.c++     ok
 78: Output files: %defines "foo.hpp" -o foo.c++     ok
 79: Output files:  -o foo.c++ --graph=foo.gph       ok
 80: Output files: %type <foo> useless --defines --graph --xml --report=all -Wall -Werror ok
 81: Output files: useless=--defines --graph --xml --report=all -Wall -Werror ok
 82: Output files: lalr1.cc %verbose                 ok
 83: Output files: lalr1.cc %defines %verbose        ok
 84: Output files: lalr1.cc %verbose %locations      ok
 85: Output files: lalr1.cc %defines %verbose %locations  ok
 86: Output files: lalr1.cc %defines %verbose        ok
 87: Output files: lalr1.cc %defines %verbose %locations -o subdir/foo.cc ok
 88: Output files: lalr1.cc %defines %verbose %file-prefix "output_dir/foo"  ok
 89: Output files: lalr1.cc %defines %locations %verbose %file-prefix "output_dir/foo"  ok
 90: Conflicting output files:  --graph="foo.tab.c"  ok
 91: Conflicting output files: %defines "foo.output" -v ok
 92: Conflicting output files: lalr1.cc %defines %locations --graph="location.hh" ok
 93: Conflicting output files:  -o foo.y             ok
 94: Output file name: `~!@#$%^&*()-=_+{}[]|\:;<>, .' ok
 95: Output file name: (                             ok
 96: Output file name: )                             ok
 97: Output file name: #                             ok
 98: Output file name: @@                            ok
 99: Output file name: @{                            ok
100: Output file name: @}                            ok
101: Output file name: [                             ok
102: Output file name: ]                             ok
103: Graph with no conflicts                         ok
104: Graph with unsolved S/R                         ok
105: Graph with solved S/R                           ok
106: Graph with R/R                                  ok
107: Graph with reductions with multiple LAT         ok
108: Graph with a reduction rule both enabled and disabled ok

Skeleton Support.

109: Relative skeleton file names                    ok
110: Installed skeleton file names                   ok
111: Boolean=variables: invalid skeleton defaults    ok
112: Complaining during macro argument expansion     ok
113: Fatal errors make M4 exit immediately           ok
114: Fatal errors but M4 continues producing output  ok

Grammar Sets (Firsts etc.).

115: Nullable                                        ok
116: Broken Closure                                  ok
117: Firsts                                          ok
118: Accept                                          ok

Grammar Reduction.

119: Useless Terminals                               ok
120: Useless Nonterminals                            ok
121: Useless Rules                                   ok
122: Reduced Automaton                               ok
123: Underivable Rules                               ok
124: Empty Language                                  ok
125: no lr.type: Single State Split                  ok
126: lr.type=lalr: Single State Split                ok
127: lr.type=ielr: Single State Split                ok
128: lr.type=canonical-lr: Single State Split        ok
129: no lr.type: Lane Split                          ok
130: lr.type=lalr: Lane Split                        ok
131: lr.type=ielr: Lane Split                        ok
132: lr.type=canonical-lr: Lane Split                ok
133: no lr.type: Complex Lane Split                  ok
134: lr.type=lalr: Complex Lane Split                ok
135: lr.type=ielr: Complex Lane Split                ok
136: lr.type=canonical-lr: Complex Lane Split        ok
137: no lr.type: Split During Added Lookahead Propagation ok
138: lr.type=lalr: Split During Added Lookahead Propagation ok
139: lr.type=ielr: Split During Added Lookahead Propagation ok
140: lr.type=canonical-lr: Split During Added Lookahead Propagation ok
141: no lr.default-reduction                         ok
142: lr.default-reduction=most                       ok
143: lr.default-reduction=consistent                 ok
144: lr.default-reduction=accepting                  ok

Conflicts.

145: Token declaration order                         ok
146: Token declaration order: literals vs. identifiers ok
147: Useless associativity warning                   ok
148: Useless precedence warning                      ok
149: S/R in initial                                  ok
150: %nonassoc and eof                               ok
151: parse.error=verbose and consistent errors       skipped (conflicts.at:532)
152: LAC: %nonassoc requires splitting canonical LR states ok
153: Unresolved SR Conflicts                         ok
154: Resolved SR Conflicts                           ok
155: %precedence suffices                            ok
156: %precedence does not suffice                    ok
157: Defaulted Conflicted Reduction                  ok
158: %expect not enough                              ok
159: %expect right                                   ok
160: %expect too much                                ok
161: %expect with reduce conflicts                   ok
162: %prec with user string                          ok
163: %no-default-prec without %prec                  ok
164: %no-default-prec with %prec                     ok
165: %default-prec                                   ok
166: Unreachable States After Conflict Resolution    ok
167: Solved conflicts report for multiple reductions in a state ok
168: %nonassoc error actions for multiple reductions in a state ok
169: %expect-rr non GLR                              ok
170: -W versus %expect and %expect-rr                ok

User Actions.

171: Prologue syncline                               ok
172: %union syncline                                 ok
173: Postprologue syncline                           ok
174: Action syncline                                 ok
175: Epilogue syncline                               ok
176: %code top syncline                              ok
177: %no-lines: yacc.c                               ok
178: %no-lines: glr.c                                ok
179: %no-lines: lalr1.cc                             ok
180: %no-lines: glr.cc                               ok

Parser Headers.

181: Invalid CPP guards:  --defines=input/input.h    ok
182: Invalid CPP guards:  --defines=9foo.h           ok
183: Invalid CPP guards: %glr-parser --defines=input/input.h ok
184: Invalid CPP guards: %glr-parser --defines=9foo.h ok
185: export YYLTYPE                                  ok
186: Several parsers                                 ok

User Actions.

187: Mid-rule actions                                ok
188: Implicitly empty rule                           ok
189: Invalid uses of %empty                          ok
190: Valid uses of %empty                            ok
191: Initial location: yacc.c                        ok
192: Initial location: yacc.c api.pure=full          ok
193: Initial location: yacc.c api.pure %parse-param { int x } ok
194: Initial location: yacc.c api.push-pull=both     ok
195: Initial location: yacc.c api.push-pull=both api.pure=full ok
196: Initial location: glr.c                         ok
197: Initial location: glr.c api.pure                ok
198: Initial location: lalr1.cc                      ok
199: Initial location: glr.cc                        ok
200: Initial location: yacc.c api.pure=full          ok
201: Initial location: yacc.c api.pure=full          ok
202: Location print: yacc.c                          ok
203: Location print: glr.c                           ok
204: Location print: lalr1.cc                        ok
205: Location print: glr.cc                          ok
206: Exotic Dollars                                  ok
207: Printers and Destructors                        ok
208: Printers and Destructors with union             ok
209: Printers and Destructors: %defines lalr1.cc     ok
210: Printers and Destructors with union: %defines lalr1.cc ok
211: Printers and Destructors: %glr-parser           ok
212: Printers and Destructors with union: %glr-parser ok
213: Default tagless %printer and %destructor        ok
214: Default tagged and per-type %printer and %destructor ok
215: Default %printer and %destructor for user-defined end token ok
216: Default %printer and %destructor are not for error or $undefined ok
217: Default %printer and %destructor are not for $accept ok
218: Default %printer and %destructor for mid-rule values ok
219: @$ in %initial-action implies %locations        ok
220: @$ in %destructor implies %locations            ok
221: @$ in %printer implies %locations               ok
222: Qualified $$ in actions: yacc.c                 ok
223: Qualified $$ in actions: glr.c                  ok
224: Qualified $$ in actions: lalr1.cc               ok
225: Qualified $$ in actions: glr.cc                 ok
226: Destroying lookahead assigned by semantic action ok
227: YYBACKUP                                        ok

Value type tests.

228: %union vs. api.value.type                       ok
229: %yacc vs. api.value.type=union                  ok
230: yacc.c api.value.type={double}                  ok
231: yacc.c api.value.type={variant}                 ok
232: yacc.c api.value.type={struct foo}              ok
233: yacc.c api.value.type={struct bar}              ok
234: yacc.c api.value.type={union foo}               ok
235: yacc.c %union { float fval; int ival; };        ok
236: yacc.c api.value.type=union                     ok
237: glr.c api.value.type={double}                   ok
238: glr.c api.value.type={variant}                  ok
239: glr.c api.value.type={struct foo}               ok
240: glr.c api.value.type={struct bar}               ok
241: glr.c api.value.type={union foo}                ok
242: glr.c %union { float fval; int ival; };         ok
243: glr.c api.value.type=union                      ok
244: lalr1.cc api.value.type={double}                ok
245: lalr1.cc api.value.type={variant}               ok
246: lalr1.cc api.value.type={struct foo}            ok
247: lalr1.cc api.value.type={struct bar}            ok
248: lalr1.cc api.value.type={union foo}             ok
249: lalr1.cc %union { float fval; int ival; };      ok
250: lalr1.cc api.value.type=union                   ok
251: lalr1.cc api.value.type=variant                 ok
252: glr.cc api.value.type={double}                  ok
253: glr.cc api.value.type={variant}                 ok
254: glr.cc api.value.type={struct foo}              ok
255: glr.cc api.value.type={struct bar}              ok
256: glr.cc api.value.type={union foo}               ok
257: glr.cc %union { float fval; int ival; };        ok
258: glr.cc api.value.type=union                     ok

Simple LALR(1) Calculator.

259: Calculator                                      ok
260: Calculator %defines                             ok
261: Calculator %locations                           ok
262: Calculator %name-prefix "calc"                  ok
263: Calculator %verbose                             ok
264: Calculator %yacc                                ok
265: Calculator parse.error=verbose                  ok
266: Calculator api.pure=full %locations             ok
267: Calculator api.push-pull=both api.pure=full %locations ok
268: Calculator parse.error=verbose %locations       ok
269: Calculator parse.error=verbose %locations %defines api.prefix={calc} %verbose %yacc ok
270: Calculator parse.error=verbose %locations %defines %name-prefix "calc" api.token.prefix={TOK_} %verbose %yacc ok
271: Calculator %debug                               ok
272: Calculator parse.error=verbose %debug %locations %defines %name-prefix "calc" %verbose %yacc ok
273: Calculator parse.error=verbose %debug %locations %defines api.prefix={calc} %verbose %yacc ok
274: Calculator api.pure=full parse.error=verbose %debug %locations %defines %name-prefix "calc" %verbose %yacc ok
275: Calculator api.push-pull=both api.pure=full parse.error=verbose %debug %locations %defines api.prefix={calc} %verbose %yacc ok
276: Calculator api.pure parse.error=verbose %debug %locations %defines api.prefix={calc} %verbose %yacc %parse-param {semantic_value *result} %parse-param {int *count} ok

Simple GLR Calculator.

277: Calculator %glr-parser                          ok
278: Calculator %glr-parser %defines                 ok
279: Calculator %glr-parser %locations               ok
280: Calculator %glr-parser %name-prefix "calc"      ok
281: Calculator %glr-parser api.prefix={calc}        ok
282: Calculator %glr-parser %verbose                 ok
283: Calculator %glr-parser %yacc                    ok
284: Calculator %glr-parser parse.error=verbose      ok
285: Calculator %glr-parser api.pure %locations      ok
286: Calculator %glr-parser parse.error=verbose %locations ok
287: Calculator %glr-parser parse.error=verbose %locations %defines %name-prefix "calc" %verbose %yacc ok
288: Calculator %glr-parser %debug                   ok
289: Calculator %glr-parser parse.error=verbose %debug %locations %defines %name-prefix "calc" %verbose %yacc ok
290: Calculator %glr-parser parse.error=verbose %debug %locations %defines api.prefix={calc} api.token.prefix={TOK_} %verbose %yacc ok
291: Calculator %glr-parser api.pure parse.error=verbose %debug %locations %defines %name-prefix "calc" %verbose %yacc ok
292: Calculator %glr-parser api.pure parse.error=verbose %debug %locations %defines %name-prefix "calc" %verbose %yacc %parse-param {semantic_value *result} %parse-param {int *count} ok
293: Calculator %glr-parser api.pure parse.error=verbose %debug %locations %defines api.prefix={calc} %verbose %yacc %parse-param {semantic_value *result} %parse-param {int *count} ok

Simple LALR(1) C++ Calculator.

294: Calculator lalr1.cc %defines                    ok
295: Calculator C++                                  ok
296: Calculator C++ %locations                       ok
297: Calculator C++ %locations api.location.type={Span} ok
298: Calculator C++ %defines %locations parse.error=verbose %name-prefix "calc" %verbose %yacc ok
299: Calculator C++ %locations parse.error=verbose api.prefix={calc} %verbose %yacc ok
300: Calculator C++ %locations parse.error=verbose %debug %name-prefix "calc" %verbose %yacc ok
301: Calculator C++ %locations parse.error=verbose %debug api.prefix={calc} %verbose %yacc ok
302: Calculator C++ %locations parse.error=verbose %debug api.prefix={calc} api.token.prefix={TOK_} %verbose %yacc ok
303: Calculator C++ %defines %locations parse.error=verbose %debug %name-prefix "calc" %verbose %yacc %parse-param {semantic_value *result} %parse-param {int *count} ok
304: Calculator C++ parse.error=verbose %debug api.prefix={calc} %verbose %yacc %parse-param {semantic_value *result} %parse-param {int *count} ok
305: Calculator C++ %defines %locations parse.error=verbose %debug api.prefix={calc} %verbose %yacc %parse-param {semantic_value *result} %parse-param {int *count} ok

Simple GLR C++ Calculator.

306: Calculator glr.cc                               ok
307: Calculator C++ %glr-parser                      ok
308: Calculator C++ %glr-parser %locations           ok
309: Calculator C++ %glr-parser %locations api.location.type={Span} ok
310: Calculator C++ %glr-parser %defines parse.error=verbose %name-prefix "calc" %verbose %yacc ok
311: Calculator C++ %glr-parser parse.error=verbose api.prefix={calc} %verbose %yacc ok
312: Calculator C++ %glr-parser %debug               ok
313: Calculator C++ %glr-parser parse.error=verbose %debug %name-prefix "calc" %verbose %yacc ok
314: Calculator C++ %glr-parser parse.error=verbose %debug %name-prefix "calc" api.token.prefix={TOK_} %verbose %yacc ok
315: Calculator C++ %glr-parser %locations %defines parse.error=verbose %debug %name-prefix "calc" %verbose %yacc %parse-param {semantic_value *result} %parse-param {int *count} ok
316: Calculator C++ %glr-parser %locations %defines parse.error=verbose %debug api.prefix={calc} %verbose %yacc %parse-param {semantic_value *result} %parse-param {int *count} ok

Torture Tests.

317: Big triangle                                    ok
318: Big horizontal                                  ok
319: Many lookahead tokens                           ok
320: Exploding the Stack Size with Alloca            ok
321: Exploding the Stack Size with Malloc            ok

Existing Grammars.

322: GNU AWK 3.1.0 Grammar: LALR(1)                  ok
323: GNU AWK 3.1.0 Grammar: IELR(1)                  ok
324: GNU AWK 3.1.0 Grammar: Canonical LR(1)          ok
325: GNU Cim Grammar: LALR(1)                        ok
326: GNU Cim Grammar: IELR(1)                        ok
327: GNU Cim Grammar: Canonical LR(1)                ok
328: GNU pic (Groff 1.18.1) Grammar: LALR(1)         ok
329: GNU pic (Groff 1.18.1) Grammar: IELR(1)         ok
330: GNU pic (Groff 1.18.1) Grammar: Canonical LR(1) ok

Regression tests.

331: Trivial grammars                                ok
332: YYSTYPE typedef                                 ok
333: Early token definitions with --yacc             ok
334: Early token definitions without --yacc          ok
335: Braces parsing                                  ok
336: Duplicate string                                ok
337: Rule Line Numbers                               ok
338: Mixing %token styles                            ok
339: Invalid inputs                                  ok
340: Invalid inputs with {}                          ok
341: Token definitions                               ok
342: Characters Escapes                              ok
343: Web2c Report                                    ok
344: Web2c Actions                                   ok
345: Dancer                                          ok
346: Dancer %glr-parser                              ok
347: Dancer lalr1.cc                                 ok
348: Expecting two tokens                            ok
349: Expecting two tokens %glr-parser                ok
350: Expecting two tokens lalr1.cc                   ok
351: Braced code in declaration in rules section     ok
352: String alias declared after use                 ok
353: Extra lookahead sets in report                  ok
354: Token number in precedence declaration          ok
355: parse-gram.y: LALR = IELR                       ok
356: parse.error=verbose and YYSTACK_USE_ALLOCA      ok
357: parse.error=verbose overflow                    ok
358: LAC: Exploratory stack                          ok
359: LAC: Memory exhaustion                          ok
360: Lex and parse params: yacc.c                    ok
361: Lex and parse params: glr.c                     ok
362: Lex and parse params: lalr1.cc                  ok
363: Lex and parse params: glr.cc                    ok
364: stdio.h is not needed                           ok

Push Parsing Tests

365: Memory Leak for Early Deletion                  ok
366: Multiple impure instances                       ok
367: Unsupported Skeletons                           ok

C++ Features.

368: C++ Locations                                   ok
369: C++ Variant-based Symbols                       ok
370: Variants lalr1.cc                               ok
371: Variants lalr1.cc parse.assert                  ok
372: Variants lalr1.cc %locations parse.assert       ok
373: Variants lalr1.cc parse.assert %code {\n#define TWO_STAGE_BUILD\n} ok
374: Variants lalr1.cc parse.assert api.token.constructor ok
375: Variants lalr1.cc parse.assert api.token.constructor api.token.prefix={TOK_} ok
376: Variants lalr1.cc %locations parse.assert api.token.constructor api.token.prefix={TOK_} ok
377: Doxygen Public Documentation                    skipped (c++.at:411)
378: Doxygen Private Documentation                   skipped (c++.at:412)
379: Relative namespace references                   ok
380: Absolute namespace references                   ok
381: Syntactically invalid namespace references      ok
382: Syntax error discarding no lookahead            ok
383: Syntax error as exception                       ok
384: Exception safety with error recovery            ok
385: Exception safety without error recovery         ok
386: Exception safety with error recovery api.value.type=variant ok
387: Exception safety without error recovery api.value.type=variant ok
388: C++ GLR parser identifier shadowing             ok

Java Calculator.

389: Calculator                                      skipped (java.at:360)
390: Calculator %error-verbose                       skipped (java.at:360)
391: Calculator %locations                           skipped (java.at:360)
392: Calculator %error-verbose %locations            skipped (java.at:360)
393: Calculator %lex-param { InputStream is }        skipped (java.at:369)
394: Calculator %error-verbose %lex-param { InputStream is }  skipped (java.at:369)
395: Calculator %locations %lex-param { InputStream is }  skipped (java.at:369)
396: Calculator %error-verbose %locations %lex-param { InputStream is }  skipped (java.at:369)

Java Parameters.

397: Java parser class and package names             skipped (java.at:457)
398: Java parser class modifiers                     skipped (java.at:481)
399: Java parser class extends and implements        skipped (java.at:545)
400: Java %parse-param and %lex-param                skipped (java.at:565)
401: Java throws specifications                      skipped (java.at:697)
402: Java constructor init and init_throws           skipped (java.at:731)
403: Java value, position, and location types        skipped (java.at:755)
404: Java syntax error handling without error token  skipped (java.at:836)

Java Push Parsing Tests

405: Trivial Push Parser with api.push-pull verification skipped (javapush.at:203)
406: Trivial Push Parser with %initial-action        skipped (javapush.at:225)
407: Calc parser with api.push-pull both             skipped (javapush.at:580)
408: Calc parser with %locations %code lexer and api.push-pull both skipped (javapush.at:852)

C++ Type Syntax (GLR).

409: GLR: Resolve ambiguity, impure, no locations    ok
410: GLR: Resolve ambiguity, impure, locations       ok
411: GLR: Resolve ambiguity, pure, no locations      ok
412: GLR: Resolve ambiguity, pure, locations         ok
413: GLR: Merge conflicting parses, impure, no locations ok
414: GLR: Merge conflicting parses, impure, locations ok
415: GLR: Merge conflicting parses, pure, no locations ok
416: GLR: Merge conflicting parses, pure, locations  ok
417: GLR: Verbose messages, resolve ambiguity, impure, no locations ok

GLR Regression Tests

418: Badly Collapsed GLR States                      ok
419: Improper handling of embedded actions and dollar(-N) in GLR parsers ok
420: Improper merging of GLR delayed action sets     ok
421: Duplicate representation of merged trees        ok
422: User destructor for unresolved GLR semantic value ok
423: User destructor after an error during a split parse ok
424: Duplicated user destructor for lookahead        ok
425: Incorrectly initialized location for empty right-hand side in GLR ok
426: No users destructors if stack 0 deleted         ok
427: Corrupted semantic options if user action cuts parse ok
428: Undesirable destructors if user action cuts parse ok
429: Leaked semantic values if user action cuts parse ok
430: Incorrect lookahead during deterministic GLR    ok
431: Incorrect lookahead during nondeterministic GLR ok
432: Leaked semantic values when reporting ambiguity ok
433: Leaked lookahead after nondeterministic parse syntax error ok
434: Uninitialized location when reporting ambiguity ok
435: Missed %merge type warnings when LHS type is declared later ok
436: Ambiguity reports                               ok
437: Predicates                                      ok

## ------------- ##
## Test results. ##
## ------------- ##

414 tests were successful.
23 tests were skipped.
make[3]: Leaving directory '/sources/bison-3.0.2'
make[2]: Leaving directory '/sources/bison-3.0.2'
make[1]: Leaving directory '/sources/bison-3.0.2'
make  install-recursive
make[1]: Entering directory '/sources/bison-3.0.2'
Making install in po
make[2]: Entering directory '/sources/bison-3.0.2/po'
installing da.gmo as /usr/share/locale/da/LC_MESSAGES/bison.mo
installing de.gmo as /usr/share/locale/de/LC_MESSAGES/bison.mo
installing el.gmo as /usr/share/locale/el/LC_MESSAGES/bison.mo
installing eo.gmo as /usr/share/locale/eo/LC_MESSAGES/bison.mo
installing es.gmo as /usr/share/locale/es/LC_MESSAGES/bison.mo
installing et.gmo as /usr/share/locale/et/LC_MESSAGES/bison.mo
installing fi.gmo as /usr/share/locale/fi/LC_MESSAGES/bison.mo
installing fr.gmo as /usr/share/locale/fr/LC_MESSAGES/bison.mo
installing ga.gmo as /usr/share/locale/ga/LC_MESSAGES/bison.mo
installing hr.gmo as /usr/share/locale/hr/LC_MESSAGES/bison.mo
installing id.gmo as /usr/share/locale/id/LC_MESSAGES/bison.mo
installing it.gmo as /usr/share/locale/it/LC_MESSAGES/bison.mo
installing ja.gmo as /usr/share/locale/ja/LC_MESSAGES/bison.mo
installing ms.gmo as /usr/share/locale/ms/LC_MESSAGES/bison.mo
installing nb.gmo as /usr/share/locale/nb/LC_MESSAGES/bison.mo
installing nl.gmo as /usr/share/locale/nl/LC_MESSAGES/bison.mo
installing pl.gmo as /usr/share/locale/pl/LC_MESSAGES/bison.mo
installing pt.gmo as /usr/share/locale/pt/LC_MESSAGES/bison.mo
installing pt_BR.gmo as /usr/share/locale/pt_BR/LC_MESSAGES/bison.mo
installing ro.gmo as /usr/share/locale/ro/LC_MESSAGES/bison.mo
installing ru.gmo as /usr/share/locale/ru/LC_MESSAGES/bison.mo
installing sr.gmo as /usr/share/locale/sr/LC_MESSAGES/bison.mo
installing sv.gmo as /usr/share/locale/sv/LC_MESSAGES/bison.mo
installing tr.gmo as /usr/share/locale/tr/LC_MESSAGES/bison.mo
installing uk.gmo as /usr/share/locale/uk/LC_MESSAGES/bison.mo
installing vi.gmo as /usr/share/locale/vi/LC_MESSAGES/bison.mo
installing zh_CN.gmo as /usr/share/locale/zh_CN/LC_MESSAGES/bison.mo
installing zh_TW.gmo as /usr/share/locale/zh_TW/LC_MESSAGES/bison.mo
if test "bison" = "gettext-tools"; then \
  /bin/mkdir -p /usr/share/gettext/po; \
  for file in Makefile.in.in remove-potcdate.sin quot.sed boldquot.sed en@quot.header en@boldquot.header insert-header.sin Rules-quot   Makevars.template; do \
    /usr/bin/install -c -m 644 ./$file \
		    /usr/share/gettext/po/$file; \
  done; \
  for file in Makevars; do \
    rm -f /usr/share/gettext/po/$file; \
  done; \
else \
  : ; \
fi
make[2]: Leaving directory '/sources/bison-3.0.2/po'
Making install in runtime-po
make[2]: Entering directory '/sources/bison-3.0.2/runtime-po'
installing ast.gmo as /usr/share/locale/ast/LC_MESSAGES/bison-runtime.mo
installing da.gmo as /usr/share/locale/da/LC_MESSAGES/bison-runtime.mo
installing de.gmo as /usr/share/locale/de/LC_MESSAGES/bison-runtime.mo
installing el.gmo as /usr/share/locale/el/LC_MESSAGES/bison-runtime.mo
installing eo.gmo as /usr/share/locale/eo/LC_MESSAGES/bison-runtime.mo
installing es.gmo as /usr/share/locale/es/LC_MESSAGES/bison-runtime.mo
installing et.gmo as /usr/share/locale/et/LC_MESSAGES/bison-runtime.mo
installing fi.gmo as /usr/share/locale/fi/LC_MESSAGES/bison-runtime.mo
installing fr.gmo as /usr/share/locale/fr/LC_MESSAGES/bison-runtime.mo
installing ga.gmo as /usr/share/locale/ga/LC_MESSAGES/bison-runtime.mo
installing gl.gmo as /usr/share/locale/gl/LC_MESSAGES/bison-runtime.mo
installing hr.gmo as /usr/share/locale/hr/LC_MESSAGES/bison-runtime.mo
installing hu.gmo as /usr/share/locale/hu/LC_MESSAGES/bison-runtime.mo
installing ia.gmo as /usr/share/locale/ia/LC_MESSAGES/bison-runtime.mo
installing id.gmo as /usr/share/locale/id/LC_MESSAGES/bison-runtime.mo
installing it.gmo as /usr/share/locale/it/LC_MESSAGES/bison-runtime.mo
installing ja.gmo as /usr/share/locale/ja/LC_MESSAGES/bison-runtime.mo
installing ky.gmo as /usr/share/locale/ky/LC_MESSAGES/bison-runtime.mo
installing lt.gmo as /usr/share/locale/lt/LC_MESSAGES/bison-runtime.mo
installing lv.gmo as /usr/share/locale/lv/LC_MESSAGES/bison-runtime.mo
installing ms.gmo as /usr/share/locale/ms/LC_MESSAGES/bison-runtime.mo
installing nb.gmo as /usr/share/locale/nb/LC_MESSAGES/bison-runtime.mo
installing nl.gmo as /usr/share/locale/nl/LC_MESSAGES/bison-runtime.mo
installing pl.gmo as /usr/share/locale/pl/LC_MESSAGES/bison-runtime.mo
installing pt.gmo as /usr/share/locale/pt/LC_MESSAGES/bison-runtime.mo
installing pt_BR.gmo as /usr/share/locale/pt_BR/LC_MESSAGES/bison-runtime.mo
installing ro.gmo as /usr/share/locale/ro/LC_MESSAGES/bison-runtime.mo
installing ru.gmo as /usr/share/locale/ru/LC_MESSAGES/bison-runtime.mo
installing sl.gmo as /usr/share/locale/sl/LC_MESSAGES/bison-runtime.mo
installing sq.gmo as /usr/share/locale/sq/LC_MESSAGES/bison-runtime.mo
installing sr.gmo as /usr/share/locale/sr/LC_MESSAGES/bison-runtime.mo
installing sv.gmo as /usr/share/locale/sv/LC_MESSAGES/bison-runtime.mo
installing th.gmo as /usr/share/locale/th/LC_MESSAGES/bison-runtime.mo
installing tr.gmo as /usr/share/locale/tr/LC_MESSAGES/bison-runtime.mo
installing uk.gmo as /usr/share/locale/uk/LC_MESSAGES/bison-runtime.mo
installing vi.gmo as /usr/share/locale/vi/LC_MESSAGES/bison-runtime.mo
installing zh_CN.gmo as /usr/share/locale/zh_CN/LC_MESSAGES/bison-runtime.mo
installing zh_TW.gmo as /usr/share/locale/zh_TW/LC_MESSAGES/bison-runtime.mo
if test "bison" = "gettext-tools"; then \
  /bin/mkdir -p /usr/share/gettext/po; \
  for file in Makefile.in.in remove-potcdate.sin quot.sed boldquot.sed en@quot.header en@boldquot.header insert-header.sin Rules-quot   Makevars.template; do \
    /usr/bin/install -c -m 644 ./$file \
		    /usr/share/gettext/po/$file; \
  done; \
  for file in Makevars; do \
    rm -f /usr/share/gettext/po/$file; \
  done; \
else \
  : ; \
fi
make[2]: Leaving directory '/sources/bison-3.0.2/runtime-po'
Making install in .
make[2]: Entering directory '/sources/bison-3.0.2'
  GEN      doc/bison.help
make[3]: Entering directory '/sources/bison-3.0.2'
 /bin/mkdir -p '/usr/bin'
  /usr/bin/install -c src/bison '/usr/bin'
 /bin/mkdir -p '/usr/bin'
 /usr/bin/install -c src/yacc '/usr/bin'
if test yes = no; then \
  case 'linux-gnu' in \
    darwin[56]*) \
      need_charset_alias=true ;; \
    darwin* | cygwin* | mingw* | pw32* | cegcc*) \
      need_charset_alias=false ;; \
    *) \
      need_charset_alias=true ;; \
  esac ; \
else \
  need_charset_alias=false ; \
fi ; \
if $need_charset_alias; then \
  /bin/sh /sources/bison-3.0.2/build-aux/install-sh -d /usr/lib ; \
fi ; \
if test -f /usr/lib/charset.alias; then \
  sed -f lib/ref-add.sed /usr/lib/charset.alias > /usr/lib/charset.tmp ; \
  /usr/bin/install -c -m 644 /usr/lib/charset.tmp /usr/lib/charset.alias ; \
  rm -f /usr/lib/charset.tmp ; \
else \
  if $need_charset_alias; then \
    sed -f lib/ref-add.sed lib/charset.alias > /usr/lib/charset.tmp ; \
    /usr/bin/install -c -m 644 /usr/lib/charset.tmp /usr/lib/charset.alias ; \
    rm -f /usr/lib/charset.tmp ; \
  fi ; \
fi
 /bin/mkdir -p '/usr/lib'
 /usr/bin/install -c -m 644  lib/liby.a '/usr/lib'
 ( cd '/usr/lib' && ranlib liby.a )
 /bin/mkdir -p '/usr/share/aclocal'
 /usr/bin/install -c -m 644 m4/bison-i18n.m4 '/usr/share/aclocal'
 /bin/mkdir -p '/usr/share/bison/m4sugar'
 /usr/bin/install -c -m 644 data/m4sugar/foreach.m4 data/m4sugar/m4sugar.m4 '/usr/share/bison/m4sugar'
 /bin/mkdir -p '/usr/share/bison'
 /usr/bin/install -c -m 644 data/README data/bison.m4 data/c++-skel.m4 data/c++.m4 data/c-like.m4 data/c-skel.m4 data/c.m4 data/glr.c data/glr.cc data/java-skel.m4 data/java.m4 data/lalr1.cc data/lalr1.java data/location.cc data/stack.hh data/variant.hh data/yacc.c '/usr/share/bison'
 /bin/mkdir -p '/usr/share/bison/xslt'
 /usr/bin/install -c -m 644 data/xslt/bison.xsl data/xslt/xml2dot.xsl data/xslt/xml2text.xsl data/xslt/xml2xhtml.xsl '/usr/share/bison/xslt'
  GEN      doc/bison.help
 /bin/mkdir -p '/usr/share/info'
 /usr/bin/install -c -m 644 ./doc/bison.info '/usr/share/info'
 install-info --info-dir='/usr/share/info' '/usr/share/info/bison.info'
 /bin/mkdir -p '/usr/share/man/man1'
 /usr/bin/install -c -m 644 ./doc/bison.1 doc/yacc.1 '/usr/share/man/man1'
make[3]: Leaving directory '/sources/bison-3.0.2'
make[2]: Leaving directory '/sources/bison-3.0.2'
make[1]: Leaving directory '/sources/bison-3.0.2'

real    4m46.956s
user    4m24.749s
sys     0m24.387s
