checking for a BSD-compatible install... /usr/bin/install -c
checking whether build environment is sane... yes
checking for a thread-safe mkdir -p... /bin/mkdir -p
checking for gawk... gawk
checking whether make sets $(MAKE)... yes
checking whether make supports nested variables... yes
checking whether UID '0' is supported by ustar format... yes
checking whether GID '0' is supported by ustar format... yes
checking how to create a ustar tar archive... gnutar
checking whether make supports nested variables... (cached) yes
checking for style of include used by make... GNU
checking for gcc... gcc
checking whether the C compiler works... yes
checking for C compiler default output file name... a.out
checking for suffix of executables... 
checking whether we are cross compiling... no
checking for suffix of object files... o
checking whether we are using the GNU C compiler... yes
checking whether gcc accepts -g... yes
checking for gcc option to accept ISO C89... none needed
checking whether gcc understands -c and -o together... yes
checking dependency style of gcc... gcc3
checking for gcc option to accept ISO C99... -std=gnu99
checking for gcc -std=gnu99 option to accept ISO Standard C... (cached) -std=gnu99
checking for ranlib... ranlib
checking for bison... bison -y
checking how to run the C preprocessor... gcc -std=gnu99 -E
checking for grep that handles long lines and -e... /bin/grep
checking for egrep... /bin/grep -E
checking for Minix Amsterdam compiler... no
checking for ar... ar
checking for ANSI C header files... yes
checking for sys/types.h... yes
checking for sys/stat.h... yes
checking for stdlib.h... yes
checking for string.h... yes
checking for memory.h... yes
checking for strings.h... yes
checking for inttypes.h... yes
checking for stdint.h... yes
checking for unistd.h... yes
checking minix/config.h usability... no
checking minix/config.h presence... no
checking for minix/config.h... no
checking whether it is safe to define __EXTENSIONS__... yes
checking whether _XOPEN_SOURCE should be defined... no
checking for _LARGEFILE_SOURCE value needed for large files... no
checking for special C compiler options needed for large files... no
checking for _FILE_OFFSET_BITS value needed for large files... no
checking for special C compiler options needed for large files... (cached) no
checking for _FILE_OFFSET_BITS value needed for large files... (cached) no
checking for inline... inline
checking for fcntl.h... yes
checking for linux/fd.h... yes
checking for memory.h... (cached) yes
checking for net/errno.h... no
checking for sgtty.h... yes
checking for string.h... (cached) yes
checking for sys/param.h... yes
checking for sys/device.h... no
checking for sys/gentape.h... no
checking for sys/inet.h... no
checking for sys/io/trioctl.h... no
checking for sys/mtio.h... yes
checking for sys/time.h... yes
checking for sys/tprintf.h... no
checking for sys/tape.h... no
checking for unistd.h... (cached) yes
checking for locale.h... yes
checking for features.h... yes
checking for linewrap.h... no
checking for sys/socket.h... yes
checking for dirent.h... yes
checking for wctype.h... yes
checking for stdio_ext.h... yes
checking for sys/stat.h... (cached) yes
checking for getopt.h... yes
checking for wchar.h... yes
checking for stdint.h... (cached) yes
checking for inttypes.h... (cached) yes
checking for langinfo.h... yes
checking for xlocale.h... yes
checking for sys/mman.h... yes
checking for priv.h... no
checking for malloc.h... yes
checking for selinux/selinux.h... no
checking for strings.h... (cached) yes
checking for sysexits.h... yes
checking for utime.h... yes
checking for netdb.h... yes
checking for sys/wait.h... yes
checking for pwd.h... yes
checking for grp.h... yes
checking for sys/buf.h... no
checking whether sys/types.h defines makedev... yes
checking for st_fstype string in struct stat... no
checking sys/acl.h usability... yes
checking sys/acl.h presence... yes
checking for sys/acl.h... yes
checking for library containing acl_get_file... -lacl
checking for library containing acl_get_fd... none required
checking for library containing acl_set_file... none required
checking for library containing acl_set_fd... none required
checking for library containing acl_to_text... none required
checking for library containing acl_from_text... none required
checking for library containing acl_delete_def_file... none required
checking for library containing acl_free... none required
checking for mode_t... yes
checking for pid_t... yes
checking for off_t... yes
checking for uid_t in sys/types.h... yes
checking for major_t... no
checking for minor_t... no
checking for dev_t... yes
checking for ino_t... yes
checking for ssize_t... yes
checking for size_t... yes
checking for working alloca.h... yes
checking for alloca... yes
checking for C/C++ restrict keyword... __restrict
checking whether clearerr_unlocked is declared... yes
checking whether feof_unlocked is declared... yes
checking whether ferror_unlocked is declared... yes
checking whether fflush_unlocked is declared... yes
checking whether fgets_unlocked is declared... yes
checking whether fputc_unlocked is declared... yes
checking whether fputs_unlocked is declared... yes
checking whether fread_unlocked is declared... yes
checking whether fwrite_unlocked is declared... yes
checking whether getc_unlocked is declared... yes
checking whether getchar_unlocked is declared... yes
checking whether putc_unlocked is declared... yes
checking whether putchar_unlocked is declared... yes
checking for flockfile... yes
checking for funlockfile... yes
checking for pathconf... yes
checking for btowc... yes
checking for canonicalize_file_name... yes
checking for getcwd... yes
checking for readlink... yes
checking for realpath... yes
checking for readlinkat... yes
checking for chown... yes
checking for fchown... yes
checking for _set_invalid_parameter_handler... no
checking for fchdir... yes
checking for fdopendir... yes
checking for faccessat... yes
checking for fchmodat... yes
checking for lchmod... no
checking for fcntl... yes
checking for symlink... yes
checking for mempcpy... yes
checking for isblank... yes
checking for iswctype... yes
checking for mbsrtowcs... yes
checking for wmemchr... yes
checking for wmemcpy... yes
checking for wmempcpy... yes
checking for fstatat... yes
checking for futimens... yes
checking for getdelim... yes
checking for getdtablesize... yes
checking for gettimeofday... yes
checking for nanotime... no
checking for iswcntrl... yes
checking for iswblank... yes
checking for link... yes
checking for openat... yes
checking for linkat... yes
checking for lstat... yes
checking for mbsinit... yes
checking for mbrtowc... yes
checking for mprotect... yes
checking for mkdirat... yes
checking for mkfifo... yes
checking for mkfifoat... yes
checking for mknodat... yes
checking for mknod... yes
checking for nl_langinfo... yes
checking for posix_openpt... yes
checking for ptsname_r... yes
checking for fchmod... yes
checking for renameat... yes
checking for secure_getenv... yes
checking for setenv... yes
checking for sleep... yes
checking for snprintf... yes
checking for strdup... yes
checking for tzset... yes
checking for strndup... yes
checking for strtoimax... yes
checking for strtoumax... yes
checking for symlinkat... yes
checking for localtime_r... yes
checking for pipe... yes
checking for unlinkat... yes
checking for futimes... yes
checking for futimesat... yes
checking for utimensat... yes
checking for lutimes... yes
checking for vasnprintf... no
checking for wcrtomb... yes
checking for wcwidth... yes
checking for setlocale... yes
checking for fsync... yes
checking for grantpt... yes
checking build system type... x86_64-unknown-linux-gnu
checking host system type... x86_64-unknown-linux-gnu
checking for d_ino member in directory struct... yes
checking for long file names... yes
checking whether <wchar.h> uses 'inline' correctly... yes
checking for nl_langinfo and CODESET... yes
checking for a traditional french locale... fr_FR
checking whether // is distinct from /... no
checking whether realpath works... yes
checking for unistd.h... (cached) yes
checking for working chown... yes
checking whether chown dereferences symlinks... yes
checking whether chown honors trailing slash... yes
checking whether chown always updates ctime... yes
checking whether the preprocessor supports include_next... yes
checking whether system header files limit the line length... no
checking if environ is properly declared... yes
checking for complete errno.h... yes
checking whether strerror_r is declared... yes
checking for strerror_r... yes
checking whether strerror_r returns char *... yes
checking type of array argument to getgroups... gid_t
checking whether fchdir is declared... yes
checking for working fcntl.h... yes
checking for mbstate_t... yes
checking whether stdin defaults to large file offsets... yes
checking whether fseeko is declared... yes
checking for fseeko... yes
checking whether stat file-mode macros are broken... no
checking for nlink_t... yes
checking whether fchmodat is declared without a macro... yes
checking whether fstat is declared without a macro... yes
checking whether fstatat is declared without a macro... yes
checking whether futimens is declared without a macro... yes
checking whether lchmod is declared without a macro... yes
checking whether lstat is declared without a macro... yes
checking whether mkdirat is declared without a macro... yes
checking whether mkfifo is declared without a macro... yes
checking whether mkfifoat is declared without a macro... yes
checking whether mknod is declared without a macro... yes
checking whether mknodat is declared without a macro... yes
checking whether stat is declared without a macro... yes
checking whether utimensat is declared without a macro... yes
checking whether lstat correctly handles trailing slash... yes
checking whether getcwd (NULL, 0) allocates memory for result... yes
checking for getcwd with POSIX signature... yes
checking whether getcwd is declared... yes
checking whether getdelim is declared... yes
checking whether getline is declared... yes
checking for getopt.h... (cached) yes
checking for getopt_long_only... yes
checking whether getopt is POSIX compatible... yes
checking for working GNU getopt function... yes
checking for working GNU getopt_long function... yes
checking whether getenv is declared... yes
checking for struct timeval... yes
checking for wide-enough struct timeval.tv_sec member... yes
checking whether gettimeofday is declared without a macro... yes
checking for unsigned long long int... yes
checking for long long int... yes
checking whether stdint.h conforms to C99... yes
checking whether imaxabs is declared without a macro... yes
checking whether imaxdiv is declared without a macro... yes
checking whether strtoimax is declared without a macro... yes
checking whether strtoumax is declared without a macro... yes
checking for inttypes.h... (cached) yes
checking whether the inttypes.h PRIxNN macros are broken... no
checking for wint_t... yes
checking whether iswcntrl works... yes
checking for towlower... yes
checking for wctype_t... yes
checking for wctrans_t... yes
checking whether wctype is declared without a macro... yes
checking whether iswctype is declared without a macro... yes
checking whether wctrans is declared without a macro... yes
checking whether towctrans is declared without a macro... yes
checking whether we are using the GNU C Library >= 2.1 or uClibc... yes
checking for wchar_t... yes
checking whether NULL can be used in arbitrary expressions... yes
checking whether malloc, realloc, calloc are POSIX compliant... yes
checking for stdlib.h... (cached) yes
checking for GNU libc compatible malloc... yes
checking for a traditional japanese locale... ja_JP
checking for a transitional chinese locale... zh_CN.GB18030
checking for a french Unicode locale... fr_FR.UTF-8
checking for mmap... yes
checking for MAP_ANONYMOUS... yes
checking whether memchr works... yes
checking whether memrchr is declared... yes
checking whether alarm is declared... yes
checking for promoted mode_t type... mode_t
checking for stdbool.h that conforms to C99... yes
checking for _Bool... yes
checking for compound literals... yes
checking whether struct tm is in sys/time.h or time.h... time.h
checking for struct tm.tm_gmtoff... yes
checking for library containing setfilecon... no
checking whether setenv is declared... yes
checking search.h usability... yes
checking search.h presence... yes
checking for search.h... yes
checking for tsearch... yes
checking for sigset_t... yes
checking whether snprintf returns a byte count as in C99... yes
checking whether snprintf is declared... yes
checking whether strdup is declared... yes
checking whether strerror(0) succeeds... yes
checking whether ffsl is declared without a macro... yes
checking whether ffsll is declared without a macro... yes
checking whether memmem is declared without a macro... yes
checking whether mempcpy is declared without a macro... yes
checking whether memrchr is declared without a macro... yes
checking whether rawmemchr is declared without a macro... yes
checking whether stpcpy is declared without a macro... yes
checking whether stpncpy is declared without a macro... yes
checking whether strchrnul is declared without a macro... yes
checking whether strdup is declared without a macro... yes
checking whether strncat is declared without a macro... yes
checking whether strndup is declared without a macro... yes
checking whether strnlen is declared without a macro... yes
checking whether strpbrk is declared without a macro... yes
checking whether strsep is declared without a macro... yes
checking whether strcasestr is declared without a macro... yes
checking whether strtok_r is declared without a macro... yes
checking whether strerror_r is declared without a macro... yes
checking whether strsignal is declared without a macro... yes
checking whether strverscmp is declared without a macro... yes
checking whether ffs is declared without a macro... yes
checking whether strcasecmp is declared without a macro... yes
checking whether strncasecmp is declared without a macro... yes
checking whether strndup is declared... (cached) yes
checking whether strnlen is declared... (cached) yes
checking whether strtoimax is declared... (cached) yes
checking whether strtoumax is declared... (cached) yes
checking for struct timespec in <time.h>... yes
checking whether ttyname_r is declared... yes
checking whether unsetenv is declared... yes
checking whether the utimes function works... yes
checking for struct utimbuf... yes
checking for inttypes.h... yes
checking for stdint.h... yes
checking for intmax_t... yes
checking where to find the exponent in a 'double'... word 1 bit 20
checking for snprintf... (cached) yes
checking for strnlen... yes
checking for wcslen... yes
checking for wcsnlen... yes
checking for mbrtowc... (cached) yes
checking for wcrtomb... (cached) yes
checking whether _snprintf is declared... no
checking whether vsnprintf is declared... yes
checking for alloca as a compiler built-in... yes
checking whether program_invocation_name is declared... yes
checking whether program_invocation_short_name is declared... yes
checking whether program_invocation_name is defined... yes
checking whether program_invocation_short_name is defined... yes
checking whether btowc(0) is correct... yes
checking whether btowc(EOF) is correct... yes
checking whether this system has an arbitrary file name length limit... yes
checking for library containing clock_gettime... none required
checking for clock_gettime... yes
checking for clock_settime... yes
checking for closedir... yes
checking for d_ino member in directory struct... (cached) yes
checking whether alphasort is declared without a macro... yes
checking whether closedir is declared without a macro... yes
checking whether dirfd is declared without a macro... yes
checking whether fdopendir is declared without a macro... yes
checking whether opendir is declared without a macro... yes
checking whether readdir is declared without a macro... yes
checking whether rewinddir is declared without a macro... yes
checking whether scandir is declared without a macro... yes
checking for dirfd... yes
checking whether dirfd is declared... (cached) yes
checking whether dirfd is a macro... no
checking whether // is distinct from /... (cached) no
checking whether dup2 works... yes
checking for error_at_line... yes
checking for euidaccess... yes
checking for fchownat... yes
checking whether fchownat works with AT_SYMLINK_NOFOLLOW... yes
checking whether fchownat works with an empty file name... yes
checking whether fcntl handles F_DUPFD correctly... yes
checking whether fcntl understands F_DUPFD_CLOEXEC... needs runtime check
checking whether fcntl is declared without a macro... yes
checking whether openat is declared without a macro... yes
checking whether fdopendir is declared... (cached) yes
checking whether fdopendir works... yes
checking for struct stat.st_blocks... yes
checking whether conversion from 'int' to 'long double' works... yes
checking for working GNU fnmatch... yes
checking for __fpending... yes
checking whether __fpending is declared... yes
checking for fseeko... (cached) yes
checking whether fstatat (..., 0) works... yes
checking whether futimens works... needs runtime check
checking whether getcwd handles long file names properly... yes
checking for getpagesize... yes
checking whether getcwd aborts when 4k < cwd_length < 16k... no
checking for working getdelim function... yes
checking whether getdtablesize works... yes
checking for getgroups... yes
checking for working getgroups... yes
checking whether getgroups handles negative values... yes
checking for getline... yes
checking for working getline function... yes
checking for getpagesize... (cached) yes
checking whether getpagesize is declared... yes
checking whether gettimeofday clobbers localtime buffer... no
checking for gettimeofday with POSIX signature... almost
checking for group_member... yes
checking whether INT32_MAX < INTMAX_MAX... yes
checking whether INT64_MAX == LONG_MAX... yes
checking whether UINT32_MAX < UINTMAX_MAX... yes
checking whether UINT64_MAX == ULONG_MAX... yes
checking whether iswblank is declared... yes
checking whether langinfo.h defines CODESET... yes
checking whether langinfo.h defines T_FMT_AMPM... yes
checking whether langinfo.h defines ERA... yes
checking whether langinfo.h defines YESEXPR... yes
checking whether nl_langinfo is declared without a macro... yes
checking for lchown... yes
checking whether link obeys POSIX... yes
checking for __xpg4... no
checking whether link(2) dereferences a symlink... no
checking whether linkat(,AT_SYMLINK_FOLLOW) works... need runtime check
checking whether linkat handles trailing slash correctly... yes
checking whether locale.h conforms to POSIX:2001... yes
checking whether locale.h defines locale_t... yes
checking whether struct lconv is properly defined... yes
checking whether setlocale is declared without a macro... yes
checking whether duplocale is declared without a macro... yes
checking whether lseek detects pipes... yes
checking for stdlib.h... (cached) yes
checking for GNU libc compatible malloc... (cached) yes
checking whether mbrtowc handles incomplete characters... yes
checking whether mbrtowc works as well as mbtowc... yes
checking whether mbrtowc handles a NULL pwc argument... yes
checking whether mbrtowc handles a NULL string argument... yes
checking whether mbrtowc has a correct return value... yes
checking whether mbrtowc returns 0 when parsing a NUL character... yes
checking whether mbrtowc handles incomplete characters... (cached) yes
checking whether mbrtowc works as well as mbtowc... (cached) yes
checking whether mbrtowc handles incomplete characters... (cached) yes
checking whether mbrtowc works as well as mbtowc... (cached) yes
checking whether mbsrtowcs works... yes
checking for mempcpy... (cached) yes
checking for memrchr... yes
checking whether mkdir handles trailing slash... yes
checking whether mkdir handles trailing dot... yes
checking for mkdtemp... yes
checking whether mkfifo rejects trailing slashes... yes
checking whether mknod can create fifo without root privileges... no
checking for working mktime... yes
checking whether YESEXPR works... yes
checking for obstacks... yes
checking whether open recognizes a trailing slash... yes
checking for opendir... yes
checking for struct tm.tm_zone... yes
checking for getppriv... no
checking whether program_invocation_name is declared... (cached) yes
checking whether program_invocation_short_name is declared... (cached) yes
checking for ptsname... yes
checking whether ptsname sets errno on failure... yes
checking whether ptsname_r has the same signature as in glibc... yes
checking for sys/acl.h... (cached) yes
checking for library containing acl_get_file... (cached) -lacl
checking for acl_get_file... yes
checking for acl_get_fd... yes
checking for acl_set_file... yes
checking for acl_set_fd... yes
checking for acl_free... yes
checking for acl_from_mode... yes
checking for acl_from_text... yes
checking for acl_delete_def_file... yes
checking for acl_extended_file... yes
checking for acl_delete_fd_np... no
checking for acl_delete_file_np... no
checking for acl_copy_ext_native... no
checking for acl_create_entry_np... no
checking for acl_to_short_text... no
checking for acl_free_text... no
checking for working acl_get_file... yes
checking acl/libacl.h usability... yes
checking acl/libacl.h presence... yes
checking for acl/libacl.h... yes
checking for acl_entries... yes
checking for ACL_FIRST_ENTRY... yes
checking for ACL_TYPE_EXTENDED... no
checking for raise... yes
checking for rawmemchr... yes
checking for readdir... yes
checking whether readlink signature is correct... yes
checking whether readlink handles trailing slash correctly... yes
checking for working re_compile_pattern... yes
checking whether rename honors trailing slash on destination... yes
checking whether rename honors trailing slash on source... yes
checking whether rename manages hard links correctly... yes
checking whether rename manages existing destinations correctly... yes
checking for rewinddir... yes
checking whether rmdir works... yes
checking for rpmatch... yes
checking selinux/flask.h usability... no
checking selinux/flask.h presence... no
checking for selinux/flask.h... no
checking whether setenv validates arguments... yes
checking for volatile sig_atomic_t... yes
checking for sighandler_t... yes
checking whether pthread_sigmask is declared without a macro... yes
checking whether sigaction is declared without a macro... yes
checking whether sigaddset is declared without a macro... yes
checking whether sigdelset is declared without a macro... yes
checking whether sigemptyset is declared without a macro... yes
checking whether sigfillset is declared without a macro... yes
checking whether sigismember is declared without a macro... yes
checking whether sigpending is declared without a macro... yes
checking whether sigprocmask is declared without a macro... yes
checking for stdint.h... (cached) yes
checking for SIZE_MAX... yes
checking whether sleep is declared... yes
checking for working sleep... yes
checking for snprintf... (cached) yes
checking whether snprintf respects a size of 1... yes
checking whether printf supports POSIX/XSI format strings with positions... yes
checking for ssize_t... (cached) yes
checking whether stat handles trailing slashes on directories... yes
checking whether stat handles trailing slashes on files... yes
checking for struct stat.st_atim.tv_nsec... yes
checking whether struct stat.st_atim is of type struct timespec... yes
checking for struct stat.st_birthtimespec.tv_nsec... no
checking for struct stat.st_birthtimensec... no
checking for struct stat.st_birthtim.tv_nsec... no
checking for working stdalign.h... yes
checking for va_copy... yes
checking whether NULL can be used in arbitrary expressions... (cached) yes
checking whether dprintf is declared without a macro... yes
checking whether fpurge is declared without a macro... no
checking whether fseeko is declared without a macro... yes
checking whether ftello is declared without a macro... yes
checking whether getdelim is declared without a macro... yes
checking whether getline is declared without a macro... yes
checking whether gets is declared without a macro... no
checking whether pclose is declared without a macro... yes
checking whether popen is declared without a macro... yes
checking whether renameat is declared without a macro... yes
checking whether snprintf is declared without a macro... yes
checking whether tmpfile is declared without a macro... yes
checking whether vdprintf is declared without a macro... yes
checking whether vsnprintf is declared without a macro... yes
checking whether _Exit is declared without a macro... yes
checking whether atoll is declared without a macro... yes
checking whether canonicalize_file_name is declared without a macro... yes
checking whether getloadavg is declared without a macro... yes
checking whether getsubopt is declared without a macro... yes
checking whether grantpt is declared without a macro... yes
checking whether initstate is declared without a macro... yes
checking whether initstate_r is declared without a macro... yes
checking whether mkdtemp is declared without a macro... yes
checking whether mkostemp is declared without a macro... yes
checking whether mkostemps is declared without a macro... yes
checking whether mkstemp is declared without a macro... yes
checking whether mkstemps is declared without a macro... yes
checking whether posix_openpt is declared without a macro... yes
checking whether ptsname is declared without a macro... yes
checking whether ptsname_r is declared without a macro... yes
checking whether random is declared without a macro... yes
checking whether random_r is declared without a macro... yes
checking whether realpath is declared without a macro... yes
checking whether rpmatch is declared without a macro... yes
checking whether secure_getenv is declared without a macro... yes
checking whether setenv is declared without a macro... yes
checking whether setstate is declared without a macro... yes
checking whether setstate_r is declared without a macro... yes
checking whether srandom is declared without a macro... yes
checking whether srandom_r is declared without a macro... yes
checking whether strtod is declared without a macro... yes
checking whether strtoll is declared without a macro... yes
checking whether strtoull is declared without a macro... yes
checking whether unlockpt is declared without a macro... yes
checking whether unsetenv is declared without a macro... yes
checking for stpcpy... yes
checking for strcasecmp... yes
checking for strncasecmp... yes
checking whether strncasecmp is declared... (cached) yes
checking for strchrnul... yes
checking whether strchrnul works... yes
checking for working strerror function... yes
checking for working strndup... yes
checking for working strnlen... yes
checking whether strtoimax works... yes
checking for strtol... yes
checking for strtoll... yes
checking for strtoul... yes
checking for strtoull... yes
checking whether symlink handles trailing slash correctly... yes
checking for nlink_t... (cached) yes
checking whether fchmodat is declared without a macro... (cached) yes
checking whether fstat is declared without a macro... (cached) yes
checking whether fstatat is declared without a macro... (cached) yes
checking whether futimens is declared without a macro... (cached) yes
checking whether lchmod is declared without a macro... (cached) yes
checking whether lstat is declared without a macro... (cached) yes
checking whether mkdirat is declared without a macro... (cached) yes
checking whether mkfifo is declared without a macro... (cached) yes
checking whether mkfifoat is declared without a macro... (cached) yes
checking whether mknod is declared without a macro... (cached) yes
checking whether mknodat is declared without a macro... (cached) yes
checking whether stat is declared without a macro... (cached) yes
checking whether utimensat is declared without a macro... (cached) yes
checking whether localtime_r is declared... yes
checking whether localtime_r is compatible with its POSIX signature... yes
checking for ttyname_r... yes
checking whether ttyname_r is compatible with its POSIX signature... yes
checking whether ttyname_r works with small buffers... yes
checking whether chdir is declared without a macro... yes
checking whether chown is declared without a macro... yes
checking whether dup is declared without a macro... yes
checking whether dup2 is declared without a macro... yes
checking whether dup3 is declared without a macro... yes
checking whether environ is declared without a macro... yes
checking whether euidaccess is declared without a macro... yes
checking whether faccessat is declared without a macro... yes
checking whether fchdir is declared without a macro... yes
checking whether fchownat is declared without a macro... yes
checking whether fdatasync is declared without a macro... yes
checking whether fsync is declared without a macro... yes
checking whether ftruncate is declared without a macro... yes
checking whether getcwd is declared without a macro... yes
checking whether getdomainname is declared without a macro... yes
checking whether getdtablesize is declared without a macro... yes
checking whether getgroups is declared without a macro... yes
checking whether gethostname is declared without a macro... yes
checking whether getlogin is declared without a macro... yes
checking whether getlogin_r is declared without a macro... yes
checking whether getpagesize is declared without a macro... yes
checking whether getusershell is declared without a macro... yes
checking whether setusershell is declared without a macro... yes
checking whether endusershell is declared without a macro... yes
checking whether group_member is declared without a macro... yes
checking whether isatty is declared without a macro... yes
checking whether lchown is declared without a macro... yes
checking whether link is declared without a macro... yes
checking whether linkat is declared without a macro... yes
checking whether lseek is declared without a macro... yes
checking whether pipe is declared without a macro... yes
checking whether pipe2 is declared without a macro... yes
checking whether pread is declared without a macro... yes
checking whether pwrite is declared without a macro... yes
checking whether readlink is declared without a macro... yes
checking whether readlinkat is declared without a macro... yes
checking whether rmdir is declared without a macro... yes
checking whether sethostname is declared without a macro... yes
checking whether sleep is declared without a macro... yes
checking whether symlink is declared without a macro... yes
checking whether symlinkat is declared without a macro... yes
checking whether ttyname_r is declared without a macro... yes
checking whether unlink is declared without a macro... yes
checking whether unlinkat is declared without a macro... yes
checking whether usleep is declared without a macro... yes
checking whether unlink honors trailing slashes... yes
checking whether unlink of a parent directory fails as it should... guessing yes
checking for unlockpt... yes
checking for unsetenv... yes
checking for unsetenv() return type... int
checking whether unsetenv obeys POSIX... yes
checking whether utimensat works... needs runtime check
checking for ptrdiff_t... yes
checking for vasprintf... yes
checking for vsnprintf... yes
checking whether snprintf respects a size of 1... (cached) yes
checking whether printf supports POSIX/XSI format strings with positions... (cached) yes
checking whether btowc is declared without a macro... yes
checking whether wctob is declared without a macro... yes
checking whether mbsinit is declared without a macro... yes
checking whether mbrtowc is declared without a macro... yes
checking whether mbrlen is declared without a macro... yes
checking whether mbsrtowcs is declared without a macro... yes
checking whether mbsnrtowcs is declared without a macro... yes
checking whether wcrtomb is declared without a macro... yes
checking whether wcsrtombs is declared without a macro... yes
checking whether wcsnrtombs is declared without a macro... yes
checking whether wcwidth is declared without a macro... yes
checking whether wmemchr is declared without a macro... yes
checking whether wmemcmp is declared without a macro... yes
checking whether wmemcpy is declared without a macro... yes
checking whether wmemmove is declared without a macro... yes
checking whether wmemset is declared without a macro... yes
checking whether wcslen is declared without a macro... yes
checking whether wcsnlen is declared without a macro... yes
checking whether wcscpy is declared without a macro... yes
checking whether wcpcpy is declared without a macro... yes
checking whether wcsncpy is declared without a macro... yes
checking whether wcpncpy is declared without a macro... yes
checking whether wcscat is declared without a macro... yes
checking whether wcsncat is declared without a macro... yes
checking whether wcscmp is declared without a macro... yes
checking whether wcsncmp is declared without a macro... yes
checking whether wcscasecmp is declared without a macro... yes
checking whether wcsncasecmp is declared without a macro... yes
checking whether wcscoll is declared without a macro... yes
checking whether wcsxfrm is declared without a macro... yes
checking whether wcsdup is declared without a macro... yes
checking whether wcschr is declared without a macro... yes
checking whether wcsrchr is declared without a macro... yes
checking whether wcscspn is declared without a macro... yes
checking whether wcsspn is declared without a macro... yes
checking whether wcspbrk is declared without a macro... yes
checking whether wcsstr is declared without a macro... yes
checking whether wcstok is declared without a macro... yes
checking whether wcswidth is declared without a macro... yes
checking whether mbrtowc handles incomplete characters... (cached) yes
checking whether mbrtowc works as well as mbtowc... (cached) yes
checking whether wcrtomb return value is correct... yes
checking whether iswcntrl works... (cached) yes
checking for towlower... (cached) yes
checking for wctype_t... (cached) yes
checking for wctrans_t... (cached) yes
checking whether wctype is declared without a macro... (cached) yes
checking whether iswctype is declared without a macro... (cached) yes
checking whether wctrans is declared without a macro... (cached) yes
checking whether towctrans is declared without a macro... (cached) yes
checking whether wcwidth is declared... (cached) yes
checking whether wcwidth works reasonably in UTF-8 locales... yes
checking for stdint.h... (cached) yes
checking whether time.h and sys/time.h may both be included... yes
checking for struct stat.st_blksize... yes
checking for library containing setsockopt... none required
checking for library containing setsockopt... (cached) none required
checking for sys/mtio.h... (cached) yes
checking which ioctl field to test for reversed bytes... mt_type
checking whether to build rmt... yes
checking for remote tape header files... yes
checking for sys/buf.h... (cached) no
checking for struct stat.st_blksize... (cached) yes
checking for library containing gethostbyname... none required
checking sys/xattr.h usability... yes
checking sys/xattr.h presence... yes
checking for sys/xattr.h... yes
checking for getxattr... yes
checking for fgetxattr... yes
checking for lgetxattr... yes
checking for setxattr... yes
checking for fsetxattr... yes
checking for lsetxattr... yes
checking for listxattr... yes
checking for flistxattr... yes
checking for llistxattr... yes
checking whether getgrgid is declared... yes
checking whether getpwuid is declared... yes
checking whether time is declared... yes
checking for waitpid... yes
checking for remote shell... /usr/bin/rsh
checking for default archive format... GNU
checking for default archive... -
checking for default blocking... 20
checking for default quoting style... escape
checking for ld used by gcc -std=gnu99... /usr/bin/ld
checking if the linker (/usr/bin/ld) is GNU ld... yes
checking for shared library run path origin... done
checking for iconv... yes
checking for working iconv... yes
checking for iconv declaration... 
         extern size_t iconv (iconv_t cd, char * *inbuf, size_t *inbytesleft, char * *outbuf, size_t *outbytesleft);
checking iconv.h usability... yes
checking iconv.h presence... yes
checking for iconv.h... yes
checking for iconv_t... yes
checking for a sed that does not truncate output... /bin/sed
checking whether NLS is requested... yes
checking for msgfmt... /usr/bin/msgfmt
checking for gmsgfmt... /usr/bin/msgfmt
checking for xgettext... /usr/bin/xgettext
checking for msgmerge... /usr/bin/msgmerge
checking for CFPreferencesCopyAppValue... no
checking for CFLocaleCopyCurrent... no
checking for GNU gettext in libc... yes
checking whether to use NLS... yes
checking where the gettext function comes from... libc
checking that generated files are newer than configure... done
configure: creating ./config.status
config.status: creating tests/Makefile
config.status: creating tests/atlocal
config.status: creating Makefile
config.status: creating doc/Makefile
config.status: creating gnu/Makefile
config.status: creating lib/Makefile
config.status: creating po/Makefile.in
config.status: creating scripts/Makefile
config.status: creating rmt/Makefile
config.status: creating src/Makefile
config.status: creating config.h
config.status: executing depfiles commands
config.status: executing po-directories commands
config.status: creating po/POTFILES
config.status: creating po/Makefile
config.status: executing tests/atconfig commands
make  all-recursive
make[1]: Entering directory '/sources/tar-1.28'
Making all in doc
make[2]: Entering directory '/sources/tar-1.28/doc'
make[2]: Nothing to be done for 'all'.
make[2]: Leaving directory '/sources/tar-1.28/doc'
Making all in gnu
make[2]: Entering directory '/sources/tar-1.28/gnu'
  GEN      alloca.h
  GEN      configmake.h
  GEN      arg-nonnull.h
  GEN      c++defs.h
  GEN      warn-on-use.h
  GEN      unused-parameter.h
  GEN      unitypes.h
  GEN      sys/types.h
  GEN      uniwidth.h
  GEN      wctype.h
  GEN      wchar.h
  GEN      dirent.h
  GEN      fcntl.h
  GEN      getopt.h
  GEN      inttypes.h
  GEN      langinfo.h
  GEN      locale.h
  GEN      selinux/selinux.h
  GEN      selinux/context.h
  GEN      signal.h
  GEN      stdio.h
  GEN      stdlib.h
  GEN      string.h
  GEN      strings.h
  GEN      sys/stat.h
  GEN      sys/time.h
  GEN      time.h
  GEN      unistd.h
make  all-recursive
make[3]: Entering directory '/sources/tar-1.28/gnu'
make[4]: Entering directory '/sources/tar-1.28/gnu'
  CC       copy-acl.o
  CC       allocator.o
  CC       set-acl.o
  CC       areadlink.o
  CC       areadlinkat.o
  CC       argmatch.o
  CC       argp-eexst.o
  CC       argp-ba.o
  CC       argp-fmtstream.o
  CC       argp-fs-xinl.o
  CC       argp-help.o
  CC       argp-parse.o
  CC       argp-pin.o
  CC       argp-pv.o
  CC       argp-pvh.o
  CC       argp-xinl.o
  CC       argp-version-etc.o
  CC       backupfile.o
  CC       bitrotate.o
  CC       c-ctype.o
  CC       c-strcasecmp.o
  CC       c-strncasecmp.o
  CC       careadlinkat.o
  CC       cloexec.o
  CC       close-stream.o
  CC       closeout.o
  CC       opendir-safer.o
  CC       dirname.o
  CC       basename.o
  CC       dirname-lgpl.o
  CC       basename-lgpl.o
  CC       stripslash.o
  CC       exclude.o
  CC       exitfail.o
  CC       chmodat.o
  CC       chownat.o
  CC       fd-hook.o
  CC       fdutimensat.o
  CC       filenamecat-lgpl.o
  CC       fprintftime.o
  CC       full-write.o
  CC       gettime.o
  CC       hash.o
  CC       human.o
  CC       imaxtostr.o
  CC       inttostr.o
  CC       offtostr.o
  CC       uinttostr.o
  CC       umaxtostr.o
  CC       localcharset.o
  CC       malloca.o
  CC       mbchar.o
  CC       mbscasecmp.o
  CC       mbuiter.o
  CC       modechange.o
  CC       openat-die.o
  CC       parse-datetime.o
  CC       priv-set.o
  CC       progname.o
  CC       acl-errno-valid.o
  CC       file-has-acl.o
  CC       qcopy-acl.o
  CC       qset-acl.o
  CC       quotearg.o
  CC       safe-read.o
  CC       safe-write.o
  CC       save-cwd.o
  CC       savedir.o
  CC       se-context.o
  CC       se-selinux.o
  CC       stat-time.o
  CC       statat.o
  CC       strftime.o
  CC       strnlen1.o
  CC       tempname.o
  CC       timespec.o
  CC       unistd.o
  CC       dup-safer.o
  CC       fd-safer.o
  CC       pipe-safer.o
  CC       unlinkdir.o
  CC       utimens.o
  CC       version-etc.o
  CC       version-etc-fsf.o
  CC       wctype-h.o
  CC       xmalloc.o
  CC       xalloc-die.o
  CC       xgetcwd.o
  CC       xsize.o
  CC       xstrndup.o
  CC       xstrtol.o
  CC       xstrtoul.o
  CC       xstrtol-error.o
  CC       xstrtoumax.o
  CC       xvasprintf.o
  CC       xasprintf.o
  CC       asnprintf.o
  CC       chdir-long.o
  CC       fcntl.o
  CC       futimens.o
  CC       getopt.o
  CC       getopt1.o
  CC       linkat.o
  CC       mknod.o
  CC       openat-proc.o
  CC       printf-args.o
  CC       printf-parse.o
  CC       selinux-at.o
  CC       utimensat.o
  CC       vasnprintf.o
  GEN      charset.alias
  GEN      ref-add.sed
  GEN      ref-del.sed
  CC       uniwidth/width.o
  AR       libgnu.a
make[4]: Leaving directory '/sources/tar-1.28/gnu'
make[3]: Leaving directory '/sources/tar-1.28/gnu'
make[2]: Leaving directory '/sources/tar-1.28/gnu'
Making all in lib
make[2]: Entering directory '/sources/tar-1.28/lib'
  GEN      rmt-command.h
make  all-am
make[3]: Entering directory '/sources/tar-1.28/lib'
  CC       paxerror.o
  CC       paxexit-status.o
  CC       prepargs.o
  CC       paxnames.o
  CC       rtapelib.o
  CC       stdopen.o
  CC       wordsplit.o
  CC       xattr-at.o
  AR       libtar.a
make[3]: Leaving directory '/sources/tar-1.28/lib'
make[2]: Leaving directory '/sources/tar-1.28/lib'
Making all in rmt
make[2]: Entering directory '/sources/tar-1.28/rmt'
  CC       rmt.o
  CCLD     rmt
make[2]: Leaving directory '/sources/tar-1.28/rmt'
Making all in src
make[2]: Entering directory '/sources/tar-1.28/src'
  CC       buffer.o
  CC       compare.o
  CC       checkpoint.o
  CC       create.o
  CC       delete.o
  CC       exit.o
  CC       exclist.o
  CC       extract.o
  CC       xheader.o
  CC       incremen.o
  CC       list.o
  CC       misc.o
  CC       names.o
  CC       sparse.o
  CC       suffix.o
  CC       system.o
  CC       tar.o
  CC       transform.o
  CC       unlink.o
  CC       update.o
  CC       utf8.o
  CC       warning.o
  CC       xattrs.o
  CCLD     tar
make[2]: Leaving directory '/sources/tar-1.28/src'
Making all in scripts
make[2]: Entering directory '/sources/tar-1.28/scripts'
make[2]: Nothing to be done for 'all'.
make[2]: Leaving directory '/sources/tar-1.28/scripts'
Making all in po
make[2]: Entering directory '/sources/tar-1.28/po'
make[2]: Nothing to be done for 'all'.
make[2]: Leaving directory '/sources/tar-1.28/po'
Making all in tests
make[2]: Entering directory '/sources/tar-1.28/tests'
make[2]: Nothing to be done for 'all'.
make[2]: Leaving directory '/sources/tar-1.28/tests'
make[2]: Entering directory '/sources/tar-1.28'
make[2]: Leaving directory '/sources/tar-1.28'
make[1]: Leaving directory '/sources/tar-1.28'
Making check in doc
make[1]: Entering directory '/sources/tar-1.28/doc'
make[1]: Nothing to be done for 'check'.
make[1]: Leaving directory '/sources/tar-1.28/doc'
Making check in gnu
make[1]: Entering directory '/sources/tar-1.28/gnu'
make  check-recursive
make[2]: Entering directory '/sources/tar-1.28/gnu'
make[3]: Entering directory '/sources/tar-1.28/gnu'
make[3]: Nothing to be done for 'check-am'.
make[3]: Leaving directory '/sources/tar-1.28/gnu'
make[2]: Leaving directory '/sources/tar-1.28/gnu'
make[1]: Leaving directory '/sources/tar-1.28/gnu'
Making check in lib
make[1]: Entering directory '/sources/tar-1.28/lib'
make  check-am
make[2]: Entering directory '/sources/tar-1.28/lib'
make[2]: Nothing to be done for 'check-am'.
make[2]: Leaving directory '/sources/tar-1.28/lib'
make[1]: Leaving directory '/sources/tar-1.28/lib'
Making check in rmt
make[1]: Entering directory '/sources/tar-1.28/rmt'
make[1]: Nothing to be done for 'check'.
make[1]: Leaving directory '/sources/tar-1.28/rmt'
Making check in src
make[1]: Entering directory '/sources/tar-1.28/src'
make[1]: Nothing to be done for 'check'.
make[1]: Leaving directory '/sources/tar-1.28/src'
Making check in scripts
make[1]: Entering directory '/sources/tar-1.28/scripts'
make[1]: Nothing to be done for 'check'.
make[1]: Leaving directory '/sources/tar-1.28/scripts'
Making check in po
make[1]: Entering directory '/sources/tar-1.28/po'
make[1]: Nothing to be done for 'check'.
make[1]: Leaving directory '/sources/tar-1.28/po'
Making check in tests
make[1]: Entering directory '/sources/tar-1.28/tests'
make  genfile ttyemu
make[2]: Entering directory '/sources/tar-1.28/tests'
  CC       genfile.o
  CC       argcv.o
  CC       ttyemu.o
  CCLD     ttyemu
  CCLD     genfile
make[2]: Leaving directory '/sources/tar-1.28/tests'
make  check-local
make[2]: Entering directory '/sources/tar-1.28/tests'
/bin/sh ./testsuite 
## ------------------------ ##
## GNU tar 1.28 test suite. ##
## ------------------------ ##
  1: tar version                                     ok
  2: decompressing from stdin                        ok
  3: mixing options                                  ok
  4: interspersed options                            ok

Option compatibility

  5: occurrence compatibility                        ok
  6: occurrence compatibility                        ok
  7: --verify compatibility                          ok
  8: compress option compatibility                   ok
  9: --pax-option compatibility                      ok
 10: --pax-option compatibility                      ok

The -T option

 11: multiple file lists                             ok
 12: nested file lists                               ok
 13: recursive file lists                            ok
 14: -C in file lists                                ok
 15: empty entries                                   ok
 16: 0-separated file without -0                     ok
 17: empty file                                      ok
 18: entries with missing newlines                   ok

Various options

 19: tar --index-file=FILE --file=-                  ok
 20: tar cvf -                                       ok
 21: gzip                                            ok
 22: recurse                                         ok
 23: recurse: toggle                                 ok
 24: short records                                   ok
 25: terminal input                                  ok

The --same-order option

 26: working -C with --same-order                    ok
 27: multiple -C options                             ok

Append

 28: append                                          ok
 29: appending files with long names                 ok
 30: append vs. create                               ok
 31: append with name transformation                 ok
 32: append with verify                              ok

Transforms

 33: transforming hard links on create               ok
 34: transformations and GNU volume labels           ok

Exclude

 35: exclude                                         ok
 36: exclude wildcards                               ok
 37: exclude: anchoring                              ok
 38: exclude: wildcards match slash                  ok
 39: exclude: case insensitive                       ok
 40: exclude: lots of excludes                       ok
 41: exclude: long files in pax archives             ok
 42: exclude: --exclude-backups option               ok
 43: --exclude-tag option                            ok
 44: --exclude-tag option and --listed-incremental   ok
 45: --exclude-tag option in incremental pass        ok
 46: --exclude-tag-under option                      ok
 47: --exclude-tag-under and --listed-incremental    ok
 48: --exclude-tag-under option in incremental pass  ok
 49: --exclude-tag-all option                        ok
 50: --exclude-tag-all and --listed-incremental      ok
 51: --exclude-tag-all option in incremental pass    ok

Deletions

 52: deleting a member after a big one               ok
 53: deleting a member from stdin archive            ok
 54: deleting members with long names                ok
 55: deleting a large last member                    ok
 56: deleting non-existing member                    ok

Extracting

 57: extract over an existing directory              ok
 58: extracting symlinks over an existing file       ok
 59: extraction loops                                ok
 60: extract + fnmatch                               ok
 61: extracting selected members from pax            ok
 62: mode of extracted directories                   ok
 63: extracting symlinks to a read-only dir          skipped (extrac07.at:30)
 64: restoring mode on existing directory            ok
 65: extracting even when . and .. are unreadable    skipped (extrac09.at:37)
 66: -C and delayed setting of metadata              ok
 67: scarce file descriptors                         ok
 68: extract dot permissions                         ok
 69: extract over symlinks                           ok
 70: extract -C symlink                              ok
 71: extract parent mkdir failure                    skipped (extrac15.at:28)
 72: extract empty directory with -C                 ok
 73: name matching/transformation ordering           ok
 74: keep-old-files                                  ok
 75: skip-old-files                                  ok
 76: extracting existing dir with --backup           ok

Volume label operations

 77: single-volume label                             ok
 78: multi-volume label                              ok
 79: test-label option                               ok
 80: label with non-create option                    ok
 81: label with non-create option                    ok

Incremental archives

 82: incremental                                     ok
 83: restore broken symlinks from incremental        ok
 84: restoring timestamps from incremental           ok
 85: --listed for individual files                   ok
 86: working --listed                                ok
 87: incremental dump when the parent directory is unreadable skipped (listed03.at:27)
 88: --listed-incremental and --one-file-system      ok
 89: --listed-incremental and remounted directories  ok
 90: renamed files in incrementals                   ok
 91: proper icontents initialization                 ok
 92: incremental dumps with -C                       ok
 93: incremental dumps of nested directories         ok
 94: incremental restores with -C                    ok
 95: filename normalization                          ok
 96: incremental with alternating -C                 ok

Files removed while archiving

 97: file removed as we read it (ca. 22 seconds)     ok
 98: toplevel file removed (ca. 24 seconds)          ok

Renames

 99: renamed dirs in incrementals                    ok
100: move between hierarchies                        ok
101: cyclic renames                                  ok
102: renamed directory containing subdirectories     ok
103: renamed subdirectories                          ok
104: changed file types in incrementals              ok

Ignore failing reads

105: ignfail                                         skipped (ignfail.at:26)

Link handling

106: link count gt 2                                 ok
107: preserve hard links with --remove-files         ok
108: working -l with --remove-files                  ok
109: link count is 1 but multiple occurrences        ok

Specific archive formats

110: long names in V7 archives                       ok
111: long file names divisible by block size         ok
112: ustar: unsplittable file name                   ok
113: ustar: unsplittable path name                   ok
114: ustar: splitting long names                     ok
115: old archives                                    ok
116: time: tricky time stamps                        ok

Multivolume archives

117: multivolume dumps from pipes                    ok
118: skipping a straddling member                    ok
119: MV archive & long filenames                     ok
120: split directory members in a MV archive         ok
121: Restoring after an out of sync volume           ok
122: Multivolumes with L=record_size                 ok
123: volumes split at an extended header             skipped (multiv07.at:31)
124: multivolume header creation                     ok

Owner and Groups

125: --owner and --group                             ok

Sparse files

126: sparse files                                    ok
127: extracting sparse file over a pipe              ok
128: storing sparse files > 8G                       ok
129: storing long sparse file names                  ok
130: sparse files in MV archives                     ok
131: sparse files in PAX MV archives, v.0.0          ok
132: sparse files in PAX MV archives, v.0.1          ok
133: sparse files in PAX MV archives, v.1.0          ok

Updates

134: update unchanged directories                    ok
135: update directories                              ok
136: update changed files                            ok

Verifying the archive

137: verify                                          ok

Volume operations

138: volume                                          ok
139: volume header size                              skipped (volsize.at:32)

140: compressed format recognition                   ok
141: short input files                               ok
142: updating short archives                         ok
143: truncate                                        ok
144: grow                                            ok
145: sigpipe handling                                ok

Removing files after archiving

146: remove-files with compression                   skipped (remfiles01.at:32)
147: remove-files with compression: grand-child      ok
148: remove-files with symbolic links                ok
149: remove-files with -C:rel in -c/non-incr. mode   ok
150: remove-files with -C:rel in -c/incr. mode       ok
151: remove-files with -C:rel in -r mode             ok
152: remove-files with -C:rel,rel in -c/non-incr. mode ok
153: remove-files with -C:rel,rel in -c/incr. mode   ok
154: remove-files with -C:rel,rel in -r mode         ok
155: remove-files with -C:rel,abs in -c/non-incr. mode ok
156: remove-files with -C:rel,abs in -c/incr. mode   ok
157: remove-files with -C:rel,abs in -r mode         ok
158: remove-files with -C:abs,rel in -c/non-incr. mode ok
159: remove-files with -C:abs,rel in -c/incr. mode   ok
160: remove-files with -C:abs,rel in -r mode         ok
161: remove-files deleting two subdirs in -c/non-incr. mode ok
162: remove-files deleting two subdirs in -c/incr. mode expected failure (remfiles08b.at:36)
163: remove-files deleting two subdirs in -r mode    ok
164: remove-files on full directory in -c/non-incr. mode ok
165: remove-files on full directory in -c/incr. mode expected failure (remfiles09b.at:34)
166: remove-files on full directory in -r mode       ok
167: remove-files                                    ok

Extended attributes

168: xattrs: basic functionality                     ok
169: xattrs: change directory with -C option         ok
170: xattrs: trusted.* attributes                    ok
171: xattrs: s/open/openat/ regression               ok
172: xattrs: keywords with '=' and '%'               ok
173: acls: basic functionality                       ok
174: acls: work with -C                              ok
175: acls: default ACLs                              ok
176: selinux: basic store/restore                    skipped (selnx01.at:28)
177: acls/selinux: special files & fifos             skipped (selacl01.at:28)
178: capabilities: binary store/restore              ok

One top level

179: tar --one-top-level                             ok
180: tar --one-top-level --show-transformed          ok
181: tar --one-top-level --transform                 ok
182: tar --one-top-level --transform                 ok

Star tests

183: gtarfail                                        skipped (gtarfail.at:26)
184: gtarfail2                                       skipped (gtarfail2.at:26)
185: multi-fail                                      skipped (multi-fail.at:26)
186: ustar-big-2g                                    skipped (ustar-big-2g.at:26)
187: ustar-big-8g                                    skipped (ustar-big-8g.at:26)
188: pax-big-10g                                     skipped (pax-big-10g.at:26)

## ------------- ##
## Test results. ##
## ------------- ##

172 tests behaved as expected.
16 tests were skipped.
make[2]: Leaving directory '/sources/tar-1.28/tests'
make[1]: Leaving directory '/sources/tar-1.28/tests'
make[1]: Entering directory '/sources/tar-1.28'
make[1]: Leaving directory '/sources/tar-1.28'
Making install in doc
make[1]: Entering directory '/sources/tar-1.28/doc'
make[2]: Entering directory '/sources/tar-1.28/doc'
make[2]: Nothing to be done for 'install-exec-am'.
 /bin/mkdir -p '/usr/share/info'
 /usr/bin/install -c -m 644 ./tar.info ./tar.info-1 ./tar.info-2 ./tar.info-3 '/usr/share/info'
 install-info --info-dir='/usr/share/info' '/usr/share/info/tar.info'
 /bin/mkdir -p '/usr/share/man/man1'
 /usr/bin/install -c -m 644 tar.1 '/usr/share/man/man1'
 /bin/mkdir -p '/usr/share/man/man8'
 /usr/bin/install -c -m 644 rmt.8 '/usr/share/man/man8'
make[2]: Leaving directory '/sources/tar-1.28/doc'
make[1]: Leaving directory '/sources/tar-1.28/doc'
Making install in gnu
make[1]: Entering directory '/sources/tar-1.28/gnu'
make  install-recursive
make[2]: Entering directory '/sources/tar-1.28/gnu'
make[3]: Entering directory '/sources/tar-1.28/gnu'
make[4]: Entering directory '/sources/tar-1.28/gnu'
if test yes = no; then \
  case 'linux-gnu' in \
    darwin[56]*) \
      need_charset_alias=true ;; \
    darwin* | cygwin* | mingw* | pw32* | cegcc*) \
      need_charset_alias=false ;; \
    *) \
      need_charset_alias=true ;; \
  esac ; \
else \
  need_charset_alias=false ; \
fi ; \
if $need_charset_alias; then \
  /bin/sh /sources/tar-1.28/build-aux/install-sh -d /usr/lib ; \
fi ; \
if test -f /usr/lib/charset.alias; then \
  sed -f ref-add.sed /usr/lib/charset.alias > /usr/lib/charset.tmp ; \
  /usr/bin/install -c -m 644 /usr/lib/charset.tmp /usr/lib/charset.alias ; \
  rm -f /usr/lib/charset.tmp ; \
else \
  if $need_charset_alias; then \
    sed -f ref-add.sed charset.alias > /usr/lib/charset.tmp ; \
    /usr/bin/install -c -m 644 /usr/lib/charset.tmp /usr/lib/charset.alias ; \
    rm -f /usr/lib/charset.tmp ; \
  fi ; \
fi
make[4]: Nothing to be done for 'install-data-am'.
make[4]: Leaving directory '/sources/tar-1.28/gnu'
make[3]: Leaving directory '/sources/tar-1.28/gnu'
make[2]: Leaving directory '/sources/tar-1.28/gnu'
make[1]: Leaving directory '/sources/tar-1.28/gnu'
Making install in lib
make[1]: Entering directory '/sources/tar-1.28/lib'
make  install-am
make[2]: Entering directory '/sources/tar-1.28/lib'
make[3]: Entering directory '/sources/tar-1.28/lib'
make[3]: Nothing to be done for 'install-exec-am'.
make[3]: Nothing to be done for 'install-data-am'.
make[3]: Leaving directory '/sources/tar-1.28/lib'
make[2]: Leaving directory '/sources/tar-1.28/lib'
make[1]: Leaving directory '/sources/tar-1.28/lib'
Making install in rmt
make[1]: Entering directory '/sources/tar-1.28/rmt'
make[2]: Entering directory '/sources/tar-1.28/rmt'
make[2]: Nothing to be done for 'install-exec-am'.
 /bin/mkdir -p '/usr/libexec'
  /usr/bin/install -c rmt '/usr/libexec'
make[2]: Leaving directory '/sources/tar-1.28/rmt'
make[1]: Leaving directory '/sources/tar-1.28/rmt'
Making install in src
make[1]: Entering directory '/sources/tar-1.28/src'
make[2]: Entering directory '/sources/tar-1.28/src'
 /bin/mkdir -p '/bin'
  /usr/bin/install -c tar '/bin'
make[2]: Nothing to be done for 'install-data-am'.
make[2]: Leaving directory '/sources/tar-1.28/src'
make[1]: Leaving directory '/sources/tar-1.28/src'
Making install in scripts
make[1]: Entering directory '/sources/tar-1.28/scripts'
make[2]: Entering directory '/sources/tar-1.28/scripts'
make[2]: Nothing to be done for 'install-data-am'.
make[2]: Leaving directory '/sources/tar-1.28/scripts'
make[1]: Leaving directory '/sources/tar-1.28/scripts'
Making install in po
make[1]: Entering directory '/sources/tar-1.28/po'
/bin/mkdir -p /usr/share
installing bg.gmo as /usr/share/locale/bg/LC_MESSAGES/tar.mo
installing ca.gmo as /usr/share/locale/ca/LC_MESSAGES/tar.mo
installing cs.gmo as /usr/share/locale/cs/LC_MESSAGES/tar.mo
installing da.gmo as /usr/share/locale/da/LC_MESSAGES/tar.mo
installing de.gmo as /usr/share/locale/de/LC_MESSAGES/tar.mo
installing el.gmo as /usr/share/locale/el/LC_MESSAGES/tar.mo
installing eo.gmo as /usr/share/locale/eo/LC_MESSAGES/tar.mo
installing es.gmo as /usr/share/locale/es/LC_MESSAGES/tar.mo
installing et.gmo as /usr/share/locale/et/LC_MESSAGES/tar.mo
installing eu.gmo as /usr/share/locale/eu/LC_MESSAGES/tar.mo
installing fi.gmo as /usr/share/locale/fi/LC_MESSAGES/tar.mo
installing fr.gmo as /usr/share/locale/fr/LC_MESSAGES/tar.mo
installing ga.gmo as /usr/share/locale/ga/LC_MESSAGES/tar.mo
installing gl.gmo as /usr/share/locale/gl/LC_MESSAGES/tar.mo
installing hr.gmo as /usr/share/locale/hr/LC_MESSAGES/tar.mo
installing hu.gmo as /usr/share/locale/hu/LC_MESSAGES/tar.mo
installing id.gmo as /usr/share/locale/id/LC_MESSAGES/tar.mo
installing it.gmo as /usr/share/locale/it/LC_MESSAGES/tar.mo
installing ja.gmo as /usr/share/locale/ja/LC_MESSAGES/tar.mo
installing ko.gmo as /usr/share/locale/ko/LC_MESSAGES/tar.mo
installing ky.gmo as /usr/share/locale/ky/LC_MESSAGES/tar.mo
installing ms.gmo as /usr/share/locale/ms/LC_MESSAGES/tar.mo
installing nb.gmo as /usr/share/locale/nb/LC_MESSAGES/tar.mo
installing nl.gmo as /usr/share/locale/nl/LC_MESSAGES/tar.mo
installing pl.gmo as /usr/share/locale/pl/LC_MESSAGES/tar.mo
installing pt.gmo as /usr/share/locale/pt/LC_MESSAGES/tar.mo
installing pt_BR.gmo as /usr/share/locale/pt_BR/LC_MESSAGES/tar.mo
installing ro.gmo as /usr/share/locale/ro/LC_MESSAGES/tar.mo
installing ru.gmo as /usr/share/locale/ru/LC_MESSAGES/tar.mo
installing sk.gmo as /usr/share/locale/sk/LC_MESSAGES/tar.mo
installing sl.gmo as /usr/share/locale/sl/LC_MESSAGES/tar.mo
installing sr.gmo as /usr/share/locale/sr/LC_MESSAGES/tar.mo
installing sv.gmo as /usr/share/locale/sv/LC_MESSAGES/tar.mo
installing tr.gmo as /usr/share/locale/tr/LC_MESSAGES/tar.mo
installing uk.gmo as /usr/share/locale/uk/LC_MESSAGES/tar.mo
installing vi.gmo as /usr/share/locale/vi/LC_MESSAGES/tar.mo
installing zh_CN.gmo as /usr/share/locale/zh_CN/LC_MESSAGES/tar.mo
installing zh_TW.gmo as /usr/share/locale/zh_TW/LC_MESSAGES/tar.mo
if test "tar" = "gettext-tools"; then \
  /bin/mkdir -p /usr/share/gettext/po; \
  for file in Makefile.in.in remove-potcdate.sin quot.sed boldquot.sed en@quot.header en@boldquot.header insert-header.sin Rules-quot   Makevars.template; do \
    /usr/bin/install -c -m 644 ./$file \
		    /usr/share/gettext/po/$file; \
  done; \
  for file in Makevars; do \
    rm -f /usr/share/gettext/po/$file; \
  done; \
else \
  : ; \
fi
make[1]: Leaving directory '/sources/tar-1.28/po'
Making install in tests
make[1]: Entering directory '/sources/tar-1.28/tests'
make[2]: Entering directory '/sources/tar-1.28/tests'
make[2]: Nothing to be done for 'install-exec-am'.
make[2]: Nothing to be done for 'install-data-am'.
make[2]: Leaving directory '/sources/tar-1.28/tests'
make[1]: Leaving directory '/sources/tar-1.28/tests'
make[1]: Entering directory '/sources/tar-1.28'
make[2]: Entering directory '/sources/tar-1.28'
make[2]: Nothing to be done for 'install-exec-am'.
make[2]: Nothing to be done for 'install-data-am'.
make[2]: Leaving directory '/sources/tar-1.28'
make[1]: Leaving directory '/sources/tar-1.28'

real    4m17.692s
user    1m22.603s
sys     0m21.375s
