checking for a BSD-compatible install... /usr/bin/install -c
checking whether build environment is sane... yes
/mnt/lfs/sources/dejagnu-1.5.1/missing: Unknown `--is-lightweight' option
Try `/mnt/lfs/sources/dejagnu-1.5.1/missing --help' for more information
configure: WARNING: 'missing' script is too old or missing
checking for a thread-safe mkdir -p... /bin/mkdir -p
checking for gawk... gawk
checking whether make sets $(MAKE)... yes
checking whether make supports nested variables... yes
checking whether to enable maintainer-specific portions of Makefiles... no
checking whether make sets $(MAKE)... (cached) yes
checking for gcc... gcc
checking whether the C compiler works... yes
checking for C compiler default output file name... a.out
checking for suffix of executables... 
checking whether we are cross compiling... no
checking for suffix of object files... o
checking whether we are using the GNU C compiler... yes
checking whether gcc accepts -g... yes
checking for gcc option to accept ISO C89... none needed
checking for style of include used by make... GNU
checking dependency style of gcc... gcc3
checking for g++... g++
checking whether we are using the GNU C++ compiler... yes
checking whether g++ accepts -g... yes
checking dependency style of g++... gcc3
checking for docbook2html... /usr/bin/docbook2html
checking for docbook2rtf... /usr/bin/docbook2rtf
checking for docbook2pdf... /usr/bin/docbook2pdf
checking for docbook2ps... /usr/bin/docbook2ps
checking for docbook2x-texi... false
checking for expect... /tools/bin/expect
checking Tcl version 8.3 or greater... yes
checking that generated files are newer than configure... done
configure: creating ./config.status
config.status: creating Makefile
config.status: executing depfiles commands
make[1]: Entering directory '/mnt/lfs/sources/dejagnu-1.5.1'
 /bin/mkdir -p '/tools/bin'
 /usr/bin/install -c runtest '/tools/bin'
 /bin/mkdir -p '/tools/share/dejagnu/libexec'
 /usr/bin/install -c config.guess '/tools/share/dejagnu/libexec'
 /bin/mkdir -p '/tools/share/dejagnu/baseboards'
 /usr/bin/install -c -m 644 baseboards/README '/tools/share/dejagnu/baseboards'
 /bin/mkdir -p '/tools/share/dejagnu/baseboards'
 /usr/bin/install -c baseboards/am33_2.0-libremote.exp baseboards/arc-sim.exp baseboards/arm-ice.exp baseboards/arm-sid.exp baseboards/arm-sim.exp baseboards/basic-sid.exp baseboards/basic-sim.exp baseboards/cf.exp baseboards/cris-sim.exp baseboards/cygmon.exp baseboards/cygwin.exp baseboards/d10v-sim.exp baseboards/d10v.exp baseboards/d30v-sim.exp baseboards/danlite-elf.exp baseboards/dos.exp baseboards/fr30-cygmon.exp baseboards/fr30-elf.exp baseboards/fr30-sim.exp baseboards/frv-elf.exp baseboards/frv-sim.exp baseboards/frv-tiger.exp baseboards/frv-tomcat.exp baseboards/gdbserver-sample.exp baseboards/h8300-sim.exp baseboards/h8300.exp baseboards/i386-bozo.exp baseboards/i386-sid.exp baseboards/i960-cyclone.exp baseboards/i960-sim.exp baseboards/iq2000-sim.exp baseboards/jmr3904-sim.exp baseboards/linux-gdbserver.exp baseboards/linux-libremote.exp baseboards/m32r-elf.exp baseboards/m32r-linux-sim.exp baseboards/m32r-sid.exp baseboards/m32r-sim.exp baseboards/m68hc11-sim.exp baseboards/m68k-emc.exp '/tools/share/dejagnu/baseboards'
 /usr/bin/install -c baseboards/m68k-sid.exp baseboards/mcore-elf.exp baseboards/mcore-moto-sim.exp baseboards/mcore-pe.exp baseboards/mcore-sim.exp baseboards/mips-idt.exp baseboards/mips-lnews-sim.exp baseboards/mips-lsi-sim.exp baseboards/mips-sim-idt32.exp baseboards/mips-sim-idt64.exp baseboards/mips-sim.exp baseboards/mips64-sim.exp baseboards/mips64vr4100-sim.exp baseboards/mmixware-sim.exp baseboards/mn10200-cygmon.exp baseboards/mn10200-sim.exp baseboards/mn10300-cygmon.exp baseboards/mn10300-sim.exp baseboards/msparc-cygmon.exp baseboards/mt-sid.exp baseboards/op50n.exp baseboards/powerpc-bug.exp baseboards/powerpc-bug1.exp baseboards/powerpc-sim.exp baseboards/powerpcle-sim.exp baseboards/rom68k-idp.exp baseboards/sh-hms.exp baseboards/sh-sid.exp baseboards/sh-sim.exp baseboards/sparc-sim.exp baseboards/sparc64-sim.exp baseboards/sparclet-aout.exp baseboards/sparclite-coff.exp baseboards/sparclite-cygmon.exp baseboards/sparclite-sim-le.exp baseboards/sparclite-sim.exp baseboards/strongarm-cygmon.exp baseboards/tic80-sim.exp baseboards/tx39-dve.exp baseboards/tx39-sim.exp '/tools/share/dejagnu/baseboards'
 /usr/bin/install -c baseboards/unix.exp baseboards/usparc-cygmon.exp baseboards/v850-sim.exp baseboards/vr4100-ddb.exp baseboards/vr4100-sim.exp baseboards/vr4111-sim.exp baseboards/vr4300-ddb.exp baseboards/vr4300-sim.exp baseboards/vr4300.exp baseboards/vr5000-ddb.exp baseboards/vx4300.exp baseboards/vx68k.exp baseboards/vx960.exp baseboards/vxsparc.exp baseboards/x86-cygmon.exp baseboards/xscale-cygmon.exp baseboards/xtensa-sim.exp '/tools/share/dejagnu/baseboards'
 /bin/mkdir -p '/tools/share/dejagnu/config'
 /usr/bin/install -c -m 644 config/README '/tools/share/dejagnu/config'
 /bin/mkdir -p '/tools/share/dejagnu/config'
 /usr/bin/install -c config/arc.exp config/arm-ice.exp config/base-config.exp config/base68k.exp config/bug.exp config/cfdbug.exp config/cygmon.exp config/d10v.exp config/ddb-ether.exp config/ddb.exp config/default.exp config/dos.exp config/dve.exp config/gdb-comm.exp config/gdb_stub.exp config/h8300.exp config/i386-bozo.exp config/i960.exp config/m32r-stub.exp config/m32r.exp config/m68hc11.exp config/m68k-emc.exp config/mips-idt.exp config/mn10200-eval.exp config/mn10300-eval.exp config/netware.exp config/powerpc-bug.exp config/proelf.exp config/rom68k.exp config/sh.exp config/sid.exp config/sim.exp config/slite.exp config/sparclet.exp config/tic80.exp config/unix.exp config/vr4100.exp config/vr4300.exp config/vr5000.exp config/vxworks.exp '/tools/share/dejagnu/config'
 /bin/mkdir -p '/tools/include'
 /usr/bin/install -c -m 644 dejagnu.h '/tools/include'
 /bin/mkdir -p '/tools/share/info'
 /usr/bin/install -c -m 644 ./doc/dejagnu.info '/tools/share/info'
 install-info --info-dir='/tools/share/info' '/tools/share/info/dejagnu.info'
 /bin/mkdir -p '/tools/share/man/man1'
 /usr/bin/install -c -m 644 doc/runtest.1 '/tools/share/man/man1'
 /bin/mkdir -p '/tools/share/dejagnu'
 /usr/bin/install -c -m 644 stub-loader.c testglue.c '/tools/share/dejagnu'
 /bin/mkdir -p '/tools/share/dejagnu'
 /usr/bin/install -c runtest.exp lib/debugger.exp lib/dejagnu.exp lib/dg.exp lib/framework.exp lib/ftp.exp lib/kermit.exp lib/libgloss.exp lib/remote.exp lib/rlogin.exp lib/rsh.exp lib/standard.exp lib/target.exp lib/targetdb.exp lib/telnet.exp lib/tip.exp lib/utils.exp '/tools/share/dejagnu'
make[1]: Leaving directory '/mnt/lfs/sources/dejagnu-1.5.1'
make  unit
make[1]: Entering directory '/mnt/lfs/sources/dejagnu-1.5.1'
g++ -DPACKAGE_NAME=\"GNU\ DejaGnu\" -DPACKAGE_TARNAME=\"dejagnu\" -DPACKAGE_VERSION=\"1.5.1\" -DPACKAGE_STRING=\"GNU\ DejaGnu\ 1.5.1\" -DPACKAGE_BUGREPORT=\"bug-dejagnu@gnu.org\" -DPACKAGE_URL=\"http://www.gnu.org/software/dejagnu/\" -DPACKAGE=\"dejagnu\" -DVERSION=\"1.5.1\" -I.    -I. -g -g -O2 -MT unit.o -MD -MP -MF .deps/unit.Tpo -c -o unit.o `test -f 'testsuite/libdejagnu/unit.cc' || echo './'`testsuite/libdejagnu/unit.cc
mv -f .deps/unit.Tpo .deps/unit.Po
g++ -I. -g -g -O2   -o unit unit.o  
make[1]: Leaving directory '/mnt/lfs/sources/dejagnu-1.5.1'
make  check-DEJAGNU
make[1]: Entering directory '/mnt/lfs/sources/dejagnu-1.5.1'
Making a new site.exp file ...
srcdir='.'; export srcdir; \
EXPECT=/tools/bin/expect; export EXPECT; \
if /bin/sh -c "./runtest --version" > /dev/null 2>&1; then \
  exit_status=0; l='dejagnu'; for tool in $l; do \
    if ./runtest  --srcdir ./testsuite RUNTEST=./runtest ; \
    then :; else exit_status=1; fi; \
  done; \
else echo "WARNING: could not find './runtest'" 1>&2; :;\
fi; \
exit $exit_status
WARNING: Couldn't find the global config file.
WARNING: No tool specified
Test Run By lfs on Mon Feb 17 20:56:01 2014
Native configuration is x86_64-unknown-linux-gnu

		===  tests ===

Schedule of variations:
    unix

Running target unix
Using ./testsuite/../config/base-config.exp as tool-and-target-specific interface file.
Using ./config/unix.exp as generic interface file for target.
Using ./testsuite/config/default.exp as tool-and-target-specific interface file.
Running ./testsuite/libdejagnu/tunit.exp ...
Running ./testsuite/runtest.all/libs.exp ...
Running ./testsuite/runtest.all/options.exp ...
Running ./testsuite/runtest.all/stats-sub.exp ...
Running ./testsuite/runtest.all/stats.exp ...

		===  Summary ===

# of expected passes		66
make[1]: Leaving directory '/mnt/lfs/sources/dejagnu-1.5.1'

real	0m2.622s
user	0m1.245s
sys	0m0.256s
