checking for a BSD-compatible install... /tools/bin/install -c
checking whether build environment is sane... yes
checking for a thread-safe mkdir -p... /tools/bin/mkdir -p
checking for gawk... gawk
checking whether make sets $(MAKE)... yes
checking whether make supports nested variables... yes
checking whether UID '1001' is supported by ustar format... yes
checking whether GID '1001' is supported by ustar format... yes
checking how to create a ustar tar archive... gnutar
checking for perl... /tools/bin/perl
checking Perl version and Encode module... yes
checking for gawk... (cached) gawk
checking for gcc... gcc
checking whether the C compiler works... yes
checking for C compiler default output file name... a.out
checking for suffix of executables... 
checking whether we are cross compiling... no
checking for suffix of object files... o
checking whether we are using the GNU C compiler... yes
checking whether gcc accepts -g... yes
checking for gcc option to accept ISO C89... none needed
checking whether gcc understands -c and -o together... yes
checking for style of include used by make... GNU
checking dependency style of gcc... gcc3
checking how to run the C preprocessor... gcc -E
checking for grep that handles long lines and -e... /tools/bin/grep
checking for egrep... /tools/bin/grep -E
checking for Minix Amsterdam compiler... no
checking for ar... ar
checking for ranlib... ranlib
checking for ANSI C header files... yes
checking for sys/types.h... yes
checking for sys/stat.h... yes
checking for stdlib.h... yes
checking for string.h... yes
checking for memory.h... yes
checking for strings.h... yes
checking for inttypes.h... yes
checking for stdint.h... yes
checking for unistd.h... yes
checking minix/config.h usability... no
checking minix/config.h presence... no
checking for minix/config.h... no
checking whether it is safe to define __EXTENSIONS__... yes
checking whether _XOPEN_SOURCE should be defined... no
checking for special C compiler options needed for large files... no
checking for _FILE_OFFSET_BITS value needed for large files... no
checking build system type... x86_64-unknown-linux-gnu
checking host system type... x86_64-unknown-linux-gnu
checking for size_t... yes
checking for working alloca.h... yes
checking for alloca... yes
checking for C/C++ restrict keyword... __restrict
checking whether <wchar.h> uses 'inline' correctly... yes
checking for btowc... yes
checking for symlink... yes
checking for gettimeofday... yes
checking for iswcntrl... yes
checking for iswblank... yes
checking for lstat... yes
checking for mbsinit... yes
checking for mbrtowc... yes
checking for mbslen... no
checking for isascii... yes
checking for mprotect... yes
checking for mkstemp... yes
checking for _set_invalid_parameter_handler... no
checking for nl_langinfo... yes
checking for isblank... yes
checking for iswctype... yes
checking for wcscoll... yes
checking for secure_getenv... yes
checking for strdup... yes
checking for strndup... yes
checking for wcrtomb... yes
checking for wcwidth... yes
checking for nl_langinfo and CODESET... yes
checking for a traditional french locale... none
checking whether the preprocessor supports include_next... yes
checking whether system header files limit the line length... no
checking for complete errno.h... yes
checking whether strerror_r is declared... yes
checking for strerror_r... yes
checking whether strerror_r returns char *... yes
checking for unistd.h... (cached) yes
checking getopt.h usability... yes
checking getopt.h presence... yes
checking for getopt.h... yes
checking sys/time.h usability... yes
checking sys/time.h presence... yes
checking for sys/time.h... yes
checking sys/socket.h usability... yes
checking sys/socket.h presence... yes
checking for sys/socket.h... yes
checking wctype.h usability... yes
checking wctype.h presence... yes
checking for wctype.h... yes
checking langinfo.h usability... yes
checking langinfo.h presence... yes
checking for langinfo.h... yes
checking xlocale.h usability... yes
checking xlocale.h presence... yes
checking for xlocale.h... yes
checking wchar.h usability... yes
checking wchar.h presence... yes
checking for wchar.h... yes
checking sys/mman.h usability... yes
checking sys/mman.h presence... yes
checking for sys/mman.h... yes
checking sys/param.h usability... yes
checking sys/param.h presence... yes
checking for sys/param.h... yes
checking for stdint.h... (cached) yes
checking for sys/stat.h... (cached) yes
checking features.h usability... yes
checking features.h presence... yes
checking for features.h... yes
checking for working fcntl.h... yes
checking for pid_t... yes
checking for mode_t... yes
checking for getopt.h... (cached) yes
checking for getopt_long_only... yes
checking whether getopt is POSIX compatible... yes
checking for working GNU getopt function... yes
checking for working GNU getopt_long function... yes
checking whether getenv is declared... yes
checking for struct timeval... yes
checking for wide-enough struct timeval.tv_sec member... yes
checking whether gettimeofday is declared without a macro... yes
checking for wint_t... yes
checking whether iswcntrl works... yes
checking for towlower... yes
checking for wctype_t... yes
checking for wctrans_t... yes
checking whether wctype is declared without a macro... yes
checking whether iswctype is declared without a macro... yes
checking whether wctrans is declared without a macro... yes
checking whether towctrans is declared without a macro... yes
checking whether getc_unlocked is declared... yes
checking whether we are using the GNU C Library >= 2.1 or uClibc... yes
checking for wchar_t... yes
checking whether NULL can be used in arbitrary expressions... yes
checking for ld used by gcc... /mnt/lfs/tools/x86_64-unknown-linux-gnu/bin/ld
checking if the linker (/mnt/lfs/tools/x86_64-unknown-linux-gnu/bin/ld) is GNU ld... yes
checking for shared library run path origin... done
checking whether imported symbols can be declared weak... yes
checking pthread.h usability... yes
checking pthread.h presence... yes
checking for pthread.h... yes
checking for pthread_kill in -lpthread... yes
checking for multithread API to use... posix
checking whether lstat correctly handles trailing slash... yes
checking whether malloc, realloc, calloc are POSIX compliant... yes
checking for stdlib.h... (cached) yes
checking for GNU libc compatible malloc... yes
checking for unsigned long long int... yes
checking for long long int... yes
checking for mbstate_t... yes
checking for a traditional japanese locale... none
checking for a transitional chinese locale... none
checking for a french Unicode locale... none
checking for mmap... yes
checking for MAP_ANONYMOUS... yes
checking whether memchr works... yes
checking whether memmem is declared... yes
checking for memmem... yes
checking whether memmem works... yes
checking whether alarm is declared... yes
checking for inline... inline
checking for stdbool.h that conforms to C99... yes
checking for _Bool... yes
checking whether stdint.h conforms to C99... yes
checking whether strdup is declared... yes
checking whether strerror(0) succeeds... yes
checking whether ffsl is declared without a macro... yes
checking whether ffsll is declared without a macro... yes
checking whether memmem is declared without a macro... yes
checking whether mempcpy is declared without a macro... yes
checking whether memrchr is declared without a macro... yes
checking whether rawmemchr is declared without a macro... yes
checking whether stpcpy is declared without a macro... yes
checking whether stpncpy is declared without a macro... yes
checking whether strchrnul is declared without a macro... yes
checking whether strdup is declared without a macro... yes
checking whether strncat is declared without a macro... yes
checking whether strndup is declared without a macro... yes
checking whether strnlen is declared without a macro... yes
checking whether strpbrk is declared without a macro... yes
checking whether strsep is declared without a macro... yes
checking whether strcasestr is declared without a macro... yes
checking whether strtok_r is declared without a macro... yes
checking whether strerror_r is declared without a macro... yes
checking whether strsignal is declared without a macro... yes
checking whether strverscmp is declared without a macro... yes
checking whether strndup is declared... (cached) yes
checking whether strnlen is declared... (cached) yes
checking whether strstr works... yes
checking whether stat file-mode macros are broken... no
checking for struct timespec in <time.h>... yes
checking for alloca as a compiler built-in... yes
checking for argz.h... yes
checking for error_t... yes
checking for argz_replace... yes
checking if argz actually works... yes
checking whether btowc(0) is correct... yes
checking whether btowc(EOF) is correct... guessing yes
checking for error_at_line... yes
checking whether fcntl is declared without a macro... yes
checking whether openat is declared without a macro... yes
checking whether gettimeofday clobbers localtime buffer... no
checking for gettimeofday with POSIX signature... almost
checking whether iswblank is declared... yes
checking whether langinfo.h defines CODESET... yes
checking whether langinfo.h defines T_FMT_AMPM... yes
checking whether langinfo.h defines ERA... yes
checking whether langinfo.h defines YESEXPR... yes
checking whether nl_langinfo is declared without a macro... yes
checking whether locale.h conforms to POSIX:2001... yes
checking whether locale.h defines locale_t... yes
checking whether struct lconv is properly defined... yes
checking whether setlocale is declared without a macro... yes
checking whether duplocale is declared without a macro... yes
checking for pthread_rwlock_t... yes
checking for stdlib.h... (cached) yes
checking for GNU libc compatible malloc... (cached) yes
checking whether mbrtowc handles incomplete characters... guessing yes
checking whether mbrtowc works as well as mbtowc... guessing yes
checking whether mbrtowc handles a NULL pwc argument... guessing yes
checking whether mbrtowc handles a NULL string argument... guessing yes
checking whether mbrtowc has a correct return value... guessing yes
checking whether mbrtowc returns 0 when parsing a NUL character... guessing yes
checking whether mbrtowc handles incomplete characters... (cached) guessing yes
checking whether mbrtowc works as well as mbtowc... (cached) guessing yes
checking whether mbswidth is declared in <wchar.h>... no
checking for mbstate_t... (cached) yes
checking whether memmem works in linear time... yes
checking for memmem... (cached) yes
checking whether memmem works... (cached) yes
checking for mempcpy... yes
checking for working mkstemp... yes
checking whether YESEXPR works... yes
checking for working re_compile_pattern... yes
checking for ssize_t... yes
checking whether stat handles trailing slashes on directories... yes
checking whether stat handles trailing slashes on files... yes
checking whether NULL can be used in arbitrary expressions... (cached) yes
checking whether _Exit is declared without a macro... yes
checking whether atoll is declared without a macro... yes
checking whether canonicalize_file_name is declared without a macro... yes
checking whether getloadavg is declared without a macro... yes
checking whether getsubopt is declared without a macro... yes
checking whether grantpt is declared without a macro... yes
checking whether initstate is declared without a macro... yes
checking whether initstate_r is declared without a macro... yes
checking whether mkdtemp is declared without a macro... yes
checking whether mkostemp is declared without a macro... yes
checking whether mkostemps is declared without a macro... yes
checking whether mkstemp is declared without a macro... yes
checking whether mkstemps is declared without a macro... yes
checking whether posix_openpt is declared without a macro... yes
checking whether ptsname is declared without a macro... yes
checking whether ptsname_r is declared without a macro... yes
checking whether random is declared without a macro... yes
checking whether random_r is declared without a macro... yes
checking whether realpath is declared without a macro... yes
checking whether rpmatch is declared without a macro... yes
checking whether secure_getenv is declared without a macro... yes
checking whether setenv is declared without a macro... yes
checking whether setstate is declared without a macro... yes
checking whether setstate_r is declared without a macro... yes
checking whether srandom is declared without a macro... yes
checking whether srandom_r is declared without a macro... yes
checking whether strtod is declared without a macro... yes
checking whether strtoll is declared without a macro... yes
checking whether strtoull is declared without a macro... yes
checking whether unlockpt is declared without a macro... yes
checking whether unsetenv is declared without a macro... yes
checking for stpcpy... yes
checking for working strerror function... yes
checking for working strndup... yes
checking for working strnlen... yes
checking whether strstr works in linear time... yes
checking whether strstr works... (cached) yes
checking for nlink_t... yes
checking whether fchmodat is declared without a macro... yes
checking whether fstat is declared without a macro... yes
checking whether fstatat is declared without a macro... yes
checking whether futimens is declared without a macro... yes
checking whether lchmod is declared without a macro... yes
checking whether lstat is declared without a macro... yes
checking whether mkdirat is declared without a macro... yes
checking whether mkfifo is declared without a macro... yes
checking whether mkfifoat is declared without a macro... yes
checking whether mknod is declared without a macro... yes
checking whether mknodat is declared without a macro... yes
checking whether stat is declared without a macro... yes
checking whether utimensat is declared without a macro... yes
checking whether chdir is declared without a macro... yes
checking whether chown is declared without a macro... yes
checking whether dup is declared without a macro... yes
checking whether dup2 is declared without a macro... yes
checking whether dup3 is declared without a macro... yes
checking whether environ is declared without a macro... yes
checking whether euidaccess is declared without a macro... yes
checking whether faccessat is declared without a macro... yes
checking whether fchdir is declared without a macro... yes
checking whether fchownat is declared without a macro... yes
checking whether fdatasync is declared without a macro... yes
checking whether fsync is declared without a macro... yes
checking whether ftruncate is declared without a macro... yes
checking whether getcwd is declared without a macro... yes
checking whether getdomainname is declared without a macro... yes
checking whether getdtablesize is declared without a macro... yes
checking whether getgroups is declared without a macro... yes
checking whether gethostname is declared without a macro... yes
checking whether getlogin is declared without a macro... yes
checking whether getlogin_r is declared without a macro... yes
checking whether getpagesize is declared without a macro... yes
checking whether getusershell is declared without a macro... yes
checking whether setusershell is declared without a macro... yes
checking whether endusershell is declared without a macro... yes
checking whether group_member is declared without a macro... yes
checking whether isatty is declared without a macro... yes
checking whether lchown is declared without a macro... yes
checking whether link is declared without a macro... yes
checking whether linkat is declared without a macro... yes
checking whether lseek is declared without a macro... yes
checking whether pipe is declared without a macro... yes
checking whether pipe2 is declared without a macro... yes
checking whether pread is declared without a macro... yes
checking whether pwrite is declared without a macro... yes
checking whether readlink is declared without a macro... yes
checking whether readlinkat is declared without a macro... yes
checking whether rmdir is declared without a macro... yes
checking whether sethostname is declared without a macro... yes
checking whether sleep is declared without a macro... yes
checking whether symlink is declared without a macro... yes
checking whether symlinkat is declared without a macro... yes
checking whether ttyname_r is declared without a macro... yes
checking whether unlink is declared without a macro... yes
checking whether unlinkat is declared without a macro... yes
checking whether usleep is declared without a macro... yes
checking whether btowc is declared without a macro... yes
checking whether wctob is declared without a macro... yes
checking whether mbsinit is declared without a macro... yes
checking whether mbrtowc is declared without a macro... yes
checking whether mbrlen is declared without a macro... yes
checking whether mbsrtowcs is declared without a macro... yes
checking whether mbsnrtowcs is declared without a macro... yes
checking whether wcrtomb is declared without a macro... yes
checking whether wcsrtombs is declared without a macro... yes
checking whether wcsnrtombs is declared without a macro... yes
checking whether wcwidth is declared without a macro... yes
checking whether wmemchr is declared without a macro... yes
checking whether wmemcmp is declared without a macro... yes
checking whether wmemcpy is declared without a macro... yes
checking whether wmemmove is declared without a macro... yes
checking whether wmemset is declared without a macro... yes
checking whether wcslen is declared without a macro... yes
checking whether wcsnlen is declared without a macro... yes
checking whether wcscpy is declared without a macro... yes
checking whether wcpcpy is declared without a macro... yes
checking whether wcsncpy is declared without a macro... yes
checking whether wcpncpy is declared without a macro... yes
checking whether wcscat is declared without a macro... yes
checking whether wcsncat is declared without a macro... yes
checking whether wcscmp is declared without a macro... yes
checking whether wcsncmp is declared without a macro... yes
checking whether wcscasecmp is declared without a macro... yes
checking whether wcsncasecmp is declared without a macro... yes
checking whether wcscoll is declared without a macro... yes
checking whether wcsxfrm is declared without a macro... yes
checking whether wcsdup is declared without a macro... yes
checking whether wcschr is declared without a macro... yes
checking whether wcsrchr is declared without a macro... yes
checking whether wcscspn is declared without a macro... yes
checking whether wcsspn is declared without a macro... yes
checking whether wcspbrk is declared without a macro... yes
checking whether wcsstr is declared without a macro... yes
checking whether wcstok is declared without a macro... yes
checking whether wcswidth is declared without a macro... yes
checking whether mbrtowc handles incomplete characters... (cached) guessing yes
checking whether mbrtowc works as well as mbtowc... (cached) guessing yes
checking whether wcrtomb return value is correct... guessing yes
checking whether iswcntrl works... (cached) yes
checking for towlower... (cached) yes
checking for wctype_t... (cached) yes
checking for wctrans_t... (cached) yes
checking whether wctype is declared without a macro... (cached) yes
checking whether iswctype is declared without a macro... (cached) yes
checking whether wctrans is declared without a macro... (cached) yes
checking whether towctrans is declared without a macro... (cached) yes
checking whether wcwidth is declared... (cached) yes
checking whether wcwidth works reasonably in UTF-8 locales... yes
checking whether make sets $(MAKE)... (cached) yes
checking whether ln -s works... yes
checking whether diff accepts -u... yes
checking whether diff accepts -a... yes
checking for sigblock... yes
checking whether stat file-mode macros are broken... (cached) no
checking for ANSI C header files... (cached) yes
checking fcntl.h usability... yes
checking fcntl.h presence... yes
checking for fcntl.h... yes
checking io.h usability... no
checking io.h presence... no
checking for io.h... no
checking limits.h usability... yes
checking limits.h presence... yes
checking for limits.h... yes
checking pwd.h usability... yes
checking pwd.h presence... yes
checking for pwd.h... yes
checking for string.h... (cached) yes
checking for strings.h... (cached) yes
checking termcap.h usability... yes
checking termcap.h presence... yes
checking for termcap.h... yes
checking termio.h usability... yes
checking termio.h presence... yes
checking for termio.h... yes
checking termios.h usability... yes
checking termios.h presence... yes
checking for termios.h... yes
checking for unistd.h... (cached) yes
checking sys/fcntl.h usability... yes
checking sys/fcntl.h presence... yes
checking for sys/fcntl.h... yes
checking sys/file.h usability... yes
checking sys/file.h presence... yes
checking for sys/file.h... yes
checking sys/stream.h usability... no
checking sys/stream.h presence... no
checking for sys/stream.h... no
checking for sys/time.h... (cached) yes
checking sys/ttold.h usability... no
checking sys/ttold.h presence... no
checking for sys/ttold.h... no
checking sys/wait.h usability... yes
checking sys/wait.h presence... yes
checking for sys/wait.h... yes
checking for sys/ptem.h... no
checking POSIX termios... yes
checking whether termios.h defines TIOCGWINSZ... no
checking whether sys/ioctl.h defines TIOCGWINSZ... yes
checking for off_t... yes
checking return type of signal handlers... void
checking for an ANSI C-conforming const... yes
checking whether struct tm is in sys/time.h or time.h... time.h
checking whether memchr is declared... yes
checking whether strcoll is declared... yes
checking whether strerror is declared... yes
checking for working strcoll... yes
checking for vprintf... yes
checking for _doprnt... no
checking for bzero... yes
checking for getcwd... yes
checking for memset... yes
checking for setlocale... yes
checking for setvbuf... yes
checking for sigaction... yes
checking for sigprocmask... yes
checking for sigsetmask... yes
checking for strchr... yes
checking for memcpy... yes
checking for memmove... yes
checking for strdup... (cached) yes
checking for strerror... yes
checking for tgetent in -ltinfo... no
checking for tgetent in -lncurses... no
checking for tgetent in -lcurses... no
checking for tgetent in -ltermlib... no
checking for tgetent in -ltermcap... no
checking for tgetent in -lterminfo... no
configure: WARNING: info needs a terminal library, one of: tinfo ncurses curses termlib termcap terminfo
checking for library with termcap variables... 
checking for a sed that does not truncate output... /tools/bin/sed
checking whether NLS is requested... yes
checking for msgfmt... /tools/bin/msgfmt
checking for gmsgfmt... /tools/bin/msgfmt
checking for xgettext... /tools/bin/xgettext
checking for msgmerge... /tools/bin/msgmerge
checking for CFPreferencesCopyAppValue... no
checking for CFLocaleCopyCurrent... no
checking for GNU gettext in libc... yes
checking whether to use NLS... yes
checking where the gettext function comes from... libc
checking for prove... prove
checking parser tests requirements... no
checking Perl Texinfo API texinfo documentation build requirements... yes
checking Pod::Simple::Texinfo tests requirements... yes
checking that generated files are newer than configure... done
configure: creating ./config.status
config.status: creating install-info/tests/defs
config.status: creating Makefile
config.status: creating doc/Makefile
config.status: creating doc/tp_api/Makefile
config.status: creating gnulib/lib/Makefile
config.status: creating info/Makefile
config.status: creating install-info/Makefile
config.status: creating install-info/tests/Makefile
config.status: creating man/Makefile
config.status: creating po/Makefile.in
config.status: creating po_document/Makefile.in
config.status: creating util/Makefile
config.status: creating tp/Makefile
config.status: creating tp/tests/Makefile
config.status: creating tp/tests/many_input_files/Makefile
config.status: creating tp/tests/sectioning/Makefile
config.status: creating tp/tests/coverage/Makefile
config.status: creating tp/tests/formatting/Makefile
config.status: creating tp/tests/indices/Makefile
config.status: creating tp/tests/contents/Makefile
config.status: creating tp/tests/htmlxref/Makefile
config.status: creating tp/tests/htmlxref-only_mono/Makefile
config.status: creating tp/tests/htmlxref-only_split/Makefile
config.status: creating tp/tests/nested_formats/Makefile
config.status: creating tp/tests/layout/Makefile
config.status: creating tp/tests/tex_html/Makefile
config.status: creating tp/defs
config.status: creating Pod-Simple-Texinfo/Makefile
config.status: creating config.h
config.status: executing depfiles commands
config.status: executing po-directories commands
config.status: creating po/POTFILES
config.status: creating po/Makefile
config.status: creating po_document/POTFILES
config.status: creating po_document/Makefile
configure: WARNING: Could not find a terminal library among tinfo ncurses curses termlib termcap terminfo
configure: WARNING: The programs from `info' directory will not be built.
make  all-recursive
make[1]: Entering directory '/mnt/lfs/sources/texinfo-5.2'
Making all in gnulib/lib
make[2]: Entering directory '/mnt/lfs/sources/texinfo-5.2/gnulib/lib'
rm -f alloca.h-t alloca.h && \
{ echo '/* DO NOT EDIT! GENERATED AUTOMATICALLY! */'; \
  cat ./alloca.in.h; \
} > alloca.h-t && \
mv -f alloca.h-t alloca.h
rm -f configmake.h-t && \
{ echo '/* DO NOT EDIT! GENERATED AUTOMATICALLY! */'; \
  echo '#define PREFIX "/tools"'; \
  echo '#define EXEC_PREFIX "/tools"'; \
  echo '#define BINDIR "/tools/bin"'; \
  echo '#define SBINDIR "/tools/sbin"'; \
  echo '#define LIBEXECDIR "/tools/libexec"'; \
  echo '#define DATAROOTDIR "/tools/share"'; \
  echo '#define DATADIR "/tools/share"'; \
  echo '#define SYSCONFDIR "/tools/etc"'; \
  echo '#define SHAREDSTATEDIR "/tools/com"'; \
  echo '#define LOCALSTATEDIR "/tools/var"'; \
  echo '#define INCLUDEDIR "/tools/include"'; \
  echo '#define OLDINCLUDEDIR "/usr/include"'; \
  echo '#define DOCDIR "/tools/share/doc/texinfo"'; \
  echo '#define INFODIR "/tools/share/info"'; \
  echo '#define HTMLDIR "/tools/share/doc/texinfo"'; \
  echo '#define DVIDIR "/tools/share/doc/texinfo"'; \
  echo '#define PDFDIR "/tools/share/doc/texinfo"'; \
  echo '#define PSDIR "/tools/share/doc/texinfo"'; \
  echo '#define LIBDIR "/tools/lib"'; \
  echo '#define LISPDIR "/tools/share/emacs/site-lisp"'; \
  echo '#define LOCALEDIR "/tools/share/locale"'; \
  echo '#define MANDIR "/tools/share/man"'; \
  echo '#define MANEXT ""'; \
  echo '#define PKGDATADIR "/tools/share/texinfo"'; \
  echo '#define PKGINCLUDEDIR "/tools/include/texinfo"'; \
  echo '#define PKGLIBDIR "/tools/lib/texinfo"'; \
  echo '#define PKGLIBEXECDIR "/tools/libexec/texinfo"'; \
} | sed '/""/d' > configmake.h-t && \
mv -f configmake.h-t configmake.h
rm -f c++defs.h-t c++defs.h && \
sed -n -e '/_GL_CXXDEFS/,$p' \
  < ../../build-aux/snippet/c++defs.h \
  > c++defs.h-t && \
mv c++defs.h-t c++defs.h
rm -f arg-nonnull.h-t arg-nonnull.h && \
sed -n -e '/GL_ARG_NONNULL/,$p' \
  < ../../build-aux/snippet/arg-nonnull.h \
  > arg-nonnull.h-t && \
mv arg-nonnull.h-t arg-nonnull.h
rm -f warn-on-use.h-t warn-on-use.h && \
sed -n -e '/^.ifndef/,$p' \
  < ../../build-aux/snippet/warn-on-use.h \
  > warn-on-use.h-t && \
mv warn-on-use.h-t warn-on-use.h
/tools/bin/mkdir -p sys
rm -f unitypes.h-t unitypes.h && \
{ echo '/* DO NOT EDIT! GENERATED AUTOMATICALLY! */'; \
  cat ./unitypes.in.h; \
} > unitypes.h-t && \
mv -f unitypes.h-t unitypes.h
rm -f uniwidth.h-t uniwidth.h && \
{ echo '/* DO NOT EDIT! GENERATED AUTOMATICALLY! */'; \
  cat ./uniwidth.in.h; \
} > uniwidth.h-t && \
mv -f uniwidth.h-t uniwidth.h
rm -f sys/types.h-t sys/types.h && \
{ echo '/* DO NOT EDIT! GENERATED AUTOMATICALLY! */'; \
  sed -e 's|@''GUARD_PREFIX''@|GL|g' \
      -e 's|@''INCLUDE_NEXT''@|include_next|g' \
      -e 's|@''PRAGMA_SYSTEM_HEADER''@|#pragma GCC system_header|g' \
      -e 's|@''PRAGMA_COLUMNS''@||g' \
      -e 's|@''NEXT_SYS_TYPES_H''@|<sys/types.h>|g' \
      -e 's|@''WINDOWS_64_BIT_OFF_T''@|0|g' \
      < ./sys_types.in.h; \
} > sys/types.h-t && \
mv sys/types.h-t sys/types.h
rm -f fcntl.h-t fcntl.h && \
{ echo '/* DO NOT EDIT! GENERATED AUTOMATICALLY! */'; \
  sed -e 's|@''GUARD_PREFIX''@|GL|g' \
      -e 's|@''INCLUDE_NEXT''@|include_next|g' \
      -e 's|@''PRAGMA_SYSTEM_HEADER''@|#pragma GCC system_header|g' \
      -e 's|@''PRAGMA_COLUMNS''@||g' \
      -e 's|@''NEXT_FCNTL_H''@|<fcntl.h>|g' \
      -e 's/@''GNULIB_FCNTL''@/0/g' \
      -e 's/@''GNULIB_NONBLOCKING''@/0/g' \
      -e 's/@''GNULIB_OPEN''@/0/g' \
      -e 's/@''GNULIB_OPENAT''@/0/g' \
      -e 's|@''HAVE_FCNTL''@|1|g' \
      -e 's|@''HAVE_OPENAT''@|1|g' \
      -e 's|@''REPLACE_FCNTL''@|0|g' \
      -e 's|@''REPLACE_OPEN''@|0|g' \
      -e 's|@''REPLACE_OPENAT''@|0|g' \
      -e '/definitions of _GL_FUNCDECL_RPL/r c++defs.h' \
      -e '/definition of _GL_ARG_NONNULL/r arg-nonnull.h' \
      -e '/definition of _GL_WARN_ON_USE/r warn-on-use.h' \
      < ./fcntl.in.h; \
} > fcntl.h-t && \
mv fcntl.h-t fcntl.h
rm -f langinfo.h-t langinfo.h && \
{ echo '/* DO NOT EDIT! GENERATED AUTOMATICALLY! */'; \
  sed -e 's|@''GUARD_PREFIX''@|GL|g' \
      -e 's|@''HAVE_LANGINFO_H''@|1|g' \
      -e 's|@''INCLUDE_NEXT''@|include_next|g' \
      -e 's|@''PRAGMA_SYSTEM_HEADER''@|#pragma GCC system_header|g' \
      -e 's|@''PRAGMA_COLUMNS''@||g' \
      -e 's|@''NEXT_LANGINFO_H''@|<langinfo.h>|g' \
      -e 's/@''GNULIB_NL_LANGINFO''@/1/g' \
      -e 's|@''HAVE_LANGINFO_CODESET''@|1|g' \
      -e 's|@''HAVE_LANGINFO_T_FMT_AMPM''@|1|g' \
      -e 's|@''HAVE_LANGINFO_ERA''@|1|g' \
      -e 's|@''HAVE_LANGINFO_YESEXPR''@|1|g' \
      -e 's|@''HAVE_NL_LANGINFO''@|1|g' \
      -e 's|@''REPLACE_NL_LANGINFO''@|0|g' \
      -e '/definitions of _GL_FUNCDECL_RPL/r c++defs.h' \
      -e '/definition of _GL_WARN_ON_USE/r warn-on-use.h' \
      < ./langinfo.in.h; \
} > langinfo.h-t && \
mv langinfo.h-t langinfo.h
rm -f locale.h-t locale.h && \
{ echo '/* DO NOT EDIT! GENERATED AUTOMATICALLY! */' && \
  sed -e 's|@''GUARD_PREFIX''@|GL|g' \
      -e 's|@''INCLUDE_NEXT''@|include_next|g' \
      -e 's|@''PRAGMA_SYSTEM_HEADER''@|#pragma GCC system_header|g' \
      -e 's|@''PRAGMA_COLUMNS''@||g' \
      -e 's|@''NEXT_LOCALE_H''@|<locale.h>|g' \
      -e 's/@''GNULIB_LOCALECONV''@/1/g' \
      -e 's/@''GNULIB_SETLOCALE''@/0/g' \
      -e 's/@''GNULIB_DUPLOCALE''@/0/g' \
      -e 's|@''HAVE_DUPLOCALE''@|1|g' \
      -e 's|@''HAVE_XLOCALE_H''@|1|g' \
      -e 's|@''REPLACE_LOCALECONV''@|0|g' \
      -e 's|@''REPLACE_SETLOCALE''@|0|g' \
      -e 's|@''REPLACE_DUPLOCALE''@|0|g' \
      -e 's|@''REPLACE_STRUCT_LCONV''@|0|g' \
      -e '/definitions of _GL_FUNCDECL_RPL/r c++defs.h' \
      -e '/definition of _GL_ARG_NONNULL/r arg-nonnull.h' \
      -e '/definition of _GL_WARN_ON_USE/r warn-on-use.h' \
      < ./locale.in.h; \
} > locale.h-t && \
mv locale.h-t locale.h
rm -f stdlib.h-t stdlib.h && \
{ echo '/* DO NOT EDIT! GENERATED AUTOMATICALLY! */' && \
  sed -e 's|@''GUARD_PREFIX''@|GL|g' \
      -e 's|@''INCLUDE_NEXT''@|include_next|g' \
      -e 's|@''PRAGMA_SYSTEM_HEADER''@|#pragma GCC system_header|g' \
      -e 's|@''PRAGMA_COLUMNS''@||g' \
      -e 's|@''NEXT_STDLIB_H''@|<stdlib.h>|g' \
      -e 's/@''GNULIB__EXIT''@/0/g' \
      -e 's/@''GNULIB_ATOLL''@/0/g' \
      -e 's/@''GNULIB_CALLOC_POSIX''@/0/g' \
      -e 's/@''GNULIB_CANONICALIZE_FILE_NAME''@/0/g' \
      -e 's/@''GNULIB_GETLOADAVG''@/0/g' \
      -e 's/@''GNULIB_GETSUBOPT''@/0/g' \
      -e 's/@''GNULIB_GRANTPT''@/0/g' \
      -e 's/@''GNULIB_MALLOC_POSIX''@/1/g' \
      -e 's/@''GNULIB_MBTOWC''@/1/g' \
      -e 's/@''GNULIB_MKDTEMP''@/0/g' \
      -e 's/@''GNULIB_MKOSTEMP''@/0/g' \
      -e 's/@''GNULIB_MKOSTEMPS''@/0/g' \
      -e 's/@''GNULIB_MKSTEMP''@/1/g' \
      -e 's/@''GNULIB_MKSTEMPS''@/0/g' \
      -e 's/@''GNULIB_POSIX_OPENPT''@/0/g' \
      -e 's/@''GNULIB_PTSNAME''@/0/g' \
      -e 's/@''GNULIB_PTSNAME_R''@/0/g' \
      -e 's/@''GNULIB_PUTENV''@/0/g' \
      -e 's/@''GNULIB_RANDOM''@/0/g' \
      -e 's/@''GNULIB_RANDOM_R''@/0/g' \
      -e 's/@''GNULIB_REALLOC_POSIX''@/0/g' \
      -e 's/@''GNULIB_REALPATH''@/0/g' \
      -e 's/@''GNULIB_RPMATCH''@/0/g' \
      -e 's/@''GNULIB_SECURE_GETENV''@/1/g' \
      -e 's/@''GNULIB_SETENV''@/0/g' \
      -e 's/@''GNULIB_STRTOD''@/0/g' \
      -e 's/@''GNULIB_STRTOLL''@/0/g' \
      -e 's/@''GNULIB_STRTOULL''@/0/g' \
      -e 's/@''GNULIB_SYSTEM_POSIX''@/0/g' \
      -e 's/@''GNULIB_UNLOCKPT''@/0/g' \
      -e 's/@''GNULIB_UNSETENV''@/0/g' \
      -e 's/@''GNULIB_WCTOMB''@/0/g' \
      < ./stdlib.in.h | \
  sed -e 's|@''HAVE__EXIT''@|1|g' \
      -e 's|@''HAVE_ATOLL''@|1|g' \
      -e 's|@''HAVE_CANONICALIZE_FILE_NAME''@|1|g' \
      -e 's|@''HAVE_DECL_GETLOADAVG''@|1|g' \
      -e 's|@''HAVE_GETSUBOPT''@|1|g' \
      -e 's|@''HAVE_GRANTPT''@|1|g' \
      -e 's|@''HAVE_MKDTEMP''@|1|g' \
      -e 's|@''HAVE_MKOSTEMP''@|1|g' \
      -e 's|@''HAVE_MKOSTEMPS''@|1|g' \
      -e 's|@''HAVE_MKSTEMP''@|1|g' \
      -e 's|@''HAVE_MKSTEMPS''@|1|g' \
      -e 's|@''HAVE_POSIX_OPENPT''@|1|g' \
      -e 's|@''HAVE_PTSNAME''@|1|g' \
      -e 's|@''HAVE_PTSNAME_R''@|1|g' \
      -e 's|@''HAVE_RANDOM''@|1|g' \
      -e 's|@''HAVE_RANDOM_H''@|1|g' \
      -e 's|@''HAVE_RANDOM_R''@|1|g' \
      -e 's|@''HAVE_REALPATH''@|1|g' \
      -e 's|@''HAVE_RPMATCH''@|1|g' \
      -e 's|@''HAVE_SECURE_GETENV''@|1|g' \
      -e 's|@''HAVE_DECL_SETENV''@|1|g' \
      -e 's|@''HAVE_STRTOD''@|1|g' \
      -e 's|@''HAVE_STRTOLL''@|1|g' \
      -e 's|@''HAVE_STRTOULL''@|1|g' \
      -e 's|@''HAVE_STRUCT_RANDOM_DATA''@|1|g' \
      -e 's|@''HAVE_SYS_LOADAVG_H''@|0|g' \
      -e 's|@''HAVE_UNLOCKPT''@|1|g' \
      -e 's|@''HAVE_DECL_UNSETENV''@|1|g' \
      -e 's|@''REPLACE_CALLOC''@|0|g' \
      -e 's|@''REPLACE_CANONICALIZE_FILE_NAME''@|0|g' \
      -e 's|@''REPLACE_MALLOC''@|0|g' \
      -e 's|@''REPLACE_MBTOWC''@|0|g' \
      -e 's|@''REPLACE_MKSTEMP''@|0|g' \
      -e 's|@''REPLACE_PTSNAME''@|0|g' \
      -e 's|@''REPLACE_PTSNAME_R''@|0|g' \
      -e 's|@''REPLACE_PUTENV''@|0|g' \
      -e 's|@''REPLACE_RANDOM_R''@|0|g' \
      -e 's|@''REPLACE_REALLOC''@|0|g' \
      -e 's|@''REPLACE_REALPATH''@|0|g' \
      -e 's|@''REPLACE_SETENV''@|0|g' \
      -e 's|@''REPLACE_STRTOD''@|0|g' \
      -e 's|@''REPLACE_UNSETENV''@|0|g' \
      -e 's|@''REPLACE_WCTOMB''@|0|g' \
      -e '/definitions of _GL_FUNCDECL_RPL/r c++defs.h' \
      -e '/definition of _Noreturn/r ../../build-aux/snippet/_Noreturn.h' \
      -e '/definition of _GL_ARG_NONNULL/r arg-nonnull.h' \
      -e '/definition of _GL_WARN_ON_USE/r warn-on-use.h'; \
} > stdlib.h-t && \
mv stdlib.h-t stdlib.h
rm -f string.h-t string.h && \
{ echo '/* DO NOT EDIT! GENERATED AUTOMATICALLY! */' && \
  sed -e 's|@''GUARD_PREFIX''@|GL|g' \
      -e 's|@''INCLUDE_NEXT''@|include_next|g' \
      -e 's|@''PRAGMA_SYSTEM_HEADER''@|#pragma GCC system_header|g' \
      -e 's|@''PRAGMA_COLUMNS''@||g' \
      -e 's|@''NEXT_STRING_H''@|<string.h>|g' \
      -e 's/@''GNULIB_FFSL''@/0/g' \
      -e 's/@''GNULIB_FFSLL''@/0/g' \
      -e 's/@''GNULIB_MBSLEN''@/1/g' \
      -e 's/@''GNULIB_MBSNLEN''@/0/g' \
      -e 's/@''GNULIB_MBSCHR''@/1/g' \
      -e 's/@''GNULIB_MBSRCHR''@/0/g' \
      -e 's/@''GNULIB_MBSSTR''@/1/g' \
      -e 's/@''GNULIB_MBSCASECMP''@/1/g' \
      -e 's/@''GNULIB_MBSNCASECMP''@/1/g' \
      -e 's/@''GNULIB_MBSPCASECMP''@/0/g' \
      -e 's/@''GNULIB_MBSCASESTR''@/0/g' \
      -e 's/@''GNULIB_MBSCSPN''@/0/g' \
      -e 's/@''GNULIB_MBSPBRK''@/0/g' \
      -e 's/@''GNULIB_MBSSPN''@/0/g' \
      -e 's/@''GNULIB_MBSSEP''@/0/g' \
      -e 's/@''GNULIB_MBSTOK_R''@/0/g' \
      -e 's/@''GNULIB_MEMCHR''@/1/g' \
      -e 's/@''GNULIB_MEMMEM''@/1/g' \
      -e 's/@''GNULIB_MEMPCPY''@/1/g' \
      -e 's/@''GNULIB_MEMRCHR''@/0/g' \
      -e 's/@''GNULIB_RAWMEMCHR''@/0/g' \
      -e 's/@''GNULIB_STPCPY''@/1/g' \
      -e 's/@''GNULIB_STPNCPY''@/0/g' \
      -e 's/@''GNULIB_STRCHRNUL''@/0/g' \
      -e 's/@''GNULIB_STRDUP''@/1/g' \
      -e 's/@''GNULIB_STRNCAT''@/0/g' \
      -e 's/@''GNULIB_STRNDUP''@/1/g' \
      -e 's/@''GNULIB_STRNLEN''@/1/g' \
      -e 's/@''GNULIB_STRPBRK''@/0/g' \
      -e 's/@''GNULIB_STRSEP''@/0/g' \
      -e 's/@''GNULIB_STRSTR''@/1/g' \
      -e 's/@''GNULIB_STRCASESTR''@/0/g' \
      -e 's/@''GNULIB_STRTOK_R''@/0/g' \
      -e 's/@''GNULIB_STRERROR''@/1/g' \
      -e 's/@''GNULIB_STRERROR_R''@/0/g' \
      -e 's/@''GNULIB_STRSIGNAL''@/0/g' \
      -e 's/@''GNULIB_STRVERSCMP''@/0/g' \
      < ./string.in.h | \
  sed -e 's|@''HAVE_FFSL''@|1|g' \
      -e 's|@''HAVE_FFSLL''@|1|g' \
      -e 's|@''HAVE_MBSLEN''@|0|g' \
      -e 's|@''HAVE_MEMCHR''@|1|g' \
      -e 's|@''HAVE_DECL_MEMMEM''@|1|g' \
      -e 's|@''HAVE_MEMPCPY''@|1|g' \
      -e 's|@''HAVE_DECL_MEMRCHR''@|1|g' \
      -e 's|@''HAVE_RAWMEMCHR''@|1|g' \
      -e 's|@''HAVE_STPCPY''@|1|g' \
      -e 's|@''HAVE_STPNCPY''@|1|g' \
      -e 's|@''HAVE_STRCHRNUL''@|1|g' \
      -e 's|@''HAVE_DECL_STRDUP''@|1|g' \
      -e 's|@''HAVE_DECL_STRNDUP''@|1|g' \
      -e 's|@''HAVE_DECL_STRNLEN''@|1|g' \
      -e 's|@''HAVE_STRPBRK''@|1|g' \
      -e 's|@''HAVE_STRSEP''@|1|g' \
      -e 's|@''HAVE_STRCASESTR''@|1|g' \
      -e 's|@''HAVE_DECL_STRTOK_R''@|1|g' \
      -e 's|@''HAVE_DECL_STRERROR_R''@|1|g' \
      -e 's|@''HAVE_DECL_STRSIGNAL''@|1|g' \
      -e 's|@''HAVE_STRVERSCMP''@|1|g' \
      -e 's|@''REPLACE_STPNCPY''@|0|g' \
      -e 's|@''REPLACE_MEMCHR''@|0|g' \
      -e 's|@''REPLACE_MEMMEM''@|0|g' \
      -e 's|@''REPLACE_STRCASESTR''@|0|g' \
      -e 's|@''REPLACE_STRCHRNUL''@|0|g' \
      -e 's|@''REPLACE_STRDUP''@|0|g' \
      -e 's|@''REPLACE_STRSTR''@|0|g' \
      -e 's|@''REPLACE_STRERROR''@|0|g' \
      -e 's|@''REPLACE_STRERROR_R''@|0|g' \
      -e 's|@''REPLACE_STRNCAT''@|0|g' \
      -e 's|@''REPLACE_STRNDUP''@|0|g' \
      -e 's|@''REPLACE_STRNLEN''@|0|g' \
      -e 's|@''REPLACE_STRSIGNAL''@|0|g' \
      -e 's|@''REPLACE_STRTOK_R''@|0|g' \
      -e 's|@''UNDEFINE_STRTOK_R''@|0|g' \
      -e '/definitions of _GL_FUNCDECL_RPL/r c++defs.h' \
      -e '/definition of _GL_ARG_NONNULL/r arg-nonnull.h' \
      -e '/definition of _GL_WARN_ON_USE/r warn-on-use.h'; \
      < ./string.in.h; \
} > string.h-t && \
mv string.h-t string.h
/tools/bin/mkdir -p sys
rm -f sys/stat.h-t sys/stat.h && \
{ echo '/* DO NOT EDIT! GENERATED AUTOMATICALLY! */'; \
  sed -e 's|@''GUARD_PREFIX''@|GL|g' \
      -e 's|@''INCLUDE_NEXT''@|include_next|g' \
      -e 's|@''PRAGMA_SYSTEM_HEADER''@|#pragma GCC system_header|g' \
      -e 's|@''PRAGMA_COLUMNS''@||g' \
      -e 's|@''NEXT_SYS_STAT_H''@|<sys/stat.h>|g' \
      -e 's|@''WINDOWS_64_BIT_ST_SIZE''@|0|g' \
      -e 's/@''GNULIB_FCHMODAT''@/0/g' \
      -e 's/@''GNULIB_FSTAT''@/0/g' \
      -e 's/@''GNULIB_FSTATAT''@/0/g' \
      -e 's/@''GNULIB_FUTIMENS''@/0/g' \
      -e 's/@''GNULIB_LCHMOD''@/0/g' \
      -e 's/@''GNULIB_LSTAT''@/1/g' \
      -e 's/@''GNULIB_MKDIRAT''@/0/g' \
      -e 's/@''GNULIB_MKFIFO''@/0/g' \
      -e 's/@''GNULIB_MKFIFOAT''@/0/g' \
      -e 's/@''GNULIB_MKNOD''@/0/g' \
      -e 's/@''GNULIB_MKNODAT''@/0/g' \
      -e 's/@''GNULIB_STAT''@/1/g' \
      -e 's/@''GNULIB_UTIMENSAT''@/0/g' \
      -e 's|@''HAVE_FCHMODAT''@|1|g' \
      -e 's|@''HAVE_FSTATAT''@|1|g' \
      -e 's|@''HAVE_FUTIMENS''@|1|g' \
      -e 's|@''HAVE_LCHMOD''@|1|g' \
      -e 's|@''HAVE_LSTAT''@|1|g' \
      -e 's|@''HAVE_MKDIRAT''@|1|g' \
      -e 's|@''HAVE_MKFIFO''@|1|g' \
      -e 's|@''HAVE_MKFIFOAT''@|1|g' \
      -e 's|@''HAVE_MKNOD''@|1|g' \
      -e 's|@''HAVE_MKNODAT''@|1|g' \
      -e 's|@''HAVE_UTIMENSAT''@|1|g' \
      -e 's|@''REPLACE_FSTAT''@|0|g' \
      -e 's|@''REPLACE_FSTATAT''@|0|g' \
      -e 's|@''REPLACE_FUTIMENS''@|0|g' \
      -e 's|@''REPLACE_LSTAT''@|0|g' \
      -e 's|@''REPLACE_MKDIR''@|0|g' \
      -e 's|@''REPLACE_MKFIFO''@|0|g' \
      -e 's|@''REPLACE_MKNOD''@|0|g' \
      -e 's|@''REPLACE_STAT''@|0|g' \
      -e 's|@''REPLACE_UTIMENSAT''@|0|g' \
      -e '/definitions of _GL_FUNCDECL_RPL/r c++defs.h' \
      -e '/definition of _GL_ARG_NONNULL/r arg-nonnull.h' \
      -e '/definition of _GL_WARN_ON_USE/r warn-on-use.h' \
      < ./sys_stat.in.h; \
} > sys/stat.h-t && \
mv sys/stat.h-t sys/stat.h
/tools/bin/mkdir -p sys
rm -f sys/time.h-t sys/time.h && \
{ echo '/* DO NOT EDIT! GENERATED AUTOMATICALLY! */'; \
  sed -e 's|@''GUARD_PREFIX''@|GL|g' \
      -e 's/@''HAVE_SYS_TIME_H''@/1/g' \
      -e 's|@''INCLUDE_NEXT''@|include_next|g' \
      -e 's|@''PRAGMA_SYSTEM_HEADER''@|#pragma GCC system_header|g' \
      -e 's|@''PRAGMA_COLUMNS''@||g' \
      -e 's|@''NEXT_SYS_TIME_H''@|<sys/time.h>|g' \
      -e 's/@''GNULIB_GETTIMEOFDAY''@/1/g' \
      -e 's|@''HAVE_WINSOCK2_H''@|0|g' \
      -e 's/@''HAVE_GETTIMEOFDAY''@/1/g' \
      -e 's/@''HAVE_STRUCT_TIMEVAL''@/1/g' \
      -e 's/@''REPLACE_GETTIMEOFDAY''@/0/g' \
      -e 's/@''REPLACE_STRUCT_TIMEVAL''@/0/g' \
      -e '/definitions of _GL_FUNCDECL_RPL/r c++defs.h' \
      -e '/definition of _GL_ARG_NONNULL/r arg-nonnull.h' \
      -e '/definition of _GL_WARN_ON_USE/r warn-on-use.h' \
      < ./sys_time.in.h; \
} > sys/time.h-t && \
mv sys/time.h-t sys/time.h
rm -f time.h-t time.h && \
{ echo '/* DO NOT EDIT! GENERATED AUTOMATICALLY! */' && \
  sed -e 's|@''GUARD_PREFIX''@|GL|g' \
      -e 's|@''INCLUDE_NEXT''@|include_next|g' \
      -e 's|@''PRAGMA_SYSTEM_HEADER''@|#pragma GCC system_header|g' \
      -e 's|@''PRAGMA_COLUMNS''@||g' \
      -e 's|@''NEXT_TIME_H''@|<time.h>|g' \
      -e 's/@''GNULIB_MKTIME''@/0/g' \
      -e 's/@''GNULIB_NANOSLEEP''@/0/g' \
      -e 's/@''GNULIB_STRPTIME''@/0/g' \
      -e 's/@''GNULIB_TIMEGM''@/0/g' \
      -e 's/@''GNULIB_TIME_R''@/0/g' \
      -e 's|@''HAVE_DECL_LOCALTIME_R''@|1|g' \
      -e 's|@''HAVE_NANOSLEEP''@|1|g' \
      -e 's|@''HAVE_STRPTIME''@|1|g' \
      -e 's|@''HAVE_TIMEGM''@|1|g' \
      -e 's|@''REPLACE_LOCALTIME_R''@|GNULIB_PORTCHECK|g' \
      -e 's|@''REPLACE_MKTIME''@|GNULIB_PORTCHECK|g' \
      -e 's|@''REPLACE_NANOSLEEP''@|GNULIB_PORTCHECK|g' \
      -e 's|@''REPLACE_TIMEGM''@|GNULIB_PORTCHECK|g' \
      -e 's|@''PTHREAD_H_DEFINES_STRUCT_TIMESPEC''@|0|g' \
      -e 's|@''SYS_TIME_H_DEFINES_STRUCT_TIMESPEC''@|0|g' \
      -e 's|@''TIME_H_DEFINES_STRUCT_TIMESPEC''@|1|g' \
      -e '/definitions of _GL_FUNCDECL_RPL/r c++defs.h' \
      -e '/definition of _GL_ARG_NONNULL/r arg-nonnull.h' \
      -e '/definition of _GL_WARN_ON_USE/r warn-on-use.h' \
      < ./time.in.h; \
} > time.h-t && \
mv time.h-t time.h
rm -f unistd.h-t unistd.h && \
{ echo '/* DO NOT EDIT! GENERATED AUTOMATICALLY! */'; \
  sed -e 's|@''GUARD_PREFIX''@|GL|g' \
      -e 's|@''HAVE_UNISTD_H''@|1|g' \
      -e 's|@''INCLUDE_NEXT''@|include_next|g' \
      -e 's|@''PRAGMA_SYSTEM_HEADER''@|#pragma GCC system_header|g' \
      -e 's|@''PRAGMA_COLUMNS''@||g' \
      -e 's|@''NEXT_UNISTD_H''@|<unistd.h>|g' \
      -e 's|@''WINDOWS_64_BIT_OFF_T''@|0|g' \
      -e 's/@''GNULIB_CHDIR''@/0/g' \
      -e 's/@''GNULIB_CHOWN''@/0/g' \
      -e 's/@''GNULIB_CLOSE''@/0/g' \
      -e 's/@''GNULIB_DUP''@/0/g' \
      -e 's/@''GNULIB_DUP2''@/0/g' \
      -e 's/@''GNULIB_DUP3''@/0/g' \
      -e 's/@''GNULIB_ENVIRON''@/0/g' \
      -e 's/@''GNULIB_EUIDACCESS''@/0/g' \
      -e 's/@''GNULIB_FACCESSAT''@/0/g' \
      -e 's/@''GNULIB_FCHDIR''@/0/g' \
      -e 's/@''GNULIB_FCHOWNAT''@/0/g' \
      -e 's/@''GNULIB_FDATASYNC''@/0/g' \
      -e 's/@''GNULIB_FSYNC''@/0/g' \
      -e 's/@''GNULIB_FTRUNCATE''@/0/g' \
      -e 's/@''GNULIB_GETCWD''@/0/g' \
      -e 's/@''GNULIB_GETDOMAINNAME''@/0/g' \
      -e 's/@''GNULIB_GETDTABLESIZE''@/0/g' \
      -e 's/@''GNULIB_GETGROUPS''@/0/g' \
      -e 's/@''GNULIB_GETHOSTNAME''@/0/g' \
      -e 's/@''GNULIB_GETLOGIN''@/0/g' \
      -e 's/@''GNULIB_GETLOGIN_R''@/0/g' \
      -e 's/@''GNULIB_GETPAGESIZE''@/0/g' \
      -e 's/@''GNULIB_GETUSERSHELL''@/0/g' \
      -e 's/@''GNULIB_GROUP_MEMBER''@/0/g' \
      -e 's/@''GNULIB_ISATTY''@/0/g' \
      -e 's/@''GNULIB_LCHOWN''@/0/g' \
      -e 's/@''GNULIB_LINK''@/0/g' \
      -e 's/@''GNULIB_LINKAT''@/0/g' \
      -e 's/@''GNULIB_LSEEK''@/0/g' \
      -e 's/@''GNULIB_PIPE''@/0/g' \
      -e 's/@''GNULIB_PIPE2''@/0/g' \
      -e 's/@''GNULIB_PREAD''@/0/g' \
      -e 's/@''GNULIB_PWRITE''@/0/g' \
      -e 's/@''GNULIB_READ''@/0/g' \
      -e 's/@''GNULIB_READLINK''@/0/g' \
      -e 's/@''GNULIB_READLINKAT''@/0/g' \
      -e 's/@''GNULIB_RMDIR''@/0/g' \
      -e 's/@''GNULIB_SETHOSTNAME''@/0/g' \
      -e 's/@''GNULIB_SLEEP''@/0/g' \
      -e 's/@''GNULIB_SYMLINK''@/0/g' \
      -e 's/@''GNULIB_SYMLINKAT''@/0/g' \
      -e 's/@''GNULIB_TTYNAME_R''@/0/g' \
      -e 's/@''GNULIB_UNISTD_H_GETOPT''@/0/g' \
      -e 's/@''GNULIB_UNISTD_H_NONBLOCKING''@/0/g' \
      -e 's/@''GNULIB_UNISTD_H_SIGPIPE''@/0/g' \
      -e 's/@''GNULIB_UNLINK''@/0/g' \
      -e 's/@''GNULIB_UNLINKAT''@/0/g' \
      -e 's/@''GNULIB_USLEEP''@/0/g' \
      -e 's/@''GNULIB_WRITE''@/0/g' \
      < ./unistd.in.h | \
  sed -e 's|@''HAVE_CHOWN''@|1|g' \
      -e 's|@''HAVE_DUP2''@|1|g' \
      -e 's|@''HAVE_DUP3''@|1|g' \
      -e 's|@''HAVE_EUIDACCESS''@|1|g' \
      -e 's|@''HAVE_FACCESSAT''@|1|g' \
      -e 's|@''HAVE_FCHDIR''@|1|g' \
      -e 's|@''HAVE_FCHOWNAT''@|1|g' \
      -e 's|@''HAVE_FDATASYNC''@|1|g' \
      -e 's|@''HAVE_FSYNC''@|1|g' \
      -e 's|@''HAVE_FTRUNCATE''@|1|g' \
      -e 's|@''HAVE_GETDTABLESIZE''@|1|g' \
      -e 's|@''HAVE_GETGROUPS''@|1|g' \
      -e 's|@''HAVE_GETHOSTNAME''@|1|g' \
      -e 's|@''HAVE_GETLOGIN''@|1|g' \
      -e 's|@''HAVE_GETPAGESIZE''@|1|g' \
      -e 's|@''HAVE_GROUP_MEMBER''@|1|g' \
      -e 's|@''HAVE_LCHOWN''@|1|g' \
      -e 's|@''HAVE_LINK''@|1|g' \
      -e 's|@''HAVE_LINKAT''@|1|g' \
      -e 's|@''HAVE_PIPE''@|1|g' \
      -e 's|@''HAVE_PIPE2''@|1|g' \
      -e 's|@''HAVE_PREAD''@|1|g' \
      -e 's|@''HAVE_PWRITE''@|1|g' \
      -e 's|@''HAVE_READLINK''@|1|g' \
      -e 's|@''HAVE_READLINKAT''@|1|g' \
      -e 's|@''HAVE_SETHOSTNAME''@|1|g' \
      -e 's|@''HAVE_SLEEP''@|1|g' \
      -e 's|@''HAVE_SYMLINK''@|1|g' \
      -e 's|@''HAVE_SYMLINKAT''@|1|g' \
      -e 's|@''HAVE_UNLINKAT''@|1|g' \
      -e 's|@''HAVE_USLEEP''@|1|g' \
      -e 's|@''HAVE_DECL_ENVIRON''@|1|g' \
      -e 's|@''HAVE_DECL_FCHDIR''@|1|g' \
      -e 's|@''HAVE_DECL_FDATASYNC''@|1|g' \
      -e 's|@''HAVE_DECL_GETDOMAINNAME''@|1|g' \
      -e 's|@''HAVE_DECL_GETLOGIN_R''@|1|g' \
      -e 's|@''HAVE_DECL_GETPAGESIZE''@|1|g' \
      -e 's|@''HAVE_DECL_GETUSERSHELL''@|1|g' \
      -e 's|@''HAVE_DECL_SETHOSTNAME''@|1|g' \
      -e 's|@''HAVE_DECL_TTYNAME_R''@|1|g' \
      -e 's|@''HAVE_OS_H''@|0|g' \
      -e 's|@''HAVE_SYS_PARAM_H''@|0|g' \
  | \
  sed -e 's|@''REPLACE_CHOWN''@|0|g' \
      -e 's|@''REPLACE_CLOSE''@|0|g' \
      -e 's|@''REPLACE_DUP''@|0|g' \
      -e 's|@''REPLACE_DUP2''@|0|g' \
      -e 's|@''REPLACE_FCHOWNAT''@|0|g' \
      -e 's|@''REPLACE_FTRUNCATE''@|0|g' \
      -e 's|@''REPLACE_GETCWD''@|0|g' \
      -e 's|@''REPLACE_GETDOMAINNAME''@|0|g' \
      -e 's|@''REPLACE_GETLOGIN_R''@|0|g' \
      -e 's|@''REPLACE_GETGROUPS''@|0|g' \
      -e 's|@''REPLACE_GETPAGESIZE''@|0|g' \
      -e 's|@''REPLACE_ISATTY''@|0|g' \
      -e 's|@''REPLACE_LCHOWN''@|0|g' \
      -e 's|@''REPLACE_LINK''@|0|g' \
      -e 's|@''REPLACE_LINKAT''@|0|g' \
      -e 's|@''REPLACE_LSEEK''@|0|g' \
      -e 's|@''REPLACE_PREAD''@|0|g' \
      -e 's|@''REPLACE_PWRITE''@|0|g' \
      -e 's|@''REPLACE_READ''@|0|g' \
      -e 's|@''REPLACE_READLINK''@|0|g' \
      -e 's|@''REPLACE_RMDIR''@|0|g' \
      -e 's|@''REPLACE_SLEEP''@|0|g' \
      -e 's|@''REPLACE_SYMLINK''@|0|g' \
      -e 's|@''REPLACE_TTYNAME_R''@|0|g' \
      -e 's|@''REPLACE_UNLINK''@|0|g' \
      -e 's|@''REPLACE_UNLINKAT''@|0|g' \
      -e 's|@''REPLACE_USLEEP''@|0|g' \
      -e 's|@''REPLACE_WRITE''@|0|g' \
      -e 's|@''UNISTD_H_HAVE_WINSOCK2_H''@|0|g' \
      -e 's|@''UNISTD_H_HAVE_WINSOCK2_H_AND_USE_SOCKETS''@|0|g' \
      -e '/definitions of _GL_FUNCDECL_RPL/r c++defs.h' \
      -e '/definition of _GL_ARG_NONNULL/r arg-nonnull.h' \
      -e '/definition of _GL_WARN_ON_USE/r warn-on-use.h'; \
} > unistd.h-t && \
mv unistd.h-t unistd.h
rm -f wchar.h-t wchar.h && \
{ echo '/* DO NOT EDIT! GENERATED AUTOMATICALLY! */'; \
  sed -e 's|@''GUARD_PREFIX''@|GL|g' \
      -e 's|@''INCLUDE_NEXT''@|include_next|g' \
      -e 's|@''PRAGMA_SYSTEM_HEADER''@|#pragma GCC system_header|g' \
      -e 's|@''PRAGMA_COLUMNS''@||g' \
      -e 's|@''HAVE_FEATURES_H''@|1|g' \
      -e 's|@''NEXT_WCHAR_H''@|<wchar.h>|g' \
      -e 's|@''HAVE_WCHAR_H''@|1|g' \
      -e 's/@''GNULIB_BTOWC''@/1/g' \
      -e 's/@''GNULIB_WCTOB''@/0/g' \
      -e 's/@''GNULIB_MBSINIT''@/1/g' \
      -e 's/@''GNULIB_MBRTOWC''@/1/g' \
      -e 's/@''GNULIB_MBRLEN''@/0/g' \
      -e 's/@''GNULIB_MBSRTOWCS''@/0/g' \
      -e 's/@''GNULIB_MBSNRTOWCS''@/0/g' \
      -e 's/@''GNULIB_WCRTOMB''@/1/g' \
      -e 's/@''GNULIB_WCSRTOMBS''@/0/g' \
      -e 's/@''GNULIB_WCSNRTOMBS''@/0/g' \
      -e 's/@''GNULIB_WCWIDTH''@/1/g' \
      -e 's/@''GNULIB_WMEMCHR''@/0/g' \
      -e 's/@''GNULIB_WMEMCMP''@/0/g' \
      -e 's/@''GNULIB_WMEMCPY''@/0/g' \
      -e 's/@''GNULIB_WMEMMOVE''@/0/g' \
      -e 's/@''GNULIB_WMEMSET''@/0/g' \
      -e 's/@''GNULIB_WCSLEN''@/0/g' \
      -e 's/@''GNULIB_WCSNLEN''@/0/g' \
      -e 's/@''GNULIB_WCSCPY''@/0/g' \
      -e 's/@''GNULIB_WCPCPY''@/0/g' \
      -e 's/@''GNULIB_WCSNCPY''@/0/g' \
      -e 's/@''GNULIB_WCPNCPY''@/0/g' \
      -e 's/@''GNULIB_WCSCAT''@/0/g' \
      -e 's/@''GNULIB_WCSNCAT''@/0/g' \
      -e 's/@''GNULIB_WCSCMP''@/0/g' \
      -e 's/@''GNULIB_WCSNCMP''@/0/g' \
      -e 's/@''GNULIB_WCSCASECMP''@/0/g' \
      -e 's/@''GNULIB_WCSNCASECMP''@/0/g' \
      -e 's/@''GNULIB_WCSCOLL''@/0/g' \
      -e 's/@''GNULIB_WCSXFRM''@/0/g' \
      -e 's/@''GNULIB_WCSDUP''@/0/g' \
      -e 's/@''GNULIB_WCSCHR''@/0/g' \
      -e 's/@''GNULIB_WCSRCHR''@/0/g' \
      -e 's/@''GNULIB_WCSCSPN''@/0/g' \
      -e 's/@''GNULIB_WCSSPN''@/0/g' \
      -e 's/@''GNULIB_WCSPBRK''@/0/g' \
      -e 's/@''GNULIB_WCSSTR''@/0/g' \
      -e 's/@''GNULIB_WCSTOK''@/0/g' \
      -e 's/@''GNULIB_WCSWIDTH''@/0/g' \
      < ./wchar.in.h | \
  sed -e 's|@''HAVE_WINT_T''@|1|g' \
      -e 's|@''HAVE_BTOWC''@|1|g' \
      -e 's|@''HAVE_MBSINIT''@|1|g' \
      -e 's|@''HAVE_MBRTOWC''@|1|g' \
      -e 's|@''HAVE_MBRLEN''@|1|g' \
      -e 's|@''HAVE_MBSRTOWCS''@|1|g' \
      -e 's|@''HAVE_MBSNRTOWCS''@|1|g' \
      -e 's|@''HAVE_WCRTOMB''@|1|g' \
      -e 's|@''HAVE_WCSRTOMBS''@|1|g' \
      -e 's|@''HAVE_WCSNRTOMBS''@|1|g' \
      -e 's|@''HAVE_WMEMCHR''@|1|g' \
      -e 's|@''HAVE_WMEMCMP''@|1|g' \
      -e 's|@''HAVE_WMEMCPY''@|1|g' \
      -e 's|@''HAVE_WMEMMOVE''@|1|g' \
      -e 's|@''HAVE_WMEMSET''@|1|g' \
      -e 's|@''HAVE_WCSLEN''@|1|g' \
      -e 's|@''HAVE_WCSNLEN''@|1|g' \
      -e 's|@''HAVE_WCSCPY''@|1|g' \
      -e 's|@''HAVE_WCPCPY''@|1|g' \
      -e 's|@''HAVE_WCSNCPY''@|1|g' \
      -e 's|@''HAVE_WCPNCPY''@|1|g' \
      -e 's|@''HAVE_WCSCAT''@|1|g' \
      -e 's|@''HAVE_WCSNCAT''@|1|g' \
      -e 's|@''HAVE_WCSCMP''@|1|g' \
      -e 's|@''HAVE_WCSNCMP''@|1|g' \
      -e 's|@''HAVE_WCSCASECMP''@|1|g' \
      -e 's|@''HAVE_WCSNCASECMP''@|1|g' \
      -e 's|@''HAVE_WCSCOLL''@|1|g' \
      -e 's|@''HAVE_WCSXFRM''@|1|g' \
      -e 's|@''HAVE_WCSDUP''@|1|g' \
      -e 's|@''HAVE_WCSCHR''@|1|g' \
      -e 's|@''HAVE_WCSRCHR''@|1|g' \
      -e 's|@''HAVE_WCSCSPN''@|1|g' \
      -e 's|@''HAVE_WCSSPN''@|1|g' \
      -e 's|@''HAVE_WCSPBRK''@|1|g' \
      -e 's|@''HAVE_WCSSTR''@|1|g' \
      -e 's|@''HAVE_WCSTOK''@|1|g' \
      -e 's|@''HAVE_WCSWIDTH''@|1|g' \
      -e 's|@''HAVE_DECL_WCTOB''@|1|g' \
      -e 's|@''HAVE_DECL_WCWIDTH''@|1|g' \
  | \
  sed -e 's|@''REPLACE_MBSTATE_T''@|0|g' \
      -e 's|@''REPLACE_BTOWC''@|0|g' \
      -e 's|@''REPLACE_WCTOB''@|0|g' \
      -e 's|@''REPLACE_MBSINIT''@|0|g' \
      -e 's|@''REPLACE_MBRTOWC''@|0|g' \
      -e 's|@''REPLACE_MBRLEN''@|0|g' \
      -e 's|@''REPLACE_MBSRTOWCS''@|0|g' \
      -e 's|@''REPLACE_MBSNRTOWCS''@|0|g' \
      -e 's|@''REPLACE_WCRTOMB''@|0|g' \
      -e 's|@''REPLACE_WCSRTOMBS''@|0|g' \
      -e 's|@''REPLACE_WCSNRTOMBS''@|0|g' \
      -e 's|@''REPLACE_WCWIDTH''@|0|g' \
      -e 's|@''REPLACE_WCSWIDTH''@|0|g' \
      -e '/definitions of _GL_FUNCDECL_RPL/r c++defs.h' \
      -e '/definition of _GL_ARG_NONNULL/r arg-nonnull.h' \
      -e '/definition of _GL_WARN_ON_USE/r warn-on-use.h'; \
} > wchar.h-t && \
mv wchar.h-t wchar.h
rm -f wctype.h-t wctype.h && \
{ echo '/* DO NOT EDIT! GENERATED AUTOMATICALLY! */'; \
  sed -e 's|@''GUARD_PREFIX''@|GL|g' \
      -e 's/@''HAVE_WCTYPE_H''@/1/g' \
      -e 's|@''INCLUDE_NEXT''@|include_next|g' \
      -e 's|@''PRAGMA_SYSTEM_HEADER''@|#pragma GCC system_header|g' \
      -e 's|@''PRAGMA_COLUMNS''@||g' \
      -e 's|@''NEXT_WCTYPE_H''@|<wctype.h>|g' \
      -e 's/@''GNULIB_ISWBLANK''@/1/g' \
      -e 's/@''GNULIB_WCTYPE''@/0/g' \
      -e 's/@''GNULIB_ISWCTYPE''@/0/g' \
      -e 's/@''GNULIB_WCTRANS''@/0/g' \
      -e 's/@''GNULIB_TOWCTRANS''@/0/g' \
      -e 's/@''HAVE_ISWBLANK''@/1/g' \
      -e 's/@''HAVE_ISWCNTRL''@/1/g' \
      -e 's/@''HAVE_WCTYPE_T''@/1/g' \
      -e 's/@''HAVE_WCTRANS_T''@/1/g' \
      -e 's/@''HAVE_WINT_T''@/1/g' \
      -e 's/@''REPLACE_ISWBLANK''@/0/g' \
      -e 's/@''REPLACE_ISWCNTRL''@/0/g' \
      -e 's/@''REPLACE_TOWLOWER''@/0/g' \
      -e '/definitions of _GL_FUNCDECL_RPL/r c++defs.h' \
      -e '/definition of _GL_WARN_ON_USE/r warn-on-use.h' \
      < ./wctype.in.h; \
} > wctype.h-t && \
mv wctype.h-t wctype.h
make  all-recursive
make[3]: Entering directory '/mnt/lfs/sources/texinfo-5.2/gnulib/lib'
make[4]: Entering directory '/mnt/lfs/sources/texinfo-5.2/gnulib/lib'
depbase=`echo exitfail.o | sed 's|[^/]*$|.deps/&|;s|\.o$||'`;\
gcc -DHAVE_CONFIG_H -I. -I../..     -g -O2 -MT exitfail.o -MD -MP -MF $depbase.Tpo -c -o exitfail.o exitfail.c &&\
mv -f $depbase.Tpo $depbase.Po
depbase=`echo localcharset.o | sed 's|[^/]*$|.deps/&|;s|\.o$||'`;\
gcc -DHAVE_CONFIG_H -I. -I../..     -g -O2 -MT localcharset.o -MD -MP -MF $depbase.Tpo -c -o localcharset.o localcharset.c &&\
mv -f $depbase.Tpo $depbase.Po
depbase=`echo malloca.o | sed 's|[^/]*$|.deps/&|;s|\.o$||'`;\
gcc -DHAVE_CONFIG_H -I. -I../..     -g -O2 -MT malloca.o -MD -MP -MF $depbase.Tpo -c -o malloca.o malloca.c &&\
mv -f $depbase.Tpo $depbase.Po
depbase=`echo mbchar.o | sed 's|[^/]*$|.deps/&|;s|\.o$||'`;\
gcc -DHAVE_CONFIG_H -I. -I../..     -g -O2 -MT mbchar.o -MD -MP -MF $depbase.Tpo -c -o mbchar.o mbchar.c &&\
mv -f $depbase.Tpo $depbase.Po
depbase=`echo mbiter.o | sed 's|[^/]*$|.deps/&|;s|\.o$||'`;\
gcc -DHAVE_CONFIG_H -I. -I../..     -g -O2 -MT mbiter.o -MD -MP -MF $depbase.Tpo -c -o mbiter.o mbiter.c &&\
mv -f $depbase.Tpo $depbase.Po
depbase=`echo mbscasecmp.o | sed 's|[^/]*$|.deps/&|;s|\.o$||'`;\
gcc -DHAVE_CONFIG_H -I. -I../..     -g -O2 -MT mbscasecmp.o -MD -MP -MF $depbase.Tpo -c -o mbscasecmp.o mbscasecmp.c &&\
mv -f $depbase.Tpo $depbase.Po
depbase=`echo mbschr.o | sed 's|[^/]*$|.deps/&|;s|\.o$||'`;\
gcc -DHAVE_CONFIG_H -I. -I../..     -g -O2 -MT mbschr.o -MD -MP -MF $depbase.Tpo -c -o mbschr.o mbschr.c &&\
mv -f $depbase.Tpo $depbase.Po
depbase=`echo mbslen.o | sed 's|[^/]*$|.deps/&|;s|\.o$||'`;\
gcc -DHAVE_CONFIG_H -I. -I../..     -g -O2 -MT mbslen.o -MD -MP -MF $depbase.Tpo -c -o mbslen.o mbslen.c &&\
mv -f $depbase.Tpo $depbase.Po
depbase=`echo mbsncasecmp.o | sed 's|[^/]*$|.deps/&|;s|\.o$||'`;\
gcc -DHAVE_CONFIG_H -I. -I../..     -g -O2 -MT mbsncasecmp.o -MD -MP -MF $depbase.Tpo -c -o mbsncasecmp.o mbsncasecmp.c &&\
mv -f $depbase.Tpo $depbase.Po
depbase=`echo mbsstr.o | sed 's|[^/]*$|.deps/&|;s|\.o$||'`;\
gcc -DHAVE_CONFIG_H -I. -I../..     -g -O2 -MT mbsstr.o -MD -MP -MF $depbase.Tpo -c -o mbsstr.o mbsstr.c &&\
mv -f $depbase.Tpo $depbase.Po
depbase=`echo mbswidth.o | sed 's|[^/]*$|.deps/&|;s|\.o$||'`;\
gcc -DHAVE_CONFIG_H -I. -I../..     -g -O2 -MT mbswidth.o -MD -MP -MF $depbase.Tpo -c -o mbswidth.o mbswidth.c &&\
mv -f $depbase.Tpo $depbase.Po
depbase=`echo mbuiter.o | sed 's|[^/]*$|.deps/&|;s|\.o$||'`;\
gcc -DHAVE_CONFIG_H -I. -I../..     -g -O2 -MT mbuiter.o -MD -MP -MF $depbase.Tpo -c -o mbuiter.o mbuiter.c &&\
mv -f $depbase.Tpo $depbase.Po
depbase=`echo strnlen1.o | sed 's|[^/]*$|.deps/&|;s|\.o$||'`;\
gcc -DHAVE_CONFIG_H -I. -I../..     -g -O2 -MT strnlen1.o -MD -MP -MF $depbase.Tpo -c -o strnlen1.o strnlen1.c &&\
mv -f $depbase.Tpo $depbase.Po
depbase=`echo tempname.o | sed 's|[^/]*$|.deps/&|;s|\.o$||'`;\
gcc -DHAVE_CONFIG_H -I. -I../..     -g -O2 -MT tempname.o -MD -MP -MF $depbase.Tpo -c -o tempname.o tempname.c &&\
mv -f $depbase.Tpo $depbase.Po
depbase=`echo glthread/threadlib.o | sed 's|[^/]*$|.deps/&|;s|\.o$||'`;\
gcc -DHAVE_CONFIG_H -I. -I../..     -g -O2 -MT glthread/threadlib.o -MD -MP -MF $depbase.Tpo -c -o glthread/threadlib.o glthread/threadlib.c &&\
mv -f $depbase.Tpo $depbase.Po
depbase=`echo unistd.o | sed 's|[^/]*$|.deps/&|;s|\.o$||'`;\
gcc -DHAVE_CONFIG_H -I. -I../..     -g -O2 -MT unistd.o -MD -MP -MF $depbase.Tpo -c -o unistd.o unistd.c &&\
mv -f $depbase.Tpo $depbase.Po
depbase=`echo wctype-h.o | sed 's|[^/]*$|.deps/&|;s|\.o$||'`;\
gcc -DHAVE_CONFIG_H -I. -I../..     -g -O2 -MT wctype-h.o -MD -MP -MF $depbase.Tpo -c -o wctype-h.o wctype-h.c &&\
mv -f $depbase.Tpo $depbase.Po
depbase=`echo xmalloc.o | sed 's|[^/]*$|.deps/&|;s|\.o$||'`;\
gcc -DHAVE_CONFIG_H -I. -I../..     -g -O2 -MT xmalloc.o -MD -MP -MF $depbase.Tpo -c -o xmalloc.o xmalloc.c &&\
mv -f $depbase.Tpo $depbase.Po
depbase=`echo xalloc-die.o | sed 's|[^/]*$|.deps/&|;s|\.o$||'`;\
gcc -DHAVE_CONFIG_H -I. -I../..     -g -O2 -MT xalloc-die.o -MD -MP -MF $depbase.Tpo -c -o xalloc-die.o xalloc-die.c &&\
mv -f $depbase.Tpo $depbase.Po
rm -f t-charset.alias charset.alias && \
/bin/sh ./config.charset 'x86_64-unknown-linux-gnu' > t-charset.alias && \
mv t-charset.alias charset.alias
rm -f t-ref-add.sed ref-add.sed && \
sed -e '/^#/d' -e 's/@''PACKAGE''@/texinfo/g' ref-add.sin > t-ref-add.sed && \
mv t-ref-add.sed ref-add.sed
rm -f t-ref-del.sed ref-del.sed && \
sed -e '/^#/d' -e 's/@''PACKAGE''@/texinfo/g' ref-del.sin > t-ref-del.sed && \
mv t-ref-del.sed ref-del.sed
depbase=`echo glthread/lock.o | sed 's|[^/]*$|.deps/&|;s|\.o$||'`;\
gcc -DHAVE_CONFIG_H -I. -I../..     -g -O2 -MT glthread/lock.o -MD -MP -MF $depbase.Tpo -c -o glthread/lock.o glthread/lock.c &&\
mv -f $depbase.Tpo $depbase.Po
depbase=`echo uniwidth/width.o | sed 's|[^/]*$|.deps/&|;s|\.o$||'`;\
gcc -DHAVE_CONFIG_H -I. -I../..     -g -O2 -MT uniwidth/width.o -MD -MP -MF $depbase.Tpo -c -o uniwidth/width.o uniwidth/width.c &&\
mv -f $depbase.Tpo $depbase.Po
rm -f libgnu.a
ar cru libgnu.a exitfail.o localcharset.o glthread/lock.o malloca.o mbchar.o mbiter.o mbscasecmp.o mbschr.o mbslen.o mbsncasecmp.o mbsstr.o mbswidth.o mbuiter.o strnlen1.o tempname.o glthread/threadlib.o unistd.o uniwidth/width.o wctype-h.o xmalloc.o xalloc-die.o 
ranlib libgnu.a
make[4]: Leaving directory '/mnt/lfs/sources/texinfo-5.2/gnulib/lib'
make[3]: Leaving directory '/mnt/lfs/sources/texinfo-5.2/gnulib/lib'
make[2]: Leaving directory '/mnt/lfs/sources/texinfo-5.2/gnulib/lib'
Making all in install-info
make[2]: Entering directory '/mnt/lfs/sources/texinfo-5.2/install-info'
Making all in tests
make[3]: Entering directory '/mnt/lfs/sources/texinfo-5.2/install-info/tests'
make[3]: Nothing to be done for 'all'.
make[3]: Leaving directory '/mnt/lfs/sources/texinfo-5.2/install-info/tests'
make[3]: Entering directory '/mnt/lfs/sources/texinfo-5.2/install-info'
gcc -DHAVE_CONFIG_H -I. -I..  -I.. -I../gnulib/lib -I../gnulib/lib -DLOCALEDIR=\"/tools/share/locale\"   -g -O2 -MT install-info.o -MD -MP -MF .deps/install-info.Tpo -c -o install-info.o install-info.c
mv -f .deps/install-info.Tpo .deps/install-info.Po
gcc  -g -O2   -o ginstall-info install-info.o ../gnulib/lib/libgnu.a  
make[3]: Leaving directory '/mnt/lfs/sources/texinfo-5.2/install-info'
make[2]: Leaving directory '/mnt/lfs/sources/texinfo-5.2/install-info'
Making all in po
make[2]: Entering directory '/mnt/lfs/sources/texinfo-5.2/po'
make[2]: Nothing to be done for 'all'.
make[2]: Leaving directory '/mnt/lfs/sources/texinfo-5.2/po'
Making all in po_document
make[2]: Entering directory '/mnt/lfs/sources/texinfo-5.2/po_document'
make[2]: Leaving directory '/mnt/lfs/sources/texinfo-5.2/po_document'
Making all in tp
make[2]: Entering directory '/mnt/lfs/sources/texinfo-5.2/tp'
Making all in .
make[3]: Entering directory '/mnt/lfs/sources/texinfo-5.2/tp'
sed -e 's,[@]PACKAGE_VERSION[@],5.2,g' -e 's,[@]PACKAGE_NAME[@],GNU Texinfo,g' -e 's,[@]PACKAGE_URL[@],http://www.gnu.org/software/texinfo/,g' -e 's,[@]sysconfdir[@],/tools/etc,g' -e 's,[@]prefix[@],/tools,g' -e 's,[@]datarootdir[@],/tools/share,g' -e 's,[@]datadir[@],/tools/share,g' -e 's,[@]PACKAGE[@],texinfo,g' -e 's,[@]USE_EXTERNAL_LIBINTL[@],no,g' -e 's,[@]USE_EXTERNAL_EASTASIANWIDTH[@],no,g' -e 's,[@]USE_EXTERNAL_UNIDECODE[@],no,g' -e 's,[@]TEXINFO_DTD_VERSION[@],5.0,g' -e '1 s,/usr/bin/env perl,/tools/bin/perl,g' ./texi2any.pl >texi2any
/tools/bin/mkdir -p maintain
/tools/bin/mkdir -p `dirname LocaleData/de.us-ascii/LC_MESSAGES/texinfo_document.mo`
/tools/bin/mkdir -p `dirname LocaleData/eo/LC_MESSAGES/texinfo_document.mo`
sed -e 's|[@]abs_top_srcdir[@]|/mnt/lfs/sources/texinfo-5.2|' \
    -e 's|[@]TEXINFO_DTD_VERSION[@]|5.0|' \
  ./maintain/catalog.xml.in >maintain/catalog.xml
/tools/bin/mkdir -p `dirname LocaleData/es.us-ascii/LC_MESSAGES/texinfo_document.mo`
/tools/bin/install -c -m 644 ./../po_document/de.us-ascii.gmo LocaleData/de.us-ascii/LC_MESSAGES/texinfo_document.mo
/tools/bin/install -c -m 644 ./../po_document/eo.gmo LocaleData/eo/LC_MESSAGES/texinfo_document.mo
/tools/bin/mkdir -p `dirname LocaleData/fr/LC_MESSAGES/texinfo_document.mo`
/tools/bin/mkdir -p `dirname LocaleData/hu/LC_MESSAGES/texinfo_document.mo`
chmod a+x texi2any
/tools/bin/mkdir -p `dirname LocaleData/it/LC_MESSAGES/texinfo_document.mo`
/tools/bin/install -c -m 644 ./../po_document/es.us-ascii.gmo LocaleData/es.us-ascii/LC_MESSAGES/texinfo_document.mo
/tools/bin/mkdir -p `dirname LocaleData/nl/LC_MESSAGES/texinfo_document.mo`
/tools/bin/install -c -m 644 ./../po_document/hu.gmo LocaleData/hu/LC_MESSAGES/texinfo_document.mo
/tools/bin/install -c -m 644 ./../po_document/fr.gmo LocaleData/fr/LC_MESSAGES/texinfo_document.mo
/tools/bin/mkdir -p `dirname LocaleData/no.us-ascii/LC_MESSAGES/texinfo_document.mo`
/tools/bin/mkdir -p `dirname LocaleData/pl/LC_MESSAGES/texinfo_document.mo`
/tools/bin/install -c -m 644 ./../po_document/it.gmo LocaleData/it/LC_MESSAGES/texinfo_document.mo
/tools/bin/install -c -m 644 ./../po_document/nl.gmo LocaleData/nl/LC_MESSAGES/texinfo_document.mo
/tools/bin/mkdir -p `dirname LocaleData/pt_BR.us-ascii/LC_MESSAGES/texinfo_document.mo`
/tools/bin/install -c -m 644 ./../po_document/no.us-ascii.gmo LocaleData/no.us-ascii/LC_MESSAGES/texinfo_document.mo
/tools/bin/mkdir -p `dirname LocaleData/pt.us-ascii/LC_MESSAGES/texinfo_document.mo`
/tools/bin/install -c -m 644 ./../po_document/pl.gmo LocaleData/pl/LC_MESSAGES/texinfo_document.mo
/tools/bin/mkdir -p t/include_dir
/tools/bin/install -c -m 644 ./t/include_reference/f--ile.txt t/include_dir/f--ile.txt
/tools/bin/install -c -m 644 ./t/include_reference/incl-incl.txi t/include_dir/incl-incl.txi
/tools/bin/install -c -m 644 ./../po_document/pt_BR.us-ascii.gmo LocaleData/pt_BR.us-ascii/LC_MESSAGES/texinfo_document.mo
/tools/bin/install -c -m 644 ./t/include_reference/macro_included.texi t/include_dir/macro_included.texi
/tools/bin/install -c -m 644 ./../po_document/pt.us-ascii.gmo LocaleData/pt.us-ascii/LC_MESSAGES/texinfo_document.mo
/tools/bin/install -c -m 644 ./t/include_reference/f--ile.png t/include_dir/f--ile.png
/tools/bin/install -c -m 644 ./t/include_reference/figure.txt t/include_dir/figure.txt
/tools/bin/install -c -m 644 ./t/include_reference/inc_file.texi t/include_dir/inc_file.texi
/tools/bin/install -c -m 644 ./t/include_reference/section_file.texi t/include_dir/section_file.texi
make[3]: Leaving directory '/mnt/lfs/sources/texinfo-5.2/tp'
Making all in tests
make[3]: Entering directory '/mnt/lfs/sources/texinfo-5.2/tp/tests'
Making all in .
make[4]: Entering directory '/mnt/lfs/sources/texinfo-5.2/tp/tests'
/tools/bin/install -c -m 644 ./htmlxref/htmlxref.cnf-ref htmlxref/htmlxref.cnf
/tools/bin/install -c -m 644 ./htmlxref-only_mono/htmlxref.cnf-ref htmlxref-only_mono/htmlxref.cnf
/tools/bin/install -c -m 644 ./htmlxref-only_split/htmlxref.cnf-ref htmlxref-only_split/htmlxref.cnf
/tools/bin/mkdir -p htmlxref-only_split/.texinfo
/tools/bin/install -c -m 644 ./sectioning/renamednodes.cnf-ref sectioning/equivalent_nodes-noderename.cnf
/tools/bin/install -c -m 644 ./formatting/unknown_nodes_renamed-noderename.cnf-ref formatting/unknown_nodes_renamed-noderename.cnf
/tools/bin/install -c -m 644 ./htmlxref-only_split/htmlxref.cnf-texinfo htmlxref-only_split/.texinfo/htmlxref.cnf
make[4]: Leaving directory '/mnt/lfs/sources/texinfo-5.2/tp/tests'
Making all in many_input_files
make[4]: Entering directory '/mnt/lfs/sources/texinfo-5.2/tp/tests/many_input_files'
make[4]: Nothing to be done for 'all'.
make[4]: Leaving directory '/mnt/lfs/sources/texinfo-5.2/tp/tests/many_input_files'
make[3]: Leaving directory '/mnt/lfs/sources/texinfo-5.2/tp/tests'
make[2]: Leaving directory '/mnt/lfs/sources/texinfo-5.2/tp'
Making all in Pod-Simple-Texinfo
make[2]: Entering directory '/mnt/lfs/sources/texinfo-5.2/Pod-Simple-Texinfo'
sed -e 's,[@]datadir[@],/tools/share,g' \
-e 's,[@]PACKAGE[@],texinfo,g' \
-e 's,[@]USE_EXTERNAL_LIBINTL[@],no,g' \
-e 's,[@]USE_EXTERNAL_EASTASIANWIDTH[@],no,g' \
-e 's,[@]USE_EXTERNAL_UNIDECODE[@],no,g' \
-e '1 s,/usr/bin/env perl,/tools/bin/perl,g' \
   ./pod2texi.pl >pod2texi
chmod a+x pod2texi
make[2]: Leaving directory '/mnt/lfs/sources/texinfo-5.2/Pod-Simple-Texinfo'
Making all in util
make[2]: Entering directory '/mnt/lfs/sources/texinfo-5.2/util'
gcc -DHAVE_CONFIG_H -I. -I..  -I.. -I../gnulib/lib -I../gnulib/lib -DLOCALEDIR=\"/tools/share/locale\"   -g -O2 -MT texindex.o -MD -MP -MF .deps/texindex.Tpo -c -o texindex.o texindex.c
sed -e 's,[@]datadir[@],/tools/share,g' \
-e 's,[@]PACKAGE[@],texinfo,g' \
-e 's,[@]USE_EXTERNAL_LIBINTL[@],no,g' \
-e 's,[@]USE_EXTERNAL_EASTASIANWIDTH[@],no,g' \
-e 's,[@]USE_EXTERNAL_UNIDECODE[@],no,g' \
-e '1 s,/usr/bin/env perl,/tools/bin/perl,g' \
   ./txixml2texi.pl >txixml2texi
chmod a+x txixml2texi
mv -f .deps/texindex.Tpo .deps/texindex.Po
gcc  -g -O2   -o texindex texindex.o ../gnulib/lib/libgnu.a  
make[2]: Leaving directory '/mnt/lfs/sources/texinfo-5.2/util'
Making all in doc
make[2]: Entering directory '/mnt/lfs/sources/texinfo-5.2/doc'
Making all in tp_api
make[3]: Entering directory '/mnt/lfs/sources/texinfo-5.2/doc/tp_api'
make  all-am
make[4]: Entering directory '/mnt/lfs/sources/texinfo-5.2/doc/tp_api'
make[4]: Nothing to be done for 'all-am'.
make[4]: Leaving directory '/mnt/lfs/sources/texinfo-5.2/doc/tp_api'
make[3]: Leaving directory '/mnt/lfs/sources/texinfo-5.2/doc/tp_api'
make[3]: Entering directory '/mnt/lfs/sources/texinfo-5.2/doc'
restore=: && backupdir=".am$$" && \
rm -rf $backupdir && mkdir $backupdir && \
if (/tools/bin/perl -I "../tp" -I "../tp/maintain/lib/libintl-perl/lib" -I "../tp/maintain/lib/Unicode-EastAsianWidth/lib" -I "../tp/maintain/lib/Text-Unidecode/lib" ../tp/texi2any --version) >/dev/null 2>&1; then \
  for f in texinfo.info texinfo.info-[0-9] texinfo.info-[0-9][0-9] texinfo.i[0-9] texinfo.i[0-9][0-9]; do \
    if test -f $f; then mv $f $backupdir; restore=mv; else :; fi; \
  done; \
else :; fi && \
if /tools/bin/perl -I "../tp" -I "../tp/maintain/lib/libintl-perl/lib" -I "../tp/maintain/lib/Unicode-EastAsianWidth/lib" -I "../tp/maintain/lib/Text-Unidecode/lib" ../tp/texi2any   -I . \
 -o texinfo.info `test -f 'texinfo.texi' || echo './'`texinfo.texi; \
then \
  rc=0; \
else \
  rc=$?; \
  $restore $backupdir/* `echo "./texinfo.info" | sed 's|[^/]*$||'`; \
fi; \
rm -rf $backupdir; exit $rc
restore=: && backupdir=".am$$" && \
rm -rf $backupdir && mkdir $backupdir && \
if (/tools/bin/perl -I "../tp" -I "../tp/maintain/lib/libintl-perl/lib" -I "../tp/maintain/lib/Unicode-EastAsianWidth/lib" -I "../tp/maintain/lib/Text-Unidecode/lib" ../tp/texi2any --version) >/dev/null 2>&1; then \
  for f in info-stnd.info info-stnd.info-[0-9] info-stnd.info-[0-9][0-9] info-stnd.i[0-9] info-stnd.i[0-9][0-9]; do \
    if test -f $f; then mv $f $backupdir; restore=mv; else :; fi; \
  done; \
else :; fi && \
if /tools/bin/perl -I "../tp" -I "../tp/maintain/lib/libintl-perl/lib" -I "../tp/maintain/lib/Unicode-EastAsianWidth/lib" -I "../tp/maintain/lib/Text-Unidecode/lib" ../tp/texi2any   -I . \
 -o info-stnd.info `test -f 'info-stnd.texi' || echo './'`info-stnd.texi; \
then \
  rc=0; \
else \
  rc=$?; \
  $restore $backupdir/* `echo "./info-stnd.info" | sed 's|[^/]*$||'`; \
fi; \
rm -rf $backupdir; exit $rc
restore=: && backupdir=".am$$" && \
rm -rf $backupdir && mkdir $backupdir && \
if (/tools/bin/perl -I "../tp" -I "../tp/maintain/lib/libintl-perl/lib" -I "../tp/maintain/lib/Unicode-EastAsianWidth/lib" -I "../tp/maintain/lib/Text-Unidecode/lib" ../tp/texi2any --version) >/dev/null 2>&1; then \
  for f in info.info info.info-[0-9] info.info-[0-9][0-9] info.i[0-9] info.i[0-9][0-9]; do \
    if test -f $f; then mv $f $backupdir; restore=mv; else :; fi; \
  done; \
else :; fi && \
if /tools/bin/perl -I "../tp" -I "../tp/maintain/lib/libintl-perl/lib" -I "../tp/maintain/lib/Unicode-EastAsianWidth/lib" -I "../tp/maintain/lib/Text-Unidecode/lib" ../tp/texi2any   -I . \
 -o info.info `test -f 'info.texi' || echo './'`info.texi; \
then \
  rc=0; \
else \
  rc=$?; \
  $restore $backupdir/* `echo "./info.info" | sed 's|[^/]*$||'`; \
fi; \
rm -rf $backupdir; exit $rc
make[3]: Leaving directory '/mnt/lfs/sources/texinfo-5.2/doc'
make[2]: Leaving directory '/mnt/lfs/sources/texinfo-5.2/doc'
Making all in man
make[2]: Entering directory '/mnt/lfs/sources/texinfo-5.2/man'
make[2]: Nothing to be done for 'all'.
make[2]: Leaving directory '/mnt/lfs/sources/texinfo-5.2/man'
make[2]: Entering directory '/mnt/lfs/sources/texinfo-5.2'
make[2]: Leaving directory '/mnt/lfs/sources/texinfo-5.2'
make[1]: Leaving directory '/mnt/lfs/sources/texinfo-5.2'
Making install in gnulib/lib
make[1]: Entering directory '/mnt/lfs/sources/texinfo-5.2/gnulib/lib'
make  install-recursive
make[2]: Entering directory '/mnt/lfs/sources/texinfo-5.2/gnulib/lib'
make[3]: Entering directory '/mnt/lfs/sources/texinfo-5.2/gnulib/lib'
make[4]: Entering directory '/mnt/lfs/sources/texinfo-5.2/gnulib/lib'
if test yes = no; then \
  case 'linux-gnu' in \
    darwin[56]*) \
      need_charset_alias=true ;; \
    darwin* | cygwin* | mingw* | pw32* | cegcc*) \
      need_charset_alias=false ;; \
    *) \
      need_charset_alias=true ;; \
  esac ; \
else \
  need_charset_alias=false ; \
fi ; \
if $need_charset_alias; then \
  /bin/sh /mnt/lfs/sources/texinfo-5.2/build-aux/install-sh -d /tools/lib ; \
fi ; \
if test -f /tools/lib/charset.alias; then \
  sed -f ref-add.sed /tools/lib/charset.alias > /tools/lib/charset.tmp ; \
  /tools/bin/install -c -m 644 /tools/lib/charset.tmp /tools/lib/charset.alias ; \
  rm -f /tools/lib/charset.tmp ; \
else \
  if $need_charset_alias; then \
    sed -f ref-add.sed charset.alias > /tools/lib/charset.tmp ; \
    /tools/bin/install -c -m 644 /tools/lib/charset.tmp /tools/lib/charset.alias ; \
    rm -f /tools/lib/charset.tmp ; \
  fi ; \
fi
make[4]: Nothing to be done for 'install-data-am'.
make[4]: Leaving directory '/mnt/lfs/sources/texinfo-5.2/gnulib/lib'
make[3]: Leaving directory '/mnt/lfs/sources/texinfo-5.2/gnulib/lib'
make[2]: Leaving directory '/mnt/lfs/sources/texinfo-5.2/gnulib/lib'
make[1]: Leaving directory '/mnt/lfs/sources/texinfo-5.2/gnulib/lib'
Making install in install-info
make[1]: Entering directory '/mnt/lfs/sources/texinfo-5.2/install-info'
Making install in tests
make[2]: Entering directory '/mnt/lfs/sources/texinfo-5.2/install-info/tests'
make[3]: Entering directory '/mnt/lfs/sources/texinfo-5.2/install-info/tests'
make[3]: Nothing to be done for 'install-exec-am'.
make[3]: Nothing to be done for 'install-data-am'.
make[3]: Leaving directory '/mnt/lfs/sources/texinfo-5.2/install-info/tests'
make[2]: Leaving directory '/mnt/lfs/sources/texinfo-5.2/install-info/tests'
make[2]: Entering directory '/mnt/lfs/sources/texinfo-5.2/install-info'
make[3]: Entering directory '/mnt/lfs/sources/texinfo-5.2/install-info'
 /tools/bin/mkdir -p '/tools/bin'
  /tools/bin/install -c ginstall-info '/tools/bin/./install-info'
make[3]: Nothing to be done for 'install-data-am'.
make[3]: Leaving directory '/mnt/lfs/sources/texinfo-5.2/install-info'
make[2]: Leaving directory '/mnt/lfs/sources/texinfo-5.2/install-info'
make[1]: Leaving directory '/mnt/lfs/sources/texinfo-5.2/install-info'
Making install in po
make[1]: Entering directory '/mnt/lfs/sources/texinfo-5.2/po'
installing cs.gmo as /tools/share/locale/cs/LC_MESSAGES/texinfo.mo
installing da.gmo as /tools/share/locale/da/LC_MESSAGES/texinfo.mo
installing de.gmo as /tools/share/locale/de/LC_MESSAGES/texinfo.mo
installing de_AT.gmo as /tools/share/locale/de_AT/LC_MESSAGES/texinfo.mo
installing eo.gmo as /tools/share/locale/eo/LC_MESSAGES/texinfo.mo
installing es.gmo as /tools/share/locale/es/LC_MESSAGES/texinfo.mo
installing fr.gmo as /tools/share/locale/fr/LC_MESSAGES/texinfo.mo
installing he.gmo as /tools/share/locale/he/LC_MESSAGES/texinfo.mo
installing hr.gmo as /tools/share/locale/hr/LC_MESSAGES/texinfo.mo
installing hu.gmo as /tools/share/locale/hu/LC_MESSAGES/texinfo.mo
installing id.gmo as /tools/share/locale/id/LC_MESSAGES/texinfo.mo
installing it.gmo as /tools/share/locale/it/LC_MESSAGES/texinfo.mo
installing ja.gmo as /tools/share/locale/ja/LC_MESSAGES/texinfo.mo
installing nb.gmo as /tools/share/locale/nb/LC_MESSAGES/texinfo.mo
installing nl.gmo as /tools/share/locale/nl/LC_MESSAGES/texinfo.mo
installing pl.gmo as /tools/share/locale/pl/LC_MESSAGES/texinfo.mo
installing ro.gmo as /tools/share/locale/ro/LC_MESSAGES/texinfo.mo
installing ru.gmo as /tools/share/locale/ru/LC_MESSAGES/texinfo.mo
installing rw.gmo as /tools/share/locale/rw/LC_MESSAGES/texinfo.mo
installing sl.gmo as /tools/share/locale/sl/LC_MESSAGES/texinfo.mo
installing sv.gmo as /tools/share/locale/sv/LC_MESSAGES/texinfo.mo
installing tr.gmo as /tools/share/locale/tr/LC_MESSAGES/texinfo.mo
installing uk.gmo as /tools/share/locale/uk/LC_MESSAGES/texinfo.mo
installing vi.gmo as /tools/share/locale/vi/LC_MESSAGES/texinfo.mo
installing zh_CN.gmo as /tools/share/locale/zh_CN/LC_MESSAGES/texinfo.mo
installing zh_TW.gmo as /tools/share/locale/zh_TW/LC_MESSAGES/texinfo.mo
if test "texinfo" = "gettext-tools"; then \
  /tools/bin/mkdir -p /tools/share/gettext/po; \
  for file in Makefile.in.in remove-potcdate.sin quot.sed boldquot.sed en@quot.header en@boldquot.header insert-header.sin Rules-quot   Makevars.template; do \
    /tools/bin/install -c -m 644 ./$file \
		    /tools/share/gettext/po/$file; \
  done; \
  for file in Makevars; do \
    rm -f /tools/share/gettext/po/$file; \
  done; \
else \
  : ; \
fi
make[1]: Leaving directory '/mnt/lfs/sources/texinfo-5.2/po'
Making install in po_document
make[1]: Entering directory '/mnt/lfs/sources/texinfo-5.2/po_document'
installing de.us-ascii.gmo as /tools/share/locale/de.us-ascii/LC_MESSAGES/texinfo_document.mo
installing eo.gmo as /tools/share/locale/eo/LC_MESSAGES/texinfo_document.mo
installing es.us-ascii.gmo as /tools/share/locale/es.us-ascii/LC_MESSAGES/texinfo_document.mo
installing fr.gmo as /tools/share/locale/fr/LC_MESSAGES/texinfo_document.mo
installing hu.gmo as /tools/share/locale/hu/LC_MESSAGES/texinfo_document.mo
installing it.gmo as /tools/share/locale/it/LC_MESSAGES/texinfo_document.mo
installing nl.gmo as /tools/share/locale/nl/LC_MESSAGES/texinfo_document.mo
installing no.us-ascii.gmo as /tools/share/locale/no.us-ascii/LC_MESSAGES/texinfo_document.mo
installing pl.gmo as /tools/share/locale/pl/LC_MESSAGES/texinfo_document.mo
installing pt_BR.us-ascii.gmo as /tools/share/locale/pt_BR.us-ascii/LC_MESSAGES/texinfo_document.mo
installing pt.us-ascii.gmo as /tools/share/locale/pt.us-ascii/LC_MESSAGES/texinfo_document.mo
if test "texinfo" = "gettext-tools"; then \
  /tools/bin/mkdir -p /tools/share/gettext/po; \
  for file in Makefile.in.in remove-potcdate.sin quot.sed boldquot.sed en@quot.header en@boldquot.header insert-header.sin Rules-quot   Makevars.template; do \
    /tools/bin/install -c -m 644 ./$file \
		    /tools/share/gettext/po/$file; \
  done; \
  for file in Makevars; do \
    rm -f /tools/share/gettext/po/$file; \
  done; \
else \
  : ; \
fi
make[1]: Leaving directory '/mnt/lfs/sources/texinfo-5.2/po_document'
Making install in tp
make[1]: Entering directory '/mnt/lfs/sources/texinfo-5.2/tp'
Making install in .
make[2]: Entering directory '/mnt/lfs/sources/texinfo-5.2/tp'
/tools/bin/install -c -m 644 ./t/include_reference/f--ile.txt t/include_dir/f--ile.txt
/tools/bin/install -c -m 644 ./t/include_reference/incl-incl.txi t/include_dir/incl-incl.txi
/tools/bin/install -c -m 644 ./t/include_reference/macro_included.texi t/include_dir/macro_included.texi
make[3]: Entering directory '/mnt/lfs/sources/texinfo-5.2/tp'
 /tools/bin/mkdir -p '/tools/bin'
 /tools/bin/install -c texi2any '/tools/bin'
make  install-exec-hook
make[4]: Entering directory '/mnt/lfs/sources/texinfo-5.2/tp'
rm -f /tools/bin/makeinfo
ln -s texi2any /tools/bin/makeinfo
make[4]: Leaving directory '/mnt/lfs/sources/texinfo-5.2/tp'
if test no != 'yes' ; then \
  /tools/bin/mkdir -p /tools/share/texinfo/lib/libintl-perl/lib/Locale/Recode \
    /tools/share/texinfo/lib/libintl-perl/lib/Locale/RecodeData; \
  /tools/bin/install -c -m 644 ./maintain/lib/libintl-perl/lib/Locale/*.pm \
    /tools/share/texinfo/lib/libintl-perl/lib/Locale; \
  /tools/bin/install -c -m 644 ./maintain/lib/libintl-perl/lib/Locale/Recode/*.pm \
    /tools/share/texinfo/lib/libintl-perl/lib/Locale/Recode; \
  /tools/bin/install -c -m 644 ./maintain/lib/libintl-perl/lib/Locale/RecodeData/*.pm \
    /tools/share/texinfo/lib/libintl-perl/lib/Locale/RecodeData; \
fi
if test no != 'yes' ; then \
  /tools/bin/mkdir -p /tools/share/texinfo/lib/Unicode-EastAsianWidth/lib/Unicode; \
  /tools/bin/install -c -m 644 ./maintain/lib/Unicode-EastAsianWidth/lib/Unicode/EastAsianWidth.pm \
   /tools/share/texinfo/lib/Unicode-EastAsianWidth/lib/Unicode; \
fi
if test no != 'yes' ; then \
  /tools/bin/mkdir -p /tools/share/texinfo/lib/Text-Unidecode/lib/Text/Unidecode; \
  /tools/bin/install -c -m 644 ./maintain/lib/Text-Unidecode/lib/Text/Unidecode.pm \
    /tools/share/texinfo/lib/Text-Unidecode/lib/Text; \
  /tools/bin/install -c -m 644 ./maintain/lib/Text-Unidecode/lib/Text/Unidecode/*.pm \
    /tools/share/texinfo/lib/Text-Unidecode/lib/Text/Unidecode; \
fi
 /tools/bin/mkdir -p '/tools/share/texinfo/Texinfo/Convert'
 /tools/bin/install -c -m 644 Texinfo/Convert/Converter.pm Texinfo/Convert/DocBook.pm Texinfo/Convert/HTML.pm Texinfo/Convert/IXIN.pm Texinfo/Convert/IXINSXML.pm Texinfo/Convert/Info.pm Texinfo/Convert/Line.pm Texinfo/Convert/NodeNameNormalization.pm Texinfo/Convert/Paragraph.pm Texinfo/Convert/PlainTexinfo.pm Texinfo/Convert/Plaintext.pm Texinfo/Convert/Texinfo.pm Texinfo/Convert/TexinfoSXML.pm Texinfo/Convert/TexinfoXML.pm Texinfo/Convert/Text.pm Texinfo/Convert/TextContent.pm Texinfo/Convert/UnFilled.pm Texinfo/Convert/Unicode.pm '/tools/share/texinfo/Texinfo/Convert'
 /tools/bin/mkdir -p '/tools/share/texinfo/DebugTexinfo'
 /tools/bin/install -c -m 644 DebugTexinfo/DebugCount.pm DebugTexinfo/DebugTree.pm '/tools/share/texinfo/DebugTexinfo'
 /tools/bin/mkdir -p '/tools/share/texinfo/init'
 /tools/bin/install -c -m 644 init/book.pm init/chm.pm init/html32.pm init/tex4ht.pm init/latex2html.pm '/tools/share/texinfo/init'
 /tools/bin/mkdir -p '/tools/share/texinfo/Texinfo'
 /tools/bin/install -c -m 644 Texinfo/Parser.pm Texinfo/Report.pm Texinfo/Common.pm Texinfo/Encoding.pm Texinfo/Structuring.pm Texinfo/Documentlanguages.pm '/tools/share/texinfo/Texinfo'
make[3]: Leaving directory '/mnt/lfs/sources/texinfo-5.2/tp'
make[2]: Leaving directory '/mnt/lfs/sources/texinfo-5.2/tp'
Making install in tests
make[2]: Entering directory '/mnt/lfs/sources/texinfo-5.2/tp/tests'
Making install in .
make[3]: Entering directory '/mnt/lfs/sources/texinfo-5.2/tp/tests'
make[4]: Entering directory '/mnt/lfs/sources/texinfo-5.2/tp/tests'
make[4]: Nothing to be done for 'install-exec-am'.
make[4]: Nothing to be done for 'install-data-am'.
make[4]: Leaving directory '/mnt/lfs/sources/texinfo-5.2/tp/tests'
make[3]: Leaving directory '/mnt/lfs/sources/texinfo-5.2/tp/tests'
Making install in many_input_files
make[3]: Entering directory '/mnt/lfs/sources/texinfo-5.2/tp/tests/many_input_files'
make[4]: Entering directory '/mnt/lfs/sources/texinfo-5.2/tp/tests/many_input_files'
make[4]: Nothing to be done for 'install-exec-am'.
make[4]: Nothing to be done for 'install-data-am'.
make[4]: Leaving directory '/mnt/lfs/sources/texinfo-5.2/tp/tests/many_input_files'
make[3]: Leaving directory '/mnt/lfs/sources/texinfo-5.2/tp/tests/many_input_files'
make[2]: Leaving directory '/mnt/lfs/sources/texinfo-5.2/tp/tests'
make[1]: Leaving directory '/mnt/lfs/sources/texinfo-5.2/tp'
Making install in Pod-Simple-Texinfo
make[1]: Entering directory '/mnt/lfs/sources/texinfo-5.2/Pod-Simple-Texinfo'
make[2]: Entering directory '/mnt/lfs/sources/texinfo-5.2/Pod-Simple-Texinfo'
 /tools/bin/mkdir -p '/tools/bin'
 /tools/bin/install -c pod2texi '/tools/bin'
 /tools/bin/mkdir -p '/tools/share/texinfo/Pod-Simple-Texinfo/Pod/Simple/'
 /tools/bin/install -c -m 644 lib/Pod/Simple/Texinfo.pm '/tools/share/texinfo/Pod-Simple-Texinfo/Pod/Simple/'
make[2]: Leaving directory '/mnt/lfs/sources/texinfo-5.2/Pod-Simple-Texinfo'
make[1]: Leaving directory '/mnt/lfs/sources/texinfo-5.2/Pod-Simple-Texinfo'
Making install in util
make[1]: Entering directory '/mnt/lfs/sources/texinfo-5.2/util'
make[2]: Entering directory '/mnt/lfs/sources/texinfo-5.2/util'
 /tools/bin/mkdir -p '/tools/bin'
  /tools/bin/install -c texindex '/tools/bin'
 /tools/bin/mkdir -p '/tools/bin'
 /tools/bin/install -c texi2dvi texi2pdf pdftexi2dvi '/tools/bin'
 /tools/bin/mkdir -p '/tools/share/texinfo'
 /tools/bin/install -c -m 644 htmlxref.cnf texinfo.dtd '/tools/share/texinfo'
make[2]: Leaving directory '/mnt/lfs/sources/texinfo-5.2/util'
make[1]: Leaving directory '/mnt/lfs/sources/texinfo-5.2/util'
Making install in doc
make[1]: Entering directory '/mnt/lfs/sources/texinfo-5.2/doc'
Making install in tp_api
make[2]: Entering directory '/mnt/lfs/sources/texinfo-5.2/doc/tp_api'
make  install-am
make[3]: Entering directory '/mnt/lfs/sources/texinfo-5.2/doc/tp_api'
make[4]: Entering directory '/mnt/lfs/sources/texinfo-5.2/doc/tp_api'
make[4]: Nothing to be done for 'install-exec-am'.
make[4]: Nothing to be done for 'install-data-am'.
make[4]: Leaving directory '/mnt/lfs/sources/texinfo-5.2/doc/tp_api'
make[3]: Leaving directory '/mnt/lfs/sources/texinfo-5.2/doc/tp_api'
make[2]: Leaving directory '/mnt/lfs/sources/texinfo-5.2/doc/tp_api'
make[2]: Entering directory '/mnt/lfs/sources/texinfo-5.2/doc'
make[3]: Entering directory '/mnt/lfs/sources/texinfo-5.2/doc'
make[3]: Nothing to be done for 'install-exec-am'.

WARNING: If your texmf tree does not already contain
         up-to-date versions, you must install
             texinfo.tex and txi-??.tex manually,
         perhaps in TEXMF/tex/texinfo/,
         where TEXMF is a root of your TeX tree.
         See doc/README for some considerations.
         You can run make TEXMF=/your/texmf install-tex to do this.

         You may also need to install epsf.tex in
         TEXMF/tex/generic/dvips, if your TeX
         installation did not include it.
 /tools/bin/mkdir -p '/tools/share/info'
 /tools/bin/install -c -m 644 ./texinfo.info ./texinfo.info-1 ./texinfo.info-2 ./texinfo.info-3 ./info-stnd.info ./info.info '/tools/share/info'
 install-info --info-dir='/tools/share/info' '/tools/share/info/texinfo.info'
 install-info --info-dir='/tools/share/info' '/tools/share/info/info-stnd.info'
 install-info --info-dir='/tools/share/info' '/tools/share/info/info.info'
make[3]: Leaving directory '/mnt/lfs/sources/texinfo-5.2/doc'
make[2]: Leaving directory '/mnt/lfs/sources/texinfo-5.2/doc'
make[1]: Leaving directory '/mnt/lfs/sources/texinfo-5.2/doc'
Making install in man
make[1]: Entering directory '/mnt/lfs/sources/texinfo-5.2/man'
make[2]: Entering directory '/mnt/lfs/sources/texinfo-5.2/man'
make[2]: Nothing to be done for 'install-exec-am'.
 /tools/bin/mkdir -p '/tools/share/man/man1'
 /tools/bin/install -c -m 644 install-info.1 makeinfo.1 texindex.1 texi2dvi.1 pod2texi.1 texi2any.1 texi2pdf.1 pdftexi2dvi.1 '/tools/share/man/man1'
 /tools/bin/mkdir -p '/tools/share/man/man5'
 /tools/bin/install -c -m 644 info.5 texinfo.5 '/tools/share/man/man5'
make[2]: Leaving directory '/mnt/lfs/sources/texinfo-5.2/man'
make[1]: Leaving directory '/mnt/lfs/sources/texinfo-5.2/man'
make[1]: Entering directory '/mnt/lfs/sources/texinfo-5.2'
make[2]: Entering directory '/mnt/lfs/sources/texinfo-5.2'
make[2]: Nothing to be done for 'install-exec-am'.
make[2]: Nothing to be done for 'install-data-am'.
make[2]: Leaving directory '/mnt/lfs/sources/texinfo-5.2'
make[1]: Leaving directory '/mnt/lfs/sources/texinfo-5.2'

real	0m30.251s
user	0m21.783s
sys	0m3.109s
