A    lfs-6.4/make-aux-files.sh
A    lfs-6.4/obfuscate.sh
A    lfs-6.4/chapter01
A    lfs-6.4/chapter01/whatsnew.xml
A    lfs-6.4/chapter01/livecd.xml
A    lfs-6.4/chapter01/changelog.xml
A    lfs-6.4/chapter01/chapter01.xml
A    lfs-6.4/chapter01/resources.xml
A    lfs-6.4/chapter01/how.xml
A    lfs-6.4/chapter01/askforhelp.xml
A    lfs-6.4/chapter02
A    lfs-6.4/chapter02/mounting.xml
A    lfs-6.4/chapter02/creatingfilesystem.xml
A    lfs-6.4/chapter02/introduction.xml
A    lfs-6.4/chapter02/creatingpartition.xml
A    lfs-6.4/chapter02/chapter02.xml
A    lfs-6.4/chapter03
A    lfs-6.4/chapter03/introduction.xml
A    lfs-6.4/chapter03/patches.xml
A    lfs-6.4/chapter03/chapter03.xml
A    lfs-6.4/chapter03/packages.xml
A    lfs-6.4/chapter04
A    lfs-6.4/chapter04/addinguser.xml
A    lfs-6.4/chapter04/aboutsbus.xml
A    lfs-6.4/chapter04/abouttestsuites.xml
A    lfs-6.4/chapter04/chapter04.xml
A    lfs-6.4/chapter04/creatingtoolsdir.xml
A    lfs-6.4/chapter04/settingenviron.xml
A    lfs-6.4/chapter04/aboutlfs.xml
A    lfs-6.4/aux-file-data.sh
A    lfs-6.4/chapter05
A    lfs-6.4/chapter05/introduction.xml
A    lfs-6.4/chapter05/tcl.xml
A    lfs-6.4/chapter05/gmp.xml
A    lfs-6.4/chapter05/gettext.xml
A    lfs-6.4/chapter05/bzip2.xml
A    lfs-6.4/chapter05/tar.xml
A    lfs-6.4/chapter05/adjusting.xml
A    lfs-6.4/chapter05/changingowner.xml
A    lfs-6.4/chapter05/diffutils.xml
A    lfs-6.4/chapter05/gawk.xml
A    lfs-6.4/chapter05/chapter05.xml
A    lfs-6.4/chapter05/grep.xml
A    lfs-6.4/chapter05/findutils.xml
A    lfs-6.4/chapter05/perl.xml
A    lfs-6.4/chapter05/generalinstructions.xml
A    lfs-6.4/chapter05/linux-headers.xml
A    lfs-6.4/chapter05/gzip.xml
A    lfs-6.4/chapter05/texinfo.xml
A    lfs-6.4/chapter05/bash.xml
A    lfs-6.4/chapter05/stripping.xml
A    lfs-6.4/chapter05/m4.xml
A    lfs-6.4/chapter05/glibc.xml
A    lfs-6.4/chapter05/gcc-pass1.xml
A    lfs-6.4/chapter05/ncurses.xml
A    lfs-6.4/chapter05/gcc-pass2.xml
A    lfs-6.4/chapter05/expect.xml
A    lfs-6.4/chapter05/toolchaintechnotes.xml
A    lfs-6.4/chapter05/flex.xml
A    lfs-6.4/chapter05/patch.xml
A    lfs-6.4/chapter05/mpfr.xml
A    lfs-6.4/chapter05/coreutils.xml
A    lfs-6.4/chapter05/bison.xml
A    lfs-6.4/chapter05/e2fsprogs.xml
A    lfs-6.4/chapter05/sed.xml
A    lfs-6.4/chapter05/util-linux-ng.xml
A    lfs-6.4/chapter05/make.xml
A    lfs-6.4/chapter05/dejagnu.xml
A    lfs-6.4/chapter05/binutils-pass1.xml
A    lfs-6.4/chapter05/binutils-pass2.xml
A    lfs-6.4/chapter06
A    lfs-6.4/chapter06/inetutils.xml
A    lfs-6.4/chapter06/revisedchroot.xml
A    lfs-6.4/chapter06/introduction.xml
A    lfs-6.4/chapter06/aboutdebug.xml
A    lfs-6.4/chapter06/gmp.xml
A    lfs-6.4/chapter06/readline.xml
A    lfs-6.4/chapter06/gettext.xml
A    lfs-6.4/chapter06/module-init-tools.xml
A    lfs-6.4/chapter06/shadow.xml
A    lfs-6.4/chapter06/bzip2.xml
A    lfs-6.4/chapter06/tar.xml
A    lfs-6.4/chapter06/kernfs.xml
A    lfs-6.4/chapter06/gawk.xml
A    lfs-6.4/chapter06/binutils.xml
A    lfs-6.4/chapter06/diffutils.xml
A    lfs-6.4/chapter06/vim.xml
A    lfs-6.4/chapter06/chapter06.xml
A    lfs-6.4/chapter06/grep.xml
A    lfs-6.4/chapter06/grub.xml
A    lfs-6.4/chapter06/kbd.xml
A    lfs-6.4/chapter06/findutils.xml
A    lfs-6.4/chapter06/perl.xml
A    lfs-6.4/chapter06/udev.xml
A    lfs-6.4/chapter06/libtool.xml
A    lfs-6.4/chapter06/automake.xml
A    lfs-6.4/chapter06/procps.xml
A    lfs-6.4/chapter06/linux-headers.xml
A    lfs-6.4/chapter06/man-pages.xml
A    lfs-6.4/chapter06/gzip.xml
A    lfs-6.4/chapter06/texinfo.xml
A    lfs-6.4/chapter06/bash.xml
A    lfs-6.4/chapter06/creatingdirs.xml
A    lfs-6.4/chapter06/strippingagain.xml
A    lfs-6.4/chapter06/glibc.xml
A    lfs-6.4/chapter06/m4.xml
A    lfs-6.4/chapter06/iana-etc.xml
A    lfs-6.4/chapter06/ncurses.xml
A    lfs-6.4/chapter06/db.xml
A    lfs-6.4/chapter06/createfiles.xml
A    lfs-6.4/chapter06/sysvinit.xml
A    lfs-6.4/chapter06/pkgmgt.xml
A    lfs-6.4/chapter06/gcc.xml
A    lfs-6.4/chapter06/flex.xml
A    lfs-6.4/chapter06/chroot.xml
A    lfs-6.4/chapter06/man-db.xml
A    lfs-6.4/chapter06/psmisc.xml
A    lfs-6.4/chapter06/patch.xml
A    lfs-6.4/chapter06/sysklogd.xml
A    lfs-6.4/chapter06/zlib.xml
A    lfs-6.4/chapter06/groff.xml
A    lfs-6.4/chapter06/mpfr.xml
A    lfs-6.4/chapter06/less.xml
A    lfs-6.4/chapter06/iproute2.xml
A    lfs-6.4/chapter06/coreutils.xml
A    lfs-6.4/chapter06/bison.xml
A    lfs-6.4/chapter06/e2fsprogs.xml
A    lfs-6.4/chapter06/sed.xml
A    lfs-6.4/chapter06/util-linux-ng.xml
A    lfs-6.4/chapter06/make.xml
A    lfs-6.4/chapter06/autoconf.xml
A    lfs-6.4/chapter06/file.xml
A    lfs-6.4/chapter06/readjusting.xml
A    lfs-6.4/prologue
A    lfs-6.4/prologue/dedication.xml
A    lfs-6.4/prologue/organization.xml
A    lfs-6.4/prologue/prerequisites.xml
A    lfs-6.4/prologue/preface.xml
A    lfs-6.4/prologue/bookinfo.xml
A    lfs-6.4/prologue/typography.xml
A    lfs-6.4/prologue/foreword.xml
A    lfs-6.4/prologue/hostreqs.xml
A    lfs-6.4/prologue/audience.xml
A    lfs-6.4/prologue/errata.xml
A    lfs-6.4/chapter07
A    lfs-6.4/chapter07/hosts.xml
A    lfs-6.4/chapter07/profile.xml
A    lfs-6.4/chapter07/introduction.xml
A    lfs-6.4/chapter07/console.xml
A    lfs-6.4/chapter07/udev.xml
A    lfs-6.4/chapter07/inputrc.xml
A    lfs-6.4/chapter07/usage.xml
A    lfs-6.4/chapter07/setclock.xml
A    lfs-6.4/chapter07/network.xml
A    lfs-6.4/chapter07/symlinks.xml
A    lfs-6.4/chapter07/bootscripts.xml
A    lfs-6.4/chapter07/chapter07.xml
A    lfs-6.4/chapter07/hostname.xml
A    lfs-6.4/chapter07/sysklogd.xml
A    lfs-6.4/README
A    lfs-6.4/tidy.conf
A    lfs-6.4/chapter08
A    lfs-6.4/chapter08/kernel.xml
A    lfs-6.4/chapter08/introduction.xml
A    lfs-6.4/chapter08/chapter08.xml
A    lfs-6.4/chapter08/fstab.xml
A    lfs-6.4/chapter08/grub.xml
A    lfs-6.4/chapter09
A    lfs-6.4/chapter09/getcounted.xml
A    lfs-6.4/chapter09/theend.xml
A    lfs-6.4/chapter09/whatnow.xml
A    lfs-6.4/chapter09/reboot.xml
A    lfs-6.4/chapter09/chapter09.xml
A    lfs-6.4/general.ent
A    lfs-6.4/packages.ent
A    lfs-6.4/images
A    lfs-6.4/images/tip.png
A    lfs-6.4/images/important.png
A    lfs-6.4/images/caution.png
A    lfs-6.4/images/note.png
A    lfs-6.4/images/warning.png
A    lfs-6.4/INSTALL
A    lfs-6.4/index.xml
A    lfs-6.4/udev-config
A    lfs-6.4/udev-config/contrib
A    lfs-6.4/udev-config/contrib/debian
A    lfs-6.4/udev-config/contrib/debian/write_cd_aliases
A    lfs-6.4/udev-config/contrib/debian/81-cdrom.rules
A    lfs-6.4/udev-config/contrib/debian/83-cdrom-symlinks.rules
A    lfs-6.4/udev-config/61-cdrom.rules
A    lfs-6.4/udev-config/55-lfs.rules
A    lfs-6.4/udev-config/doc
A    lfs-6.4/udev-config/doc/95-udev-late.txt
A    lfs-6.4/udev-config/doc/80-drivers.txt
A    lfs-6.4/udev-config/doc/60-persistent-storage.txt
A    lfs-6.4/udev-config/doc/61-cdrom.txt
A    lfs-6.4/udev-config/doc/55-lfs.txt
A    lfs-6.4/udev-config/doc/05-udev-early.txt
A    lfs-6.4/udev-config/doc/README
A    lfs-6.4/udev-config/doc/60-persistent-input.txt
A    lfs-6.4/udev-config/ChangeLog
A    lfs-6.4/udev-config/Makefile
A    lfs-6.4/bootscripts
A    lfs-6.4/bootscripts/contrib
A    lfs-6.4/bootscripts/contrib/lsb
A    lfs-6.4/bootscripts/contrib/lsb/lib
A    lfs-6.4/bootscripts/contrib/lsb/lib/init-functions
A    lfs-6.4/bootscripts/contrib/lsb/Makefile
A    lfs-6.4/bootscripts/contrib/sysconfig
A    lfs-6.4/bootscripts/contrib/sysconfig/network-devices
A    lfs-6.4/bootscripts/contrib/sysconfig/network-devices/services
A    lfs-6.4/bootscripts/contrib/sysconfig/network-devices/services/mtu
A    lfs-6.4/bootscripts/contrib/lsb-v3
A    lfs-6.4/bootscripts/contrib/lsb-v3/lsb
A    lfs-6.4/bootscripts/contrib/lsb-v3/lsb/init-functions
A    lfs-6.4/bootscripts/contrib/lsb-v3/lsb/manage-functions
A    lfs-6.4/bootscripts/contrib/lsb-v3/sysconfig
A    lfs-6.4/bootscripts/contrib/lsb-v3/sysconfig/rc
A    lfs-6.4/bootscripts/contrib/lsb-v3/sysconfig/createfiles
A    lfs-6.4/bootscripts/contrib/lsb-v3/sysconfig/rc.site
A    lfs-6.4/bootscripts/contrib/lsb-v3/sysconfig/modules
A    lfs-6.4/bootscripts/contrib/lsb-v3/sysconfig/network-devices
A    lfs-6.4/bootscripts/contrib/lsb-v3/sysconfig/network-devices/ifup
A    lfs-6.4/bootscripts/contrib/lsb-v3/sysconfig/network-devices/services
A    lfs-6.4/bootscripts/contrib/lsb-v3/sysconfig/network-devices/services/ipv4-static-route
A    lfs-6.4/bootscripts/contrib/lsb-v3/sysconfig/network-devices/services/ipv4-static
A    lfs-6.4/bootscripts/contrib/lsb-v3/sysconfig/network-devices/ifdown
A    lfs-6.4/bootscripts/contrib/lsb-v3/init.d
A    lfs-6.4/bootscripts/contrib/lsb-v3/init.d/sysctl
A    lfs-6.4/bootscripts/contrib/lsb-v3/init.d/halt
A    lfs-6.4/bootscripts/contrib/lsb-v3/init.d/udev_retry
A    lfs-6.4/bootscripts/contrib/lsb-v3/init.d/network
A    lfs-6.4/bootscripts/contrib/lsb-v3/init.d/reboot
A    lfs-6.4/bootscripts/contrib/lsb-v3/init.d/lfs-functions
A    lfs-6.4/bootscripts/contrib/lsb-v3/init.d/mountfs
A    lfs-6.4/bootscripts/contrib/lsb-v3/init.d/sysklogd
A    lfs-6.4/bootscripts/contrib/lsb-v3/init.d/localnet
A    lfs-6.4/bootscripts/contrib/lsb-v3/init.d/console
A    lfs-6.4/bootscripts/contrib/lsb-v3/init.d/udev
A    lfs-6.4/bootscripts/contrib/lsb-v3/init.d/rc
A    lfs-6.4/bootscripts/contrib/lsb-v3/init.d/checkfs
A    lfs-6.4/bootscripts/contrib/lsb-v3/init.d/setclock
A    lfs-6.4/bootscripts/contrib/lsb-v3/init.d/modules
A    lfs-6.4/bootscripts/contrib/lsb-v3/init.d/swap
A    lfs-6.4/bootscripts/contrib/lsb-v3/init.d/sendsignals
A    lfs-6.4/bootscripts/contrib/lsb-v3/init.d/mountkernfs
A    lfs-6.4/bootscripts/contrib/lsb-v3/init.d/cleanfs
A    lfs-6.4/bootscripts/contrib/lsb-v3/init.d/template
A    lfs-6.4/bootscripts/contrib/lsb-v3/INSTALL
A    lfs-6.4/bootscripts/contrib/lsb-v3/ChangeLog
A    lfs-6.4/bootscripts/contrib/lsb-v3/etc
A    lfs-6.4/bootscripts/contrib/lsb-v3/etc/lsb-config
A    lfs-6.4/bootscripts/contrib/lsb-v3/etc/inittab
A    lfs-6.4/bootscripts/contrib/lsb-v3/Makefile
A    lfs-6.4/bootscripts/contrib/lsb-v3/README
A    lfs-6.4/bootscripts/LICENSE
A    lfs-6.4/bootscripts/lfs
A    lfs-6.4/bootscripts/lfs/sysconfig
A    lfs-6.4/bootscripts/lfs/sysconfig/rc
A    lfs-6.4/bootscripts/lfs/sysconfig/createfiles
A    lfs-6.4/bootscripts/lfs/sysconfig/modules
A    lfs-6.4/bootscripts/lfs/sysconfig/network-devices
A    lfs-6.4/bootscripts/lfs/sysconfig/network-devices/ifup
A    lfs-6.4/bootscripts/lfs/sysconfig/network-devices/services
A    lfs-6.4/bootscripts/lfs/sysconfig/network-devices/services/ipv4-static-route
A    lfs-6.4/bootscripts/lfs/sysconfig/network-devices/services/ipv4-static
A    lfs-6.4/bootscripts/lfs/sysconfig/network-devices/ifdown
A    lfs-6.4/bootscripts/lfs/init.d
A    lfs-6.4/bootscripts/lfs/init.d/sysctl
A    lfs-6.4/bootscripts/lfs/init.d/halt
A    lfs-6.4/bootscripts/lfs/init.d/udev_retry
A    lfs-6.4/bootscripts/lfs/init.d/network
A    lfs-6.4/bootscripts/lfs/init.d/reboot
A    lfs-6.4/bootscripts/lfs/init.d/mountfs
A    lfs-6.4/bootscripts/lfs/init.d/sysklogd
A    lfs-6.4/bootscripts/lfs/init.d/localnet
A    lfs-6.4/bootscripts/lfs/init.d/console
A    lfs-6.4/bootscripts/lfs/init.d/udev
A    lfs-6.4/bootscripts/lfs/init.d/rc
A    lfs-6.4/bootscripts/lfs/init.d/consolelog
A    lfs-6.4/bootscripts/lfs/init.d/checkfs
A    lfs-6.4/bootscripts/lfs/init.d/setclock
A    lfs-6.4/bootscripts/lfs/init.d/modules
A    lfs-6.4/bootscripts/lfs/init.d/functions
A    lfs-6.4/bootscripts/lfs/init.d/swap
A    lfs-6.4/bootscripts/lfs/init.d/sendsignals
A    lfs-6.4/bootscripts/lfs/init.d/mountkernfs
A    lfs-6.4/bootscripts/lfs/init.d/cleanfs
A    lfs-6.4/bootscripts/lfs/init.d/template
A    lfs-6.4/bootscripts/ChangeLog
A    lfs-6.4/bootscripts/Makefile
A    lfs-6.4/bootscripts/README
A    lfs-6.4/appendices
A    lfs-6.4/appendices/license.xml
A    lfs-6.4/appendices/acronymlist.xml
A    lfs-6.4/appendices/acknowledgments.xml
A    lfs-6.4/appendices/dependencies.xml
A    lfs-6.4/appendices/creat-comm.xml
A    lfs-6.4/appendices/scripts.xml
A    lfs-6.4/appendices/udev-rules.xml
A    lfs-6.4/appendices/mit-lic.xml
A    lfs-6.4/patches.ent
A    lfs-6.4/process-scripts.sh
A    lfs-6.4/stylesheets
A    lfs-6.4/stylesheets/lfs-nochunks.xsl
A    lfs-6.4/stylesheets/lfs-pdf.xsl
A    lfs-6.4/stylesheets/wget-list.xsl
A    lfs-6.4/stylesheets/lfs-chunked.xsl
A    lfs-6.4/stylesheets/lfs-xsl
A    lfs-6.4/stylesheets/lfs-xsl/docbook-xsl-snapshot
A    lfs-6.4/stylesheets/lfs-xsl/docbook-xsl-snapshot/fo
A    lfs-6.4/stylesheets/lfs-xsl/docbook-xsl-snapshot/fo/titlepage.templates.xsl
A    lfs-6.4/stylesheets/lfs-xsl/docbook-xsl-snapshot/fo/inline.xsl
A    lfs-6.4/stylesheets/lfs-xsl/docbook-xsl-snapshot/fo/autotoc.xsl
A    lfs-6.4/stylesheets/lfs-xsl/docbook-xsl-snapshot/fo/profile-docbook.xsl
A    lfs-6.4/stylesheets/lfs-xsl/docbook-xsl-snapshot/fo/spaces.xsl
A    lfs-6.4/stylesheets/lfs-xsl/docbook-xsl-snapshot/fo/formal.xsl
A    lfs-6.4/stylesheets/lfs-xsl/docbook-xsl-snapshot/fo/docbook.xsl
A    lfs-6.4/stylesheets/lfs-xsl/docbook-xsl-snapshot/fo/fop.xsl
A    lfs-6.4/stylesheets/lfs-xsl/docbook-xsl-snapshot/fo/division.xsl
A    lfs-6.4/stylesheets/lfs-xsl/docbook-xsl-snapshot/fo/toc.xsl
A    lfs-6.4/stylesheets/lfs-xsl/docbook-xsl-snapshot/fo/autoidx-kosek.xsl
A    lfs-6.4/stylesheets/lfs-xsl/docbook-xsl-snapshot/fo/biblio-iso690.xsl
A    lfs-6.4/stylesheets/lfs-xsl/docbook-xsl-snapshot/fo/table.xsl
A    lfs-6.4/stylesheets/lfs-xsl/docbook-xsl-snapshot/fo/block.xsl
A    lfs-6.4/stylesheets/lfs-xsl/docbook-xsl-snapshot/fo/xep.xsl
A    lfs-6.4/stylesheets/lfs-xsl/docbook-xsl-snapshot/fo/fo-rtf.xsl
A    lfs-6.4/stylesheets/lfs-xsl/docbook-xsl-snapshot/fo/admon.xsl
A    lfs-6.4/stylesheets/lfs-xsl/docbook-xsl-snapshot/fo/refentry.xsl
A    lfs-6.4/stylesheets/lfs-xsl/docbook-xsl-snapshot/fo/graphics.xsl
A    lfs-6.4/stylesheets/lfs-xsl/docbook-xsl-snapshot/fo/qandaset.xsl
A    lfs-6.4/stylesheets/lfs-xsl/docbook-xsl-snapshot/fo/component.xsl
A    lfs-6.4/stylesheets/lfs-xsl/docbook-xsl-snapshot/fo/callout.xsl
A    lfs-6.4/stylesheets/lfs-xsl/docbook-xsl-snapshot/fo/fop1.xsl
A    lfs-6.4/stylesheets/lfs-xsl/docbook-xsl-snapshot/fo/htmltbl.xsl
A    lfs-6.4/stylesheets/lfs-xsl/docbook-xsl-snapshot/fo/index.xsl
A    lfs-6.4/stylesheets/lfs-xsl/docbook-xsl-snapshot/fo/highlight.xsl
A    lfs-6.4/stylesheets/lfs-xsl/docbook-xsl-snapshot/fo/synop.xsl
A    lfs-6.4/stylesheets/lfs-xsl/docbook-xsl-snapshot/fo/ebnf.xsl
A    lfs-6.4/stylesheets/lfs-xsl/docbook-xsl-snapshot/fo/autoidx.xsl
A    lfs-6.4/stylesheets/lfs-xsl/docbook-xsl-snapshot/fo/axf.xsl
A    lfs-6.4/stylesheets/lfs-xsl/docbook-xsl-snapshot/fo/pdf2index
A    lfs-6.4/stylesheets/lfs-xsl/docbook-xsl-snapshot/fo/titlepage.xsl
A    lfs-6.4/stylesheets/lfs-xsl/docbook-xsl-snapshot/fo/autoidx-ng.xsl
A    lfs-6.4/stylesheets/lfs-xsl/docbook-xsl-snapshot/fo/autoidx-kimber.xsl
A    lfs-6.4/stylesheets/lfs-xsl/docbook-xsl-snapshot/fo/ptc.xsl
A    lfs-6.4/stylesheets/lfs-xsl/docbook-xsl-snapshot/fo/sections.xsl
A    lfs-6.4/stylesheets/lfs-xsl/docbook-xsl-snapshot/fo/math.xsl
A    lfs-6.4/stylesheets/lfs-xsl/docbook-xsl-snapshot/fo/info.xsl
A    lfs-6.4/stylesheets/lfs-xsl/docbook-xsl-snapshot/fo/passivetex.xsl
A    lfs-6.4/stylesheets/lfs-xsl/docbook-xsl-snapshot/fo/footnote.xsl
A    lfs-6.4/stylesheets/lfs-xsl/docbook-xsl-snapshot/fo/annotations.xsl
A    lfs-6.4/stylesheets/lfs-xsl/docbook-xsl-snapshot/fo/pagesetup.xsl
A    lfs-6.4/stylesheets/lfs-xsl/docbook-xsl-snapshot/fo/lists.xsl
A    lfs-6.4/stylesheets/lfs-xsl/docbook-xsl-snapshot/fo/biblio.xsl
A    lfs-6.4/stylesheets/lfs-xsl/docbook-xsl-snapshot/fo/param.xsl
A    lfs-6.4/stylesheets/lfs-xsl/docbook-xsl-snapshot/fo/task.xsl
A    lfs-6.4/stylesheets/lfs-xsl/docbook-xsl-snapshot/fo/glossary.xsl
A    lfs-6.4/stylesheets/lfs-xsl/docbook-xsl-snapshot/fo/fo.xsl
A    lfs-6.4/stylesheets/lfs-xsl/docbook-xsl-snapshot/fo/xref.xsl
A    lfs-6.4/stylesheets/lfs-xsl/docbook-xsl-snapshot/fo/titlepage.templates.xml
A    lfs-6.4/stylesheets/lfs-xsl/docbook-xsl-snapshot/fo/keywords.xsl
A    lfs-6.4/stylesheets/lfs-xsl/docbook-xsl-snapshot/fo/pi.xsl
A    lfs-6.4/stylesheets/lfs-xsl/docbook-xsl-snapshot/fo/verbatim.xsl
A    lfs-6.4/stylesheets/lfs-xsl/docbook-xsl-snapshot/html
A    lfs-6.4/stylesheets/lfs-xsl/docbook-xsl-snapshot/html/chunker.xsl
A    lfs-6.4/stylesheets/lfs-xsl/docbook-xsl-snapshot/VERSION
A    lfs-6.4/stylesheets/lfs-xsl/docbook-xsl-snapshot/highlighting
A    lfs-6.4/stylesheets/lfs-xsl/docbook-xsl-snapshot/highlighting/common.xsl
A    lfs-6.4/stylesheets/lfs-xsl/docbook-xsl-snapshot/lib
A    lfs-6.4/stylesheets/lfs-xsl/docbook-xsl-snapshot/lib/lib.xsl
A    lfs-6.4/stylesheets/lfs-xsl/docbook-xsl-snapshot/COPYING
A    lfs-6.4/stylesheets/lfs-xsl/docbook-xsl-snapshot/common
A    lfs-6.4/stylesheets/lfs-xsl/docbook-xsl-snapshot/common/l10n.xsl
A    lfs-6.4/stylesheets/lfs-xsl/docbook-xsl-snapshot/common/olink.xsl
A    lfs-6.4/stylesheets/lfs-xsl/docbook-xsl-snapshot/common/gentext.xsl
A    lfs-6.4/stylesheets/lfs-xsl/docbook-xsl-snapshot/common/subtitles.xsl
A    lfs-6.4/stylesheets/lfs-xsl/docbook-xsl-snapshot/common/l10n.dtd
A    lfs-6.4/stylesheets/lfs-xsl/docbook-xsl-snapshot/common/targetdatabase.dtd
A    lfs-6.4/stylesheets/lfs-xsl/docbook-xsl-snapshot/common/de.xml
A    lfs-6.4/stylesheets/lfs-xsl/docbook-xsl-snapshot/common/zh_tw.xml
A    lfs-6.4/stylesheets/lfs-xsl/docbook-xsl-snapshot/common/table.xsl
A    lfs-6.4/stylesheets/lfs-xsl/docbook-xsl-snapshot/common/common.xsl
A    lfs-6.4/stylesheets/lfs-xsl/docbook-xsl-snapshot/common/zh_cn.xml
A    lfs-6.4/stylesheets/lfs-xsl/docbook-xsl-snapshot/common/en.xml
A    lfs-6.4/stylesheets/lfs-xsl/docbook-xsl-snapshot/common/refentry.xsl
A    lfs-6.4/stylesheets/lfs-xsl/docbook-xsl-snapshot/common/fr.xml
A    lfs-6.4/stylesheets/lfs-xsl/docbook-xsl-snapshot/common/es.xml
A    lfs-6.4/stylesheets/lfs-xsl/docbook-xsl-snapshot/common/labels.xsl
A    lfs-6.4/stylesheets/lfs-xsl/docbook-xsl-snapshot/common/stripns.xsl
A    lfs-6.4/stylesheets/lfs-xsl/docbook-xsl-snapshot/common/utility.xsl
A    lfs-6.4/stylesheets/lfs-xsl/docbook-xsl-snapshot/common/l10n.xml
A    lfs-6.4/stylesheets/lfs-xsl/docbook-xsl-snapshot/common/insertfile.xsl
A    lfs-6.4/stylesheets/lfs-xsl/docbook-xsl-snapshot/common/entities.ent
A    lfs-6.4/stylesheets/lfs-xsl/docbook-xsl-snapshot/common/titles.xsl
A    lfs-6.4/stylesheets/lfs-xsl/docbook-xsl-snapshot/common/it.xml
A    lfs-6.4/stylesheets/lfs-xsl/docbook-xsl-snapshot/common/pi.xsl
A    lfs-6.4/stylesheets/lfs-xsl/docbook-xsl-snapshot/common/targets.xsl
A    lfs-6.4/stylesheets/lfs-xsl/docbook-xsl-snapshot/profiling
A    lfs-6.4/stylesheets/lfs-xsl/docbook-xsl-snapshot/profiling/profile.xsl
A    lfs-6.4/stylesheets/lfs-xsl/docbook-xsl-snapshot/profiling/profile-mode.xsl
A    lfs-6.4/stylesheets/lfs-xsl/docbook-xsl-snapshot/profiling/strip-attributes.xsl
A    lfs-6.4/stylesheets/lfs-xsl/docbook-xsl-snapshot/profiling/xsl2profile.xsl
A    lfs-6.4/stylesheets/lfs-xsl/docbook-xsl-snapshot/xhtml
A    lfs-6.4/stylesheets/lfs-xsl/docbook-xsl-snapshot/xhtml/onechunk.xsl
A    lfs-6.4/stylesheets/lfs-xsl/docbook-xsl-snapshot/xhtml/titlepage.templates.xsl
A    lfs-6.4/stylesheets/lfs-xsl/docbook-xsl-snapshot/xhtml/chunktoc.xsl
A    lfs-6.4/stylesheets/lfs-xsl/docbook-xsl-snapshot/xhtml/autotoc.xsl
A    lfs-6.4/stylesheets/lfs-xsl/docbook-xsl-snapshot/xhtml/inline.xsl
A    lfs-6.4/stylesheets/lfs-xsl/docbook-xsl-snapshot/xhtml/profile-chunk-code.xsl
A    lfs-6.4/stylesheets/lfs-xsl/docbook-xsl-snapshot/xhtml/profile-docbook.xsl
A    lfs-6.4/stylesheets/lfs-xsl/docbook-xsl-snapshot/xhtml/formal.xsl
A    lfs-6.4/stylesheets/lfs-xsl/docbook-xsl-snapshot/xhtml/docbook.xsl
A    lfs-6.4/stylesheets/lfs-xsl/docbook-xsl-snapshot/xhtml/chunk-code.xsl
A    lfs-6.4/stylesheets/lfs-xsl/docbook-xsl-snapshot/xhtml/division.xsl
A    lfs-6.4/stylesheets/lfs-xsl/docbook-xsl-snapshot/xhtml/toc.xsl
A    lfs-6.4/stylesheets/lfs-xsl/docbook-xsl-snapshot/xhtml/chunkfast.xsl
A    lfs-6.4/stylesheets/lfs-xsl/docbook-xsl-snapshot/xhtml/autoidx-kosek.xsl
A    lfs-6.4/stylesheets/lfs-xsl/docbook-xsl-snapshot/xhtml/biblio-iso690.xsl
A    lfs-6.4/stylesheets/lfs-xsl/docbook-xsl-snapshot/xhtml/table.xsl
A    lfs-6.4/stylesheets/lfs-xsl/docbook-xsl-snapshot/xhtml/block.xsl
A    lfs-6.4/stylesheets/lfs-xsl/docbook-xsl-snapshot/xhtml/html-rtf.xsl
A    lfs-6.4/stylesheets/lfs-xsl/docbook-xsl-snapshot/xhtml/changebars.xsl
A    lfs-6.4/stylesheets/lfs-xsl/docbook-xsl-snapshot/xhtml/admon.xsl
A    lfs-6.4/stylesheets/lfs-xsl/docbook-xsl-snapshot/xhtml/oldchunker.xsl
A    lfs-6.4/stylesheets/lfs-xsl/docbook-xsl-snapshot/xhtml/refentry.xsl
A    lfs-6.4/stylesheets/lfs-xsl/docbook-xsl-snapshot/xhtml/graphics.xsl
A    lfs-6.4/stylesheets/lfs-xsl/docbook-xsl-snapshot/xhtml/qandaset.xsl
A    lfs-6.4/stylesheets/lfs-xsl/docbook-xsl-snapshot/xhtml/component.xsl
A    lfs-6.4/stylesheets/lfs-xsl/docbook-xsl-snapshot/xhtml/callout.xsl
A    lfs-6.4/stylesheets/lfs-xsl/docbook-xsl-snapshot/xhtml/htmltbl.xsl
A    lfs-6.4/stylesheets/lfs-xsl/docbook-xsl-snapshot/xhtml/index.xsl
A    lfs-6.4/stylesheets/lfs-xsl/docbook-xsl-snapshot/xhtml/highlight.xsl
A    lfs-6.4/stylesheets/lfs-xsl/docbook-xsl-snapshot/xhtml/synop.xsl
A    lfs-6.4/stylesheets/lfs-xsl/docbook-xsl-snapshot/xhtml/ebnf.xsl
A    lfs-6.4/stylesheets/lfs-xsl/docbook-xsl-snapshot/xhtml/autoidx.xsl
A    lfs-6.4/stylesheets/lfs-xsl/docbook-xsl-snapshot/xhtml/titlepage.xsl
A    lfs-6.4/stylesheets/lfs-xsl/docbook-xsl-snapshot/xhtml/autoidx-ng.xsl
A    lfs-6.4/stylesheets/lfs-xsl/docbook-xsl-snapshot/xhtml/maketoc.xsl
A    lfs-6.4/stylesheets/lfs-xsl/docbook-xsl-snapshot/xhtml/autoidx-kimber.xsl
A    lfs-6.4/stylesheets/lfs-xsl/docbook-xsl-snapshot/xhtml/sections.xsl
A    lfs-6.4/stylesheets/lfs-xsl/docbook-xsl-snapshot/xhtml/math.xsl
A    lfs-6.4/stylesheets/lfs-xsl/docbook-xsl-snapshot/xhtml/info.xsl
A    lfs-6.4/stylesheets/lfs-xsl/docbook-xsl-snapshot/xhtml/footnote.xsl
A    lfs-6.4/stylesheets/lfs-xsl/docbook-xsl-snapshot/xhtml/annotations.xsl
A    lfs-6.4/stylesheets/lfs-xsl/docbook-xsl-snapshot/xhtml/chunk-common.xsl
A    lfs-6.4/stylesheets/lfs-xsl/docbook-xsl-snapshot/xhtml/lists.xsl
A    lfs-6.4/stylesheets/lfs-xsl/docbook-xsl-snapshot/xhtml/chunker.xsl
A    lfs-6.4/stylesheets/lfs-xsl/docbook-xsl-snapshot/xhtml/biblio.xsl
A    lfs-6.4/stylesheets/lfs-xsl/docbook-xsl-snapshot/xhtml/param.xsl
A    lfs-6.4/stylesheets/lfs-xsl/docbook-xsl-snapshot/xhtml/task.xsl
A    lfs-6.4/stylesheets/lfs-xsl/docbook-xsl-snapshot/xhtml/glossary.xsl
A    lfs-6.4/stylesheets/lfs-xsl/docbook-xsl-snapshot/xhtml/html.xsl
A    lfs-6.4/stylesheets/lfs-xsl/docbook-xsl-snapshot/xhtml/xref.xsl
A    lfs-6.4/stylesheets/lfs-xsl/docbook-xsl-snapshot/xhtml/manifest.xsl
A    lfs-6.4/stylesheets/lfs-xsl/docbook-xsl-snapshot/xhtml/profile-chunk.xsl
A    lfs-6.4/stylesheets/lfs-xsl/docbook-xsl-snapshot/xhtml/keywords.xsl
A    lfs-6.4/stylesheets/lfs-xsl/docbook-xsl-snapshot/xhtml/chunk.xsl
A    lfs-6.4/stylesheets/lfs-xsl/docbook-xsl-snapshot/xhtml/pi.xsl
A    lfs-6.4/stylesheets/lfs-xsl/docbook-xsl-snapshot/xhtml/profile-onechunk.xsl
A    lfs-6.4/stylesheets/lfs-xsl/docbook-xsl-snapshot/xhtml/verbatim.xsl
A    lfs-6.4/stylesheets/lfs-xsl/chunk-slave.xsl
A    lfs-6.4/stylesheets/lfs-xsl/lfs-print.css
A    lfs-6.4/stylesheets/lfs-xsl/profile.xsl
A    lfs-6.4/stylesheets/lfs-xsl/chunk-master.xsl
A    lfs-6.4/stylesheets/lfs-xsl/pdf
A    lfs-6.4/stylesheets/lfs-xsl/pdf/lfs-pagesetup.xsl
A    lfs-6.4/stylesheets/lfs-xsl/pdf/lfs-admon.xsl
A    lfs-6.4/stylesheets/lfs-xsl/pdf/lfs-lists.xsl
A    lfs-6.4/stylesheets/lfs-xsl/pdf/lfs-xref.xsl
A    lfs-6.4/stylesheets/lfs-xsl/pdf/lfs-mixed.xsl
A    lfs-6.4/stylesheets/lfs-xsl/pdf/lfs-index.xsl
A    lfs-6.4/stylesheets/lfs-xsl/chunkfast.xsl
A    lfs-6.4/stylesheets/lfs-xsl/lfs-l10n.xml
A    lfs-6.4/stylesheets/lfs-xsl/lfs.css
A    lfs-6.4/stylesheets/lfs-xsl/xhtml
A    lfs-6.4/stylesheets/lfs-xsl/xhtml/lfs-navigational.xsl
A    lfs-6.4/stylesheets/lfs-xsl/xhtml/lfs-admon.xsl
A    lfs-6.4/stylesheets/lfs-xsl/xhtml/lfs-titles.xsl
A    lfs-6.4/stylesheets/lfs-xsl/xhtml/lfs-xref.xsl
A    lfs-6.4/stylesheets/lfs-xsl/xhtml/lfs-toc.xsl
A    lfs-6.4/stylesheets/lfs-xsl/xhtml/lfs-legalnotice.xsl
A    lfs-6.4/stylesheets/lfs-xsl/xhtml/lfs-mixed.xsl
A    lfs-6.4/stylesheets/lfs-xsl/xhtml/lfs-index.xsl
A    lfs-6.4/stylesheets/lfs-xsl/xhtml/lfs-sections.xsl
A    lfs-6.4/stylesheets/lfs-xsl/common.xsl
A    lfs-6.4/stylesheets/lfs-xsl/nochunks.xsl
A    lfs-6.4/stylesheets/lfs-xsl/pdf.xsl
A    lfs-6.4/stylesheets/patcheslist.xsl
A    lfs-6.4/stylesheets/dump-commands.xsl
A    lfs-6.4/Makefile
 U   lfs-6.4
Checked out revision 8777.
warning: failed to load external entity "lfs-6.4/appendices/rc.script"
lfs-6.4/appendices/scripts.xml:57: parser error : Failure to process entity rc
    <screen>&rc;</screen> 
                ^
lfs-6.4/appendices/scripts.xml:57: parser error : Entity 'rc' not defined
    <screen>&rc;</screen> 
                ^
warning: failed to load external entity "lfs-6.4/appendices/functions.script"
lfs-6.4/appendices/scripts.xml:62: parser error : Failure to process entity functions
    <screen>&functions;</screen> 
                       ^
lfs-6.4/appendices/scripts.xml:62: parser error : Entity 'functions' not defined
    <screen>&functions;</screen> 
                       ^
warning: failed to load external entity "lfs-6.4/appendices/mountkernfs.script"
lfs-6.4/appendices/scripts.xml:67: parser error : Failure to process entity mountkernfs
    <screen>&mountkernfs;</screen> 
                         ^
lfs-6.4/appendices/scripts.xml:67: parser error : Entity 'mountkernfs' not defined
    <screen>&mountkernfs;</screen> 
                         ^
warning: failed to load external entity "lfs-6.4/appendices/consolelog.script"
lfs-6.4/appendices/scripts.xml:72: parser error : Failure to process entity consolelog
    <screen>&consolelog;</screen> 
                        ^
lfs-6.4/appendices/scripts.xml:72: parser error : Entity 'consolelog' not defined
    <screen>&consolelog;</screen> 
                        ^
warning: failed to load external entity "lfs-6.4/appendices/modules.script"
lfs-6.4/appendices/scripts.xml:77: parser error : Failure to process entity modules
    <screen>&modules;</screen> 
                     ^
lfs-6.4/appendices/scripts.xml:77: parser error : Entity 'modules' not defined
    <screen>&modules;</screen> 
                     ^
warning: failed to load external entity "lfs-6.4/appendices/udev.script"
lfs-6.4/appendices/scripts.xml:82: parser error : Failure to process entity udev
    <screen>&udev;</screen> 
                  ^
lfs-6.4/appendices/scripts.xml:82: parser error : Entity 'udev' not defined
    <screen>&udev;</screen> 
                  ^
warning: failed to load external entity "lfs-6.4/appendices/swap.script"
lfs-6.4/appendices/scripts.xml:87: parser error : Failure to process entity swap
    <screen>&swap;</screen> 
                  ^
lfs-6.4/appendices/scripts.xml:87: parser error : Entity 'swap' not defined
    <screen>&swap;</screen> 
                  ^
warning: failed to load external entity "lfs-6.4/appendices/setclock.script"
lfs-6.4/appendices/scripts.xml:92: parser error : Failure to process entity setclock
    <screen>&setclock;</screen> 
                      ^
lfs-6.4/appendices/scripts.xml:92: parser error : Entity 'setclock' not defined
    <screen>&setclock;</screen> 
                      ^
warning: failed to load external entity "lfs-6.4/appendices/checkfs.script"
lfs-6.4/appendices/scripts.xml:97: parser error : Failure to process entity checkfs
    <screen>&checkfs;</screen> 
                     ^
lfs-6.4/appendices/scripts.xml:97: parser error : Entity 'checkfs' not defined
    <screen>&checkfs;</screen> 
                     ^
warning: failed to load external entity "lfs-6.4/appendices/mountfs.script"
lfs-6.4/appendices/scripts.xml:102: parser error : Failure to process entity mountfs
    <screen>&mountfs;</screen> 
                     ^
lfs-6.4/appendices/scripts.xml:102: parser error : Entity 'mountfs' not defined
    <screen>&mountfs;</screen> 
                     ^
warning: failed to load external entity "lfs-6.4/appendices/udev_retry.script"
lfs-6.4/appendices/scripts.xml:107: parser error : Failure to process entity udev_retry
    <screen>&udev_retry;</screen> 
                        ^
lfs-6.4/appendices/scripts.xml:107: parser error : Entity 'udev_retry' not defined
    <screen>&udev_retry;</screen> 
                        ^
warning: failed to load external entity "lfs-6.4/appendices/cleanfs.script"
lfs-6.4/appendices/scripts.xml:112: parser error : Failure to process entity cleanfs
    <screen>&cleanfs;</screen> 
                     ^
lfs-6.4/appendices/scripts.xml:112: parser error : Entity 'cleanfs' not defined
    <screen>&cleanfs;</screen> 
                     ^
warning: failed to load external entity "lfs-6.4/appendices/console.script"
lfs-6.4/appendices/scripts.xml:117: parser error : Failure to process entity console
    <screen>&console;</screen> 
                     ^
lfs-6.4/appendices/scripts.xml:117: parser error : Entity 'console' not defined
    <screen>&console;</screen> 
                     ^
warning: failed to load external entity "lfs-6.4/appendices/localnet.script"
lfs-6.4/appendices/scripts.xml:122: parser error : Failure to process entity localnet
    <screen>&localnet;</screen> 
                      ^
lfs-6.4/appendices/scripts.xml:122: parser error : Entity 'localnet' not defined
    <screen>&localnet;</screen> 
                      ^
warning: failed to load external entity "lfs-6.4/appendices/sysctl.script"
lfs-6.4/appendices/scripts.xml:127: parser error : Failure to process entity sysctl
    <screen>&sysctl;</screen> 
                    ^
lfs-6.4/appendices/scripts.xml:127: parser error : Entity 'sysctl' not defined
    <screen>&sysctl;</screen> 
                    ^
warning: failed to load external entity "lfs-6.4/appendices/sysklogd.script"
lfs-6.4/appendices/scripts.xml:132: parser error : Failure to process entity sysklogd
    <screen>&sysklogd;</screen> 
                      ^
lfs-6.4/appendices/scripts.xml:132: parser error : Entity 'sysklogd' not defined
    <screen>&sysklogd;</screen> 
                      ^
warning: failed to load external entity "lfs-6.4/appendices/network.script"
lfs-6.4/appendices/scripts.xml:137: parser error : Failure to process entity network
    <screen>&network;</screen> 
                     ^
lfs-6.4/appendices/scripts.xml:137: parser error : Entity 'network' not defined
    <screen>&network;</screen> 
                     ^
warning: failed to load external entity "lfs-6.4/appendices/sendsignals.script"
lfs-6.4/appendices/scripts.xml:142: parser error : Failure to process entity sendsignals
    <screen>&sendsignals;</screen> 
                         ^
lfs-6.4/appendices/scripts.xml:142: parser error : Entity 'sendsignals' not defined
    <screen>&sendsignals;</screen> 
                         ^
warning: failed to load external entity "lfs-6.4/appendices/reboot.script"
lfs-6.4/appendices/scripts.xml:147: parser error : Failure to process entity reboot
    <screen>&reboot;</screen> 
                    ^
lfs-6.4/appendices/scripts.xml:147: parser error : Entity 'reboot' not defined
    <screen>&reboot;</screen> 
                    ^
warning: failed to load external entity "lfs-6.4/appendices/halt.script"
lfs-6.4/appendices/scripts.xml:152: parser error : Failure to process entity halt
    <screen>&halt;</screen> 
                  ^
lfs-6.4/appendices/scripts.xml:152: parser error : Entity 'halt' not defined
    <screen>&halt;</screen> 
                  ^
warning: failed to load external entity "lfs-6.4/appendices/template.script"
lfs-6.4/appendices/scripts.xml:157: parser error : Failure to process entity template
    <screen>&template;</screen> 
                      ^
lfs-6.4/appendices/scripts.xml:157: parser error : Entity 'template' not defined
    <screen>&template;</screen> 
                      ^
warning: failed to load external entity "lfs-6.4/appendices/rc-sysinit.script"
lfs-6.4/appendices/scripts.xml:162: parser error : Failure to process entity rc_sys
    <screen>&rc_sys;</screen> 
                    ^
lfs-6.4/appendices/scripts.xml:162: parser error : Entity 'rc_sys' not defined
    <screen>&rc_sys;</screen> 
                    ^
warning: failed to load external entity "lfs-6.4/appendices/modules-sysinit.script"
lfs-6.4/appendices/scripts.xml:167: parser error : Failure to process entity modules_sys
    <screen>&modules_sys;</screen> 
                         ^
lfs-6.4/appendices/scripts.xml:167: parser error : Entity 'modules_sys' not defined
    <screen>&modules_sys;</screen> 
                         ^
warning: failed to load external entity "lfs-6.4/appendices/createfiles.script"
lfs-6.4/appendices/scripts.xml:172: parser error : Failure to process entity createfiles
    <screen>&createfiles;</screen> 
                         ^
lfs-6.4/appendices/scripts.xml:172: parser error : Entity 'createfiles' not defined
    <screen>&createfiles;</screen> 
                         ^
warning: failed to load external entity "lfs-6.4/appendices/ifup.script"
lfs-6.4/appendices/scripts.xml:177: parser error : Failure to process entity ifup
    <screen>&ifup;</screen> 
                  ^
lfs-6.4/appendices/scripts.xml:177: parser error : Entity 'ifup' not defined
    <screen>&ifup;</screen> 
                  ^
warning: failed to load external entity "lfs-6.4/appendices/ifdown.script"
lfs-6.4/appendices/scripts.xml:182: parser error : Failure to process entity ifdown
    <screen>&ifdown;</screen> 
                    ^
lfs-6.4/appendices/scripts.xml:182: parser error : Entity 'ifdown' not defined
    <screen>&ifdown;</screen> 
                    ^
warning: failed to load external entity "lfs-6.4/appendices/ipv4-static.script"
lfs-6.4/appendices/scripts.xml:187: parser error : Failure to process entity ipv4_static
    <screen>&ipv4_static;</screen> 
                         ^
lfs-6.4/appendices/scripts.xml:187: parser error : Entity 'ipv4_static' not defined
    <screen>&ipv4_static;</screen> 
                         ^
warning: failed to load external entity "lfs-6.4/appendices/ipv4-static-route.script"
lfs-6.4/appendices/scripts.xml:192: parser error : Failure to process entity ipv4_static_route
    <screen>&ipv4_static_route;</screen> 
                               ^
lfs-6.4/appendices/scripts.xml:192: parser error : Entity 'ipv4_static_route' not defined
    <screen>&ipv4_static_route;</screen> 
                               ^
lfs-6.4/index.xml:44: element include: XInclude error : could not load lfs-6.4/appendices/scripts.xml, and no fallback was found
warning: failed to load external entity "lfs-6.4/appendices/55-lfs.rules.script"
lfs-6.4/appendices/udev-rules.xml:22: parser error : Failure to process entity lfs-rules
    <screen>&lfs-rules;</screen> 
                       ^
lfs-6.4/appendices/udev-rules.xml:22: parser error : Entity 'lfs-rules' not defined
    <screen>&lfs-rules;</screen> 
                       ^
warning: failed to load external entity "lfs-6.4/appendices/61-cdrom.rules.script"
lfs-6.4/appendices/udev-rules.xml:27: parser error : Failure to process entity cdrom-rules
    <screen>&cdrom-rules;</screen> 
                         ^
lfs-6.4/appendices/udev-rules.xml:27: parser error : Entity 'cdrom-rules' not defined
    <screen>&cdrom-rules;</screen> 
                         ^
lfs-6.4/index.xml:45: element include: XInclude error : could not load lfs-6.4/appendices/udev-rules.xml, and no fallback was found
